<?xml version="1.0" encoding="utf-8"?>
<TestRun id="460a1e76-4c3f-4ad4-8bd4-8edb52d0dc23" name="NRaes@C3YHK9C3 2025-07-16 11:11:38" runUser="ARCADIS\NRaes" xmlns="http://microsoft.com/schemas/VisualStudio/TeamTest/2010">
  <Times creation="2025-07-16T11:11:38.4699130+02:00" queuing="2025-07-16T11:11:38.4699134+02:00" start="2025-07-16T11:11:30.9167261+02:00" finish="2025-07-16T11:12:10.2909684+02:00" />
  <TestSettings name="default" id="06c4b79e-ce23-46f2-897b-bc014b4d3e8e">
    <Deployment runDeploymentRoot="NRaes_C3YHK9C3_2025-07-16_11_11_38" />
  </TestSettings>
  <Results>
    <UnitTestResult executionId="2710047d-d23a-4527-986e-2a51c77f137a" testId="3d044c5d-5012-1073-4e7a-bc1714a9893a" testName="AgeDigitalTwins.Test.ImportJobTests.Client_GetImportJob_ShouldReturnCorrectJob" computerName="C3YHK9C3" duration="00:00:00.0010000" startTime="2025-07-16T11:11:54.6499499+02:00" endTime="2025-07-16T11:11:58.7290681+02:00" testType="13cdc9d9-ddb5-4fa4-a97d-d965ccfc6d4b" outcome="Failed" testListId="8c84fa94-04c1-424b-9868-57a2d4851a1d" relativeResultsDirectory="2710047d-d23a-4527-986e-2a51c77f137a">
      <Output>
        <ErrorInfo>
          <Message>Npgsql.NpgsqlException : Unable to connect to a suitable host. Check inner exception for more details.&#xD;
---- System.AggregateException : One or more errors occurred. (Failed to connect to 127.0.0.1:5432)&#xD;
-------- Npgsql.NpgsqlException : Failed to connect to 127.0.0.1:5432&#xD;
------------ System.Net.Sockets.SocketException : No connection could be made because the target machine actively refused it.</Message>
          <StackTrace>   at Npgsql.NpgsqlMultiHostDataSource.Get(NpgsqlConnection conn, NpgsqlTimeout timeout, Boolean async, CancellationToken cancellationToken)&#xD;
   at Npgsql.NpgsqlConnection.&lt;Open&gt;g__OpenAsync|42_0(Boolean async, CancellationToken cancellationToken)&#xD;
   at Npgsql.NpgsqlDataSource.OpenConnectionAsync(CancellationToken cancellationToken)&#xD;
   at Npgsql.NpgsqlDataSource.OpenConnectionAsync(CancellationToken cancellationToken)&#xD;
   at AgeDigitalTwins.Jobs.JobService.InitializeSchemaAsync() in C:\Users\NRaes\Dev\pg-age-digitaltwins\src\AgeDigitalTwins\Jobs\JobService.cs:line 438&#xD;
   at AgeDigitalTwins.Jobs.JobService..ctor(NpgsqlMultiHostDataSource dataSource, String graphName, ILogger logger) in C:\Users\NRaes\Dev\pg-age-digitaltwins\src\AgeDigitalTwins\Jobs\JobService.cs:line 37&#xD;
   at AgeDigitalTwins.AgeDigitalTwinsClient..ctor(NpgsqlMultiHostDataSource dataSource, AgeDigitalTwinsClientOptions options) in C:\Users\NRaes\Dev\pg-age-digitaltwins\src\AgeDigitalTwins\AgeDigitalTwinsClient.cs:line 61&#xD;
   at AgeDigitalTwins.Test.TestBase..ctor() in C:\Users\NRaes\Dev\pg-age-digitaltwins\src\AgeDigitalTwins.Test\TestBase.cs:line 29&#xD;
   at AgeDigitalTwins.Test.ImportJobTests..ctor(ITestOutputHelper output) in C:\Users\NRaes\Dev\pg-age-digitaltwins\src\AgeDigitalTwins.Test\ImportJobTests.cs:line 16&#xD;
   at InvokeStub_ImportJobTests..ctor(Object, Span`1)&#xD;
   at System.Reflection.MethodBaseInvoker.InvokeWithOneArg(Object obj, BindingFlags invokeAttr, Binder binder, Object[] parameters, CultureInfo culture)&#xD;
----- Inner Stack Trace -----&#xD;
&#xD;
----- Inner Stack Trace -----&#xD;
   at Npgsql.Internal.NpgsqlConnector.ConnectAsync(NpgsqlTimeout timeout, CancellationToken cancellationToken)&#xD;
   at Npgsql.Internal.NpgsqlConnector.RawOpen(SslMode sslMode, NpgsqlTimeout timeout, Boolean async, CancellationToken cancellationToken)&#xD;
   at Npgsql.Internal.NpgsqlConnector.&lt;Open&gt;g__OpenCore|214_1(NpgsqlConnector conn, SslMode sslMode, NpgsqlTimeout timeout, Boolean async, CancellationToken cancellationToken)&#xD;
   at Npgsql.Internal.NpgsqlConnector.Open(NpgsqlTimeout timeout, Boolean async, CancellationToken cancellationToken)&#xD;
   at Npgsql.PoolingDataSource.OpenNewConnector(NpgsqlConnection conn, NpgsqlTimeout timeout, Boolean async, CancellationToken cancellationToken)&#xD;
   at Npgsql.NpgsqlMultiHostDataSource.TryGetIdleOrNew(NpgsqlConnection conn, TimeSpan timeoutPerHost, Boolean async, TargetSessionAttributes preferredType, Func`3 stateValidator, Int32 poolIndex, IList`1 exceptions, CancellationToken cancellationToken)&#xD;
----- Inner Stack Trace -----&#xD;
   at System.Net.Sockets.Socket.AwaitableSocketAsyncEventArgs.ThrowException(SocketError error, CancellationToken cancellationToken)&#xD;
   at System.Net.Sockets.Socket.AwaitableSocketAsyncEventArgs.System.Threading.Tasks.Sources.IValueTaskSource.GetResult(Int16 token)&#xD;
   at System.Net.Sockets.Socket.&lt;ConnectAsync&gt;g__WaitForConnectWithCancellation|285_0(AwaitableSocketAsyncEventArgs saea, ValueTask connectTask, CancellationToken cancellationToken)&#xD;
   at Npgsql.TaskTimeoutAndCancellation.ExecuteAsync(Func`2 getTaskFunc, NpgsqlTimeout timeout, CancellationToken cancellationToken)&#xD;
   at Npgsql.Internal.NpgsqlConnector.ConnectAsync(NpgsqlTimeout timeout, CancellationToken cancellationToken)</StackTrace>
        </ErrorInfo>
      </Output>
    </UnitTestResult>
    <UnitTestResult executionId="59a30621-1fdb-47a0-9962-3ec3179c1498" testId="8dc1792e-98d6-0347-47e7-5bb7827c81c2" testName="AgeDigitalTwins.Test.ImportJobTests.Client_ImportGraphAsync_WithNullInputStream_ShouldThrow" computerName="C3YHK9C3" duration="00:00:00.0010000" startTime="2025-07-16T11:11:32.5666095+02:00" endTime="2025-07-16T11:11:38.4041216+02:00" testType="13cdc9d9-ddb5-4fa4-a97d-d965ccfc6d4b" outcome="Failed" testListId="8c84fa94-04c1-424b-9868-57a2d4851a1d" relativeResultsDirectory="59a30621-1fdb-47a0-9962-3ec3179c1498">
      <Output>
        <ErrorInfo>
          <Message>Npgsql.NpgsqlException : Unable to connect to a suitable host. Check inner exception for more details.&#xD;
---- System.AggregateException : One or more errors occurred. (Failed to connect to 127.0.0.1:5432)&#xD;
-------- Npgsql.NpgsqlException : Failed to connect to 127.0.0.1:5432&#xD;
------------ System.Net.Sockets.SocketException : No connection could be made because the target machine actively refused it.</Message>
          <StackTrace>   at Npgsql.NpgsqlMultiHostDataSource.Get(NpgsqlConnection conn, NpgsqlTimeout timeout, Boolean async, CancellationToken cancellationToken)&#xD;
   at Npgsql.NpgsqlConnection.&lt;Open&gt;g__OpenAsync|42_0(Boolean async, CancellationToken cancellationToken)&#xD;
   at Npgsql.NpgsqlDataSource.OpenConnectionAsync(CancellationToken cancellationToken)&#xD;
   at Npgsql.NpgsqlDataSource.OpenConnectionAsync(CancellationToken cancellationToken)&#xD;
   at AgeDigitalTwins.Jobs.JobService.InitializeSchemaAsync() in C:\Users\NRaes\Dev\pg-age-digitaltwins\src\AgeDigitalTwins\Jobs\JobService.cs:line 438&#xD;
   at AgeDigitalTwins.Jobs.JobService..ctor(NpgsqlMultiHostDataSource dataSource, String graphName, ILogger logger) in C:\Users\NRaes\Dev\pg-age-digitaltwins\src\AgeDigitalTwins\Jobs\JobService.cs:line 37&#xD;
   at AgeDigitalTwins.AgeDigitalTwinsClient..ctor(NpgsqlMultiHostDataSource dataSource, AgeDigitalTwinsClientOptions options) in C:\Users\NRaes\Dev\pg-age-digitaltwins\src\AgeDigitalTwins\AgeDigitalTwinsClient.cs:line 61&#xD;
   at AgeDigitalTwins.Test.TestBase..ctor() in C:\Users\NRaes\Dev\pg-age-digitaltwins\src\AgeDigitalTwins.Test\TestBase.cs:line 29&#xD;
   at AgeDigitalTwins.Test.ImportJobTests..ctor(ITestOutputHelper output) in C:\Users\NRaes\Dev\pg-age-digitaltwins\src\AgeDigitalTwins.Test\ImportJobTests.cs:line 16&#xD;
   at System.RuntimeMethodHandle.InvokeMethod(Object target, Void** arguments, Signature sig, Boolean isConstructor)&#xD;
   at System.Reflection.MethodBaseInvoker.InvokeDirectByRefWithFewArgs(Object obj, Span`1 copyOfArgs, BindingFlags invokeAttr)&#xD;
----- Inner Stack Trace -----&#xD;
&#xD;
----- Inner Stack Trace -----&#xD;
   at Npgsql.Internal.NpgsqlConnector.ConnectAsync(NpgsqlTimeout timeout, CancellationToken cancellationToken)&#xD;
   at Npgsql.Internal.NpgsqlConnector.RawOpen(SslMode sslMode, NpgsqlTimeout timeout, Boolean async, CancellationToken cancellationToken)&#xD;
   at Npgsql.Internal.NpgsqlConnector.&lt;Open&gt;g__OpenCore|214_1(NpgsqlConnector conn, SslMode sslMode, NpgsqlTimeout timeout, Boolean async, CancellationToken cancellationToken)&#xD;
   at Npgsql.Internal.NpgsqlConnector.Open(NpgsqlTimeout timeout, Boolean async, CancellationToken cancellationToken)&#xD;
   at Npgsql.PoolingDataSource.OpenNewConnector(NpgsqlConnection conn, NpgsqlTimeout timeout, Boolean async, CancellationToken cancellationToken)&#xD;
   at Npgsql.NpgsqlMultiHostDataSource.TryGetIdleOrNew(NpgsqlConnection conn, TimeSpan timeoutPerHost, Boolean async, TargetSessionAttributes preferredType, Func`3 stateValidator, Int32 poolIndex, IList`1 exceptions, CancellationToken cancellationToken)&#xD;
----- Inner Stack Trace -----&#xD;
   at System.Net.Sockets.Socket.AwaitableSocketAsyncEventArgs.ThrowException(SocketError error, CancellationToken cancellationToken)&#xD;
   at System.Net.Sockets.Socket.AwaitableSocketAsyncEventArgs.System.Threading.Tasks.Sources.IValueTaskSource.GetResult(Int16 token)&#xD;
   at System.Net.Sockets.Socket.&lt;ConnectAsync&gt;g__WaitForConnectWithCancellation|285_0(AwaitableSocketAsyncEventArgs saea, ValueTask connectTask, CancellationToken cancellationToken)&#xD;
   at Npgsql.TaskTimeoutAndCancellation.ExecuteAsync(Func`2 getTaskFunc, NpgsqlTimeout timeout, CancellationToken cancellationToken)&#xD;
   at Npgsql.Internal.NpgsqlConnector.ConnectAsync(NpgsqlTimeout timeout, CancellationToken cancellationToken)</StackTrace>
        </ErrorInfo>
      </Output>
    </UnitTestResult>
    <UnitTestResult executionId="860ea5b8-e885-4d41-a8a2-2cb0cbb4153f" testId="6e792ea8-13f1-f922-27c5-01c48a5f7875" testName="AgeDigitalTwins.Test.QueryTests.QueryAsync_AdtQueryWithTypeCheckFunctions_ReturnsTwins" computerName="C3YHK9C3" duration="00:00:00.0010000" startTime="2025-07-16T11:11:58.7398648+02:00" endTime="2025-07-16T11:12:03.1663084+02:00" testType="13cdc9d9-ddb5-4fa4-a97d-d965ccfc6d4b" outcome="Failed" testListId="8c84fa94-04c1-424b-9868-57a2d4851a1d" relativeResultsDirectory="860ea5b8-e885-4d41-a8a2-2cb0cbb4153f">
      <Output>
        <ErrorInfo>
          <Message>Npgsql.PostgresException : 28P01: password authentication failed for user "app"</Message>
          <StackTrace>   at Npgsql.NpgsqlMultiHostDataSource.Get(NpgsqlConnection conn, NpgsqlTimeout timeout, Boolean async, CancellationToken cancellationToken)&#xD;
   at Npgsql.NpgsqlConnection.&lt;Open&gt;g__OpenAsync|42_0(Boolean async, CancellationToken cancellationToken)&#xD;
   at Npgsql.NpgsqlDataSource.OpenConnectionAsync(CancellationToken cancellationToken)&#xD;
   at Npgsql.NpgsqlDataSource.OpenConnectionAsync(CancellationToken cancellationToken)&#xD;
   at AgeDigitalTwins.Jobs.JobService.InitializeSchemaAsync() in C:\Users\NRaes\Dev\pg-age-digitaltwins\src\AgeDigitalTwins\Jobs\JobService.cs:line 438&#xD;
   at AgeDigitalTwins.Jobs.JobService..ctor(NpgsqlMultiHostDataSource dataSource, String graphName, ILogger logger) in C:\Users\NRaes\Dev\pg-age-digitaltwins\src\AgeDigitalTwins\Jobs\JobService.cs:line 37&#xD;
   at AgeDigitalTwins.AgeDigitalTwinsClient..ctor(NpgsqlMultiHostDataSource dataSource, AgeDigitalTwinsClientOptions options) in C:\Users\NRaes\Dev\pg-age-digitaltwins\src\AgeDigitalTwins\AgeDigitalTwinsClient.cs:line 61&#xD;
   at AgeDigitalTwins.Test.TestBase..ctor() in C:\Users\NRaes\Dev\pg-age-digitaltwins\src\AgeDigitalTwins.Test\TestBase.cs:line 29&#xD;
   at AgeDigitalTwins.Test.QueryTests..ctor()&#xD;
   at System.RuntimeType.CreateInstanceDefaultCtor(Boolean publicOnly, Boolean wrapExceptions)</StackTrace>
        </ErrorInfo>
      </Output>
    </UnitTestResult>
    <UnitTestResult executionId="e2864eb7-0786-4e8e-b3d7-4f5dfd345049" testId="8b366be4-6353-11af-669c-3b8ef3e61182" testName="AgeDigitalTwins.Test.DigitalTwinsTests.UpdateDigitalTwinAsync_MultipleOperations_Updated" computerName="C3YHK9C3" duration="00:00:00.0010000" startTime="2025-07-16T11:11:50.5911459+02:00" endTime="2025-07-16T11:11:54.6534655+02:00" testType="13cdc9d9-ddb5-4fa4-a97d-d965ccfc6d4b" outcome="Failed" testListId="8c84fa94-04c1-424b-9868-57a2d4851a1d" relativeResultsDirectory="e2864eb7-0786-4e8e-b3d7-4f5dfd345049">
      <Output>
        <ErrorInfo>
          <Message>Npgsql.NpgsqlException : Unable to connect to a suitable host. Check inner exception for more details.&#xD;
---- System.AggregateException : One or more errors occurred. (Failed to connect to 127.0.0.1:5432)&#xD;
-------- Npgsql.NpgsqlException : Failed to connect to 127.0.0.1:5432&#xD;
------------ System.Net.Sockets.SocketException : No connection could be made because the target machine actively refused it.</Message>
          <StackTrace>   at Npgsql.NpgsqlMultiHostDataSource.Get(NpgsqlConnection conn, NpgsqlTimeout timeout, Boolean async, CancellationToken cancellationToken)&#xD;
   at Npgsql.NpgsqlConnection.&lt;Open&gt;g__OpenAsync|42_0(Boolean async, CancellationToken cancellationToken)&#xD;
   at Npgsql.NpgsqlDataSource.OpenConnectionAsync(CancellationToken cancellationToken)&#xD;
   at Npgsql.NpgsqlDataSource.OpenConnectionAsync(CancellationToken cancellationToken)&#xD;
   at AgeDigitalTwins.Jobs.JobService.InitializeSchemaAsync() in C:\Users\NRaes\Dev\pg-age-digitaltwins\src\AgeDigitalTwins\Jobs\JobService.cs:line 438&#xD;
   at AgeDigitalTwins.Jobs.JobService..ctor(NpgsqlMultiHostDataSource dataSource, String graphName, ILogger logger) in C:\Users\NRaes\Dev\pg-age-digitaltwins\src\AgeDigitalTwins\Jobs\JobService.cs:line 37&#xD;
   at AgeDigitalTwins.AgeDigitalTwinsClient..ctor(NpgsqlMultiHostDataSource dataSource, AgeDigitalTwinsClientOptions options) in C:\Users\NRaes\Dev\pg-age-digitaltwins\src\AgeDigitalTwins\AgeDigitalTwinsClient.cs:line 61&#xD;
   at AgeDigitalTwins.Test.TestBase..ctor() in C:\Users\NRaes\Dev\pg-age-digitaltwins\src\AgeDigitalTwins.Test\TestBase.cs:line 29&#xD;
   at AgeDigitalTwins.Test.DigitalTwinsTests..ctor(ITestOutputHelper output) in C:\Users\NRaes\Dev\pg-age-digitaltwins\src\AgeDigitalTwins.Test\DigitalTwinsTests.cs:line 16&#xD;
   at InvokeStub_DigitalTwinsTests..ctor(Object, Span`1)&#xD;
   at System.Reflection.MethodBaseInvoker.InvokeWithOneArg(Object obj, BindingFlags invokeAttr, Binder binder, Object[] parameters, CultureInfo culture)&#xD;
----- Inner Stack Trace -----&#xD;
&#xD;
----- Inner Stack Trace -----&#xD;
   at Npgsql.Internal.NpgsqlConnector.ConnectAsync(NpgsqlTimeout timeout, CancellationToken cancellationToken)&#xD;
   at Npgsql.Internal.NpgsqlConnector.RawOpen(SslMode sslMode, NpgsqlTimeout timeout, Boolean async, CancellationToken cancellationToken)&#xD;
   at Npgsql.Internal.NpgsqlConnector.&lt;Open&gt;g__OpenCore|214_1(NpgsqlConnector conn, SslMode sslMode, NpgsqlTimeout timeout, Boolean async, CancellationToken cancellationToken)&#xD;
   at Npgsql.Internal.NpgsqlConnector.Open(NpgsqlTimeout timeout, Boolean async, CancellationToken cancellationToken)&#xD;
   at Npgsql.PoolingDataSource.OpenNewConnector(NpgsqlConnection conn, NpgsqlTimeout timeout, Boolean async, CancellationToken cancellationToken)&#xD;
   at Npgsql.NpgsqlMultiHostDataSource.TryGetIdleOrNew(NpgsqlConnection conn, TimeSpan timeoutPerHost, Boolean async, TargetSessionAttributes preferredType, Func`3 stateValidator, Int32 poolIndex, IList`1 exceptions, CancellationToken cancellationToken)&#xD;
----- Inner Stack Trace -----&#xD;
   at System.Net.Sockets.Socket.AwaitableSocketAsyncEventArgs.ThrowException(SocketError error, CancellationToken cancellationToken)&#xD;
   at System.Net.Sockets.Socket.AwaitableSocketAsyncEventArgs.System.Threading.Tasks.Sources.IValueTaskSource.GetResult(Int16 token)&#xD;
   at System.Net.Sockets.Socket.&lt;ConnectAsync&gt;g__WaitForConnectWithCancellation|285_0(AwaitableSocketAsyncEventArgs saea, ValueTask connectTask, CancellationToken cancellationToken)&#xD;
   at Npgsql.TaskTimeoutAndCancellation.ExecuteAsync(Func`2 getTaskFunc, NpgsqlTimeout timeout, CancellationToken cancellationToken)&#xD;
   at Npgsql.Internal.NpgsqlConnector.ConnectAsync(NpgsqlTimeout timeout, CancellationToken cancellationToken)</StackTrace>
        </ErrorInfo>
      </Output>
    </UnitTestResult>
    <UnitTestResult executionId="cf2fc43a-49c4-48e6-a06e-80b260d70e0a" testId="8a15dbd9-915f-33d6-0a1d-7a48e99d395d" testName="AgeDigitalTwins.Test.BatchDigitalTwinTests.CreateOrReplaceDigitalTwinsAsync_WithOversizedBatch_ShouldThrowException" computerName="C3YHK9C3" duration="00:00:00.0010000" startTime="2025-07-16T11:11:42.4324814+02:00" endTime="2025-07-16T11:11:46.5028365+02:00" testType="13cdc9d9-ddb5-4fa4-a97d-d965ccfc6d4b" outcome="Failed" testListId="8c84fa94-04c1-424b-9868-57a2d4851a1d" relativeResultsDirectory="cf2fc43a-49c4-48e6-a06e-80b260d70e0a">
      <Output>
        <ErrorInfo>
          <Message>Npgsql.NpgsqlException : Unable to connect to a suitable host. Check inner exception for more details.&#xD;
---- System.AggregateException : One or more errors occurred. (Failed to connect to 127.0.0.1:5432)&#xD;
-------- Npgsql.NpgsqlException : Failed to connect to 127.0.0.1:5432&#xD;
------------ System.Net.Sockets.SocketException : No connection could be made because the target machine actively refused it.</Message>
          <StackTrace>   at Npgsql.NpgsqlMultiHostDataSource.Get(NpgsqlConnection conn, NpgsqlTimeout timeout, Boolean async, CancellationToken cancellationToken)&#xD;
   at Npgsql.NpgsqlConnection.&lt;Open&gt;g__OpenAsync|42_0(Boolean async, CancellationToken cancellationToken)&#xD;
   at Npgsql.NpgsqlDataSource.OpenConnectionAsync(CancellationToken cancellationToken)&#xD;
   at Npgsql.NpgsqlDataSource.OpenConnectionAsync(CancellationToken cancellationToken)&#xD;
   at AgeDigitalTwins.Jobs.JobService.InitializeSchemaAsync() in C:\Users\NRaes\Dev\pg-age-digitaltwins\src\AgeDigitalTwins\Jobs\JobService.cs:line 438&#xD;
   at AgeDigitalTwins.Jobs.JobService..ctor(NpgsqlMultiHostDataSource dataSource, String graphName, ILogger logger) in C:\Users\NRaes\Dev\pg-age-digitaltwins\src\AgeDigitalTwins\Jobs\JobService.cs:line 37&#xD;
   at AgeDigitalTwins.AgeDigitalTwinsClient..ctor(NpgsqlMultiHostDataSource dataSource, AgeDigitalTwinsClientOptions options) in C:\Users\NRaes\Dev\pg-age-digitaltwins\src\AgeDigitalTwins\AgeDigitalTwinsClient.cs:line 61&#xD;
   at AgeDigitalTwins.Test.TestBase..ctor() in C:\Users\NRaes\Dev\pg-age-digitaltwins\src\AgeDigitalTwins.Test\TestBase.cs:line 29&#xD;
   at AgeDigitalTwins.Test.BatchDigitalTwinTests..ctor(ITestOutputHelper output) in C:\Users\NRaes\Dev\pg-age-digitaltwins\src\AgeDigitalTwins.Test\BatchDigitalTwinTests.cs:line 17&#xD;
   at InvokeStub_BatchDigitalTwinTests..ctor(Object, Span`1)&#xD;
   at System.Reflection.MethodBaseInvoker.InvokeWithOneArg(Object obj, BindingFlags invokeAttr, Binder binder, Object[] parameters, CultureInfo culture)&#xD;
----- Inner Stack Trace -----&#xD;
&#xD;
----- Inner Stack Trace -----&#xD;
   at Npgsql.Internal.NpgsqlConnector.ConnectAsync(NpgsqlTimeout timeout, CancellationToken cancellationToken)&#xD;
   at Npgsql.Internal.NpgsqlConnector.RawOpen(SslMode sslMode, NpgsqlTimeout timeout, Boolean async, CancellationToken cancellationToken)&#xD;
   at Npgsql.Internal.NpgsqlConnector.&lt;Open&gt;g__OpenCore|214_1(NpgsqlConnector conn, SslMode sslMode, NpgsqlTimeout timeout, Boolean async, CancellationToken cancellationToken)&#xD;
   at Npgsql.Internal.NpgsqlConnector.Open(NpgsqlTimeout timeout, Boolean async, CancellationToken cancellationToken)&#xD;
   at Npgsql.PoolingDataSource.OpenNewConnector(NpgsqlConnection conn, NpgsqlTimeout timeout, Boolean async, CancellationToken cancellationToken)&#xD;
   at Npgsql.NpgsqlMultiHostDataSource.TryGetIdleOrNew(NpgsqlConnection conn, TimeSpan timeoutPerHost, Boolean async, TargetSessionAttributes preferredType, Func`3 stateValidator, Int32 poolIndex, IList`1 exceptions, CancellationToken cancellationToken)&#xD;
----- Inner Stack Trace -----&#xD;
   at System.Net.Sockets.Socket.AwaitableSocketAsyncEventArgs.ThrowException(SocketError error, CancellationToken cancellationToken)&#xD;
   at System.Net.Sockets.Socket.AwaitableSocketAsyncEventArgs.System.Threading.Tasks.Sources.IValueTaskSource.GetResult(Int16 token)&#xD;
   at System.Net.Sockets.Socket.&lt;ConnectAsync&gt;g__WaitForConnectWithCancellation|285_0(AwaitableSocketAsyncEventArgs saea, ValueTask connectTask, CancellationToken cancellationToken)&#xD;
   at Npgsql.TaskTimeoutAndCancellation.ExecuteAsync(Func`2 getTaskFunc, NpgsqlTimeout timeout, CancellationToken cancellationToken)&#xD;
   at Npgsql.Internal.NpgsqlConnector.ConnectAsync(NpgsqlTimeout timeout, CancellationToken cancellationToken)</StackTrace>
        </ErrorInfo>
      </Output>
    </UnitTestResult>
    <UnitTestResult executionId="313fa72e-99cb-4ffe-8fda-f7a9088ebf12" testId="9ceb341c-a871-fa54-7137-f4ba5e90d9d8" testName="AgeDigitalTwins.Test.QueryTests.QueryAsync_IsOfModel_ReturnsOnlyPlanets" computerName="C3YHK9C3" duration="00:00:00.0010000" startTime="2025-07-16T11:11:42.4361519+02:00" endTime="2025-07-16T11:11:46.5168006+02:00" testType="13cdc9d9-ddb5-4fa4-a97d-d965ccfc6d4b" outcome="Failed" testListId="8c84fa94-04c1-424b-9868-57a2d4851a1d" relativeResultsDirectory="313fa72e-99cb-4ffe-8fda-f7a9088ebf12">
      <Output>
        <ErrorInfo>
          <Message>Npgsql.NpgsqlException : Unable to connect to a suitable host. Check inner exception for more details.&#xD;
---- System.AggregateException : One or more errors occurred. (Failed to connect to 127.0.0.1:5432)&#xD;
-------- Npgsql.NpgsqlException : Failed to connect to 127.0.0.1:5432&#xD;
------------ System.Net.Sockets.SocketException : No connection could be made because the target machine actively refused it.</Message>
          <StackTrace>   at Npgsql.NpgsqlMultiHostDataSource.Get(NpgsqlConnection conn, NpgsqlTimeout timeout, Boolean async, CancellationToken cancellationToken)&#xD;
   at Npgsql.NpgsqlConnection.&lt;Open&gt;g__OpenAsync|42_0(Boolean async, CancellationToken cancellationToken)&#xD;
   at Npgsql.NpgsqlDataSource.OpenConnectionAsync(CancellationToken cancellationToken)&#xD;
   at Npgsql.NpgsqlDataSource.OpenConnectionAsync(CancellationToken cancellationToken)&#xD;
   at AgeDigitalTwins.Jobs.JobService.InitializeSchemaAsync() in C:\Users\NRaes\Dev\pg-age-digitaltwins\src\AgeDigitalTwins\Jobs\JobService.cs:line 438&#xD;
   at AgeDigitalTwins.Jobs.JobService..ctor(NpgsqlMultiHostDataSource dataSource, String graphName, ILogger logger) in C:\Users\NRaes\Dev\pg-age-digitaltwins\src\AgeDigitalTwins\Jobs\JobService.cs:line 37&#xD;
   at AgeDigitalTwins.AgeDigitalTwinsClient..ctor(NpgsqlMultiHostDataSource dataSource, AgeDigitalTwinsClientOptions options) in C:\Users\NRaes\Dev\pg-age-digitaltwins\src\AgeDigitalTwins\AgeDigitalTwinsClient.cs:line 61&#xD;
   at AgeDigitalTwins.Test.TestBase..ctor() in C:\Users\NRaes\Dev\pg-age-digitaltwins\src\AgeDigitalTwins.Test\TestBase.cs:line 29&#xD;
   at AgeDigitalTwins.Test.QueryTests..ctor()&#xD;
   at System.RuntimeType.CreateInstanceDefaultCtor(Boolean publicOnly, Boolean wrapExceptions)&#xD;
----- Inner Stack Trace -----&#xD;
&#xD;
----- Inner Stack Trace -----&#xD;
   at Npgsql.Internal.NpgsqlConnector.ConnectAsync(NpgsqlTimeout timeout, CancellationToken cancellationToken)&#xD;
   at Npgsql.Internal.NpgsqlConnector.RawOpen(SslMode sslMode, NpgsqlTimeout timeout, Boolean async, CancellationToken cancellationToken)&#xD;
   at Npgsql.Internal.NpgsqlConnector.&lt;Open&gt;g__OpenCore|214_1(NpgsqlConnector conn, SslMode sslMode, NpgsqlTimeout timeout, Boolean async, CancellationToken cancellationToken)&#xD;
   at Npgsql.Internal.NpgsqlConnector.Open(NpgsqlTimeout timeout, Boolean async, CancellationToken cancellationToken)&#xD;
   at Npgsql.PoolingDataSource.OpenNewConnector(NpgsqlConnection conn, NpgsqlTimeout timeout, Boolean async, CancellationToken cancellationToken)&#xD;
   at Npgsql.NpgsqlMultiHostDataSource.TryGetIdleOrNew(NpgsqlConnection conn, TimeSpan timeoutPerHost, Boolean async, TargetSessionAttributes preferredType, Func`3 stateValidator, Int32 poolIndex, IList`1 exceptions, CancellationToken cancellationToken)&#xD;
----- Inner Stack Trace -----&#xD;
   at System.Net.Sockets.Socket.AwaitableSocketAsyncEventArgs.ThrowException(SocketError error, CancellationToken cancellationToken)&#xD;
   at System.Net.Sockets.Socket.AwaitableSocketAsyncEventArgs.System.Threading.Tasks.Sources.IValueTaskSource.GetResult(Int16 token)&#xD;
   at System.Net.Sockets.Socket.&lt;ConnectAsync&gt;g__WaitForConnectWithCancellation|285_0(AwaitableSocketAsyncEventArgs saea, ValueTask connectTask, CancellationToken cancellationToken)&#xD;
   at Npgsql.TaskTimeoutAndCancellation.ExecuteAsync(Func`2 getTaskFunc, NpgsqlTimeout timeout, CancellationToken cancellationToken)&#xD;
   at Npgsql.Internal.NpgsqlConnector.ConnectAsync(NpgsqlTimeout timeout, CancellationToken cancellationToken)</StackTrace>
        </ErrorInfo>
      </Output>
    </UnitTestResult>
    <UnitTestResult executionId="98aa266d-fefc-44ad-bb60-057755ec6377" testId="007bb3d2-bada-9ac3-9085-2bda1709d8bc" testName="AgeDigitalTwins.Test.DigitalTwinsTests.UpdateDigitalTwinsAsync_WithObject_UpdatedAndReadable" computerName="C3YHK9C3" duration="00:00:00.0010000" startTime="2025-07-16T11:11:58.7476392+02:00" endTime="2025-07-16T11:12:03.1615251+02:00" testType="13cdc9d9-ddb5-4fa4-a97d-d965ccfc6d4b" outcome="Failed" testListId="8c84fa94-04c1-424b-9868-57a2d4851a1d" relativeResultsDirectory="98aa266d-fefc-44ad-bb60-057755ec6377">
      <Output>
        <ErrorInfo>
          <Message>Npgsql.PostgresException : 28P01: password authentication failed for user "app"</Message>
          <StackTrace>   at Npgsql.NpgsqlMultiHostDataSource.Get(NpgsqlConnection conn, NpgsqlTimeout timeout, Boolean async, CancellationToken cancellationToken)&#xD;
   at Npgsql.NpgsqlConnection.&lt;Open&gt;g__OpenAsync|42_0(Boolean async, CancellationToken cancellationToken)&#xD;
   at Npgsql.NpgsqlDataSource.OpenConnectionAsync(CancellationToken cancellationToken)&#xD;
   at Npgsql.NpgsqlDataSource.OpenConnectionAsync(CancellationToken cancellationToken)&#xD;
   at AgeDigitalTwins.Jobs.JobService.InitializeSchemaAsync() in C:\Users\NRaes\Dev\pg-age-digitaltwins\src\AgeDigitalTwins\Jobs\JobService.cs:line 438&#xD;
   at AgeDigitalTwins.Jobs.JobService..ctor(NpgsqlMultiHostDataSource dataSource, String graphName, ILogger logger) in C:\Users\NRaes\Dev\pg-age-digitaltwins\src\AgeDigitalTwins\Jobs\JobService.cs:line 37&#xD;
   at AgeDigitalTwins.AgeDigitalTwinsClient..ctor(NpgsqlMultiHostDataSource dataSource, AgeDigitalTwinsClientOptions options) in C:\Users\NRaes\Dev\pg-age-digitaltwins\src\AgeDigitalTwins\AgeDigitalTwinsClient.cs:line 61&#xD;
   at AgeDigitalTwins.Test.TestBase..ctor() in C:\Users\NRaes\Dev\pg-age-digitaltwins\src\AgeDigitalTwins.Test\TestBase.cs:line 29&#xD;
   at AgeDigitalTwins.Test.DigitalTwinsTests..ctor(ITestOutputHelper output) in C:\Users\NRaes\Dev\pg-age-digitaltwins\src\AgeDigitalTwins.Test\DigitalTwinsTests.cs:line 16&#xD;
   at InvokeStub_DigitalTwinsTests..ctor(Object, Span`1)&#xD;
   at System.Reflection.MethodBaseInvoker.InvokeWithOneArg(Object obj, BindingFlags invokeAttr, Binder binder, Object[] parameters, CultureInfo culture)</StackTrace>
        </ErrorInfo>
      </Output>
    </UnitTestResult>
    <UnitTestResult executionId="ca91ed8b-0d6d-4e43-b4bc-60001b9bd0f3" testId="aa056e05-fb0b-b191-e5ef-c3daaf0216e3" testName="AgeDigitalTwins.Test.DistributedLockingTests.IsJobLockedByCurrentInstanceAsync_ShouldReturnFalse_WhenLockIsNotOwned" computerName="C3YHK9C3" duration="00:00:00.0010000" startTime="2025-07-16T11:12:03.8680128+02:00" endTime="2025-07-16T11:12:04.5318283+02:00" testType="13cdc9d9-ddb5-4fa4-a97d-d965ccfc6d4b" outcome="Failed" testListId="8c84fa94-04c1-424b-9868-57a2d4851a1d" relativeResultsDirectory="ca91ed8b-0d6d-4e43-b4bc-60001b9bd0f3">
      <Output>
        <ErrorInfo>
          <Message>Npgsql.PostgresException : 28P01: password authentication failed for user "app"</Message>
          <StackTrace>   at Npgsql.NpgsqlMultiHostDataSource.Get(NpgsqlConnection conn, NpgsqlTimeout timeout, Boolean async, CancellationToken cancellationToken)&#xD;
   at Npgsql.NpgsqlConnection.&lt;Open&gt;g__OpenAsync|42_0(Boolean async, CancellationToken cancellationToken)&#xD;
   at Npgsql.NpgsqlDataSource.OpenConnectionAsync(CancellationToken cancellationToken)&#xD;
   at Npgsql.NpgsqlDataSource.OpenConnectionAsync(CancellationToken cancellationToken)&#xD;
   at AgeDigitalTwins.Jobs.JobService.InitializeSchemaAsync() in C:\Users\NRaes\Dev\pg-age-digitaltwins\src\AgeDigitalTwins\Jobs\JobService.cs:line 438&#xD;
   at AgeDigitalTwins.Jobs.JobService..ctor(NpgsqlMultiHostDataSource dataSource, String graphName, ILogger logger) in C:\Users\NRaes\Dev\pg-age-digitaltwins\src\AgeDigitalTwins\Jobs\JobService.cs:line 37&#xD;
   at AgeDigitalTwins.AgeDigitalTwinsClient..ctor(NpgsqlMultiHostDataSource dataSource, AgeDigitalTwinsClientOptions options) in C:\Users\NRaes\Dev\pg-age-digitaltwins\src\AgeDigitalTwins\AgeDigitalTwinsClient.cs:line 61&#xD;
   at AgeDigitalTwins.Test.TestBase..ctor() in C:\Users\NRaes\Dev\pg-age-digitaltwins\src\AgeDigitalTwins.Test\TestBase.cs:line 29&#xD;
   at AgeDigitalTwins.Test.DistributedLockingTests..ctor()&#xD;
   at System.RuntimeType.CreateInstanceDefaultCtor(Boolean publicOnly, Boolean wrapExceptions)</StackTrace>
        </ErrorInfo>
      </Output>
    </UnitTestResult>
    <UnitTestResult executionId="5c8c05d2-aa1b-4782-bac6-c0708a8d3814" testId="2cb56f9b-93f4-0199-b6a1-fac2f541fe3b" testName="AgeDigitalTwins.Test.ImportJobSystemTests.DeleteImportJob_ShouldReturnTrue_WhenJobExists" computerName="C3YHK9C3" duration="00:00:00.0010000" startTime="2025-07-16T11:11:54.6602589+02:00" endTime="2025-07-16T11:11:58.7326349+02:00" testType="13cdc9d9-ddb5-4fa4-a97d-d965ccfc6d4b" outcome="Failed" testListId="8c84fa94-04c1-424b-9868-57a2d4851a1d" relativeResultsDirectory="5c8c05d2-aa1b-4782-bac6-c0708a8d3814">
      <Output>
        <ErrorInfo>
          <Message>Npgsql.NpgsqlException : Unable to connect to a suitable host. Check inner exception for more details.&#xD;
---- System.AggregateException : One or more errors occurred. (Failed to connect to 127.0.0.1:5432)&#xD;
-------- Npgsql.NpgsqlException : Failed to connect to 127.0.0.1:5432&#xD;
------------ System.Net.Sockets.SocketException : No connection could be made because the target machine actively refused it.</Message>
          <StackTrace>   at Npgsql.NpgsqlMultiHostDataSource.Get(NpgsqlConnection conn, NpgsqlTimeout timeout, Boolean async, CancellationToken cancellationToken)&#xD;
   at Npgsql.NpgsqlConnection.&lt;Open&gt;g__OpenAsync|42_0(Boolean async, CancellationToken cancellationToken)&#xD;
   at Npgsql.NpgsqlDataSource.OpenConnectionAsync(CancellationToken cancellationToken)&#xD;
   at Npgsql.NpgsqlDataSource.OpenConnectionAsync(CancellationToken cancellationToken)&#xD;
   at AgeDigitalTwins.Jobs.JobService.InitializeSchemaAsync() in C:\Users\NRaes\Dev\pg-age-digitaltwins\src\AgeDigitalTwins\Jobs\JobService.cs:line 438&#xD;
   at AgeDigitalTwins.Jobs.JobService..ctor(NpgsqlMultiHostDataSource dataSource, String graphName, ILogger logger) in C:\Users\NRaes\Dev\pg-age-digitaltwins\src\AgeDigitalTwins\Jobs\JobService.cs:line 37&#xD;
   at AgeDigitalTwins.AgeDigitalTwinsClient..ctor(NpgsqlMultiHostDataSource dataSource, AgeDigitalTwinsClientOptions options) in C:\Users\NRaes\Dev\pg-age-digitaltwins\src\AgeDigitalTwins\AgeDigitalTwinsClient.cs:line 61&#xD;
   at AgeDigitalTwins.Test.TestBase..ctor() in C:\Users\NRaes\Dev\pg-age-digitaltwins\src\AgeDigitalTwins.Test\TestBase.cs:line 29&#xD;
   at AgeDigitalTwins.Test.ImportJobSystemTests..ctor(ITestOutputHelper output) in C:\Users\NRaes\Dev\pg-age-digitaltwins\src\AgeDigitalTwins.Test\JobServiceTests.cs:line 34&#xD;
   at InvokeStub_ImportJobSystemTests..ctor(Object, Span`1)&#xD;
   at System.Reflection.MethodBaseInvoker.InvokeWithOneArg(Object obj, BindingFlags invokeAttr, Binder binder, Object[] parameters, CultureInfo culture)&#xD;
----- Inner Stack Trace -----&#xD;
&#xD;
----- Inner Stack Trace -----&#xD;
   at Npgsql.Internal.NpgsqlConnector.ConnectAsync(NpgsqlTimeout timeout, CancellationToken cancellationToken)&#xD;
   at Npgsql.Internal.NpgsqlConnector.RawOpen(SslMode sslMode, NpgsqlTimeout timeout, Boolean async, CancellationToken cancellationToken)&#xD;
   at Npgsql.Internal.NpgsqlConnector.&lt;Open&gt;g__OpenCore|214_1(NpgsqlConnector conn, SslMode sslMode, NpgsqlTimeout timeout, Boolean async, CancellationToken cancellationToken)&#xD;
   at Npgsql.Internal.NpgsqlConnector.Open(NpgsqlTimeout timeout, Boolean async, CancellationToken cancellationToken)&#xD;
   at Npgsql.PoolingDataSource.OpenNewConnector(NpgsqlConnection conn, NpgsqlTimeout timeout, Boolean async, CancellationToken cancellationToken)&#xD;
   at Npgsql.NpgsqlMultiHostDataSource.TryGetIdleOrNew(NpgsqlConnection conn, TimeSpan timeoutPerHost, Boolean async, TargetSessionAttributes preferredType, Func`3 stateValidator, Int32 poolIndex, IList`1 exceptions, CancellationToken cancellationToken)&#xD;
----- Inner Stack Trace -----&#xD;
   at System.Net.Sockets.Socket.AwaitableSocketAsyncEventArgs.ThrowException(SocketError error, CancellationToken cancellationToken)&#xD;
   at System.Net.Sockets.Socket.AwaitableSocketAsyncEventArgs.System.Threading.Tasks.Sources.IValueTaskSource.GetResult(Int16 token)&#xD;
   at System.Net.Sockets.Socket.&lt;ConnectAsync&gt;g__WaitForConnectWithCancellation|285_0(AwaitableSocketAsyncEventArgs saea, ValueTask connectTask, CancellationToken cancellationToken)&#xD;
   at Npgsql.TaskTimeoutAndCancellation.ExecuteAsync(Func`2 getTaskFunc, NpgsqlTimeout timeout, CancellationToken cancellationToken)&#xD;
   at Npgsql.Internal.NpgsqlConnector.ConnectAsync(NpgsqlTimeout timeout, CancellationToken cancellationToken)</StackTrace>
        </ErrorInfo>
      </Output>
    </UnitTestResult>
    <UnitTestResult executionId="be97bfc9-6433-4491-954f-521eda95c4ce" testId="e165838f-0dd9-dff2-7c57-576c57aa82c3" testName="AgeDigitalTwins.Test.ImportJobTests.Client_ListImportJobs_ShouldReturnAllJobs" computerName="C3YHK9C3" duration="00:00:00.0010000" startTime="2025-07-16T11:11:50.6047209+02:00" endTime="2025-07-16T11:11:54.6463840+02:00" testType="13cdc9d9-ddb5-4fa4-a97d-d965ccfc6d4b" outcome="Failed" testListId="8c84fa94-04c1-424b-9868-57a2d4851a1d" relativeResultsDirectory="be97bfc9-6433-4491-954f-521eda95c4ce">
      <Output>
        <ErrorInfo>
          <Message>Npgsql.NpgsqlException : Unable to connect to a suitable host. Check inner exception for more details.&#xD;
---- System.AggregateException : One or more errors occurred. (Failed to connect to 127.0.0.1:5432)&#xD;
-------- Npgsql.NpgsqlException : Failed to connect to 127.0.0.1:5432&#xD;
------------ System.Net.Sockets.SocketException : No connection could be made because the target machine actively refused it.</Message>
          <StackTrace>   at Npgsql.NpgsqlMultiHostDataSource.Get(NpgsqlConnection conn, NpgsqlTimeout timeout, Boolean async, CancellationToken cancellationToken)&#xD;
   at Npgsql.NpgsqlConnection.&lt;Open&gt;g__OpenAsync|42_0(Boolean async, CancellationToken cancellationToken)&#xD;
   at Npgsql.NpgsqlDataSource.OpenConnectionAsync(CancellationToken cancellationToken)&#xD;
   at Npgsql.NpgsqlDataSource.OpenConnectionAsync(CancellationToken cancellationToken)&#xD;
   at AgeDigitalTwins.Jobs.JobService.InitializeSchemaAsync() in C:\Users\NRaes\Dev\pg-age-digitaltwins\src\AgeDigitalTwins\Jobs\JobService.cs:line 438&#xD;
   at AgeDigitalTwins.Jobs.JobService..ctor(NpgsqlMultiHostDataSource dataSource, String graphName, ILogger logger) in C:\Users\NRaes\Dev\pg-age-digitaltwins\src\AgeDigitalTwins\Jobs\JobService.cs:line 37&#xD;
   at AgeDigitalTwins.AgeDigitalTwinsClient..ctor(NpgsqlMultiHostDataSource dataSource, AgeDigitalTwinsClientOptions options) in C:\Users\NRaes\Dev\pg-age-digitaltwins\src\AgeDigitalTwins\AgeDigitalTwinsClient.cs:line 61&#xD;
   at AgeDigitalTwins.Test.TestBase..ctor() in C:\Users\NRaes\Dev\pg-age-digitaltwins\src\AgeDigitalTwins.Test\TestBase.cs:line 29&#xD;
   at AgeDigitalTwins.Test.ImportJobTests..ctor(ITestOutputHelper output) in C:\Users\NRaes\Dev\pg-age-digitaltwins\src\AgeDigitalTwins.Test\ImportJobTests.cs:line 16&#xD;
   at InvokeStub_ImportJobTests..ctor(Object, Span`1)&#xD;
   at System.Reflection.MethodBaseInvoker.InvokeWithOneArg(Object obj, BindingFlags invokeAttr, Binder binder, Object[] parameters, CultureInfo culture)&#xD;
----- Inner Stack Trace -----&#xD;
&#xD;
----- Inner Stack Trace -----&#xD;
   at Npgsql.Internal.NpgsqlConnector.ConnectAsync(NpgsqlTimeout timeout, CancellationToken cancellationToken)&#xD;
   at Npgsql.Internal.NpgsqlConnector.RawOpen(SslMode sslMode, NpgsqlTimeout timeout, Boolean async, CancellationToken cancellationToken)&#xD;
   at Npgsql.Internal.NpgsqlConnector.&lt;Open&gt;g__OpenCore|214_1(NpgsqlConnector conn, SslMode sslMode, NpgsqlTimeout timeout, Boolean async, CancellationToken cancellationToken)&#xD;
   at Npgsql.Internal.NpgsqlConnector.Open(NpgsqlTimeout timeout, Boolean async, CancellationToken cancellationToken)&#xD;
   at Npgsql.PoolingDataSource.OpenNewConnector(NpgsqlConnection conn, NpgsqlTimeout timeout, Boolean async, CancellationToken cancellationToken)&#xD;
   at Npgsql.NpgsqlMultiHostDataSource.TryGetIdleOrNew(NpgsqlConnection conn, TimeSpan timeoutPerHost, Boolean async, TargetSessionAttributes preferredType, Func`3 stateValidator, Int32 poolIndex, IList`1 exceptions, CancellationToken cancellationToken)&#xD;
----- Inner Stack Trace -----&#xD;
   at System.Net.Sockets.Socket.AwaitableSocketAsyncEventArgs.ThrowException(SocketError error, CancellationToken cancellationToken)&#xD;
   at System.Net.Sockets.Socket.AwaitableSocketAsyncEventArgs.System.Threading.Tasks.Sources.IValueTaskSource.GetResult(Int16 token)&#xD;
   at System.Net.Sockets.Socket.&lt;ConnectAsync&gt;g__WaitForConnectWithCancellation|285_0(AwaitableSocketAsyncEventArgs saea, ValueTask connectTask, CancellationToken cancellationToken)&#xD;
   at Npgsql.TaskTimeoutAndCancellation.ExecuteAsync(Func`2 getTaskFunc, NpgsqlTimeout timeout, CancellationToken cancellationToken)&#xD;
   at Npgsql.Internal.NpgsqlConnector.ConnectAsync(NpgsqlTimeout timeout, CancellationToken cancellationToken)</StackTrace>
        </ErrorInfo>
      </Output>
    </UnitTestResult>
    <UnitTestResult executionId="2067f515-3a4c-400f-ad46-764fb866fa05" testId="bfa65dfc-f7b0-03c8-147b-3ffcd1932843" testName="AgeDigitalTwins.Test.ImportJobTests.Client_ImportGraphAsync_WithDuplicateJobId_ShouldThrow" computerName="C3YHK9C3" duration="00:00:00.0010000" startTime="2025-07-16T11:12:05.1907227+02:00" endTime="2025-07-16T11:12:05.8472864+02:00" testType="13cdc9d9-ddb5-4fa4-a97d-d965ccfc6d4b" outcome="Failed" testListId="8c84fa94-04c1-424b-9868-57a2d4851a1d" relativeResultsDirectory="2067f515-3a4c-400f-ad46-764fb866fa05">
      <Output>
        <ErrorInfo>
          <Message>Npgsql.PostgresException : 28P01: password authentication failed for user "app"</Message>
          <StackTrace>   at Npgsql.NpgsqlMultiHostDataSource.Get(NpgsqlConnection conn, NpgsqlTimeout timeout, Boolean async, CancellationToken cancellationToken)&#xD;
   at Npgsql.NpgsqlConnection.&lt;Open&gt;g__OpenAsync|42_0(Boolean async, CancellationToken cancellationToken)&#xD;
   at Npgsql.NpgsqlDataSource.OpenConnectionAsync(CancellationToken cancellationToken)&#xD;
   at Npgsql.NpgsqlDataSource.OpenConnectionAsync(CancellationToken cancellationToken)&#xD;
   at AgeDigitalTwins.Jobs.JobService.InitializeSchemaAsync() in C:\Users\NRaes\Dev\pg-age-digitaltwins\src\AgeDigitalTwins\Jobs\JobService.cs:line 438&#xD;
   at AgeDigitalTwins.Jobs.JobService..ctor(NpgsqlMultiHostDataSource dataSource, String graphName, ILogger logger) in C:\Users\NRaes\Dev\pg-age-digitaltwins\src\AgeDigitalTwins\Jobs\JobService.cs:line 37&#xD;
   at AgeDigitalTwins.AgeDigitalTwinsClient..ctor(NpgsqlMultiHostDataSource dataSource, AgeDigitalTwinsClientOptions options) in C:\Users\NRaes\Dev\pg-age-digitaltwins\src\AgeDigitalTwins\AgeDigitalTwinsClient.cs:line 61&#xD;
   at AgeDigitalTwins.Test.TestBase..ctor() in C:\Users\NRaes\Dev\pg-age-digitaltwins\src\AgeDigitalTwins.Test\TestBase.cs:line 29&#xD;
   at AgeDigitalTwins.Test.ImportJobTests..ctor(ITestOutputHelper output) in C:\Users\NRaes\Dev\pg-age-digitaltwins\src\AgeDigitalTwins.Test\ImportJobTests.cs:line 16&#xD;
   at InvokeStub_ImportJobTests..ctor(Object, Span`1)&#xD;
   at System.Reflection.MethodBaseInvoker.InvokeWithOneArg(Object obj, BindingFlags invokeAttr, Binder binder, Object[] parameters, CultureInfo culture)</StackTrace>
        </ErrorInfo>
      </Output>
    </UnitTestResult>
    <UnitTestResult executionId="beffce1c-ce65-4437-a716-d112c5638a3b" testId="3212b5a4-ad8c-4754-5b34-e9f12f57bbbb" testName="AgeDigitalTwins.Test.DistributedLockingTests.ReleaseJobLockAsync_ShouldFail_WhenLockIsNotOwned" computerName="C3YHK9C3" duration="00:00:00.0010000" startTime="2025-07-16T11:12:04.5364119+02:00" endTime="2025-07-16T11:12:05.1869325+02:00" testType="13cdc9d9-ddb5-4fa4-a97d-d965ccfc6d4b" outcome="Failed" testListId="8c84fa94-04c1-424b-9868-57a2d4851a1d" relativeResultsDirectory="beffce1c-ce65-4437-a716-d112c5638a3b">
      <Output>
        <ErrorInfo>
          <Message>Npgsql.PostgresException : 28P01: password authentication failed for user "app"</Message>
          <StackTrace>   at Npgsql.NpgsqlMultiHostDataSource.Get(NpgsqlConnection conn, NpgsqlTimeout timeout, Boolean async, CancellationToken cancellationToken)&#xD;
   at Npgsql.NpgsqlConnection.&lt;Open&gt;g__OpenAsync|42_0(Boolean async, CancellationToken cancellationToken)&#xD;
   at Npgsql.NpgsqlDataSource.OpenConnectionAsync(CancellationToken cancellationToken)&#xD;
   at Npgsql.NpgsqlDataSource.OpenConnectionAsync(CancellationToken cancellationToken)&#xD;
   at AgeDigitalTwins.Jobs.JobService.InitializeSchemaAsync() in C:\Users\NRaes\Dev\pg-age-digitaltwins\src\AgeDigitalTwins\Jobs\JobService.cs:line 438&#xD;
   at AgeDigitalTwins.Jobs.JobService..ctor(NpgsqlMultiHostDataSource dataSource, String graphName, ILogger logger) in C:\Users\NRaes\Dev\pg-age-digitaltwins\src\AgeDigitalTwins\Jobs\JobService.cs:line 37&#xD;
   at AgeDigitalTwins.AgeDigitalTwinsClient..ctor(NpgsqlMultiHostDataSource dataSource, AgeDigitalTwinsClientOptions options) in C:\Users\NRaes\Dev\pg-age-digitaltwins\src\AgeDigitalTwins\AgeDigitalTwinsClient.cs:line 61&#xD;
   at AgeDigitalTwins.Test.TestBase..ctor() in C:\Users\NRaes\Dev\pg-age-digitaltwins\src\AgeDigitalTwins.Test\TestBase.cs:line 29&#xD;
   at AgeDigitalTwins.Test.DistributedLockingTests..ctor()&#xD;
   at System.RuntimeType.CreateInstanceDefaultCtor(Boolean publicOnly, Boolean wrapExceptions)</StackTrace>
        </ErrorInfo>
      </Output>
    </UnitTestResult>
    <UnitTestResult executionId="c8e6600e-c314-4c9c-b251-a503aff73be2" testId="33cbc90f-3f22-7603-b21b-f1ce92149c54" testName="AgeDigitalTwins.Test.DigitalTwinsTests.UpdateDigitalTwinAsync_AddOperationPrimitive_Updated" computerName="C3YHK9C3" duration="00:00:00.0010000" startTime="2025-07-16T11:12:03.8679856+02:00" endTime="2025-07-16T11:12:04.5334991+02:00" testType="13cdc9d9-ddb5-4fa4-a97d-d965ccfc6d4b" outcome="Failed" testListId="8c84fa94-04c1-424b-9868-57a2d4851a1d" relativeResultsDirectory="c8e6600e-c314-4c9c-b251-a503aff73be2">
      <Output>
        <ErrorInfo>
          <Message>Npgsql.PostgresException : 28P01: password authentication failed for user "app"</Message>
          <StackTrace>   at Npgsql.NpgsqlMultiHostDataSource.Get(NpgsqlConnection conn, NpgsqlTimeout timeout, Boolean async, CancellationToken cancellationToken)&#xD;
   at Npgsql.NpgsqlConnection.&lt;Open&gt;g__OpenAsync|42_0(Boolean async, CancellationToken cancellationToken)&#xD;
   at Npgsql.NpgsqlDataSource.OpenConnectionAsync(CancellationToken cancellationToken)&#xD;
   at Npgsql.NpgsqlDataSource.OpenConnectionAsync(CancellationToken cancellationToken)&#xD;
   at AgeDigitalTwins.Jobs.JobService.InitializeSchemaAsync() in C:\Users\NRaes\Dev\pg-age-digitaltwins\src\AgeDigitalTwins\Jobs\JobService.cs:line 438&#xD;
   at AgeDigitalTwins.Jobs.JobService..ctor(NpgsqlMultiHostDataSource dataSource, String graphName, ILogger logger) in C:\Users\NRaes\Dev\pg-age-digitaltwins\src\AgeDigitalTwins\Jobs\JobService.cs:line 37&#xD;
   at AgeDigitalTwins.AgeDigitalTwinsClient..ctor(NpgsqlMultiHostDataSource dataSource, AgeDigitalTwinsClientOptions options) in C:\Users\NRaes\Dev\pg-age-digitaltwins\src\AgeDigitalTwins\AgeDigitalTwinsClient.cs:line 61&#xD;
   at AgeDigitalTwins.Test.TestBase..ctor() in C:\Users\NRaes\Dev\pg-age-digitaltwins\src\AgeDigitalTwins.Test\TestBase.cs:line 29&#xD;
   at AgeDigitalTwins.Test.DigitalTwinsTests..ctor(ITestOutputHelper output) in C:\Users\NRaes\Dev\pg-age-digitaltwins\src\AgeDigitalTwins.Test\DigitalTwinsTests.cs:line 16&#xD;
   at InvokeStub_DigitalTwinsTests..ctor(Object, Span`1)&#xD;
   at System.Reflection.MethodBaseInvoker.InvokeWithOneArg(Object obj, BindingFlags invokeAttr, Binder binder, Object[] parameters, CultureInfo culture)</StackTrace>
        </ErrorInfo>
      </Output>
    </UnitTestResult>
    <UnitTestResult executionId="a6b1fd14-9de2-48dd-be94-52da3104ee2d" testId="93ffc443-a97a-42b8-a64f-2379e26c6113" testName="AgeDigitalTwins.Test.DistributedLockingTests.GetJobLockInfoAsync_ShouldReturnLockInfo_WhenLockExists" computerName="C3YHK9C3" duration="00:00:00.0010000" startTime="2025-07-16T11:12:05.8471945+02:00" endTime="2025-07-16T11:12:06.4790692+02:00" testType="13cdc9d9-ddb5-4fa4-a97d-d965ccfc6d4b" outcome="Failed" testListId="8c84fa94-04c1-424b-9868-57a2d4851a1d" relativeResultsDirectory="a6b1fd14-9de2-48dd-be94-52da3104ee2d">
      <Output>
        <ErrorInfo>
          <Message>Npgsql.PostgresException : 28P01: password authentication failed for user "app"</Message>
          <StackTrace>   at Npgsql.NpgsqlMultiHostDataSource.Get(NpgsqlConnection conn, NpgsqlTimeout timeout, Boolean async, CancellationToken cancellationToken)&#xD;
   at Npgsql.NpgsqlConnection.&lt;Open&gt;g__OpenAsync|42_0(Boolean async, CancellationToken cancellationToken)&#xD;
   at Npgsql.NpgsqlDataSource.OpenConnectionAsync(CancellationToken cancellationToken)&#xD;
   at Npgsql.NpgsqlDataSource.OpenConnectionAsync(CancellationToken cancellationToken)&#xD;
   at AgeDigitalTwins.Jobs.JobService.InitializeSchemaAsync() in C:\Users\NRaes\Dev\pg-age-digitaltwins\src\AgeDigitalTwins\Jobs\JobService.cs:line 438&#xD;
   at AgeDigitalTwins.Jobs.JobService..ctor(NpgsqlMultiHostDataSource dataSource, String graphName, ILogger logger) in C:\Users\NRaes\Dev\pg-age-digitaltwins\src\AgeDigitalTwins\Jobs\JobService.cs:line 37&#xD;
   at AgeDigitalTwins.AgeDigitalTwinsClient..ctor(NpgsqlMultiHostDataSource dataSource, AgeDigitalTwinsClientOptions options) in C:\Users\NRaes\Dev\pg-age-digitaltwins\src\AgeDigitalTwins\AgeDigitalTwinsClient.cs:line 61&#xD;
   at AgeDigitalTwins.Test.TestBase..ctor() in C:\Users\NRaes\Dev\pg-age-digitaltwins\src\AgeDigitalTwins.Test\TestBase.cs:line 29&#xD;
   at AgeDigitalTwins.Test.DistributedLockingTests..ctor()&#xD;
   at System.RuntimeType.CreateInstanceDefaultCtor(Boolean publicOnly, Boolean wrapExceptions)</StackTrace>
        </ErrorInfo>
      </Output>
    </UnitTestResult>
    <UnitTestResult executionId="c3c3aa76-c587-47ee-959c-59dc623f1eac" testId="ae55ef44-3dbf-f4c4-6ad1-6cbf77091d3b" testName="AgeDigitalTwins.Test.DigitalTwinsTests.CreateOrReplaceDigitalTwinAsync_BasicDigitalTwinWithWeirdcharacters_CreatedAndReadable" computerName="C3YHK9C3" duration="00:00:00.0010000" startTime="2025-07-16T11:12:04.5364515+02:00" endTime="2025-07-16T11:12:05.1907808+02:00" testType="13cdc9d9-ddb5-4fa4-a97d-d965ccfc6d4b" outcome="Failed" testListId="8c84fa94-04c1-424b-9868-57a2d4851a1d" relativeResultsDirectory="c3c3aa76-c587-47ee-959c-59dc623f1eac">
      <Output>
        <ErrorInfo>
          <Message>Npgsql.PostgresException : 28P01: password authentication failed for user "app"</Message>
          <StackTrace>   at Npgsql.NpgsqlMultiHostDataSource.Get(NpgsqlConnection conn, NpgsqlTimeout timeout, Boolean async, CancellationToken cancellationToken)&#xD;
   at Npgsql.NpgsqlConnection.&lt;Open&gt;g__OpenAsync|42_0(Boolean async, CancellationToken cancellationToken)&#xD;
   at Npgsql.NpgsqlDataSource.OpenConnectionAsync(CancellationToken cancellationToken)&#xD;
   at Npgsql.NpgsqlDataSource.OpenConnectionAsync(CancellationToken cancellationToken)&#xD;
   at AgeDigitalTwins.Jobs.JobService.InitializeSchemaAsync() in C:\Users\NRaes\Dev\pg-age-digitaltwins\src\AgeDigitalTwins\Jobs\JobService.cs:line 438&#xD;
   at AgeDigitalTwins.Jobs.JobService..ctor(NpgsqlMultiHostDataSource dataSource, String graphName, ILogger logger) in C:\Users\NRaes\Dev\pg-age-digitaltwins\src\AgeDigitalTwins\Jobs\JobService.cs:line 37&#xD;
   at AgeDigitalTwins.AgeDigitalTwinsClient..ctor(NpgsqlMultiHostDataSource dataSource, AgeDigitalTwinsClientOptions options) in C:\Users\NRaes\Dev\pg-age-digitaltwins\src\AgeDigitalTwins\AgeDigitalTwinsClient.cs:line 61&#xD;
   at AgeDigitalTwins.Test.TestBase..ctor() in C:\Users\NRaes\Dev\pg-age-digitaltwins\src\AgeDigitalTwins.Test\TestBase.cs:line 29&#xD;
   at AgeDigitalTwins.Test.DigitalTwinsTests..ctor(ITestOutputHelper output) in C:\Users\NRaes\Dev\pg-age-digitaltwins\src\AgeDigitalTwins.Test\DigitalTwinsTests.cs:line 16&#xD;
   at InvokeStub_DigitalTwinsTests..ctor(Object, Span`1)&#xD;
   at System.Reflection.MethodBaseInvoker.InvokeWithOneArg(Object obj, BindingFlags invokeAttr, Binder binder, Object[] parameters, CultureInfo culture)</StackTrace>
        </ErrorInfo>
      </Output>
    </UnitTestResult>
    <UnitTestResult executionId="9c4515ec-1cda-48a0-9f42-2a78c0b016f2" testId="a91c609f-ec06-3cbc-0b4a-b7f8cfe3e44f" testName="AgeDigitalTwins.Test.BatchRelationshipTests.CreateOrReplaceRelationshipsAsync_WithOversizedBatch_ShouldThrowException" computerName="C3YHK9C3" duration="00:00:00.0010000" startTime="2025-07-16T11:11:32.5666460+02:00" endTime="2025-07-16T11:11:38.3998173+02:00" testType="13cdc9d9-ddb5-4fa4-a97d-d965ccfc6d4b" outcome="Failed" testListId="8c84fa94-04c1-424b-9868-57a2d4851a1d" relativeResultsDirectory="9c4515ec-1cda-48a0-9f42-2a78c0b016f2">
      <Output>
        <ErrorInfo>
          <Message>Npgsql.NpgsqlException : Unable to connect to a suitable host. Check inner exception for more details.&#xD;
---- System.AggregateException : One or more errors occurred. (Failed to connect to 127.0.0.1:5432)&#xD;
-------- Npgsql.NpgsqlException : Failed to connect to 127.0.0.1:5432&#xD;
------------ System.Net.Sockets.SocketException : No connection could be made because the target machine actively refused it.</Message>
          <StackTrace>   at Npgsql.NpgsqlMultiHostDataSource.Get(NpgsqlConnection conn, NpgsqlTimeout timeout, Boolean async, CancellationToken cancellationToken)&#xD;
   at Npgsql.NpgsqlConnection.&lt;Open&gt;g__OpenAsync|42_0(Boolean async, CancellationToken cancellationToken)&#xD;
   at Npgsql.NpgsqlDataSource.OpenConnectionAsync(CancellationToken cancellationToken)&#xD;
   at Npgsql.NpgsqlDataSource.OpenConnectionAsync(CancellationToken cancellationToken)&#xD;
   at AgeDigitalTwins.Jobs.JobService.InitializeSchemaAsync() in C:\Users\NRaes\Dev\pg-age-digitaltwins\src\AgeDigitalTwins\Jobs\JobService.cs:line 438&#xD;
   at AgeDigitalTwins.Jobs.JobService..ctor(NpgsqlMultiHostDataSource dataSource, String graphName, ILogger logger) in C:\Users\NRaes\Dev\pg-age-digitaltwins\src\AgeDigitalTwins\Jobs\JobService.cs:line 37&#xD;
   at AgeDigitalTwins.AgeDigitalTwinsClient..ctor(NpgsqlMultiHostDataSource dataSource, AgeDigitalTwinsClientOptions options) in C:\Users\NRaes\Dev\pg-age-digitaltwins\src\AgeDigitalTwins\AgeDigitalTwinsClient.cs:line 61&#xD;
   at AgeDigitalTwins.Test.TestBase..ctor() in C:\Users\NRaes\Dev\pg-age-digitaltwins\src\AgeDigitalTwins.Test\TestBase.cs:line 29&#xD;
   at AgeDigitalTwins.Test.BatchRelationshipTests..ctor(ITestOutputHelper output) in C:\Users\NRaes\Dev\pg-age-digitaltwins\src\AgeDigitalTwins.Test\BatchRelationshipTests.cs:line 16&#xD;
   at System.RuntimeMethodHandle.InvokeMethod(Object target, Void** arguments, Signature sig, Boolean isConstructor)&#xD;
   at System.Reflection.MethodBaseInvoker.InvokeDirectByRefWithFewArgs(Object obj, Span`1 copyOfArgs, BindingFlags invokeAttr)&#xD;
----- Inner Stack Trace -----&#xD;
&#xD;
----- Inner Stack Trace -----&#xD;
   at Npgsql.Internal.NpgsqlConnector.ConnectAsync(NpgsqlTimeout timeout, CancellationToken cancellationToken)&#xD;
   at Npgsql.Internal.NpgsqlConnector.RawOpen(SslMode sslMode, NpgsqlTimeout timeout, Boolean async, CancellationToken cancellationToken)&#xD;
   at Npgsql.Internal.NpgsqlConnector.&lt;Open&gt;g__OpenCore|214_1(NpgsqlConnector conn, SslMode sslMode, NpgsqlTimeout timeout, Boolean async, CancellationToken cancellationToken)&#xD;
   at Npgsql.Internal.NpgsqlConnector.Open(NpgsqlTimeout timeout, Boolean async, CancellationToken cancellationToken)&#xD;
   at Npgsql.PoolingDataSource.OpenNewConnector(NpgsqlConnection conn, NpgsqlTimeout timeout, Boolean async, CancellationToken cancellationToken)&#xD;
   at Npgsql.NpgsqlMultiHostDataSource.TryGetIdleOrNew(NpgsqlConnection conn, TimeSpan timeoutPerHost, Boolean async, TargetSessionAttributes preferredType, Func`3 stateValidator, Int32 poolIndex, IList`1 exceptions, CancellationToken cancellationToken)&#xD;
----- Inner Stack Trace -----&#xD;
   at System.Net.Sockets.Socket.AwaitableSocketAsyncEventArgs.ThrowException(SocketError error, CancellationToken cancellationToken)&#xD;
   at System.Net.Sockets.Socket.AwaitableSocketAsyncEventArgs.System.Threading.Tasks.Sources.IValueTaskSource.GetResult(Int16 token)&#xD;
   at System.Net.Sockets.Socket.&lt;ConnectAsync&gt;g__WaitForConnectWithCancellation|285_0(AwaitableSocketAsyncEventArgs saea, ValueTask connectTask, CancellationToken cancellationToken)&#xD;
   at Npgsql.TaskTimeoutAndCancellation.ExecuteAsync(Func`2 getTaskFunc, NpgsqlTimeout timeout, CancellationToken cancellationToken)&#xD;
   at Npgsql.Internal.NpgsqlConnector.ConnectAsync(NpgsqlTimeout timeout, CancellationToken cancellationToken)</StackTrace>
        </ErrorInfo>
      </Output>
    </UnitTestResult>
    <UnitTestResult executionId="7e4f7880-b5a8-4555-8fdb-46e05113dd96" testId="5eb1f3aa-2d9a-e56e-135f-bc6af6834326" testName="AgeDigitalTwins.Test.ModelsTests.CreateModels_MultipleDependentModels_ValidatedAndCreated" computerName="C3YHK9C3" duration="00:00:00.0010000" startTime="2025-07-16T11:11:32.5625191+02:00" endTime="2025-07-16T11:11:38.3764547+02:00" testType="13cdc9d9-ddb5-4fa4-a97d-d965ccfc6d4b" outcome="Failed" testListId="8c84fa94-04c1-424b-9868-57a2d4851a1d" relativeResultsDirectory="7e4f7880-b5a8-4555-8fdb-46e05113dd96">
      <Output>
        <ErrorInfo>
          <Message>Npgsql.NpgsqlException : Unable to connect to a suitable host. Check inner exception for more details.&#xD;
---- System.AggregateException : One or more errors occurred. (Failed to connect to 127.0.0.1:5432)&#xD;
-------- Npgsql.NpgsqlException : Failed to connect to 127.0.0.1:5432&#xD;
------------ System.Net.Sockets.SocketException : No connection could be made because the target machine actively refused it.</Message>
          <StackTrace>   at Npgsql.NpgsqlMultiHostDataSource.Get(NpgsqlConnection conn, NpgsqlTimeout timeout, Boolean async, CancellationToken cancellationToken)&#xD;
   at Npgsql.NpgsqlConnection.&lt;Open&gt;g__OpenAsync|42_0(Boolean async, CancellationToken cancellationToken)&#xD;
   at Npgsql.NpgsqlDataSource.OpenConnectionAsync(CancellationToken cancellationToken)&#xD;
   at Npgsql.NpgsqlDataSource.OpenConnectionAsync(CancellationToken cancellationToken)&#xD;
   at AgeDigitalTwins.Jobs.JobService.InitializeSchemaAsync() in C:\Users\NRaes\Dev\pg-age-digitaltwins\src\AgeDigitalTwins\Jobs\JobService.cs:line 438&#xD;
   at AgeDigitalTwins.Jobs.JobService..ctor(NpgsqlMultiHostDataSource dataSource, String graphName, ILogger logger) in C:\Users\NRaes\Dev\pg-age-digitaltwins\src\AgeDigitalTwins\Jobs\JobService.cs:line 37&#xD;
   at AgeDigitalTwins.AgeDigitalTwinsClient..ctor(NpgsqlMultiHostDataSource dataSource, AgeDigitalTwinsClientOptions options) in C:\Users\NRaes\Dev\pg-age-digitaltwins\src\AgeDigitalTwins\AgeDigitalTwinsClient.cs:line 61&#xD;
   at AgeDigitalTwins.Test.TestBase..ctor() in C:\Users\NRaes\Dev\pg-age-digitaltwins\src\AgeDigitalTwins.Test\TestBase.cs:line 29&#xD;
   at AgeDigitalTwins.Test.ModelsTests..ctor()&#xD;
   at System.RuntimeType.CreateInstanceDefaultCtor(Boolean publicOnly, Boolean wrapExceptions)&#xD;
----- Inner Stack Trace -----&#xD;
&#xD;
----- Inner Stack Trace -----&#xD;
   at Npgsql.Internal.NpgsqlConnector.ConnectAsync(NpgsqlTimeout timeout, CancellationToken cancellationToken)&#xD;
   at Npgsql.Internal.NpgsqlConnector.RawOpen(SslMode sslMode, NpgsqlTimeout timeout, Boolean async, CancellationToken cancellationToken)&#xD;
   at Npgsql.Internal.NpgsqlConnector.&lt;Open&gt;g__OpenCore|214_1(NpgsqlConnector conn, SslMode sslMode, NpgsqlTimeout timeout, Boolean async, CancellationToken cancellationToken)&#xD;
   at Npgsql.Internal.NpgsqlConnector.Open(NpgsqlTimeout timeout, Boolean async, CancellationToken cancellationToken)&#xD;
   at Npgsql.PoolingDataSource.OpenNewConnector(NpgsqlConnection conn, NpgsqlTimeout timeout, Boolean async, CancellationToken cancellationToken)&#xD;
   at Npgsql.NpgsqlMultiHostDataSource.TryGetIdleOrNew(NpgsqlConnection conn, TimeSpan timeoutPerHost, Boolean async, TargetSessionAttributes preferredType, Func`3 stateValidator, Int32 poolIndex, IList`1 exceptions, CancellationToken cancellationToken)&#xD;
----- Inner Stack Trace -----&#xD;
   at System.Net.Sockets.Socket.AwaitableSocketAsyncEventArgs.ThrowException(SocketError error, CancellationToken cancellationToken)&#xD;
   at System.Net.Sockets.Socket.AwaitableSocketAsyncEventArgs.System.Threading.Tasks.Sources.IValueTaskSource.GetResult(Int16 token)&#xD;
   at System.Net.Sockets.Socket.&lt;ConnectAsync&gt;g__WaitForConnectWithCancellation|285_0(AwaitableSocketAsyncEventArgs saea, ValueTask connectTask, CancellationToken cancellationToken)&#xD;
   at Npgsql.TaskTimeoutAndCancellation.ExecuteAsync(Func`2 getTaskFunc, NpgsqlTimeout timeout, CancellationToken cancellationToken)&#xD;
   at Npgsql.Internal.NpgsqlConnector.ConnectAsync(NpgsqlTimeout timeout, CancellationToken cancellationToken)</StackTrace>
        </ErrorInfo>
      </Output>
    </UnitTestResult>
    <UnitTestResult executionId="711ddb0e-c5fe-492f-84a9-18e381777228" testId="64a1fb60-07eb-25e3-ccb1-b7394ae0f6ec" testName="AgeDigitalTwins.Test.ModelsTests.DeleteModels_DeletesModelsWithNoDependencies" computerName="C3YHK9C3" duration="00:00:00.0010000" startTime="2025-07-16T11:11:42.4573331+02:00" endTime="2025-07-16T11:11:46.5133535+02:00" testType="13cdc9d9-ddb5-4fa4-a97d-d965ccfc6d4b" outcome="Failed" testListId="8c84fa94-04c1-424b-9868-57a2d4851a1d" relativeResultsDirectory="711ddb0e-c5fe-492f-84a9-18e381777228">
      <Output>
        <ErrorInfo>
          <Message>Npgsql.NpgsqlException : Unable to connect to a suitable host. Check inner exception for more details.&#xD;
---- System.AggregateException : One or more errors occurred. (Failed to connect to 127.0.0.1:5432)&#xD;
-------- Npgsql.NpgsqlException : Failed to connect to 127.0.0.1:5432&#xD;
------------ System.Net.Sockets.SocketException : No connection could be made because the target machine actively refused it.</Message>
          <StackTrace>   at Npgsql.NpgsqlMultiHostDataSource.Get(NpgsqlConnection conn, NpgsqlTimeout timeout, Boolean async, CancellationToken cancellationToken)&#xD;
   at Npgsql.NpgsqlConnection.&lt;Open&gt;g__OpenAsync|42_0(Boolean async, CancellationToken cancellationToken)&#xD;
   at Npgsql.NpgsqlDataSource.OpenConnectionAsync(CancellationToken cancellationToken)&#xD;
   at Npgsql.NpgsqlDataSource.OpenConnectionAsync(CancellationToken cancellationToken)&#xD;
   at AgeDigitalTwins.Jobs.JobService.InitializeSchemaAsync() in C:\Users\NRaes\Dev\pg-age-digitaltwins\src\AgeDigitalTwins\Jobs\JobService.cs:line 438&#xD;
   at AgeDigitalTwins.Jobs.JobService..ctor(NpgsqlMultiHostDataSource dataSource, String graphName, ILogger logger) in C:\Users\NRaes\Dev\pg-age-digitaltwins\src\AgeDigitalTwins\Jobs\JobService.cs:line 37&#xD;
   at AgeDigitalTwins.AgeDigitalTwinsClient..ctor(NpgsqlMultiHostDataSource dataSource, AgeDigitalTwinsClientOptions options) in C:\Users\NRaes\Dev\pg-age-digitaltwins\src\AgeDigitalTwins\AgeDigitalTwinsClient.cs:line 61&#xD;
   at AgeDigitalTwins.Test.TestBase..ctor() in C:\Users\NRaes\Dev\pg-age-digitaltwins\src\AgeDigitalTwins.Test\TestBase.cs:line 29&#xD;
   at AgeDigitalTwins.Test.ModelsTests..ctor()&#xD;
   at System.RuntimeType.CreateInstanceDefaultCtor(Boolean publicOnly, Boolean wrapExceptions)&#xD;
----- Inner Stack Trace -----&#xD;
&#xD;
----- Inner Stack Trace -----&#xD;
   at Npgsql.Internal.NpgsqlConnector.ConnectAsync(NpgsqlTimeout timeout, CancellationToken cancellationToken)&#xD;
   at Npgsql.Internal.NpgsqlConnector.RawOpen(SslMode sslMode, NpgsqlTimeout timeout, Boolean async, CancellationToken cancellationToken)&#xD;
   at Npgsql.Internal.NpgsqlConnector.&lt;Open&gt;g__OpenCore|214_1(NpgsqlConnector conn, SslMode sslMode, NpgsqlTimeout timeout, Boolean async, CancellationToken cancellationToken)&#xD;
   at Npgsql.Internal.NpgsqlConnector.Open(NpgsqlTimeout timeout, Boolean async, CancellationToken cancellationToken)&#xD;
   at Npgsql.PoolingDataSource.OpenNewConnector(NpgsqlConnection conn, NpgsqlTimeout timeout, Boolean async, CancellationToken cancellationToken)&#xD;
   at Npgsql.NpgsqlMultiHostDataSource.TryGetIdleOrNew(NpgsqlConnection conn, TimeSpan timeoutPerHost, Boolean async, TargetSessionAttributes preferredType, Func`3 stateValidator, Int32 poolIndex, IList`1 exceptions, CancellationToken cancellationToken)&#xD;
----- Inner Stack Trace -----&#xD;
   at System.Net.Sockets.Socket.AwaitableSocketAsyncEventArgs.ThrowException(SocketError error, CancellationToken cancellationToken)&#xD;
   at System.Net.Sockets.Socket.AwaitableSocketAsyncEventArgs.System.Threading.Tasks.Sources.IValueTaskSource.GetResult(Int16 token)&#xD;
   at System.Net.Sockets.Socket.&lt;ConnectAsync&gt;g__WaitForConnectWithCancellation|285_0(AwaitableSocketAsyncEventArgs saea, ValueTask connectTask, CancellationToken cancellationToken)&#xD;
   at Npgsql.TaskTimeoutAndCancellation.ExecuteAsync(Func`2 getTaskFunc, NpgsqlTimeout timeout, CancellationToken cancellationToken)&#xD;
   at Npgsql.Internal.NpgsqlConnector.ConnectAsync(NpgsqlTimeout timeout, CancellationToken cancellationToken)</StackTrace>
        </ErrorInfo>
      </Output>
    </UnitTestResult>
    <UnitTestResult executionId="cf45aa09-9a05-4b6c-9bcd-62e6d4743140" testId="8a8576de-7231-ddc6-92ae-49505f86e5d6" testName="AgeDigitalTwins.Test.ImportJobTests.Client_ImportGraphAsync_WithNullOutputStream_ShouldThrow" computerName="C3YHK9C3" duration="00:00:00.0010000" startTime="2025-07-16T11:12:04.5354597+02:00" endTime="2025-07-16T11:12:05.1890862+02:00" testType="13cdc9d9-ddb5-4fa4-a97d-d965ccfc6d4b" outcome="Failed" testListId="8c84fa94-04c1-424b-9868-57a2d4851a1d" relativeResultsDirectory="cf45aa09-9a05-4b6c-9bcd-62e6d4743140">
      <Output>
        <ErrorInfo>
          <Message>Npgsql.PostgresException : 28P01: password authentication failed for user "app"</Message>
          <StackTrace>   at Npgsql.NpgsqlMultiHostDataSource.Get(NpgsqlConnection conn, NpgsqlTimeout timeout, Boolean async, CancellationToken cancellationToken)&#xD;
   at Npgsql.NpgsqlConnection.&lt;Open&gt;g__OpenAsync|42_0(Boolean async, CancellationToken cancellationToken)&#xD;
   at Npgsql.NpgsqlDataSource.OpenConnectionAsync(CancellationToken cancellationToken)&#xD;
   at Npgsql.NpgsqlDataSource.OpenConnectionAsync(CancellationToken cancellationToken)&#xD;
   at AgeDigitalTwins.Jobs.JobService.InitializeSchemaAsync() in C:\Users\NRaes\Dev\pg-age-digitaltwins\src\AgeDigitalTwins\Jobs\JobService.cs:line 438&#xD;
   at AgeDigitalTwins.Jobs.JobService..ctor(NpgsqlMultiHostDataSource dataSource, String graphName, ILogger logger) in C:\Users\NRaes\Dev\pg-age-digitaltwins\src\AgeDigitalTwins\Jobs\JobService.cs:line 37&#xD;
   at AgeDigitalTwins.AgeDigitalTwinsClient..ctor(NpgsqlMultiHostDataSource dataSource, AgeDigitalTwinsClientOptions options) in C:\Users\NRaes\Dev\pg-age-digitaltwins\src\AgeDigitalTwins\AgeDigitalTwinsClient.cs:line 61&#xD;
   at AgeDigitalTwins.Test.TestBase..ctor() in C:\Users\NRaes\Dev\pg-age-digitaltwins\src\AgeDigitalTwins.Test\TestBase.cs:line 29&#xD;
   at AgeDigitalTwins.Test.ImportJobTests..ctor(ITestOutputHelper output) in C:\Users\NRaes\Dev\pg-age-digitaltwins\src\AgeDigitalTwins.Test\ImportJobTests.cs:line 16&#xD;
   at InvokeStub_ImportJobTests..ctor(Object, Span`1)&#xD;
   at System.Reflection.MethodBaseInvoker.InvokeWithOneArg(Object obj, BindingFlags invokeAttr, Binder binder, Object[] parameters, CultureInfo culture)</StackTrace>
        </ErrorInfo>
      </Output>
    </UnitTestResult>
    <UnitTestResult executionId="923f46f5-12da-4068-a9a7-c2303f6f8711" testId="62d5f027-cd82-987f-dffd-c8ca3c697623" testName="AgeDigitalTwins.Test.RelationshipTests.CreateOrReplaceRelationshipAsync_BasicRelationshipNoSourceOrId_CreatedAndReadable" computerName="C3YHK9C3" duration="00:00:00.0010000" startTime="2025-07-16T11:11:32.5666823+02:00" endTime="2025-07-16T11:11:38.3804734+02:00" testType="13cdc9d9-ddb5-4fa4-a97d-d965ccfc6d4b" outcome="Failed" testListId="8c84fa94-04c1-424b-9868-57a2d4851a1d" relativeResultsDirectory="923f46f5-12da-4068-a9a7-c2303f6f8711">
      <Output>
        <ErrorInfo>
          <Message>Npgsql.NpgsqlException : Unable to connect to a suitable host. Check inner exception for more details.&#xD;
---- System.AggregateException : One or more errors occurred. (Failed to connect to 127.0.0.1:5432)&#xD;
-------- Npgsql.NpgsqlException : Failed to connect to 127.0.0.1:5432&#xD;
------------ System.Net.Sockets.SocketException : No connection could be made because the target machine actively refused it.</Message>
          <StackTrace>   at Npgsql.NpgsqlMultiHostDataSource.Get(NpgsqlConnection conn, NpgsqlTimeout timeout, Boolean async, CancellationToken cancellationToken)&#xD;
   at Npgsql.NpgsqlConnection.&lt;Open&gt;g__OpenAsync|42_0(Boolean async, CancellationToken cancellationToken)&#xD;
   at Npgsql.NpgsqlDataSource.OpenConnectionAsync(CancellationToken cancellationToken)&#xD;
   at Npgsql.NpgsqlDataSource.OpenConnectionAsync(CancellationToken cancellationToken)&#xD;
   at AgeDigitalTwins.Jobs.JobService.InitializeSchemaAsync() in C:\Users\NRaes\Dev\pg-age-digitaltwins\src\AgeDigitalTwins\Jobs\JobService.cs:line 438&#xD;
   at AgeDigitalTwins.Jobs.JobService..ctor(NpgsqlMultiHostDataSource dataSource, String graphName, ILogger logger) in C:\Users\NRaes\Dev\pg-age-digitaltwins\src\AgeDigitalTwins\Jobs\JobService.cs:line 37&#xD;
   at AgeDigitalTwins.AgeDigitalTwinsClient..ctor(NpgsqlMultiHostDataSource dataSource, AgeDigitalTwinsClientOptions options) in C:\Users\NRaes\Dev\pg-age-digitaltwins\src\AgeDigitalTwins\AgeDigitalTwinsClient.cs:line 61&#xD;
   at AgeDigitalTwins.Test.TestBase..ctor() in C:\Users\NRaes\Dev\pg-age-digitaltwins\src\AgeDigitalTwins.Test\TestBase.cs:line 29&#xD;
   at AgeDigitalTwins.Test.RelationshipTests..ctor()&#xD;
   at System.RuntimeType.CreateInstanceDefaultCtor(Boolean publicOnly, Boolean wrapExceptions)&#xD;
----- Inner Stack Trace -----&#xD;
&#xD;
----- Inner Stack Trace -----&#xD;
   at Npgsql.Internal.NpgsqlConnector.ConnectAsync(NpgsqlTimeout timeout, CancellationToken cancellationToken)&#xD;
   at Npgsql.Internal.NpgsqlConnector.RawOpen(SslMode sslMode, NpgsqlTimeout timeout, Boolean async, CancellationToken cancellationToken)&#xD;
   at Npgsql.Internal.NpgsqlConnector.&lt;Open&gt;g__OpenCore|214_1(NpgsqlConnector conn, SslMode sslMode, NpgsqlTimeout timeout, Boolean async, CancellationToken cancellationToken)&#xD;
   at Npgsql.Internal.NpgsqlConnector.Open(NpgsqlTimeout timeout, Boolean async, CancellationToken cancellationToken)&#xD;
   at Npgsql.PoolingDataSource.OpenNewConnector(NpgsqlConnection conn, NpgsqlTimeout timeout, Boolean async, CancellationToken cancellationToken)&#xD;
   at Npgsql.NpgsqlMultiHostDataSource.TryGetIdleOrNew(NpgsqlConnection conn, TimeSpan timeoutPerHost, Boolean async, TargetSessionAttributes preferredType, Func`3 stateValidator, Int32 poolIndex, IList`1 exceptions, CancellationToken cancellationToken)&#xD;
----- Inner Stack Trace -----&#xD;
   at System.Net.Sockets.Socket.AwaitableSocketAsyncEventArgs.ThrowException(SocketError error, CancellationToken cancellationToken)&#xD;
   at System.Net.Sockets.Socket.AwaitableSocketAsyncEventArgs.System.Threading.Tasks.Sources.IValueTaskSource.GetResult(Int16 token)&#xD;
   at System.Net.Sockets.Socket.&lt;ConnectAsync&gt;g__WaitForConnectWithCancellation|285_0(AwaitableSocketAsyncEventArgs saea, ValueTask connectTask, CancellationToken cancellationToken)&#xD;
   at Npgsql.TaskTimeoutAndCancellation.ExecuteAsync(Func`2 getTaskFunc, NpgsqlTimeout timeout, CancellationToken cancellationToken)&#xD;
   at Npgsql.Internal.NpgsqlConnector.ConnectAsync(NpgsqlTimeout timeout, CancellationToken cancellationToken)</StackTrace>
        </ErrorInfo>
      </Output>
    </UnitTestResult>
    <UnitTestResult executionId="f8371351-931d-4964-839a-246eb5c7c974" testId="c4fddb4d-33a3-a2c7-4e5e-c97bd1c015f0" testName="AgeDigitalTwins.Test.ImportJobTests.ImportAsync_WithEmptyStream_ShouldFail" computerName="C3YHK9C3" duration="00:00:00.0010000" startTime="2025-07-16T11:11:38.4405931+02:00" endTime="2025-07-16T11:11:42.4493794+02:00" testType="13cdc9d9-ddb5-4fa4-a97d-d965ccfc6d4b" outcome="Failed" testListId="8c84fa94-04c1-424b-9868-57a2d4851a1d" relativeResultsDirectory="f8371351-931d-4964-839a-246eb5c7c974">
      <Output>
        <ErrorInfo>
          <Message>Npgsql.NpgsqlException : Unable to connect to a suitable host. Check inner exception for more details.&#xD;
---- System.AggregateException : One or more errors occurred. (Failed to connect to 127.0.0.1:5432)&#xD;
-------- Npgsql.NpgsqlException : Failed to connect to 127.0.0.1:5432&#xD;
------------ System.Net.Sockets.SocketException : No connection could be made because the target machine actively refused it.</Message>
          <StackTrace>   at Npgsql.NpgsqlMultiHostDataSource.Get(NpgsqlConnection conn, NpgsqlTimeout timeout, Boolean async, CancellationToken cancellationToken)&#xD;
   at Npgsql.NpgsqlConnection.&lt;Open&gt;g__OpenAsync|42_0(Boolean async, CancellationToken cancellationToken)&#xD;
   at Npgsql.NpgsqlDataSource.OpenConnectionAsync(CancellationToken cancellationToken)&#xD;
   at Npgsql.NpgsqlDataSource.OpenConnectionAsync(CancellationToken cancellationToken)&#xD;
   at AgeDigitalTwins.Jobs.JobService.InitializeSchemaAsync() in C:\Users\NRaes\Dev\pg-age-digitaltwins\src\AgeDigitalTwins\Jobs\JobService.cs:line 438&#xD;
   at AgeDigitalTwins.Jobs.JobService..ctor(NpgsqlMultiHostDataSource dataSource, String graphName, ILogger logger) in C:\Users\NRaes\Dev\pg-age-digitaltwins\src\AgeDigitalTwins\Jobs\JobService.cs:line 37&#xD;
   at AgeDigitalTwins.AgeDigitalTwinsClient..ctor(NpgsqlMultiHostDataSource dataSource, AgeDigitalTwinsClientOptions options) in C:\Users\NRaes\Dev\pg-age-digitaltwins\src\AgeDigitalTwins\AgeDigitalTwinsClient.cs:line 61&#xD;
   at AgeDigitalTwins.Test.TestBase..ctor() in C:\Users\NRaes\Dev\pg-age-digitaltwins\src\AgeDigitalTwins.Test\TestBase.cs:line 29&#xD;
   at AgeDigitalTwins.Test.ImportJobTests..ctor(ITestOutputHelper output) in C:\Users\NRaes\Dev\pg-age-digitaltwins\src\AgeDigitalTwins.Test\ImportJobTests.cs:line 16&#xD;
   at InvokeStub_ImportJobTests..ctor(Object, Span`1)&#xD;
   at System.Reflection.MethodBaseInvoker.InvokeWithOneArg(Object obj, BindingFlags invokeAttr, Binder binder, Object[] parameters, CultureInfo culture)&#xD;
----- Inner Stack Trace -----&#xD;
&#xD;
----- Inner Stack Trace -----&#xD;
   at Npgsql.Internal.NpgsqlConnector.ConnectAsync(NpgsqlTimeout timeout, CancellationToken cancellationToken)&#xD;
   at Npgsql.Internal.NpgsqlConnector.RawOpen(SslMode sslMode, NpgsqlTimeout timeout, Boolean async, CancellationToken cancellationToken)&#xD;
   at Npgsql.Internal.NpgsqlConnector.&lt;Open&gt;g__OpenCore|214_1(NpgsqlConnector conn, SslMode sslMode, NpgsqlTimeout timeout, Boolean async, CancellationToken cancellationToken)&#xD;
   at Npgsql.Internal.NpgsqlConnector.Open(NpgsqlTimeout timeout, Boolean async, CancellationToken cancellationToken)&#xD;
   at Npgsql.PoolingDataSource.OpenNewConnector(NpgsqlConnection conn, NpgsqlTimeout timeout, Boolean async, CancellationToken cancellationToken)&#xD;
   at Npgsql.NpgsqlMultiHostDataSource.TryGetIdleOrNew(NpgsqlConnection conn, TimeSpan timeoutPerHost, Boolean async, TargetSessionAttributes preferredType, Func`3 stateValidator, Int32 poolIndex, IList`1 exceptions, CancellationToken cancellationToken)&#xD;
----- Inner Stack Trace -----&#xD;
   at System.Net.Sockets.Socket.AwaitableSocketAsyncEventArgs.ThrowException(SocketError error, CancellationToken cancellationToken)&#xD;
   at System.Net.Sockets.Socket.AwaitableSocketAsyncEventArgs.System.Threading.Tasks.Sources.IValueTaskSource.GetResult(Int16 token)&#xD;
   at System.Net.Sockets.Socket.&lt;ConnectAsync&gt;g__WaitForConnectWithCancellation|285_0(AwaitableSocketAsyncEventArgs saea, ValueTask connectTask, CancellationToken cancellationToken)&#xD;
   at Npgsql.TaskTimeoutAndCancellation.ExecuteAsync(Func`2 getTaskFunc, NpgsqlTimeout timeout, CancellationToken cancellationToken)&#xD;
   at Npgsql.Internal.NpgsqlConnector.ConnectAsync(NpgsqlTimeout timeout, CancellationToken cancellationToken)</StackTrace>
        </ErrorInfo>
      </Output>
    </UnitTestResult>
    <UnitTestResult executionId="7848b888-da13-4bb9-b7e5-8313a6c70720" testId="7e5b6875-adc2-c789-d16b-ed5f1efed23e" testName="AgeDigitalTwins.Test.RelationshipTests.CreateOrReplaceRelationshipAsync_WithIfNoneMatch_ThrowsOnExistingRelationship" computerName="C3YHK9C3" duration="00:00:00.0010000" startTime="2025-07-16T11:11:42.4289036+02:00" endTime="2025-07-16T11:11:46.5411598+02:00" testType="13cdc9d9-ddb5-4fa4-a97d-d965ccfc6d4b" outcome="Failed" testListId="8c84fa94-04c1-424b-9868-57a2d4851a1d" relativeResultsDirectory="7848b888-da13-4bb9-b7e5-8313a6c70720">
      <Output>
        <ErrorInfo>
          <Message>Npgsql.NpgsqlException : Unable to connect to a suitable host. Check inner exception for more details.&#xD;
---- System.AggregateException : One or more errors occurred. (Failed to connect to 127.0.0.1:5432)&#xD;
-------- Npgsql.NpgsqlException : Failed to connect to 127.0.0.1:5432&#xD;
------------ System.Net.Sockets.SocketException : No connection could be made because the target machine actively refused it.</Message>
          <StackTrace>   at Npgsql.NpgsqlMultiHostDataSource.Get(NpgsqlConnection conn, NpgsqlTimeout timeout, Boolean async, CancellationToken cancellationToken)&#xD;
   at Npgsql.NpgsqlConnection.&lt;Open&gt;g__OpenAsync|42_0(Boolean async, CancellationToken cancellationToken)&#xD;
   at Npgsql.NpgsqlDataSource.OpenConnectionAsync(CancellationToken cancellationToken)&#xD;
   at Npgsql.NpgsqlDataSource.OpenConnectionAsync(CancellationToken cancellationToken)&#xD;
   at AgeDigitalTwins.Jobs.JobService.InitializeSchemaAsync() in C:\Users\NRaes\Dev\pg-age-digitaltwins\src\AgeDigitalTwins\Jobs\JobService.cs:line 438&#xD;
   at AgeDigitalTwins.Jobs.JobService..ctor(NpgsqlMultiHostDataSource dataSource, String graphName, ILogger logger) in C:\Users\NRaes\Dev\pg-age-digitaltwins\src\AgeDigitalTwins\Jobs\JobService.cs:line 37&#xD;
   at AgeDigitalTwins.AgeDigitalTwinsClient..ctor(NpgsqlMultiHostDataSource dataSource, AgeDigitalTwinsClientOptions options) in C:\Users\NRaes\Dev\pg-age-digitaltwins\src\AgeDigitalTwins\AgeDigitalTwinsClient.cs:line 61&#xD;
   at AgeDigitalTwins.Test.TestBase..ctor() in C:\Users\NRaes\Dev\pg-age-digitaltwins\src\AgeDigitalTwins.Test\TestBase.cs:line 29&#xD;
   at AgeDigitalTwins.Test.RelationshipTests..ctor()&#xD;
   at System.RuntimeType.CreateInstanceDefaultCtor(Boolean publicOnly, Boolean wrapExceptions)&#xD;
----- Inner Stack Trace -----&#xD;
&#xD;
----- Inner Stack Trace -----&#xD;
   at Npgsql.Internal.NpgsqlConnector.ConnectAsync(NpgsqlTimeout timeout, CancellationToken cancellationToken)&#xD;
   at Npgsql.Internal.NpgsqlConnector.RawOpen(SslMode sslMode, NpgsqlTimeout timeout, Boolean async, CancellationToken cancellationToken)&#xD;
   at Npgsql.Internal.NpgsqlConnector.&lt;Open&gt;g__OpenCore|214_1(NpgsqlConnector conn, SslMode sslMode, NpgsqlTimeout timeout, Boolean async, CancellationToken cancellationToken)&#xD;
   at Npgsql.Internal.NpgsqlConnector.Open(NpgsqlTimeout timeout, Boolean async, CancellationToken cancellationToken)&#xD;
   at Npgsql.PoolingDataSource.OpenNewConnector(NpgsqlConnection conn, NpgsqlTimeout timeout, Boolean async, CancellationToken cancellationToken)&#xD;
   at Npgsql.NpgsqlMultiHostDataSource.TryGetIdleOrNew(NpgsqlConnection conn, TimeSpan timeoutPerHost, Boolean async, TargetSessionAttributes preferredType, Func`3 stateValidator, Int32 poolIndex, IList`1 exceptions, CancellationToken cancellationToken)&#xD;
----- Inner Stack Trace -----&#xD;
   at System.Net.Sockets.Socket.AwaitableSocketAsyncEventArgs.ThrowException(SocketError error, CancellationToken cancellationToken)&#xD;
   at System.Net.Sockets.Socket.AwaitableSocketAsyncEventArgs.System.Threading.Tasks.Sources.IValueTaskSource.GetResult(Int16 token)&#xD;
   at System.Net.Sockets.Socket.&lt;ConnectAsync&gt;g__WaitForConnectWithCancellation|285_0(AwaitableSocketAsyncEventArgs saea, ValueTask connectTask, CancellationToken cancellationToken)&#xD;
   at Npgsql.TaskTimeoutAndCancellation.ExecuteAsync(Func`2 getTaskFunc, NpgsqlTimeout timeout, CancellationToken cancellationToken)&#xD;
   at Npgsql.Internal.NpgsqlConnector.ConnectAsync(NpgsqlTimeout timeout, CancellationToken cancellationToken)</StackTrace>
        </ErrorInfo>
      </Output>
    </UnitTestResult>
    <UnitTestResult executionId="d3a2da83-ac41-4002-a3cc-134c0cdf734d" testId="aa409f61-91b7-a6e8-fc06-b60aff0f1699" testName="AgeDigitalTwins.Test.DigitalTwinsTests.UpdateDigitalTwinAsync_AddOperationInvalidProperty_ThrowsValidationException" computerName="C3YHK9C3" duration="00:00:00.0010000" startTime="2025-07-16T11:12:03.1637158+02:00" endTime="2025-07-16T11:12:03.8624135+02:00" testType="13cdc9d9-ddb5-4fa4-a97d-d965ccfc6d4b" outcome="Failed" testListId="8c84fa94-04c1-424b-9868-57a2d4851a1d" relativeResultsDirectory="d3a2da83-ac41-4002-a3cc-134c0cdf734d">
      <Output>
        <ErrorInfo>
          <Message>Npgsql.PostgresException : 28P01: password authentication failed for user "app"</Message>
          <StackTrace>   at Npgsql.NpgsqlMultiHostDataSource.Get(NpgsqlConnection conn, NpgsqlTimeout timeout, Boolean async, CancellationToken cancellationToken)&#xD;
   at Npgsql.NpgsqlConnection.&lt;Open&gt;g__OpenAsync|42_0(Boolean async, CancellationToken cancellationToken)&#xD;
   at Npgsql.NpgsqlDataSource.OpenConnectionAsync(CancellationToken cancellationToken)&#xD;
   at Npgsql.NpgsqlDataSource.OpenConnectionAsync(CancellationToken cancellationToken)&#xD;
   at AgeDigitalTwins.Jobs.JobService.InitializeSchemaAsync() in C:\Users\NRaes\Dev\pg-age-digitaltwins\src\AgeDigitalTwins\Jobs\JobService.cs:line 438&#xD;
   at AgeDigitalTwins.Jobs.JobService..ctor(NpgsqlMultiHostDataSource dataSource, String graphName, ILogger logger) in C:\Users\NRaes\Dev\pg-age-digitaltwins\src\AgeDigitalTwins\Jobs\JobService.cs:line 37&#xD;
   at AgeDigitalTwins.AgeDigitalTwinsClient..ctor(NpgsqlMultiHostDataSource dataSource, AgeDigitalTwinsClientOptions options) in C:\Users\NRaes\Dev\pg-age-digitaltwins\src\AgeDigitalTwins\AgeDigitalTwinsClient.cs:line 61&#xD;
   at AgeDigitalTwins.Test.TestBase..ctor() in C:\Users\NRaes\Dev\pg-age-digitaltwins\src\AgeDigitalTwins.Test\TestBase.cs:line 29&#xD;
   at AgeDigitalTwins.Test.DigitalTwinsTests..ctor(ITestOutputHelper output) in C:\Users\NRaes\Dev\pg-age-digitaltwins\src\AgeDigitalTwins.Test\DigitalTwinsTests.cs:line 16&#xD;
   at InvokeStub_DigitalTwinsTests..ctor(Object, Span`1)&#xD;
   at System.Reflection.MethodBaseInvoker.InvokeWithOneArg(Object obj, BindingFlags invokeAttr, Binder binder, Object[] parameters, CultureInfo culture)</StackTrace>
        </ErrorInfo>
      </Output>
    </UnitTestResult>
    <UnitTestResult executionId="c4028f2b-865d-44fb-9232-894cadc73ce2" testId="0d780c64-4f4e-33b0-8acc-cbd6f5f12b53" testName="AgeDigitalTwins.Test.DistributedLockingTests.CleanupExpiredLocksAsync_ShouldCleanupExpiredLocks" computerName="C3YHK9C3" duration="00:00:00.0010000" startTime="2025-07-16T11:11:54.6533950+02:00" endTime="2025-07-16T11:11:58.7399381+02:00" testType="13cdc9d9-ddb5-4fa4-a97d-d965ccfc6d4b" outcome="Failed" testListId="8c84fa94-04c1-424b-9868-57a2d4851a1d" relativeResultsDirectory="c4028f2b-865d-44fb-9232-894cadc73ce2">
      <Output>
        <ErrorInfo>
          <Message>Npgsql.NpgsqlException : Unable to connect to a suitable host. Check inner exception for more details.&#xD;
---- System.AggregateException : One or more errors occurred. (Failed to connect to 127.0.0.1:5432)&#xD;
-------- Npgsql.NpgsqlException : Failed to connect to 127.0.0.1:5432&#xD;
------------ System.Net.Sockets.SocketException : No connection could be made because the target machine actively refused it.</Message>
          <StackTrace>   at Npgsql.NpgsqlMultiHostDataSource.Get(NpgsqlConnection conn, NpgsqlTimeout timeout, Boolean async, CancellationToken cancellationToken)&#xD;
   at Npgsql.NpgsqlConnection.&lt;Open&gt;g__OpenAsync|42_0(Boolean async, CancellationToken cancellationToken)&#xD;
   at Npgsql.NpgsqlDataSource.OpenConnectionAsync(CancellationToken cancellationToken)&#xD;
   at Npgsql.NpgsqlDataSource.OpenConnectionAsync(CancellationToken cancellationToken)&#xD;
   at AgeDigitalTwins.Jobs.JobService.InitializeSchemaAsync() in C:\Users\NRaes\Dev\pg-age-digitaltwins\src\AgeDigitalTwins\Jobs\JobService.cs:line 438&#xD;
   at AgeDigitalTwins.Jobs.JobService..ctor(NpgsqlMultiHostDataSource dataSource, String graphName, ILogger logger) in C:\Users\NRaes\Dev\pg-age-digitaltwins\src\AgeDigitalTwins\Jobs\JobService.cs:line 37&#xD;
   at AgeDigitalTwins.AgeDigitalTwinsClient..ctor(NpgsqlMultiHostDataSource dataSource, AgeDigitalTwinsClientOptions options) in C:\Users\NRaes\Dev\pg-age-digitaltwins\src\AgeDigitalTwins\AgeDigitalTwinsClient.cs:line 61&#xD;
   at AgeDigitalTwins.Test.TestBase..ctor() in C:\Users\NRaes\Dev\pg-age-digitaltwins\src\AgeDigitalTwins.Test\TestBase.cs:line 29&#xD;
   at AgeDigitalTwins.Test.DistributedLockingTests..ctor()&#xD;
   at System.RuntimeType.CreateInstanceDefaultCtor(Boolean publicOnly, Boolean wrapExceptions)&#xD;
----- Inner Stack Trace -----&#xD;
&#xD;
----- Inner Stack Trace -----&#xD;
   at Npgsql.Internal.NpgsqlConnector.ConnectAsync(NpgsqlTimeout timeout, CancellationToken cancellationToken)&#xD;
   at Npgsql.Internal.NpgsqlConnector.RawOpen(SslMode sslMode, NpgsqlTimeout timeout, Boolean async, CancellationToken cancellationToken)&#xD;
   at Npgsql.Internal.NpgsqlConnector.&lt;Open&gt;g__OpenCore|214_1(NpgsqlConnector conn, SslMode sslMode, NpgsqlTimeout timeout, Boolean async, CancellationToken cancellationToken)&#xD;
   at Npgsql.Internal.NpgsqlConnector.Open(NpgsqlTimeout timeout, Boolean async, CancellationToken cancellationToken)&#xD;
   at Npgsql.PoolingDataSource.OpenNewConnector(NpgsqlConnection conn, NpgsqlTimeout timeout, Boolean async, CancellationToken cancellationToken)&#xD;
   at Npgsql.NpgsqlMultiHostDataSource.TryGetIdleOrNew(NpgsqlConnection conn, TimeSpan timeoutPerHost, Boolean async, TargetSessionAttributes preferredType, Func`3 stateValidator, Int32 poolIndex, IList`1 exceptions, CancellationToken cancellationToken)&#xD;
----- Inner Stack Trace -----&#xD;
   at System.Net.Sockets.Socket.AwaitableSocketAsyncEventArgs.ThrowException(SocketError error, CancellationToken cancellationToken)&#xD;
   at System.Net.Sockets.Socket.AwaitableSocketAsyncEventArgs.System.Threading.Tasks.Sources.IValueTaskSource.GetResult(Int16 token)&#xD;
   at System.Net.Sockets.Socket.&lt;ConnectAsync&gt;g__WaitForConnectWithCancellation|285_0(AwaitableSocketAsyncEventArgs saea, ValueTask connectTask, CancellationToken cancellationToken)&#xD;
   at Npgsql.TaskTimeoutAndCancellation.ExecuteAsync(Func`2 getTaskFunc, NpgsqlTimeout timeout, CancellationToken cancellationToken)&#xD;
   at Npgsql.Internal.NpgsqlConnector.ConnectAsync(NpgsqlTimeout timeout, CancellationToken cancellationToken)</StackTrace>
        </ErrorInfo>
      </Output>
    </UnitTestResult>
    <UnitTestResult executionId="8173af94-70dc-41e7-a68e-f42e2be644a6" testId="7c5cdcb0-270f-f07d-061e-e662ac876248" testName="AgeDigitalTwins.Test.ImportJobTests.ImportAsync_WithMissingHeader_ShouldFail" computerName="C3YHK9C3" duration="00:00:00.0010000" startTime="2025-07-16T11:11:42.4538791+02:00" endTime="2025-07-16T11:11:46.5368724+02:00" testType="13cdc9d9-ddb5-4fa4-a97d-d965ccfc6d4b" outcome="Failed" testListId="8c84fa94-04c1-424b-9868-57a2d4851a1d" relativeResultsDirectory="8173af94-70dc-41e7-a68e-f42e2be644a6">
      <Output>
        <ErrorInfo>
          <Message>Npgsql.NpgsqlException : Unable to connect to a suitable host. Check inner exception for more details.&#xD;
---- System.AggregateException : One or more errors occurred. (Failed to connect to 127.0.0.1:5432)&#xD;
-------- Npgsql.NpgsqlException : Failed to connect to 127.0.0.1:5432&#xD;
------------ System.Net.Sockets.SocketException : No connection could be made because the target machine actively refused it.</Message>
          <StackTrace>   at Npgsql.NpgsqlMultiHostDataSource.Get(NpgsqlConnection conn, NpgsqlTimeout timeout, Boolean async, CancellationToken cancellationToken)&#xD;
   at Npgsql.NpgsqlConnection.&lt;Open&gt;g__OpenAsync|42_0(Boolean async, CancellationToken cancellationToken)&#xD;
   at Npgsql.NpgsqlDataSource.OpenConnectionAsync(CancellationToken cancellationToken)&#xD;
   at Npgsql.NpgsqlDataSource.OpenConnectionAsync(CancellationToken cancellationToken)&#xD;
   at AgeDigitalTwins.Jobs.JobService.InitializeSchemaAsync() in C:\Users\NRaes\Dev\pg-age-digitaltwins\src\AgeDigitalTwins\Jobs\JobService.cs:line 438&#xD;
   at AgeDigitalTwins.Jobs.JobService..ctor(NpgsqlMultiHostDataSource dataSource, String graphName, ILogger logger) in C:\Users\NRaes\Dev\pg-age-digitaltwins\src\AgeDigitalTwins\Jobs\JobService.cs:line 37&#xD;
   at AgeDigitalTwins.AgeDigitalTwinsClient..ctor(NpgsqlMultiHostDataSource dataSource, AgeDigitalTwinsClientOptions options) in C:\Users\NRaes\Dev\pg-age-digitaltwins\src\AgeDigitalTwins\AgeDigitalTwinsClient.cs:line 61&#xD;
   at AgeDigitalTwins.Test.TestBase..ctor() in C:\Users\NRaes\Dev\pg-age-digitaltwins\src\AgeDigitalTwins.Test\TestBase.cs:line 29&#xD;
   at AgeDigitalTwins.Test.ImportJobTests..ctor(ITestOutputHelper output) in C:\Users\NRaes\Dev\pg-age-digitaltwins\src\AgeDigitalTwins.Test\ImportJobTests.cs:line 16&#xD;
   at InvokeStub_ImportJobTests..ctor(Object, Span`1)&#xD;
   at System.Reflection.MethodBaseInvoker.InvokeWithOneArg(Object obj, BindingFlags invokeAttr, Binder binder, Object[] parameters, CultureInfo culture)&#xD;
----- Inner Stack Trace -----&#xD;
&#xD;
----- Inner Stack Trace -----&#xD;
   at Npgsql.Internal.NpgsqlConnector.ConnectAsync(NpgsqlTimeout timeout, CancellationToken cancellationToken)&#xD;
   at Npgsql.Internal.NpgsqlConnector.RawOpen(SslMode sslMode, NpgsqlTimeout timeout, Boolean async, CancellationToken cancellationToken)&#xD;
   at Npgsql.Internal.NpgsqlConnector.&lt;Open&gt;g__OpenCore|214_1(NpgsqlConnector conn, SslMode sslMode, NpgsqlTimeout timeout, Boolean async, CancellationToken cancellationToken)&#xD;
   at Npgsql.Internal.NpgsqlConnector.Open(NpgsqlTimeout timeout, Boolean async, CancellationToken cancellationToken)&#xD;
   at Npgsql.PoolingDataSource.OpenNewConnector(NpgsqlConnection conn, NpgsqlTimeout timeout, Boolean async, CancellationToken cancellationToken)&#xD;
   at Npgsql.NpgsqlMultiHostDataSource.TryGetIdleOrNew(NpgsqlConnection conn, TimeSpan timeoutPerHost, Boolean async, TargetSessionAttributes preferredType, Func`3 stateValidator, Int32 poolIndex, IList`1 exceptions, CancellationToken cancellationToken)&#xD;
----- Inner Stack Trace -----&#xD;
   at System.Net.Sockets.Socket.AwaitableSocketAsyncEventArgs.ThrowException(SocketError error, CancellationToken cancellationToken)&#xD;
   at System.Net.Sockets.Socket.AwaitableSocketAsyncEventArgs.System.Threading.Tasks.Sources.IValueTaskSource.GetResult(Int16 token)&#xD;
   at System.Net.Sockets.Socket.&lt;ConnectAsync&gt;g__WaitForConnectWithCancellation|285_0(AwaitableSocketAsyncEventArgs saea, ValueTask connectTask, CancellationToken cancellationToken)&#xD;
   at Npgsql.TaskTimeoutAndCancellation.ExecuteAsync(Func`2 getTaskFunc, NpgsqlTimeout timeout, CancellationToken cancellationToken)&#xD;
   at Npgsql.Internal.NpgsqlConnector.ConnectAsync(NpgsqlTimeout timeout, CancellationToken cancellationToken)</StackTrace>
        </ErrorInfo>
      </Output>
    </UnitTestResult>
    <UnitTestResult executionId="502aff99-751d-4446-bcbb-72c98750bcd4" testId="77ee2d74-7ee5-b503-ae07-9251e54ad113" testName="AgeDigitalTwins.Test.ImportJobSystemTests.ImportGraphAsync_ShouldCreateJob_WithValidParameters" computerName="C3YHK9C3" duration="00:00:00.0010000" startTime="2025-07-16T11:11:42.4467965+02:00" endTime="2025-07-16T11:11:46.5336614+02:00" testType="13cdc9d9-ddb5-4fa4-a97d-d965ccfc6d4b" outcome="Failed" testListId="8c84fa94-04c1-424b-9868-57a2d4851a1d" relativeResultsDirectory="502aff99-751d-4446-bcbb-72c98750bcd4">
      <Output>
        <ErrorInfo>
          <Message>Npgsql.NpgsqlException : Unable to connect to a suitable host. Check inner exception for more details.&#xD;
---- System.AggregateException : One or more errors occurred. (Failed to connect to 127.0.0.1:5432)&#xD;
-------- Npgsql.NpgsqlException : Failed to connect to 127.0.0.1:5432&#xD;
------------ System.Net.Sockets.SocketException : No connection could be made because the target machine actively refused it.</Message>
          <StackTrace>   at Npgsql.NpgsqlMultiHostDataSource.Get(NpgsqlConnection conn, NpgsqlTimeout timeout, Boolean async, CancellationToken cancellationToken)&#xD;
   at Npgsql.NpgsqlConnection.&lt;Open&gt;g__OpenAsync|42_0(Boolean async, CancellationToken cancellationToken)&#xD;
   at Npgsql.NpgsqlDataSource.OpenConnectionAsync(CancellationToken cancellationToken)&#xD;
   at Npgsql.NpgsqlDataSource.OpenConnectionAsync(CancellationToken cancellationToken)&#xD;
   at AgeDigitalTwins.Jobs.JobService.InitializeSchemaAsync() in C:\Users\NRaes\Dev\pg-age-digitaltwins\src\AgeDigitalTwins\Jobs\JobService.cs:line 438&#xD;
   at AgeDigitalTwins.Jobs.JobService..ctor(NpgsqlMultiHostDataSource dataSource, String graphName, ILogger logger) in C:\Users\NRaes\Dev\pg-age-digitaltwins\src\AgeDigitalTwins\Jobs\JobService.cs:line 37&#xD;
   at AgeDigitalTwins.AgeDigitalTwinsClient..ctor(NpgsqlMultiHostDataSource dataSource, AgeDigitalTwinsClientOptions options) in C:\Users\NRaes\Dev\pg-age-digitaltwins\src\AgeDigitalTwins\AgeDigitalTwinsClient.cs:line 61&#xD;
   at AgeDigitalTwins.Test.TestBase..ctor() in C:\Users\NRaes\Dev\pg-age-digitaltwins\src\AgeDigitalTwins.Test\TestBase.cs:line 29&#xD;
   at AgeDigitalTwins.Test.ImportJobSystemTests..ctor(ITestOutputHelper output) in C:\Users\NRaes\Dev\pg-age-digitaltwins\src\AgeDigitalTwins.Test\JobServiceTests.cs:line 34&#xD;
   at InvokeStub_ImportJobSystemTests..ctor(Object, Span`1)&#xD;
   at System.Reflection.MethodBaseInvoker.InvokeWithOneArg(Object obj, BindingFlags invokeAttr, Binder binder, Object[] parameters, CultureInfo culture)&#xD;
----- Inner Stack Trace -----&#xD;
&#xD;
----- Inner Stack Trace -----&#xD;
   at Npgsql.Internal.NpgsqlConnector.ConnectAsync(NpgsqlTimeout timeout, CancellationToken cancellationToken)&#xD;
   at Npgsql.Internal.NpgsqlConnector.RawOpen(SslMode sslMode, NpgsqlTimeout timeout, Boolean async, CancellationToken cancellationToken)&#xD;
   at Npgsql.Internal.NpgsqlConnector.&lt;Open&gt;g__OpenCore|214_1(NpgsqlConnector conn, SslMode sslMode, NpgsqlTimeout timeout, Boolean async, CancellationToken cancellationToken)&#xD;
   at Npgsql.Internal.NpgsqlConnector.Open(NpgsqlTimeout timeout, Boolean async, CancellationToken cancellationToken)&#xD;
   at Npgsql.PoolingDataSource.OpenNewConnector(NpgsqlConnection conn, NpgsqlTimeout timeout, Boolean async, CancellationToken cancellationToken)&#xD;
   at Npgsql.NpgsqlMultiHostDataSource.TryGetIdleOrNew(NpgsqlConnection conn, TimeSpan timeoutPerHost, Boolean async, TargetSessionAttributes preferredType, Func`3 stateValidator, Int32 poolIndex, IList`1 exceptions, CancellationToken cancellationToken)&#xD;
----- Inner Stack Trace -----&#xD;
   at System.Net.Sockets.Socket.AwaitableSocketAsyncEventArgs.ThrowException(SocketError error, CancellationToken cancellationToken)&#xD;
   at System.Net.Sockets.Socket.AwaitableSocketAsyncEventArgs.System.Threading.Tasks.Sources.IValueTaskSource.GetResult(Int16 token)&#xD;
   at System.Net.Sockets.Socket.&lt;ConnectAsync&gt;g__WaitForConnectWithCancellation|285_0(AwaitableSocketAsyncEventArgs saea, ValueTask connectTask, CancellationToken cancellationToken)&#xD;
   at Npgsql.TaskTimeoutAndCancellation.ExecuteAsync(Func`2 getTaskFunc, NpgsqlTimeout timeout, CancellationToken cancellationToken)&#xD;
   at Npgsql.Internal.NpgsqlConnector.ConnectAsync(NpgsqlTimeout timeout, CancellationToken cancellationToken)</StackTrace>
        </ErrorInfo>
      </Output>
    </UnitTestResult>
    <UnitTestResult executionId="5b0ec91a-147a-49d5-806e-f1656f3b114e" testId="72526f54-f082-ebea-a27e-1622d019e9f8" testName="AgeDigitalTwins.Test.ImportJobTests.ImportAsync_WithOnlyModelsSection_ShouldSucceed" computerName="C3YHK9C3" duration="00:00:00.0010000" startTime="2025-07-16T11:11:58.7325261+02:00" endTime="2025-07-16T11:12:03.1675276+02:00" testType="13cdc9d9-ddb5-4fa4-a97d-d965ccfc6d4b" outcome="Failed" testListId="8c84fa94-04c1-424b-9868-57a2d4851a1d" relativeResultsDirectory="5b0ec91a-147a-49d5-806e-f1656f3b114e">
      <Output>
        <ErrorInfo>
          <Message>Npgsql.PostgresException : 28P01: password authentication failed for user "app"</Message>
          <StackTrace>   at Npgsql.NpgsqlMultiHostDataSource.Get(NpgsqlConnection conn, NpgsqlTimeout timeout, Boolean async, CancellationToken cancellationToken)&#xD;
   at Npgsql.NpgsqlConnection.&lt;Open&gt;g__OpenAsync|42_0(Boolean async, CancellationToken cancellationToken)&#xD;
   at Npgsql.NpgsqlDataSource.OpenConnectionAsync(CancellationToken cancellationToken)&#xD;
   at Npgsql.NpgsqlDataSource.OpenConnectionAsync(CancellationToken cancellationToken)&#xD;
   at AgeDigitalTwins.Jobs.JobService.InitializeSchemaAsync() in C:\Users\NRaes\Dev\pg-age-digitaltwins\src\AgeDigitalTwins\Jobs\JobService.cs:line 438&#xD;
   at AgeDigitalTwins.Jobs.JobService..ctor(NpgsqlMultiHostDataSource dataSource, String graphName, ILogger logger) in C:\Users\NRaes\Dev\pg-age-digitaltwins\src\AgeDigitalTwins\Jobs\JobService.cs:line 37&#xD;
   at AgeDigitalTwins.AgeDigitalTwinsClient..ctor(NpgsqlMultiHostDataSource dataSource, AgeDigitalTwinsClientOptions options) in C:\Users\NRaes\Dev\pg-age-digitaltwins\src\AgeDigitalTwins\AgeDigitalTwinsClient.cs:line 61&#xD;
   at AgeDigitalTwins.Test.TestBase..ctor() in C:\Users\NRaes\Dev\pg-age-digitaltwins\src\AgeDigitalTwins.Test\TestBase.cs:line 29&#xD;
   at AgeDigitalTwins.Test.ImportJobTests..ctor(ITestOutputHelper output) in C:\Users\NRaes\Dev\pg-age-digitaltwins\src\AgeDigitalTwins.Test\ImportJobTests.cs:line 16&#xD;
   at InvokeStub_ImportJobTests..ctor(Object, Span`1)&#xD;
   at System.Reflection.MethodBaseInvoker.InvokeWithOneArg(Object obj, BindingFlags invokeAttr, Binder binder, Object[] parameters, CultureInfo culture)</StackTrace>
        </ErrorInfo>
      </Output>
    </UnitTestResult>
    <UnitTestResult executionId="da2f1659-ec57-4efe-b831-b943f1f2453b" testId="c089f09e-7005-8f92-7e7b-caa954d7d05f" testName="AgeDigitalTwins.Test.ImportJobSystemTests.ImportGraphAsync_ShouldThrowException_ForDuplicateJobId" computerName="C3YHK9C3" duration="00:00:00.0010000" startTime="2025-07-16T11:11:58.7398052+02:00" endTime="2025-07-16T11:12:03.1638287+02:00" testType="13cdc9d9-ddb5-4fa4-a97d-d965ccfc6d4b" outcome="Failed" testListId="8c84fa94-04c1-424b-9868-57a2d4851a1d" relativeResultsDirectory="da2f1659-ec57-4efe-b831-b943f1f2453b">
      <Output>
        <ErrorInfo>
          <Message>Npgsql.PostgresException : 28P01: password authentication failed for user "app"</Message>
          <StackTrace>   at Npgsql.NpgsqlMultiHostDataSource.Get(NpgsqlConnection conn, NpgsqlTimeout timeout, Boolean async, CancellationToken cancellationToken)&#xD;
   at Npgsql.NpgsqlConnection.&lt;Open&gt;g__OpenAsync|42_0(Boolean async, CancellationToken cancellationToken)&#xD;
   at Npgsql.NpgsqlDataSource.OpenConnectionAsync(CancellationToken cancellationToken)&#xD;
   at Npgsql.NpgsqlDataSource.OpenConnectionAsync(CancellationToken cancellationToken)&#xD;
   at AgeDigitalTwins.Jobs.JobService.InitializeSchemaAsync() in C:\Users\NRaes\Dev\pg-age-digitaltwins\src\AgeDigitalTwins\Jobs\JobService.cs:line 438&#xD;
   at AgeDigitalTwins.Jobs.JobService..ctor(NpgsqlMultiHostDataSource dataSource, String graphName, ILogger logger) in C:\Users\NRaes\Dev\pg-age-digitaltwins\src\AgeDigitalTwins\Jobs\JobService.cs:line 37&#xD;
   at AgeDigitalTwins.AgeDigitalTwinsClient..ctor(NpgsqlMultiHostDataSource dataSource, AgeDigitalTwinsClientOptions options) in C:\Users\NRaes\Dev\pg-age-digitaltwins\src\AgeDigitalTwins\AgeDigitalTwinsClient.cs:line 61&#xD;
   at AgeDigitalTwins.Test.TestBase..ctor() in C:\Users\NRaes\Dev\pg-age-digitaltwins\src\AgeDigitalTwins.Test\TestBase.cs:line 29&#xD;
   at AgeDigitalTwins.Test.ImportJobSystemTests..ctor(ITestOutputHelper output) in C:\Users\NRaes\Dev\pg-age-digitaltwins\src\AgeDigitalTwins.Test\JobServiceTests.cs:line 34&#xD;
   at InvokeStub_ImportJobSystemTests..ctor(Object, Span`1)&#xD;
   at System.Reflection.MethodBaseInvoker.InvokeWithOneArg(Object obj, BindingFlags invokeAttr, Binder binder, Object[] parameters, CultureInfo culture)</StackTrace>
        </ErrorInfo>
      </Output>
    </UnitTestResult>
    <UnitTestResult executionId="864ab4be-96bf-4023-becf-940f3f0a80c0" testId="19b3a7cd-70c4-04c5-85f4-32262a2800a9" testName="AgeDigitalTwins.Test.BatchRelationshipTests.CreateOrReplaceRelationshipsAsync_WithValidRelationships_ShouldSucceed" computerName="C3YHK9C3" duration="00:00:00.0010000" startTime="2025-07-16T11:11:42.4493101+02:00" endTime="2025-07-16T11:11:46.5104525+02:00" testType="13cdc9d9-ddb5-4fa4-a97d-d965ccfc6d4b" outcome="Failed" testListId="8c84fa94-04c1-424b-9868-57a2d4851a1d" relativeResultsDirectory="864ab4be-96bf-4023-becf-940f3f0a80c0">
      <Output>
        <ErrorInfo>
          <Message>Npgsql.NpgsqlException : Unable to connect to a suitable host. Check inner exception for more details.&#xD;
---- System.AggregateException : One or more errors occurred. (Failed to connect to 127.0.0.1:5432)&#xD;
-------- Npgsql.NpgsqlException : Failed to connect to 127.0.0.1:5432&#xD;
------------ System.Net.Sockets.SocketException : No connection could be made because the target machine actively refused it.</Message>
          <StackTrace>   at Npgsql.NpgsqlMultiHostDataSource.Get(NpgsqlConnection conn, NpgsqlTimeout timeout, Boolean async, CancellationToken cancellationToken)&#xD;
   at Npgsql.NpgsqlConnection.&lt;Open&gt;g__OpenAsync|42_0(Boolean async, CancellationToken cancellationToken)&#xD;
   at Npgsql.NpgsqlDataSource.OpenConnectionAsync(CancellationToken cancellationToken)&#xD;
   at Npgsql.NpgsqlDataSource.OpenConnectionAsync(CancellationToken cancellationToken)&#xD;
   at AgeDigitalTwins.Jobs.JobService.InitializeSchemaAsync() in C:\Users\NRaes\Dev\pg-age-digitaltwins\src\AgeDigitalTwins\Jobs\JobService.cs:line 438&#xD;
   at AgeDigitalTwins.Jobs.JobService..ctor(NpgsqlMultiHostDataSource dataSource, String graphName, ILogger logger) in C:\Users\NRaes\Dev\pg-age-digitaltwins\src\AgeDigitalTwins\Jobs\JobService.cs:line 37&#xD;
   at AgeDigitalTwins.AgeDigitalTwinsClient..ctor(NpgsqlMultiHostDataSource dataSource, AgeDigitalTwinsClientOptions options) in C:\Users\NRaes\Dev\pg-age-digitaltwins\src\AgeDigitalTwins\AgeDigitalTwinsClient.cs:line 61&#xD;
   at AgeDigitalTwins.Test.TestBase..ctor() in C:\Users\NRaes\Dev\pg-age-digitaltwins\src\AgeDigitalTwins.Test\TestBase.cs:line 29&#xD;
   at AgeDigitalTwins.Test.BatchRelationshipTests..ctor(ITestOutputHelper output) in C:\Users\NRaes\Dev\pg-age-digitaltwins\src\AgeDigitalTwins.Test\BatchRelationshipTests.cs:line 16&#xD;
   at InvokeStub_BatchRelationshipTests..ctor(Object, Span`1)&#xD;
   at System.Reflection.MethodBaseInvoker.InvokeWithOneArg(Object obj, BindingFlags invokeAttr, Binder binder, Object[] parameters, CultureInfo culture)&#xD;
----- Inner Stack Trace -----&#xD;
&#xD;
----- Inner Stack Trace -----&#xD;
   at Npgsql.Internal.NpgsqlConnector.ConnectAsync(NpgsqlTimeout timeout, CancellationToken cancellationToken)&#xD;
   at Npgsql.Internal.NpgsqlConnector.RawOpen(SslMode sslMode, NpgsqlTimeout timeout, Boolean async, CancellationToken cancellationToken)&#xD;
   at Npgsql.Internal.NpgsqlConnector.&lt;Open&gt;g__OpenCore|214_1(NpgsqlConnector conn, SslMode sslMode, NpgsqlTimeout timeout, Boolean async, CancellationToken cancellationToken)&#xD;
   at Npgsql.Internal.NpgsqlConnector.Open(NpgsqlTimeout timeout, Boolean async, CancellationToken cancellationToken)&#xD;
   at Npgsql.PoolingDataSource.OpenNewConnector(NpgsqlConnection conn, NpgsqlTimeout timeout, Boolean async, CancellationToken cancellationToken)&#xD;
   at Npgsql.NpgsqlMultiHostDataSource.TryGetIdleOrNew(NpgsqlConnection conn, TimeSpan timeoutPerHost, Boolean async, TargetSessionAttributes preferredType, Func`3 stateValidator, Int32 poolIndex, IList`1 exceptions, CancellationToken cancellationToken)&#xD;
----- Inner Stack Trace -----&#xD;
   at System.Net.Sockets.Socket.AwaitableSocketAsyncEventArgs.ThrowException(SocketError error, CancellationToken cancellationToken)&#xD;
   at System.Net.Sockets.Socket.AwaitableSocketAsyncEventArgs.System.Threading.Tasks.Sources.IValueTaskSource.GetResult(Int16 token)&#xD;
   at System.Net.Sockets.Socket.&lt;ConnectAsync&gt;g__WaitForConnectWithCancellation|285_0(AwaitableSocketAsyncEventArgs saea, ValueTask connectTask, CancellationToken cancellationToken)&#xD;
   at Npgsql.TaskTimeoutAndCancellation.ExecuteAsync(Func`2 getTaskFunc, NpgsqlTimeout timeout, CancellationToken cancellationToken)&#xD;
   at Npgsql.Internal.NpgsqlConnector.ConnectAsync(NpgsqlTimeout timeout, CancellationToken cancellationToken)</StackTrace>
        </ErrorInfo>
      </Output>
    </UnitTestResult>
    <UnitTestResult executionId="db62ab76-1900-4c56-854d-0ffe32f93199" testId="f8f725a8-f42f-5584-510c-219ebc767da4" testName="AgeDigitalTwins.Test.DistributedLockingTests.IsJobLockedByCurrentInstanceAsync_ShouldReturnTrue_WhenLockIsOwned" computerName="C3YHK9C3" duration="00:00:00.0010000" startTime="2025-07-16T11:11:42.4200571+02:00" endTime="2025-07-16T11:11:46.5295833+02:00" testType="13cdc9d9-ddb5-4fa4-a97d-d965ccfc6d4b" outcome="Failed" testListId="8c84fa94-04c1-424b-9868-57a2d4851a1d" relativeResultsDirectory="db62ab76-1900-4c56-854d-0ffe32f93199">
      <Output>
        <ErrorInfo>
          <Message>Npgsql.NpgsqlException : Unable to connect to a suitable host. Check inner exception for more details.&#xD;
---- System.AggregateException : One or more errors occurred. (Failed to connect to 127.0.0.1:5432)&#xD;
-------- Npgsql.NpgsqlException : Failed to connect to 127.0.0.1:5432&#xD;
------------ System.Net.Sockets.SocketException : No connection could be made because the target machine actively refused it.</Message>
          <StackTrace>   at Npgsql.NpgsqlMultiHostDataSource.Get(NpgsqlConnection conn, NpgsqlTimeout timeout, Boolean async, CancellationToken cancellationToken)&#xD;
   at Npgsql.NpgsqlConnection.&lt;Open&gt;g__OpenAsync|42_0(Boolean async, CancellationToken cancellationToken)&#xD;
   at Npgsql.NpgsqlDataSource.OpenConnectionAsync(CancellationToken cancellationToken)&#xD;
   at Npgsql.NpgsqlDataSource.OpenConnectionAsync(CancellationToken cancellationToken)&#xD;
   at AgeDigitalTwins.Jobs.JobService.InitializeSchemaAsync() in C:\Users\NRaes\Dev\pg-age-digitaltwins\src\AgeDigitalTwins\Jobs\JobService.cs:line 438&#xD;
   at AgeDigitalTwins.Jobs.JobService..ctor(NpgsqlMultiHostDataSource dataSource, String graphName, ILogger logger) in C:\Users\NRaes\Dev\pg-age-digitaltwins\src\AgeDigitalTwins\Jobs\JobService.cs:line 37&#xD;
   at AgeDigitalTwins.AgeDigitalTwinsClient..ctor(NpgsqlMultiHostDataSource dataSource, AgeDigitalTwinsClientOptions options) in C:\Users\NRaes\Dev\pg-age-digitaltwins\src\AgeDigitalTwins\AgeDigitalTwinsClient.cs:line 61&#xD;
   at AgeDigitalTwins.Test.TestBase..ctor() in C:\Users\NRaes\Dev\pg-age-digitaltwins\src\AgeDigitalTwins.Test\TestBase.cs:line 29&#xD;
   at AgeDigitalTwins.Test.DistributedLockingTests..ctor()&#xD;
   at System.RuntimeType.CreateInstanceDefaultCtor(Boolean publicOnly, Boolean wrapExceptions)&#xD;
----- Inner Stack Trace -----&#xD;
&#xD;
----- Inner Stack Trace -----&#xD;
   at Npgsql.Internal.NpgsqlConnector.ConnectAsync(NpgsqlTimeout timeout, CancellationToken cancellationToken)&#xD;
   at Npgsql.Internal.NpgsqlConnector.RawOpen(SslMode sslMode, NpgsqlTimeout timeout, Boolean async, CancellationToken cancellationToken)&#xD;
   at Npgsql.Internal.NpgsqlConnector.&lt;Open&gt;g__OpenCore|214_1(NpgsqlConnector conn, SslMode sslMode, NpgsqlTimeout timeout, Boolean async, CancellationToken cancellationToken)&#xD;
   at Npgsql.Internal.NpgsqlConnector.Open(NpgsqlTimeout timeout, Boolean async, CancellationToken cancellationToken)&#xD;
   at Npgsql.PoolingDataSource.OpenNewConnector(NpgsqlConnection conn, NpgsqlTimeout timeout, Boolean async, CancellationToken cancellationToken)&#xD;
   at Npgsql.NpgsqlMultiHostDataSource.TryGetIdleOrNew(NpgsqlConnection conn, TimeSpan timeoutPerHost, Boolean async, TargetSessionAttributes preferredType, Func`3 stateValidator, Int32 poolIndex, IList`1 exceptions, CancellationToken cancellationToken)&#xD;
----- Inner Stack Trace -----&#xD;
   at System.Net.Sockets.Socket.AwaitableSocketAsyncEventArgs.ThrowException(SocketError error, CancellationToken cancellationToken)&#xD;
   at System.Net.Sockets.Socket.AwaitableSocketAsyncEventArgs.System.Threading.Tasks.Sources.IValueTaskSource.GetResult(Int16 token)&#xD;
   at System.Net.Sockets.Socket.&lt;ConnectAsync&gt;g__WaitForConnectWithCancellation|285_0(AwaitableSocketAsyncEventArgs saea, ValueTask connectTask, CancellationToken cancellationToken)&#xD;
   at Npgsql.TaskTimeoutAndCancellation.ExecuteAsync(Func`2 getTaskFunc, NpgsqlTimeout timeout, CancellationToken cancellationToken)&#xD;
   at Npgsql.Internal.NpgsqlConnector.ConnectAsync(NpgsqlTimeout timeout, CancellationToken cancellationToken)</StackTrace>
        </ErrorInfo>
      </Output>
    </UnitTestResult>
    <UnitTestResult executionId="bf3f00b3-f67a-485a-9e7f-fd3fdb1738b6" testId="f2e7cf43-b5dc-aee5-f08a-6615f60dd044" testName="AgeDigitalTwins.Test.QueryTests.QueryAsync_SimpleAdtQuerySelectStar_ReturnsTwins" computerName="C3YHK9C3" duration="00:00:00.0010000" startTime="2025-07-16T11:11:38.4410979+02:00" endTime="2025-07-16T11:11:42.4326417+02:00" testType="13cdc9d9-ddb5-4fa4-a97d-d965ccfc6d4b" outcome="Failed" testListId="8c84fa94-04c1-424b-9868-57a2d4851a1d" relativeResultsDirectory="bf3f00b3-f67a-485a-9e7f-fd3fdb1738b6">
      <Output>
        <ErrorInfo>
          <Message>Npgsql.NpgsqlException : Unable to connect to a suitable host. Check inner exception for more details.&#xD;
---- System.AggregateException : One or more errors occurred. (Failed to connect to 127.0.0.1:5432)&#xD;
-------- Npgsql.NpgsqlException : Failed to connect to 127.0.0.1:5432&#xD;
------------ System.Net.Sockets.SocketException : No connection could be made because the target machine actively refused it.</Message>
          <StackTrace>   at Npgsql.NpgsqlMultiHostDataSource.Get(NpgsqlConnection conn, NpgsqlTimeout timeout, Boolean async, CancellationToken cancellationToken)&#xD;
   at Npgsql.NpgsqlConnection.&lt;Open&gt;g__OpenAsync|42_0(Boolean async, CancellationToken cancellationToken)&#xD;
   at Npgsql.NpgsqlDataSource.OpenConnectionAsync(CancellationToken cancellationToken)&#xD;
   at Npgsql.NpgsqlDataSource.OpenConnectionAsync(CancellationToken cancellationToken)&#xD;
   at AgeDigitalTwins.Jobs.JobService.InitializeSchemaAsync() in C:\Users\NRaes\Dev\pg-age-digitaltwins\src\AgeDigitalTwins\Jobs\JobService.cs:line 438&#xD;
   at AgeDigitalTwins.Jobs.JobService..ctor(NpgsqlMultiHostDataSource dataSource, String graphName, ILogger logger) in C:\Users\NRaes\Dev\pg-age-digitaltwins\src\AgeDigitalTwins\Jobs\JobService.cs:line 37&#xD;
   at AgeDigitalTwins.AgeDigitalTwinsClient..ctor(NpgsqlMultiHostDataSource dataSource, AgeDigitalTwinsClientOptions options) in C:\Users\NRaes\Dev\pg-age-digitaltwins\src\AgeDigitalTwins\AgeDigitalTwinsClient.cs:line 61&#xD;
   at AgeDigitalTwins.Test.TestBase..ctor() in C:\Users\NRaes\Dev\pg-age-digitaltwins\src\AgeDigitalTwins.Test\TestBase.cs:line 29&#xD;
   at AgeDigitalTwins.Test.QueryTests..ctor()&#xD;
   at System.RuntimeType.CreateInstanceDefaultCtor(Boolean publicOnly, Boolean wrapExceptions)&#xD;
----- Inner Stack Trace -----&#xD;
&#xD;
----- Inner Stack Trace -----&#xD;
   at Npgsql.Internal.NpgsqlConnector.ConnectAsync(NpgsqlTimeout timeout, CancellationToken cancellationToken)&#xD;
   at Npgsql.Internal.NpgsqlConnector.RawOpen(SslMode sslMode, NpgsqlTimeout timeout, Boolean async, CancellationToken cancellationToken)&#xD;
   at Npgsql.Internal.NpgsqlConnector.&lt;Open&gt;g__OpenCore|214_1(NpgsqlConnector conn, SslMode sslMode, NpgsqlTimeout timeout, Boolean async, CancellationToken cancellationToken)&#xD;
   at Npgsql.Internal.NpgsqlConnector.Open(NpgsqlTimeout timeout, Boolean async, CancellationToken cancellationToken)&#xD;
   at Npgsql.PoolingDataSource.OpenNewConnector(NpgsqlConnection conn, NpgsqlTimeout timeout, Boolean async, CancellationToken cancellationToken)&#xD;
   at Npgsql.NpgsqlMultiHostDataSource.TryGetIdleOrNew(NpgsqlConnection conn, TimeSpan timeoutPerHost, Boolean async, TargetSessionAttributes preferredType, Func`3 stateValidator, Int32 poolIndex, IList`1 exceptions, CancellationToken cancellationToken)&#xD;
----- Inner Stack Trace -----&#xD;
   at System.Net.Sockets.Socket.AwaitableSocketAsyncEventArgs.ThrowException(SocketError error, CancellationToken cancellationToken)&#xD;
   at System.Net.Sockets.Socket.AwaitableSocketAsyncEventArgs.System.Threading.Tasks.Sources.IValueTaskSource.GetResult(Int16 token)&#xD;
   at System.Net.Sockets.Socket.&lt;ConnectAsync&gt;g__WaitForConnectWithCancellation|285_0(AwaitableSocketAsyncEventArgs saea, ValueTask connectTask, CancellationToken cancellationToken)&#xD;
   at Npgsql.TaskTimeoutAndCancellation.ExecuteAsync(Func`2 getTaskFunc, NpgsqlTimeout timeout, CancellationToken cancellationToken)&#xD;
   at Npgsql.Internal.NpgsqlConnector.ConnectAsync(NpgsqlTimeout timeout, CancellationToken cancellationToken)</StackTrace>
        </ErrorInfo>
      </Output>
    </UnitTestResult>
    <UnitTestResult executionId="aa4f20dc-dda6-4d98-84cf-188b6a1a1c75" testId="1ed578e7-83f1-f025-27db-4a3954a43ca4" testName="AgeDigitalTwins.Test.ModelsTests.CreateModels_MissingDependency_ThrowsFailedToResolve" computerName="C3YHK9C3" duration="00:00:00.0010000" startTime="2025-07-16T11:12:03.1693672+02:00" endTime="2025-07-16T11:12:03.8590612+02:00" testType="13cdc9d9-ddb5-4fa4-a97d-d965ccfc6d4b" outcome="Failed" testListId="8c84fa94-04c1-424b-9868-57a2d4851a1d" relativeResultsDirectory="aa4f20dc-dda6-4d98-84cf-188b6a1a1c75">
      <Output>
        <ErrorInfo>
          <Message>Npgsql.PostgresException : 28P01: password authentication failed for user "app"</Message>
          <StackTrace>   at Npgsql.NpgsqlMultiHostDataSource.Get(NpgsqlConnection conn, NpgsqlTimeout timeout, Boolean async, CancellationToken cancellationToken)&#xD;
   at Npgsql.NpgsqlConnection.&lt;Open&gt;g__OpenAsync|42_0(Boolean async, CancellationToken cancellationToken)&#xD;
   at Npgsql.NpgsqlDataSource.OpenConnectionAsync(CancellationToken cancellationToken)&#xD;
   at Npgsql.NpgsqlDataSource.OpenConnectionAsync(CancellationToken cancellationToken)&#xD;
   at AgeDigitalTwins.Jobs.JobService.InitializeSchemaAsync() in C:\Users\NRaes\Dev\pg-age-digitaltwins\src\AgeDigitalTwins\Jobs\JobService.cs:line 438&#xD;
   at AgeDigitalTwins.Jobs.JobService..ctor(NpgsqlMultiHostDataSource dataSource, String graphName, ILogger logger) in C:\Users\NRaes\Dev\pg-age-digitaltwins\src\AgeDigitalTwins\Jobs\JobService.cs:line 37&#xD;
   at AgeDigitalTwins.AgeDigitalTwinsClient..ctor(NpgsqlMultiHostDataSource dataSource, AgeDigitalTwinsClientOptions options) in C:\Users\NRaes\Dev\pg-age-digitaltwins\src\AgeDigitalTwins\AgeDigitalTwinsClient.cs:line 61&#xD;
   at AgeDigitalTwins.Test.TestBase..ctor() in C:\Users\NRaes\Dev\pg-age-digitaltwins\src\AgeDigitalTwins.Test\TestBase.cs:line 29&#xD;
   at AgeDigitalTwins.Test.ModelsTests..ctor()&#xD;
   at System.RuntimeType.CreateInstanceDefaultCtor(Boolean publicOnly, Boolean wrapExceptions)</StackTrace>
        </ErrorInfo>
      </Output>
    </UnitTestResult>
    <UnitTestResult executionId="b329b698-9420-4c5d-b13f-d270eb549cbf" testId="bb5fbede-8362-db75-f827-0b54ba7be2c6" testName="AgeDigitalTwins.Test.RelationshipTests.CreateOrReplaceRelationshipAsync_BasicRelationship_CreatedAndReadable" computerName="C3YHK9C3" duration="00:00:00.0010000" startTime="2025-07-16T11:11:38.4406187+02:00" endTime="2025-07-16T11:11:42.4242899+02:00" testType="13cdc9d9-ddb5-4fa4-a97d-d965ccfc6d4b" outcome="Failed" testListId="8c84fa94-04c1-424b-9868-57a2d4851a1d" relativeResultsDirectory="b329b698-9420-4c5d-b13f-d270eb549cbf">
      <Output>
        <ErrorInfo>
          <Message>Npgsql.NpgsqlException : Unable to connect to a suitable host. Check inner exception for more details.&#xD;
---- System.AggregateException : One or more errors occurred. (Failed to connect to 127.0.0.1:5432)&#xD;
-------- Npgsql.NpgsqlException : Failed to connect to 127.0.0.1:5432&#xD;
------------ System.Net.Sockets.SocketException : No connection could be made because the target machine actively refused it.</Message>
          <StackTrace>   at Npgsql.NpgsqlMultiHostDataSource.Get(NpgsqlConnection conn, NpgsqlTimeout timeout, Boolean async, CancellationToken cancellationToken)&#xD;
   at Npgsql.NpgsqlConnection.&lt;Open&gt;g__OpenAsync|42_0(Boolean async, CancellationToken cancellationToken)&#xD;
   at Npgsql.NpgsqlDataSource.OpenConnectionAsync(CancellationToken cancellationToken)&#xD;
   at Npgsql.NpgsqlDataSource.OpenConnectionAsync(CancellationToken cancellationToken)&#xD;
   at AgeDigitalTwins.Jobs.JobService.InitializeSchemaAsync() in C:\Users\NRaes\Dev\pg-age-digitaltwins\src\AgeDigitalTwins\Jobs\JobService.cs:line 438&#xD;
   at AgeDigitalTwins.Jobs.JobService..ctor(NpgsqlMultiHostDataSource dataSource, String graphName, ILogger logger) in C:\Users\NRaes\Dev\pg-age-digitaltwins\src\AgeDigitalTwins\Jobs\JobService.cs:line 37&#xD;
   at AgeDigitalTwins.AgeDigitalTwinsClient..ctor(NpgsqlMultiHostDataSource dataSource, AgeDigitalTwinsClientOptions options) in C:\Users\NRaes\Dev\pg-age-digitaltwins\src\AgeDigitalTwins\AgeDigitalTwinsClient.cs:line 61&#xD;
   at AgeDigitalTwins.Test.TestBase..ctor() in C:\Users\NRaes\Dev\pg-age-digitaltwins\src\AgeDigitalTwins.Test\TestBase.cs:line 29&#xD;
   at AgeDigitalTwins.Test.RelationshipTests..ctor()&#xD;
   at System.RuntimeType.CreateInstanceDefaultCtor(Boolean publicOnly, Boolean wrapExceptions)&#xD;
----- Inner Stack Trace -----&#xD;
&#xD;
----- Inner Stack Trace -----&#xD;
   at Npgsql.Internal.NpgsqlConnector.ConnectAsync(NpgsqlTimeout timeout, CancellationToken cancellationToken)&#xD;
   at Npgsql.Internal.NpgsqlConnector.RawOpen(SslMode sslMode, NpgsqlTimeout timeout, Boolean async, CancellationToken cancellationToken)&#xD;
   at Npgsql.Internal.NpgsqlConnector.&lt;Open&gt;g__OpenCore|214_1(NpgsqlConnector conn, SslMode sslMode, NpgsqlTimeout timeout, Boolean async, CancellationToken cancellationToken)&#xD;
   at Npgsql.Internal.NpgsqlConnector.Open(NpgsqlTimeout timeout, Boolean async, CancellationToken cancellationToken)&#xD;
   at Npgsql.PoolingDataSource.OpenNewConnector(NpgsqlConnection conn, NpgsqlTimeout timeout, Boolean async, CancellationToken cancellationToken)&#xD;
   at Npgsql.NpgsqlMultiHostDataSource.TryGetIdleOrNew(NpgsqlConnection conn, TimeSpan timeoutPerHost, Boolean async, TargetSessionAttributes preferredType, Func`3 stateValidator, Int32 poolIndex, IList`1 exceptions, CancellationToken cancellationToken)&#xD;
----- Inner Stack Trace -----&#xD;
   at System.Net.Sockets.Socket.AwaitableSocketAsyncEventArgs.ThrowException(SocketError error, CancellationToken cancellationToken)&#xD;
   at System.Net.Sockets.Socket.AwaitableSocketAsyncEventArgs.System.Threading.Tasks.Sources.IValueTaskSource.GetResult(Int16 token)&#xD;
   at System.Net.Sockets.Socket.&lt;ConnectAsync&gt;g__WaitForConnectWithCancellation|285_0(AwaitableSocketAsyncEventArgs saea, ValueTask connectTask, CancellationToken cancellationToken)&#xD;
   at Npgsql.TaskTimeoutAndCancellation.ExecuteAsync(Func`2 getTaskFunc, NpgsqlTimeout timeout, CancellationToken cancellationToken)&#xD;
   at Npgsql.Internal.NpgsqlConnector.ConnectAsync(NpgsqlTimeout timeout, CancellationToken cancellationToken)</StackTrace>
        </ErrorInfo>
      </Output>
    </UnitTestResult>
    <UnitTestResult executionId="7d9a1abe-9286-40a8-a1cb-8180bbd9b61c" testId="fd8788af-91fb-5a90-8dc4-e2f9425b17de" testName="AgeDigitalTwins.Test.BatchRelationshipTests.CreateOrReplaceRelationshipsAsync_WithEmptyBatch_ShouldReturnEmptyResult" computerName="C3YHK9C3" duration="00:00:00.0010000" startTime="2025-07-16T11:11:38.4406724+02:00" endTime="2025-07-16T11:11:42.4468774+02:00" testType="13cdc9d9-ddb5-4fa4-a97d-d965ccfc6d4b" outcome="Failed" testListId="8c84fa94-04c1-424b-9868-57a2d4851a1d" relativeResultsDirectory="7d9a1abe-9286-40a8-a1cb-8180bbd9b61c">
      <Output>
        <ErrorInfo>
          <Message>Npgsql.NpgsqlException : Unable to connect to a suitable host. Check inner exception for more details.&#xD;
---- System.AggregateException : One or more errors occurred. (Failed to connect to 127.0.0.1:5432)&#xD;
-------- Npgsql.NpgsqlException : Failed to connect to 127.0.0.1:5432&#xD;
------------ System.Net.Sockets.SocketException : No connection could be made because the target machine actively refused it.</Message>
          <StackTrace>   at Npgsql.NpgsqlMultiHostDataSource.Get(NpgsqlConnection conn, NpgsqlTimeout timeout, Boolean async, CancellationToken cancellationToken)&#xD;
   at Npgsql.NpgsqlConnection.&lt;Open&gt;g__OpenAsync|42_0(Boolean async, CancellationToken cancellationToken)&#xD;
   at Npgsql.NpgsqlDataSource.OpenConnectionAsync(CancellationToken cancellationToken)&#xD;
   at Npgsql.NpgsqlDataSource.OpenConnectionAsync(CancellationToken cancellationToken)&#xD;
   at AgeDigitalTwins.Jobs.JobService.InitializeSchemaAsync() in C:\Users\NRaes\Dev\pg-age-digitaltwins\src\AgeDigitalTwins\Jobs\JobService.cs:line 438&#xD;
   at AgeDigitalTwins.Jobs.JobService..ctor(NpgsqlMultiHostDataSource dataSource, String graphName, ILogger logger) in C:\Users\NRaes\Dev\pg-age-digitaltwins\src\AgeDigitalTwins\Jobs\JobService.cs:line 37&#xD;
   at AgeDigitalTwins.AgeDigitalTwinsClient..ctor(NpgsqlMultiHostDataSource dataSource, AgeDigitalTwinsClientOptions options) in C:\Users\NRaes\Dev\pg-age-digitaltwins\src\AgeDigitalTwins\AgeDigitalTwinsClient.cs:line 61&#xD;
   at AgeDigitalTwins.Test.TestBase..ctor() in C:\Users\NRaes\Dev\pg-age-digitaltwins\src\AgeDigitalTwins.Test\TestBase.cs:line 29&#xD;
   at AgeDigitalTwins.Test.BatchRelationshipTests..ctor(ITestOutputHelper output) in C:\Users\NRaes\Dev\pg-age-digitaltwins\src\AgeDigitalTwins.Test\BatchRelationshipTests.cs:line 16&#xD;
   at InvokeStub_BatchRelationshipTests..ctor(Object, Span`1)&#xD;
   at System.Reflection.MethodBaseInvoker.InvokeWithOneArg(Object obj, BindingFlags invokeAttr, Binder binder, Object[] parameters, CultureInfo culture)&#xD;
----- Inner Stack Trace -----&#xD;
&#xD;
----- Inner Stack Trace -----&#xD;
   at Npgsql.Internal.NpgsqlConnector.ConnectAsync(NpgsqlTimeout timeout, CancellationToken cancellationToken)&#xD;
   at Npgsql.Internal.NpgsqlConnector.RawOpen(SslMode sslMode, NpgsqlTimeout timeout, Boolean async, CancellationToken cancellationToken)&#xD;
   at Npgsql.Internal.NpgsqlConnector.&lt;Open&gt;g__OpenCore|214_1(NpgsqlConnector conn, SslMode sslMode, NpgsqlTimeout timeout, Boolean async, CancellationToken cancellationToken)&#xD;
   at Npgsql.Internal.NpgsqlConnector.Open(NpgsqlTimeout timeout, Boolean async, CancellationToken cancellationToken)&#xD;
   at Npgsql.PoolingDataSource.OpenNewConnector(NpgsqlConnection conn, NpgsqlTimeout timeout, Boolean async, CancellationToken cancellationToken)&#xD;
   at Npgsql.NpgsqlMultiHostDataSource.TryGetIdleOrNew(NpgsqlConnection conn, TimeSpan timeoutPerHost, Boolean async, TargetSessionAttributes preferredType, Func`3 stateValidator, Int32 poolIndex, IList`1 exceptions, CancellationToken cancellationToken)&#xD;
----- Inner Stack Trace -----&#xD;
   at System.Net.Sockets.Socket.AwaitableSocketAsyncEventArgs.ThrowException(SocketError error, CancellationToken cancellationToken)&#xD;
   at System.Net.Sockets.Socket.AwaitableSocketAsyncEventArgs.System.Threading.Tasks.Sources.IValueTaskSource.GetResult(Int16 token)&#xD;
   at System.Net.Sockets.Socket.&lt;ConnectAsync&gt;g__WaitForConnectWithCancellation|285_0(AwaitableSocketAsyncEventArgs saea, ValueTask connectTask, CancellationToken cancellationToken)&#xD;
   at Npgsql.TaskTimeoutAndCancellation.ExecuteAsync(Func`2 getTaskFunc, NpgsqlTimeout timeout, CancellationToken cancellationToken)&#xD;
   at Npgsql.Internal.NpgsqlConnector.ConnectAsync(NpgsqlTimeout timeout, CancellationToken cancellationToken)</StackTrace>
        </ErrorInfo>
      </Output>
    </UnitTestResult>
    <UnitTestResult executionId="8ca61d92-3381-46bc-8cb2-4587091b228b" testId="145e4be1-483c-a4c1-25cf-1d71ced7181f" testName="AgeDigitalTwins.Test.BatchDigitalTwinTests.CreateOrReplaceDigitalTwinsAsync_WithValidTwins_ShouldSucceed" computerName="C3YHK9C3" duration="00:00:00.0010000" startTime="2025-07-16T11:11:32.5667421+02:00" endTime="2025-07-16T11:11:38.3921567+02:00" testType="13cdc9d9-ddb5-4fa4-a97d-d965ccfc6d4b" outcome="Failed" testListId="8c84fa94-04c1-424b-9868-57a2d4851a1d" relativeResultsDirectory="8ca61d92-3381-46bc-8cb2-4587091b228b">
      <Output>
        <ErrorInfo>
          <Message>Npgsql.NpgsqlException : Unable to connect to a suitable host. Check inner exception for more details.&#xD;
---- System.AggregateException : One or more errors occurred. (Failed to connect to 127.0.0.1:5432)&#xD;
-------- Npgsql.NpgsqlException : Failed to connect to 127.0.0.1:5432&#xD;
------------ System.Net.Sockets.SocketException : No connection could be made because the target machine actively refused it.</Message>
          <StackTrace>   at Npgsql.NpgsqlMultiHostDataSource.Get(NpgsqlConnection conn, NpgsqlTimeout timeout, Boolean async, CancellationToken cancellationToken)&#xD;
   at Npgsql.NpgsqlConnection.&lt;Open&gt;g__OpenAsync|42_0(Boolean async, CancellationToken cancellationToken)&#xD;
   at Npgsql.NpgsqlDataSource.OpenConnectionAsync(CancellationToken cancellationToken)&#xD;
   at Npgsql.NpgsqlDataSource.OpenConnectionAsync(CancellationToken cancellationToken)&#xD;
   at AgeDigitalTwins.Jobs.JobService.InitializeSchemaAsync() in C:\Users\NRaes\Dev\pg-age-digitaltwins\src\AgeDigitalTwins\Jobs\JobService.cs:line 438&#xD;
   at AgeDigitalTwins.Jobs.JobService..ctor(NpgsqlMultiHostDataSource dataSource, String graphName, ILogger logger) in C:\Users\NRaes\Dev\pg-age-digitaltwins\src\AgeDigitalTwins\Jobs\JobService.cs:line 37&#xD;
   at AgeDigitalTwins.AgeDigitalTwinsClient..ctor(NpgsqlMultiHostDataSource dataSource, AgeDigitalTwinsClientOptions options) in C:\Users\NRaes\Dev\pg-age-digitaltwins\src\AgeDigitalTwins\AgeDigitalTwinsClient.cs:line 61&#xD;
   at AgeDigitalTwins.Test.TestBase..ctor() in C:\Users\NRaes\Dev\pg-age-digitaltwins\src\AgeDigitalTwins.Test\TestBase.cs:line 29&#xD;
   at AgeDigitalTwins.Test.BatchDigitalTwinTests..ctor(ITestOutputHelper output) in C:\Users\NRaes\Dev\pg-age-digitaltwins\src\AgeDigitalTwins.Test\BatchDigitalTwinTests.cs:line 17&#xD;
   at System.RuntimeMethodHandle.InvokeMethod(Object target, Void** arguments, Signature sig, Boolean isConstructor)&#xD;
   at System.Reflection.MethodBaseInvoker.InvokeDirectByRefWithFewArgs(Object obj, Span`1 copyOfArgs, BindingFlags invokeAttr)&#xD;
----- Inner Stack Trace -----&#xD;
&#xD;
----- Inner Stack Trace -----&#xD;
   at Npgsql.Internal.NpgsqlConnector.ConnectAsync(NpgsqlTimeout timeout, CancellationToken cancellationToken)&#xD;
   at Npgsql.Internal.NpgsqlConnector.RawOpen(SslMode sslMode, NpgsqlTimeout timeout, Boolean async, CancellationToken cancellationToken)&#xD;
   at Npgsql.Internal.NpgsqlConnector.&lt;Open&gt;g__OpenCore|214_1(NpgsqlConnector conn, SslMode sslMode, NpgsqlTimeout timeout, Boolean async, CancellationToken cancellationToken)&#xD;
   at Npgsql.Internal.NpgsqlConnector.Open(NpgsqlTimeout timeout, Boolean async, CancellationToken cancellationToken)&#xD;
   at Npgsql.PoolingDataSource.OpenNewConnector(NpgsqlConnection conn, NpgsqlTimeout timeout, Boolean async, CancellationToken cancellationToken)&#xD;
   at Npgsql.NpgsqlMultiHostDataSource.TryGetIdleOrNew(NpgsqlConnection conn, TimeSpan timeoutPerHost, Boolean async, TargetSessionAttributes preferredType, Func`3 stateValidator, Int32 poolIndex, IList`1 exceptions, CancellationToken cancellationToken)&#xD;
----- Inner Stack Trace -----&#xD;
   at System.Net.Sockets.Socket.AwaitableSocketAsyncEventArgs.ThrowException(SocketError error, CancellationToken cancellationToken)&#xD;
   at System.Net.Sockets.Socket.AwaitableSocketAsyncEventArgs.System.Threading.Tasks.Sources.IValueTaskSource.GetResult(Int16 token)&#xD;
   at System.Net.Sockets.Socket.&lt;ConnectAsync&gt;g__WaitForConnectWithCancellation|285_0(AwaitableSocketAsyncEventArgs saea, ValueTask connectTask, CancellationToken cancellationToken)&#xD;
   at Npgsql.TaskTimeoutAndCancellation.ExecuteAsync(Func`2 getTaskFunc, NpgsqlTimeout timeout, CancellationToken cancellationToken)&#xD;
   at Npgsql.Internal.NpgsqlConnector.ConnectAsync(NpgsqlTimeout timeout, CancellationToken cancellationToken)</StackTrace>
        </ErrorInfo>
      </Output>
    </UnitTestResult>
    <UnitTestResult executionId="0e5191e0-2582-4dbf-913e-1fc0f5ddab64" testId="83d9a8d6-aa06-d388-2f04-24de7b8636c7" testName="AgeDigitalTwins.Test.ModelsTests.CreateModels_CanDeleteAndCreateAgain" computerName="C3YHK9C3" duration="00:00:00.0010000" startTime="2025-07-16T11:11:38.4410245+02:00" endTime="2025-07-16T11:11:42.4539094+02:00" testType="13cdc9d9-ddb5-4fa4-a97d-d965ccfc6d4b" outcome="Failed" testListId="8c84fa94-04c1-424b-9868-57a2d4851a1d" relativeResultsDirectory="0e5191e0-2582-4dbf-913e-1fc0f5ddab64">
      <Output>
        <ErrorInfo>
          <Message>Npgsql.NpgsqlException : Unable to connect to a suitable host. Check inner exception for more details.&#xD;
---- System.AggregateException : One or more errors occurred. (Failed to connect to 127.0.0.1:5432)&#xD;
-------- Npgsql.NpgsqlException : Failed to connect to 127.0.0.1:5432&#xD;
------------ System.Net.Sockets.SocketException : No connection could be made because the target machine actively refused it.</Message>
          <StackTrace>   at Npgsql.NpgsqlMultiHostDataSource.Get(NpgsqlConnection conn, NpgsqlTimeout timeout, Boolean async, CancellationToken cancellationToken)&#xD;
   at Npgsql.NpgsqlConnection.&lt;Open&gt;g__OpenAsync|42_0(Boolean async, CancellationToken cancellationToken)&#xD;
   at Npgsql.NpgsqlDataSource.OpenConnectionAsync(CancellationToken cancellationToken)&#xD;
   at Npgsql.NpgsqlDataSource.OpenConnectionAsync(CancellationToken cancellationToken)&#xD;
   at AgeDigitalTwins.Jobs.JobService.InitializeSchemaAsync() in C:\Users\NRaes\Dev\pg-age-digitaltwins\src\AgeDigitalTwins\Jobs\JobService.cs:line 438&#xD;
   at AgeDigitalTwins.Jobs.JobService..ctor(NpgsqlMultiHostDataSource dataSource, String graphName, ILogger logger) in C:\Users\NRaes\Dev\pg-age-digitaltwins\src\AgeDigitalTwins\Jobs\JobService.cs:line 37&#xD;
   at AgeDigitalTwins.AgeDigitalTwinsClient..ctor(NpgsqlMultiHostDataSource dataSource, AgeDigitalTwinsClientOptions options) in C:\Users\NRaes\Dev\pg-age-digitaltwins\src\AgeDigitalTwins\AgeDigitalTwinsClient.cs:line 61&#xD;
   at AgeDigitalTwins.Test.TestBase..ctor() in C:\Users\NRaes\Dev\pg-age-digitaltwins\src\AgeDigitalTwins.Test\TestBase.cs:line 29&#xD;
   at AgeDigitalTwins.Test.ModelsTests..ctor()&#xD;
   at System.RuntimeType.CreateInstanceDefaultCtor(Boolean publicOnly, Boolean wrapExceptions)&#xD;
----- Inner Stack Trace -----&#xD;
&#xD;
----- Inner Stack Trace -----&#xD;
   at Npgsql.Internal.NpgsqlConnector.ConnectAsync(NpgsqlTimeout timeout, CancellationToken cancellationToken)&#xD;
   at Npgsql.Internal.NpgsqlConnector.RawOpen(SslMode sslMode, NpgsqlTimeout timeout, Boolean async, CancellationToken cancellationToken)&#xD;
   at Npgsql.Internal.NpgsqlConnector.&lt;Open&gt;g__OpenCore|214_1(NpgsqlConnector conn, SslMode sslMode, NpgsqlTimeout timeout, Boolean async, CancellationToken cancellationToken)&#xD;
   at Npgsql.Internal.NpgsqlConnector.Open(NpgsqlTimeout timeout, Boolean async, CancellationToken cancellationToken)&#xD;
   at Npgsql.PoolingDataSource.OpenNewConnector(NpgsqlConnection conn, NpgsqlTimeout timeout, Boolean async, CancellationToken cancellationToken)&#xD;
   at Npgsql.NpgsqlMultiHostDataSource.TryGetIdleOrNew(NpgsqlConnection conn, TimeSpan timeoutPerHost, Boolean async, TargetSessionAttributes preferredType, Func`3 stateValidator, Int32 poolIndex, IList`1 exceptions, CancellationToken cancellationToken)&#xD;
----- Inner Stack Trace -----&#xD;
   at System.Net.Sockets.Socket.AwaitableSocketAsyncEventArgs.ThrowException(SocketError error, CancellationToken cancellationToken)&#xD;
   at System.Net.Sockets.Socket.AwaitableSocketAsyncEventArgs.System.Threading.Tasks.Sources.IValueTaskSource.GetResult(Int16 token)&#xD;
   at System.Net.Sockets.Socket.&lt;ConnectAsync&gt;g__WaitForConnectWithCancellation|285_0(AwaitableSocketAsyncEventArgs saea, ValueTask connectTask, CancellationToken cancellationToken)&#xD;
   at Npgsql.TaskTimeoutAndCancellation.ExecuteAsync(Func`2 getTaskFunc, NpgsqlTimeout timeout, CancellationToken cancellationToken)&#xD;
   at Npgsql.Internal.NpgsqlConnector.ConnectAsync(NpgsqlTimeout timeout, CancellationToken cancellationToken)</StackTrace>
        </ErrorInfo>
      </Output>
    </UnitTestResult>
    <UnitTestResult executionId="765df263-1147-4b9f-808b-1ddc7a26038f" testId="74bd39d5-684d-662a-5f7e-8d608ee24c89" testName="AgeDigitalTwins.Test.QueryTests.QueryAsync_IsOfModel_ReturnsExactCelestialBody" computerName="C3YHK9C3" duration="00:00:00.0010000" startTime="2025-07-16T11:11:54.6642445+02:00" endTime="2025-07-16T11:11:58.7362782+02:00" testType="13cdc9d9-ddb5-4fa4-a97d-d965ccfc6d4b" outcome="Failed" testListId="8c84fa94-04c1-424b-9868-57a2d4851a1d" relativeResultsDirectory="765df263-1147-4b9f-808b-1ddc7a26038f">
      <Output>
        <ErrorInfo>
          <Message>Npgsql.NpgsqlException : Unable to connect to a suitable host. Check inner exception for more details.&#xD;
---- System.AggregateException : One or more errors occurred. (Failed to connect to 127.0.0.1:5432)&#xD;
-------- Npgsql.NpgsqlException : Failed to connect to 127.0.0.1:5432&#xD;
------------ System.Net.Sockets.SocketException : No connection could be made because the target machine actively refused it.</Message>
          <StackTrace>   at Npgsql.NpgsqlMultiHostDataSource.Get(NpgsqlConnection conn, NpgsqlTimeout timeout, Boolean async, CancellationToken cancellationToken)&#xD;
   at Npgsql.NpgsqlConnection.&lt;Open&gt;g__OpenAsync|42_0(Boolean async, CancellationToken cancellationToken)&#xD;
   at Npgsql.NpgsqlDataSource.OpenConnectionAsync(CancellationToken cancellationToken)&#xD;
   at Npgsql.NpgsqlDataSource.OpenConnectionAsync(CancellationToken cancellationToken)&#xD;
   at AgeDigitalTwins.Jobs.JobService.InitializeSchemaAsync() in C:\Users\NRaes\Dev\pg-age-digitaltwins\src\AgeDigitalTwins\Jobs\JobService.cs:line 438&#xD;
   at AgeDigitalTwins.Jobs.JobService..ctor(NpgsqlMultiHostDataSource dataSource, String graphName, ILogger logger) in C:\Users\NRaes\Dev\pg-age-digitaltwins\src\AgeDigitalTwins\Jobs\JobService.cs:line 37&#xD;
   at AgeDigitalTwins.AgeDigitalTwinsClient..ctor(NpgsqlMultiHostDataSource dataSource, AgeDigitalTwinsClientOptions options) in C:\Users\NRaes\Dev\pg-age-digitaltwins\src\AgeDigitalTwins\AgeDigitalTwinsClient.cs:line 61&#xD;
   at AgeDigitalTwins.Test.TestBase..ctor() in C:\Users\NRaes\Dev\pg-age-digitaltwins\src\AgeDigitalTwins.Test\TestBase.cs:line 29&#xD;
   at AgeDigitalTwins.Test.QueryTests..ctor()&#xD;
   at System.RuntimeType.CreateInstanceDefaultCtor(Boolean publicOnly, Boolean wrapExceptions)&#xD;
----- Inner Stack Trace -----&#xD;
&#xD;
----- Inner Stack Trace -----&#xD;
   at Npgsql.Internal.NpgsqlConnector.ConnectAsync(NpgsqlTimeout timeout, CancellationToken cancellationToken)&#xD;
   at Npgsql.Internal.NpgsqlConnector.RawOpen(SslMode sslMode, NpgsqlTimeout timeout, Boolean async, CancellationToken cancellationToken)&#xD;
   at Npgsql.Internal.NpgsqlConnector.&lt;Open&gt;g__OpenCore|214_1(NpgsqlConnector conn, SslMode sslMode, NpgsqlTimeout timeout, Boolean async, CancellationToken cancellationToken)&#xD;
   at Npgsql.Internal.NpgsqlConnector.Open(NpgsqlTimeout timeout, Boolean async, CancellationToken cancellationToken)&#xD;
   at Npgsql.PoolingDataSource.OpenNewConnector(NpgsqlConnection conn, NpgsqlTimeout timeout, Boolean async, CancellationToken cancellationToken)&#xD;
   at Npgsql.NpgsqlMultiHostDataSource.TryGetIdleOrNew(NpgsqlConnection conn, TimeSpan timeoutPerHost, Boolean async, TargetSessionAttributes preferredType, Func`3 stateValidator, Int32 poolIndex, IList`1 exceptions, CancellationToken cancellationToken)&#xD;
----- Inner Stack Trace -----&#xD;
   at System.Net.Sockets.Socket.AwaitableSocketAsyncEventArgs.ThrowException(SocketError error, CancellationToken cancellationToken)&#xD;
   at System.Net.Sockets.Socket.AwaitableSocketAsyncEventArgs.System.Threading.Tasks.Sources.IValueTaskSource.GetResult(Int16 token)&#xD;
   at System.Net.Sockets.Socket.&lt;ConnectAsync&gt;g__WaitForConnectWithCancellation|285_0(AwaitableSocketAsyncEventArgs saea, ValueTask connectTask, CancellationToken cancellationToken)&#xD;
   at Npgsql.TaskTimeoutAndCancellation.ExecuteAsync(Func`2 getTaskFunc, NpgsqlTimeout timeout, CancellationToken cancellationToken)&#xD;
   at Npgsql.Internal.NpgsqlConnector.ConnectAsync(NpgsqlTimeout timeout, CancellationToken cancellationToken)</StackTrace>
        </ErrorInfo>
      </Output>
    </UnitTestResult>
    <UnitTestResult executionId="c7b206da-44ae-4607-9820-08fba22db973" testId="b7a3dedf-faaa-01a5-6e34-c6c09a335437" testName="AgeDigitalTwins.Test.ImportJobSystemTests.ListImportJobs_ShouldReturnJobs_WhenJobsExist" computerName="C3YHK9C3" duration="00:00:00.0010000" startTime="2025-07-16T11:11:50.6122813+02:00" endTime="2025-07-16T11:11:54.6570553+02:00" testType="13cdc9d9-ddb5-4fa4-a97d-d965ccfc6d4b" outcome="Failed" testListId="8c84fa94-04c1-424b-9868-57a2d4851a1d" relativeResultsDirectory="c7b206da-44ae-4607-9820-08fba22db973">
      <Output>
        <ErrorInfo>
          <Message>Npgsql.NpgsqlException : Unable to connect to a suitable host. Check inner exception for more details.&#xD;
---- System.AggregateException : One or more errors occurred. (Failed to connect to 127.0.0.1:5432)&#xD;
-------- Npgsql.NpgsqlException : Failed to connect to 127.0.0.1:5432&#xD;
------------ System.Net.Sockets.SocketException : No connection could be made because the target machine actively refused it.</Message>
          <StackTrace>   at Npgsql.NpgsqlMultiHostDataSource.Get(NpgsqlConnection conn, NpgsqlTimeout timeout, Boolean async, CancellationToken cancellationToken)&#xD;
   at Npgsql.NpgsqlConnection.&lt;Open&gt;g__OpenAsync|42_0(Boolean async, CancellationToken cancellationToken)&#xD;
   at Npgsql.NpgsqlDataSource.OpenConnectionAsync(CancellationToken cancellationToken)&#xD;
   at Npgsql.NpgsqlDataSource.OpenConnectionAsync(CancellationToken cancellationToken)&#xD;
   at AgeDigitalTwins.Jobs.JobService.InitializeSchemaAsync() in C:\Users\NRaes\Dev\pg-age-digitaltwins\src\AgeDigitalTwins\Jobs\JobService.cs:line 438&#xD;
   at AgeDigitalTwins.Jobs.JobService..ctor(NpgsqlMultiHostDataSource dataSource, String graphName, ILogger logger) in C:\Users\NRaes\Dev\pg-age-digitaltwins\src\AgeDigitalTwins\Jobs\JobService.cs:line 37&#xD;
   at AgeDigitalTwins.AgeDigitalTwinsClient..ctor(NpgsqlMultiHostDataSource dataSource, AgeDigitalTwinsClientOptions options) in C:\Users\NRaes\Dev\pg-age-digitaltwins\src\AgeDigitalTwins\AgeDigitalTwinsClient.cs:line 61&#xD;
   at AgeDigitalTwins.Test.TestBase..ctor() in C:\Users\NRaes\Dev\pg-age-digitaltwins\src\AgeDigitalTwins.Test\TestBase.cs:line 29&#xD;
   at AgeDigitalTwins.Test.ImportJobSystemTests..ctor(ITestOutputHelper output) in C:\Users\NRaes\Dev\pg-age-digitaltwins\src\AgeDigitalTwins.Test\JobServiceTests.cs:line 34&#xD;
   at InvokeStub_ImportJobSystemTests..ctor(Object, Span`1)&#xD;
   at System.Reflection.MethodBaseInvoker.InvokeWithOneArg(Object obj, BindingFlags invokeAttr, Binder binder, Object[] parameters, CultureInfo culture)&#xD;
----- Inner Stack Trace -----&#xD;
&#xD;
----- Inner Stack Trace -----&#xD;
   at Npgsql.Internal.NpgsqlConnector.ConnectAsync(NpgsqlTimeout timeout, CancellationToken cancellationToken)&#xD;
   at Npgsql.Internal.NpgsqlConnector.RawOpen(SslMode sslMode, NpgsqlTimeout timeout, Boolean async, CancellationToken cancellationToken)&#xD;
   at Npgsql.Internal.NpgsqlConnector.&lt;Open&gt;g__OpenCore|214_1(NpgsqlConnector conn, SslMode sslMode, NpgsqlTimeout timeout, Boolean async, CancellationToken cancellationToken)&#xD;
   at Npgsql.Internal.NpgsqlConnector.Open(NpgsqlTimeout timeout, Boolean async, CancellationToken cancellationToken)&#xD;
   at Npgsql.PoolingDataSource.OpenNewConnector(NpgsqlConnection conn, NpgsqlTimeout timeout, Boolean async, CancellationToken cancellationToken)&#xD;
   at Npgsql.NpgsqlMultiHostDataSource.TryGetIdleOrNew(NpgsqlConnection conn, TimeSpan timeoutPerHost, Boolean async, TargetSessionAttributes preferredType, Func`3 stateValidator, Int32 poolIndex, IList`1 exceptions, CancellationToken cancellationToken)&#xD;
----- Inner Stack Trace -----&#xD;
   at System.Net.Sockets.Socket.AwaitableSocketAsyncEventArgs.ThrowException(SocketError error, CancellationToken cancellationToken)&#xD;
   at System.Net.Sockets.Socket.AwaitableSocketAsyncEventArgs.System.Threading.Tasks.Sources.IValueTaskSource.GetResult(Int16 token)&#xD;
   at System.Net.Sockets.Socket.&lt;ConnectAsync&gt;g__WaitForConnectWithCancellation|285_0(AwaitableSocketAsyncEventArgs saea, ValueTask connectTask, CancellationToken cancellationToken)&#xD;
   at Npgsql.TaskTimeoutAndCancellation.ExecuteAsync(Func`2 getTaskFunc, NpgsqlTimeout timeout, CancellationToken cancellationToken)&#xD;
   at Npgsql.Internal.NpgsqlConnector.ConnectAsync(NpgsqlTimeout timeout, CancellationToken cancellationToken)</StackTrace>
        </ErrorInfo>
      </Output>
    </UnitTestResult>
    <UnitTestResult executionId="0b00c908-9032-46d9-95c0-42dfe877782d" testId="45f48d84-dd7d-fabe-7f30-1a335dbc6d01" testName="AgeDigitalTwins.Test.ImportJobTests.Client_ImportGraphAsync_WithStreams_ShouldSucceed" computerName="C3YHK9C3" duration="00:00:00.0010000" startTime="2025-07-16T11:12:05.8488978+02:00" endTime="2025-07-16T11:12:06.4806308+02:00" testType="13cdc9d9-ddb5-4fa4-a97d-d965ccfc6d4b" outcome="Failed" testListId="8c84fa94-04c1-424b-9868-57a2d4851a1d" relativeResultsDirectory="0b00c908-9032-46d9-95c0-42dfe877782d">
      <Output>
        <ErrorInfo>
          <Message>Npgsql.PostgresException : 28P01: password authentication failed for user "app"</Message>
          <StackTrace>   at Npgsql.NpgsqlMultiHostDataSource.Get(NpgsqlConnection conn, NpgsqlTimeout timeout, Boolean async, CancellationToken cancellationToken)&#xD;
   at Npgsql.NpgsqlConnection.&lt;Open&gt;g__OpenAsync|42_0(Boolean async, CancellationToken cancellationToken)&#xD;
   at Npgsql.NpgsqlDataSource.OpenConnectionAsync(CancellationToken cancellationToken)&#xD;
   at Npgsql.NpgsqlDataSource.OpenConnectionAsync(CancellationToken cancellationToken)&#xD;
   at AgeDigitalTwins.Jobs.JobService.InitializeSchemaAsync() in C:\Users\NRaes\Dev\pg-age-digitaltwins\src\AgeDigitalTwins\Jobs\JobService.cs:line 438&#xD;
   at AgeDigitalTwins.Jobs.JobService..ctor(NpgsqlMultiHostDataSource dataSource, String graphName, ILogger logger) in C:\Users\NRaes\Dev\pg-age-digitaltwins\src\AgeDigitalTwins\Jobs\JobService.cs:line 37&#xD;
   at AgeDigitalTwins.AgeDigitalTwinsClient..ctor(NpgsqlMultiHostDataSource dataSource, AgeDigitalTwinsClientOptions options) in C:\Users\NRaes\Dev\pg-age-digitaltwins\src\AgeDigitalTwins\AgeDigitalTwinsClient.cs:line 61&#xD;
   at AgeDigitalTwins.Test.TestBase..ctor() in C:\Users\NRaes\Dev\pg-age-digitaltwins\src\AgeDigitalTwins.Test\TestBase.cs:line 29&#xD;
   at AgeDigitalTwins.Test.ImportJobTests..ctor(ITestOutputHelper output) in C:\Users\NRaes\Dev\pg-age-digitaltwins\src\AgeDigitalTwins.Test\ImportJobTests.cs:line 16&#xD;
   at InvokeStub_ImportJobTests..ctor(Object, Span`1)&#xD;
   at System.Reflection.MethodBaseInvoker.InvokeWithOneArg(Object obj, BindingFlags invokeAttr, Binder binder, Object[] parameters, CultureInfo culture)</StackTrace>
        </ErrorInfo>
      </Output>
    </UnitTestResult>
    <UnitTestResult executionId="0c03d2af-ec69-43ca-ba01-a00dfa4d8ace" testId="eff5c6c5-78b5-b126-8318-0a7e4e7b687d" testName="AgeDigitalTwins.Test.QueryTests.QueryAsync_SimpleAdtQuery_ReturnsTwins" computerName="C3YHK9C3" duration="00:00:00.0010000" startTime="2025-07-16T11:12:05.1938081+02:00" endTime="2025-07-16T11:12:05.8331102+02:00" testType="13cdc9d9-ddb5-4fa4-a97d-d965ccfc6d4b" outcome="Failed" testListId="8c84fa94-04c1-424b-9868-57a2d4851a1d" relativeResultsDirectory="0c03d2af-ec69-43ca-ba01-a00dfa4d8ace">
      <Output>
        <ErrorInfo>
          <Message>Npgsql.PostgresException : 28P01: password authentication failed for user "app"</Message>
          <StackTrace>   at Npgsql.NpgsqlMultiHostDataSource.Get(NpgsqlConnection conn, NpgsqlTimeout timeout, Boolean async, CancellationToken cancellationToken)&#xD;
   at Npgsql.NpgsqlConnection.&lt;Open&gt;g__OpenAsync|42_0(Boolean async, CancellationToken cancellationToken)&#xD;
   at Npgsql.NpgsqlDataSource.OpenConnectionAsync(CancellationToken cancellationToken)&#xD;
   at Npgsql.NpgsqlDataSource.OpenConnectionAsync(CancellationToken cancellationToken)&#xD;
   at AgeDigitalTwins.Jobs.JobService.InitializeSchemaAsync() in C:\Users\NRaes\Dev\pg-age-digitaltwins\src\AgeDigitalTwins\Jobs\JobService.cs:line 438&#xD;
   at AgeDigitalTwins.Jobs.JobService..ctor(NpgsqlMultiHostDataSource dataSource, String graphName, ILogger logger) in C:\Users\NRaes\Dev\pg-age-digitaltwins\src\AgeDigitalTwins\Jobs\JobService.cs:line 37&#xD;
   at AgeDigitalTwins.AgeDigitalTwinsClient..ctor(NpgsqlMultiHostDataSource dataSource, AgeDigitalTwinsClientOptions options) in C:\Users\NRaes\Dev\pg-age-digitaltwins\src\AgeDigitalTwins\AgeDigitalTwinsClient.cs:line 61&#xD;
   at AgeDigitalTwins.Test.TestBase..ctor() in C:\Users\NRaes\Dev\pg-age-digitaltwins\src\AgeDigitalTwins.Test\TestBase.cs:line 29&#xD;
   at AgeDigitalTwins.Test.QueryTests..ctor()&#xD;
   at System.RuntimeType.CreateInstanceDefaultCtor(Boolean publicOnly, Boolean wrapExceptions)</StackTrace>
        </ErrorInfo>
      </Output>
    </UnitTestResult>
    <UnitTestResult executionId="1f0676a2-2ca9-44ac-bb38-208e8104c1bf" testId="9eab1d19-5e45-4d7a-03db-650df479007f" testName="AgeDigitalTwins.Test.QueryTests.QueryAsync_IsOfModel_ReturnsTwins" computerName="C3YHK9C3" duration="00:00:00.0010000" startTime="2025-07-16T11:12:08.9118340+02:00" endTime="2025-07-16T11:12:09.5422571+02:00" testType="13cdc9d9-ddb5-4fa4-a97d-d965ccfc6d4b" outcome="Failed" testListId="8c84fa94-04c1-424b-9868-57a2d4851a1d" relativeResultsDirectory="1f0676a2-2ca9-44ac-bb38-208e8104c1bf">
      <Output>
        <ErrorInfo>
          <Message>Npgsql.PostgresException : 28P01: password authentication failed for user "app"</Message>
          <StackTrace>   at Npgsql.NpgsqlMultiHostDataSource.Get(NpgsqlConnection conn, NpgsqlTimeout timeout, Boolean async, CancellationToken cancellationToken)&#xD;
   at Npgsql.NpgsqlConnection.&lt;Open&gt;g__OpenAsync|42_0(Boolean async, CancellationToken cancellationToken)&#xD;
   at Npgsql.NpgsqlDataSource.OpenConnectionAsync(CancellationToken cancellationToken)&#xD;
   at Npgsql.NpgsqlDataSource.OpenConnectionAsync(CancellationToken cancellationToken)&#xD;
   at AgeDigitalTwins.Jobs.JobService.InitializeSchemaAsync() in C:\Users\NRaes\Dev\pg-age-digitaltwins\src\AgeDigitalTwins\Jobs\JobService.cs:line 438&#xD;
   at AgeDigitalTwins.Jobs.JobService..ctor(NpgsqlMultiHostDataSource dataSource, String graphName, ILogger logger) in C:\Users\NRaes\Dev\pg-age-digitaltwins\src\AgeDigitalTwins\Jobs\JobService.cs:line 37&#xD;
   at AgeDigitalTwins.AgeDigitalTwinsClient..ctor(NpgsqlMultiHostDataSource dataSource, AgeDigitalTwinsClientOptions options) in C:\Users\NRaes\Dev\pg-age-digitaltwins\src\AgeDigitalTwins\AgeDigitalTwinsClient.cs:line 61&#xD;
   at AgeDigitalTwins.Test.TestBase..ctor() in C:\Users\NRaes\Dev\pg-age-digitaltwins\src\AgeDigitalTwins.Test\TestBase.cs:line 29&#xD;
   at AgeDigitalTwins.Test.QueryTests..ctor()&#xD;
   at System.RuntimeType.CreateInstanceDefaultCtor(Boolean publicOnly, Boolean wrapExceptions)</StackTrace>
        </ErrorInfo>
      </Output>
    </UnitTestResult>
    <UnitTestResult executionId="d13984dc-51d2-4821-ba8a-2a3df5d3702f" testId="0fe885f8-b746-3b2b-a2bf-4b91d653c870" testName="AgeDigitalTwins.Test.ImportJobSystemTests.GetImportJob_ShouldReturnJob_WhenJobExists" computerName="C3YHK9C3" duration="00:00:00.0010000" startTime="2025-07-16T11:11:38.4408954+02:00" endTime="2025-07-16T11:11:42.4362165+02:00" testType="13cdc9d9-ddb5-4fa4-a97d-d965ccfc6d4b" outcome="Failed" testListId="8c84fa94-04c1-424b-9868-57a2d4851a1d" relativeResultsDirectory="d13984dc-51d2-4821-ba8a-2a3df5d3702f">
      <Output>
        <ErrorInfo>
          <Message>Npgsql.NpgsqlException : Unable to connect to a suitable host. Check inner exception for more details.&#xD;
---- System.AggregateException : One or more errors occurred. (Failed to connect to 127.0.0.1:5432)&#xD;
-------- Npgsql.NpgsqlException : Failed to connect to 127.0.0.1:5432&#xD;
------------ System.Net.Sockets.SocketException : No connection could be made because the target machine actively refused it.</Message>
          <StackTrace>   at Npgsql.NpgsqlMultiHostDataSource.Get(NpgsqlConnection conn, NpgsqlTimeout timeout, Boolean async, CancellationToken cancellationToken)&#xD;
   at Npgsql.NpgsqlConnection.&lt;Open&gt;g__OpenAsync|42_0(Boolean async, CancellationToken cancellationToken)&#xD;
   at Npgsql.NpgsqlDataSource.OpenConnectionAsync(CancellationToken cancellationToken)&#xD;
   at Npgsql.NpgsqlDataSource.OpenConnectionAsync(CancellationToken cancellationToken)&#xD;
   at AgeDigitalTwins.Jobs.JobService.InitializeSchemaAsync() in C:\Users\NRaes\Dev\pg-age-digitaltwins\src\AgeDigitalTwins\Jobs\JobService.cs:line 438&#xD;
   at AgeDigitalTwins.Jobs.JobService..ctor(NpgsqlMultiHostDataSource dataSource, String graphName, ILogger logger) in C:\Users\NRaes\Dev\pg-age-digitaltwins\src\AgeDigitalTwins\Jobs\JobService.cs:line 37&#xD;
   at AgeDigitalTwins.AgeDigitalTwinsClient..ctor(NpgsqlMultiHostDataSource dataSource, AgeDigitalTwinsClientOptions options) in C:\Users\NRaes\Dev\pg-age-digitaltwins\src\AgeDigitalTwins\AgeDigitalTwinsClient.cs:line 61&#xD;
   at AgeDigitalTwins.Test.TestBase..ctor() in C:\Users\NRaes\Dev\pg-age-digitaltwins\src\AgeDigitalTwins.Test\TestBase.cs:line 29&#xD;
   at AgeDigitalTwins.Test.ImportJobSystemTests..ctor(ITestOutputHelper output) in C:\Users\NRaes\Dev\pg-age-digitaltwins\src\AgeDigitalTwins.Test\JobServiceTests.cs:line 34&#xD;
   at InvokeStub_ImportJobSystemTests..ctor(Object, Span`1)&#xD;
   at System.Reflection.MethodBaseInvoker.InvokeWithOneArg(Object obj, BindingFlags invokeAttr, Binder binder, Object[] parameters, CultureInfo culture)&#xD;
----- Inner Stack Trace -----&#xD;
&#xD;
----- Inner Stack Trace -----&#xD;
   at Npgsql.Internal.NpgsqlConnector.ConnectAsync(NpgsqlTimeout timeout, CancellationToken cancellationToken)&#xD;
   at Npgsql.Internal.NpgsqlConnector.RawOpen(SslMode sslMode, NpgsqlTimeout timeout, Boolean async, CancellationToken cancellationToken)&#xD;
   at Npgsql.Internal.NpgsqlConnector.&lt;Open&gt;g__OpenCore|214_1(NpgsqlConnector conn, SslMode sslMode, NpgsqlTimeout timeout, Boolean async, CancellationToken cancellationToken)&#xD;
   at Npgsql.Internal.NpgsqlConnector.Open(NpgsqlTimeout timeout, Boolean async, CancellationToken cancellationToken)&#xD;
   at Npgsql.PoolingDataSource.OpenNewConnector(NpgsqlConnection conn, NpgsqlTimeout timeout, Boolean async, CancellationToken cancellationToken)&#xD;
   at Npgsql.NpgsqlMultiHostDataSource.TryGetIdleOrNew(NpgsqlConnection conn, TimeSpan timeoutPerHost, Boolean async, TargetSessionAttributes preferredType, Func`3 stateValidator, Int32 poolIndex, IList`1 exceptions, CancellationToken cancellationToken)&#xD;
----- Inner Stack Trace -----&#xD;
   at System.Net.Sockets.Socket.AwaitableSocketAsyncEventArgs.ThrowException(SocketError error, CancellationToken cancellationToken)&#xD;
   at System.Net.Sockets.Socket.AwaitableSocketAsyncEventArgs.System.Threading.Tasks.Sources.IValueTaskSource.GetResult(Int16 token)&#xD;
   at System.Net.Sockets.Socket.&lt;ConnectAsync&gt;g__WaitForConnectWithCancellation|285_0(AwaitableSocketAsyncEventArgs saea, ValueTask connectTask, CancellationToken cancellationToken)&#xD;
   at Npgsql.TaskTimeoutAndCancellation.ExecuteAsync(Func`2 getTaskFunc, NpgsqlTimeout timeout, CancellationToken cancellationToken)&#xD;
   at Npgsql.Internal.NpgsqlConnector.ConnectAsync(NpgsqlTimeout timeout, CancellationToken cancellationToken)</StackTrace>
        </ErrorInfo>
      </Output>
    </UnitTestResult>
    <UnitTestResult executionId="6743cb86-a860-4c10-b9c3-c74edd9c61d5" testId="b5681ddb-deee-3dea-094a-4b53302c32a0" testName="AgeDigitalTwins.Test.QueryTests.QueryAsync_SimpleAdtQuerySelectAlias_ReturnsPropertyValues" computerName="C3YHK9C3" duration="00:00:00.0010000" startTime="2025-07-16T11:12:09.5434929+02:00" endTime="2025-07-16T11:12:10.1870675+02:00" testType="13cdc9d9-ddb5-4fa4-a97d-d965ccfc6d4b" outcome="Failed" testListId="8c84fa94-04c1-424b-9868-57a2d4851a1d" relativeResultsDirectory="6743cb86-a860-4c10-b9c3-c74edd9c61d5">
      <Output>
        <ErrorInfo>
          <Message>Npgsql.PostgresException : 28P01: password authentication failed for user "app"</Message>
          <StackTrace>   at Npgsql.NpgsqlMultiHostDataSource.Get(NpgsqlConnection conn, NpgsqlTimeout timeout, Boolean async, CancellationToken cancellationToken)&#xD;
   at Npgsql.NpgsqlConnection.&lt;Open&gt;g__OpenAsync|42_0(Boolean async, CancellationToken cancellationToken)&#xD;
   at Npgsql.NpgsqlDataSource.OpenConnectionAsync(CancellationToken cancellationToken)&#xD;
   at Npgsql.NpgsqlDataSource.OpenConnectionAsync(CancellationToken cancellationToken)&#xD;
   at AgeDigitalTwins.Jobs.JobService.InitializeSchemaAsync() in C:\Users\NRaes\Dev\pg-age-digitaltwins\src\AgeDigitalTwins\Jobs\JobService.cs:line 438&#xD;
   at AgeDigitalTwins.Jobs.JobService..ctor(NpgsqlMultiHostDataSource dataSource, String graphName, ILogger logger) in C:\Users\NRaes\Dev\pg-age-digitaltwins\src\AgeDigitalTwins\Jobs\JobService.cs:line 37&#xD;
   at AgeDigitalTwins.AgeDigitalTwinsClient..ctor(NpgsqlMultiHostDataSource dataSource, AgeDigitalTwinsClientOptions options) in C:\Users\NRaes\Dev\pg-age-digitaltwins\src\AgeDigitalTwins\AgeDigitalTwinsClient.cs:line 61&#xD;
   at AgeDigitalTwins.Test.TestBase..ctor() in C:\Users\NRaes\Dev\pg-age-digitaltwins\src\AgeDigitalTwins.Test\TestBase.cs:line 29&#xD;
   at AgeDigitalTwins.Test.QueryTests..ctor()&#xD;
   at System.RuntimeType.CreateInstanceDefaultCtor(Boolean publicOnly, Boolean wrapExceptions)</StackTrace>
        </ErrorInfo>
      </Output>
    </UnitTestResult>
    <UnitTestResult executionId="b2fc0aa6-b338-4020-a3df-5b8ca64b78cb" testId="7c93cb0c-791e-7e9f-6363-531b40c4ab06" testName="AgeDigitalTwins.Test.DigitalTwinsTests.CreateOrReplaceDigitalTwinAsync_InvalidProperty_ValidationFailedException" computerName="C3YHK9C3" duration="00:00:00.0010000" startTime="2025-07-16T11:11:42.4288310+02:00" endTime="2025-07-16T11:11:46.5071566+02:00" testType="13cdc9d9-ddb5-4fa4-a97d-d965ccfc6d4b" outcome="Failed" testListId="8c84fa94-04c1-424b-9868-57a2d4851a1d" relativeResultsDirectory="b2fc0aa6-b338-4020-a3df-5b8ca64b78cb">
      <Output>
        <ErrorInfo>
          <Message>Npgsql.NpgsqlException : Unable to connect to a suitable host. Check inner exception for more details.&#xD;
---- System.AggregateException : One or more errors occurred. (Failed to connect to 127.0.0.1:5432)&#xD;
-------- Npgsql.NpgsqlException : Failed to connect to 127.0.0.1:5432&#xD;
------------ System.Net.Sockets.SocketException : No connection could be made because the target machine actively refused it.</Message>
          <StackTrace>   at Npgsql.NpgsqlMultiHostDataSource.Get(NpgsqlConnection conn, NpgsqlTimeout timeout, Boolean async, CancellationToken cancellationToken)&#xD;
   at Npgsql.NpgsqlConnection.&lt;Open&gt;g__OpenAsync|42_0(Boolean async, CancellationToken cancellationToken)&#xD;
   at Npgsql.NpgsqlDataSource.OpenConnectionAsync(CancellationToken cancellationToken)&#xD;
   at Npgsql.NpgsqlDataSource.OpenConnectionAsync(CancellationToken cancellationToken)&#xD;
   at AgeDigitalTwins.Jobs.JobService.InitializeSchemaAsync() in C:\Users\NRaes\Dev\pg-age-digitaltwins\src\AgeDigitalTwins\Jobs\JobService.cs:line 438&#xD;
   at AgeDigitalTwins.Jobs.JobService..ctor(NpgsqlMultiHostDataSource dataSource, String graphName, ILogger logger) in C:\Users\NRaes\Dev\pg-age-digitaltwins\src\AgeDigitalTwins\Jobs\JobService.cs:line 37&#xD;
   at AgeDigitalTwins.AgeDigitalTwinsClient..ctor(NpgsqlMultiHostDataSource dataSource, AgeDigitalTwinsClientOptions options) in C:\Users\NRaes\Dev\pg-age-digitaltwins\src\AgeDigitalTwins\AgeDigitalTwinsClient.cs:line 61&#xD;
   at AgeDigitalTwins.Test.TestBase..ctor() in C:\Users\NRaes\Dev\pg-age-digitaltwins\src\AgeDigitalTwins.Test\TestBase.cs:line 29&#xD;
   at AgeDigitalTwins.Test.DigitalTwinsTests..ctor(ITestOutputHelper output) in C:\Users\NRaes\Dev\pg-age-digitaltwins\src\AgeDigitalTwins.Test\DigitalTwinsTests.cs:line 16&#xD;
   at InvokeStub_DigitalTwinsTests..ctor(Object, Span`1)&#xD;
   at System.Reflection.MethodBaseInvoker.InvokeWithOneArg(Object obj, BindingFlags invokeAttr, Binder binder, Object[] parameters, CultureInfo culture)&#xD;
----- Inner Stack Trace -----&#xD;
&#xD;
----- Inner Stack Trace -----&#xD;
   at Npgsql.Internal.NpgsqlConnector.ConnectAsync(NpgsqlTimeout timeout, CancellationToken cancellationToken)&#xD;
   at Npgsql.Internal.NpgsqlConnector.RawOpen(SslMode sslMode, NpgsqlTimeout timeout, Boolean async, CancellationToken cancellationToken)&#xD;
   at Npgsql.Internal.NpgsqlConnector.&lt;Open&gt;g__OpenCore|214_1(NpgsqlConnector conn, SslMode sslMode, NpgsqlTimeout timeout, Boolean async, CancellationToken cancellationToken)&#xD;
   at Npgsql.Internal.NpgsqlConnector.Open(NpgsqlTimeout timeout, Boolean async, CancellationToken cancellationToken)&#xD;
   at Npgsql.PoolingDataSource.OpenNewConnector(NpgsqlConnection conn, NpgsqlTimeout timeout, Boolean async, CancellationToken cancellationToken)&#xD;
   at Npgsql.NpgsqlMultiHostDataSource.TryGetIdleOrNew(NpgsqlConnection conn, TimeSpan timeoutPerHost, Boolean async, TargetSessionAttributes preferredType, Func`3 stateValidator, Int32 poolIndex, IList`1 exceptions, CancellationToken cancellationToken)&#xD;
----- Inner Stack Trace -----&#xD;
   at System.Net.Sockets.Socket.AwaitableSocketAsyncEventArgs.ThrowException(SocketError error, CancellationToken cancellationToken)&#xD;
   at System.Net.Sockets.Socket.AwaitableSocketAsyncEventArgs.System.Threading.Tasks.Sources.IValueTaskSource.GetResult(Int16 token)&#xD;
   at System.Net.Sockets.Socket.&lt;ConnectAsync&gt;g__WaitForConnectWithCancellation|285_0(AwaitableSocketAsyncEventArgs saea, ValueTask connectTask, CancellationToken cancellationToken)&#xD;
   at Npgsql.TaskTimeoutAndCancellation.ExecuteAsync(Func`2 getTaskFunc, NpgsqlTimeout timeout, CancellationToken cancellationToken)&#xD;
   at Npgsql.Internal.NpgsqlConnector.ConnectAsync(NpgsqlTimeout timeout, CancellationToken cancellationToken)</StackTrace>
        </ErrorInfo>
      </Output>
    </UnitTestResult>
    <UnitTestResult executionId="897fd5d3-ae38-410b-a88d-555320c09285" testId="2ff77c33-e1cb-d7ec-844f-650059490402" testName="AgeDigitalTwins.Test.QueryTests.QueryAsync_Pagination_HandlesSkipAndLimitInQuery" computerName="C3YHK9C3" duration="00:00:00.0010000" startTime="2025-07-16T11:12:05.8349330+02:00" endTime="2025-07-16T11:12:06.4358560+02:00" testType="13cdc9d9-ddb5-4fa4-a97d-d965ccfc6d4b" outcome="Failed" testListId="8c84fa94-04c1-424b-9868-57a2d4851a1d" relativeResultsDirectory="897fd5d3-ae38-410b-a88d-555320c09285">
      <Output>
        <ErrorInfo>
          <Message>Npgsql.PostgresException : 28P01: password authentication failed for user "app"</Message>
          <StackTrace>   at Npgsql.NpgsqlMultiHostDataSource.Get(NpgsqlConnection conn, NpgsqlTimeout timeout, Boolean async, CancellationToken cancellationToken)&#xD;
   at Npgsql.NpgsqlConnection.&lt;Open&gt;g__OpenAsync|42_0(Boolean async, CancellationToken cancellationToken)&#xD;
   at Npgsql.NpgsqlDataSource.OpenConnectionAsync(CancellationToken cancellationToken)&#xD;
   at Npgsql.NpgsqlDataSource.OpenConnectionAsync(CancellationToken cancellationToken)&#xD;
   at AgeDigitalTwins.Jobs.JobService.InitializeSchemaAsync() in C:\Users\NRaes\Dev\pg-age-digitaltwins\src\AgeDigitalTwins\Jobs\JobService.cs:line 438&#xD;
   at AgeDigitalTwins.Jobs.JobService..ctor(NpgsqlMultiHostDataSource dataSource, String graphName, ILogger logger) in C:\Users\NRaes\Dev\pg-age-digitaltwins\src\AgeDigitalTwins\Jobs\JobService.cs:line 37&#xD;
   at AgeDigitalTwins.AgeDigitalTwinsClient..ctor(NpgsqlMultiHostDataSource dataSource, AgeDigitalTwinsClientOptions options) in C:\Users\NRaes\Dev\pg-age-digitaltwins\src\AgeDigitalTwins\AgeDigitalTwinsClient.cs:line 61&#xD;
   at AgeDigitalTwins.Test.TestBase..ctor() in C:\Users\NRaes\Dev\pg-age-digitaltwins\src\AgeDigitalTwins.Test\TestBase.cs:line 29&#xD;
   at AgeDigitalTwins.Test.QueryTests..ctor()&#xD;
   at System.RuntimeType.CreateInstanceDefaultCtor(Boolean publicOnly, Boolean wrapExceptions)</StackTrace>
        </ErrorInfo>
      </Output>
    </UnitTestResult>
    <UnitTestResult executionId="79063e5e-177e-47f8-bc83-ebcbadf1aa5e" testId="67b8c76d-cb69-7695-50b2-5fad41f15a56" testName="AgeDigitalTwins.Test.DistributedLockingTests.TryAcquireJobLockAsync_ShouldFail_WhenLockIsAlreadyTaken" computerName="C3YHK9C3" duration="00:00:00.0010000" startTime="2025-07-16T11:11:58.7432405+02:00" endTime="2025-07-16T11:12:03.1601619+02:00" testType="13cdc9d9-ddb5-4fa4-a97d-d965ccfc6d4b" outcome="Failed" testListId="8c84fa94-04c1-424b-9868-57a2d4851a1d" relativeResultsDirectory="79063e5e-177e-47f8-bc83-ebcbadf1aa5e">
      <Output>
        <ErrorInfo>
          <Message>Npgsql.PostgresException : 28P01: password authentication failed for user "app"</Message>
          <StackTrace>   at Npgsql.NpgsqlMultiHostDataSource.Get(NpgsqlConnection conn, NpgsqlTimeout timeout, Boolean async, CancellationToken cancellationToken)&#xD;
   at Npgsql.NpgsqlConnection.&lt;Open&gt;g__OpenAsync|42_0(Boolean async, CancellationToken cancellationToken)&#xD;
   at Npgsql.NpgsqlDataSource.OpenConnectionAsync(CancellationToken cancellationToken)&#xD;
   at Npgsql.NpgsqlDataSource.OpenConnectionAsync(CancellationToken cancellationToken)&#xD;
   at AgeDigitalTwins.Jobs.JobService.InitializeSchemaAsync() in C:\Users\NRaes\Dev\pg-age-digitaltwins\src\AgeDigitalTwins\Jobs\JobService.cs:line 438&#xD;
   at AgeDigitalTwins.Jobs.JobService..ctor(NpgsqlMultiHostDataSource dataSource, String graphName, ILogger logger) in C:\Users\NRaes\Dev\pg-age-digitaltwins\src\AgeDigitalTwins\Jobs\JobService.cs:line 37&#xD;
   at AgeDigitalTwins.AgeDigitalTwinsClient..ctor(NpgsqlMultiHostDataSource dataSource, AgeDigitalTwinsClientOptions options) in C:\Users\NRaes\Dev\pg-age-digitaltwins\src\AgeDigitalTwins\AgeDigitalTwinsClient.cs:line 61&#xD;
   at AgeDigitalTwins.Test.TestBase..ctor() in C:\Users\NRaes\Dev\pg-age-digitaltwins\src\AgeDigitalTwins.Test\TestBase.cs:line 29&#xD;
   at AgeDigitalTwins.Test.DistributedLockingTests..ctor()&#xD;
   at System.RuntimeType.CreateInstanceDefaultCtor(Boolean publicOnly, Boolean wrapExceptions)</StackTrace>
        </ErrorInfo>
      </Output>
    </UnitTestResult>
    <UnitTestResult executionId="f8c10b4f-040b-4fec-8751-7461b667d948" testId="8f171509-32b5-1abb-633c-192e4677586b" testName="AgeDigitalTwins.Test.ModelsTests.CreateModels_MultipleDependentModelsResolveInDb_ValidatedAndCreated" computerName="C3YHK9C3" duration="00:00:00.0010000" startTime="2025-07-16T11:11:50.6164906+02:00" endTime="2025-07-16T11:11:54.6653924+02:00" testType="13cdc9d9-ddb5-4fa4-a97d-d965ccfc6d4b" outcome="Failed" testListId="8c84fa94-04c1-424b-9868-57a2d4851a1d" relativeResultsDirectory="f8c10b4f-040b-4fec-8751-7461b667d948">
      <Output>
        <ErrorInfo>
          <Message>Npgsql.NpgsqlException : Unable to connect to a suitable host. Check inner exception for more details.&#xD;
---- System.AggregateException : One or more errors occurred. (Failed to connect to 127.0.0.1:5432)&#xD;
-------- Npgsql.NpgsqlException : Failed to connect to 127.0.0.1:5432&#xD;
------------ System.Net.Sockets.SocketException : No connection could be made because the target machine actively refused it.</Message>
          <StackTrace>   at Npgsql.NpgsqlMultiHostDataSource.Get(NpgsqlConnection conn, NpgsqlTimeout timeout, Boolean async, CancellationToken cancellationToken)&#xD;
   at Npgsql.NpgsqlConnection.&lt;Open&gt;g__OpenAsync|42_0(Boolean async, CancellationToken cancellationToken)&#xD;
   at Npgsql.NpgsqlDataSource.OpenConnectionAsync(CancellationToken cancellationToken)&#xD;
   at Npgsql.NpgsqlDataSource.OpenConnectionAsync(CancellationToken cancellationToken)&#xD;
   at AgeDigitalTwins.Jobs.JobService.InitializeSchemaAsync() in C:\Users\NRaes\Dev\pg-age-digitaltwins\src\AgeDigitalTwins\Jobs\JobService.cs:line 438&#xD;
   at AgeDigitalTwins.Jobs.JobService..ctor(NpgsqlMultiHostDataSource dataSource, String graphName, ILogger logger) in C:\Users\NRaes\Dev\pg-age-digitaltwins\src\AgeDigitalTwins\Jobs\JobService.cs:line 37&#xD;
   at AgeDigitalTwins.AgeDigitalTwinsClient..ctor(NpgsqlMultiHostDataSource dataSource, AgeDigitalTwinsClientOptions options) in C:\Users\NRaes\Dev\pg-age-digitaltwins\src\AgeDigitalTwins\AgeDigitalTwinsClient.cs:line 61&#xD;
   at AgeDigitalTwins.Test.TestBase..ctor() in C:\Users\NRaes\Dev\pg-age-digitaltwins\src\AgeDigitalTwins.Test\TestBase.cs:line 29&#xD;
   at AgeDigitalTwins.Test.ModelsTests..ctor()&#xD;
   at System.RuntimeType.CreateInstanceDefaultCtor(Boolean publicOnly, Boolean wrapExceptions)&#xD;
----- Inner Stack Trace -----&#xD;
&#xD;
----- Inner Stack Trace -----&#xD;
   at Npgsql.Internal.NpgsqlConnector.ConnectAsync(NpgsqlTimeout timeout, CancellationToken cancellationToken)&#xD;
   at Npgsql.Internal.NpgsqlConnector.RawOpen(SslMode sslMode, NpgsqlTimeout timeout, Boolean async, CancellationToken cancellationToken)&#xD;
   at Npgsql.Internal.NpgsqlConnector.&lt;Open&gt;g__OpenCore|214_1(NpgsqlConnector conn, SslMode sslMode, NpgsqlTimeout timeout, Boolean async, CancellationToken cancellationToken)&#xD;
   at Npgsql.Internal.NpgsqlConnector.Open(NpgsqlTimeout timeout, Boolean async, CancellationToken cancellationToken)&#xD;
   at Npgsql.PoolingDataSource.OpenNewConnector(NpgsqlConnection conn, NpgsqlTimeout timeout, Boolean async, CancellationToken cancellationToken)&#xD;
   at Npgsql.NpgsqlMultiHostDataSource.TryGetIdleOrNew(NpgsqlConnection conn, TimeSpan timeoutPerHost, Boolean async, TargetSessionAttributes preferredType, Func`3 stateValidator, Int32 poolIndex, IList`1 exceptions, CancellationToken cancellationToken)&#xD;
----- Inner Stack Trace -----&#xD;
   at System.Net.Sockets.Socket.AwaitableSocketAsyncEventArgs.ThrowException(SocketError error, CancellationToken cancellationToken)&#xD;
   at System.Net.Sockets.Socket.AwaitableSocketAsyncEventArgs.System.Threading.Tasks.Sources.IValueTaskSource.GetResult(Int16 token)&#xD;
   at System.Net.Sockets.Socket.&lt;ConnectAsync&gt;g__WaitForConnectWithCancellation|285_0(AwaitableSocketAsyncEventArgs saea, ValueTask connectTask, CancellationToken cancellationToken)&#xD;
   at Npgsql.TaskTimeoutAndCancellation.ExecuteAsync(Func`2 getTaskFunc, NpgsqlTimeout timeout, CancellationToken cancellationToken)&#xD;
   at Npgsql.Internal.NpgsqlConnector.ConnectAsync(NpgsqlTimeout timeout, CancellationToken cancellationToken)</StackTrace>
        </ErrorInfo>
      </Output>
    </UnitTestResult>
    <UnitTestResult executionId="57620c15-f7ba-4f49-8fe8-16c3a22c0f84" testId="cd8f5070-ea91-35d6-7f05-4a8ccdf130d1" testName="AgeDigitalTwins.Test.ImportJobTests.ImportAsync_WithValidNdJsonData_ShouldImportSuccessfully" computerName="C3YHK9C3" duration="00:00:00.0010000" startTime="2025-07-16T11:12:06.4824776+02:00" endTime="2025-07-16T11:12:07.0897568+02:00" testType="13cdc9d9-ddb5-4fa4-a97d-d965ccfc6d4b" outcome="Failed" testListId="8c84fa94-04c1-424b-9868-57a2d4851a1d" relativeResultsDirectory="57620c15-f7ba-4f49-8fe8-16c3a22c0f84">
      <Output>
        <ErrorInfo>
          <Message>Npgsql.PostgresException : 28P01: password authentication failed for user "app"</Message>
          <StackTrace>   at Npgsql.NpgsqlMultiHostDataSource.Get(NpgsqlConnection conn, NpgsqlTimeout timeout, Boolean async, CancellationToken cancellationToken)&#xD;
   at Npgsql.NpgsqlConnection.&lt;Open&gt;g__OpenAsync|42_0(Boolean async, CancellationToken cancellationToken)&#xD;
   at Npgsql.NpgsqlDataSource.OpenConnectionAsync(CancellationToken cancellationToken)&#xD;
   at Npgsql.NpgsqlDataSource.OpenConnectionAsync(CancellationToken cancellationToken)&#xD;
   at AgeDigitalTwins.Jobs.JobService.InitializeSchemaAsync() in C:\Users\NRaes\Dev\pg-age-digitaltwins\src\AgeDigitalTwins\Jobs\JobService.cs:line 438&#xD;
   at AgeDigitalTwins.Jobs.JobService..ctor(NpgsqlMultiHostDataSource dataSource, String graphName, ILogger logger) in C:\Users\NRaes\Dev\pg-age-digitaltwins\src\AgeDigitalTwins\Jobs\JobService.cs:line 37&#xD;
   at AgeDigitalTwins.AgeDigitalTwinsClient..ctor(NpgsqlMultiHostDataSource dataSource, AgeDigitalTwinsClientOptions options) in C:\Users\NRaes\Dev\pg-age-digitaltwins\src\AgeDigitalTwins\AgeDigitalTwinsClient.cs:line 61&#xD;
   at AgeDigitalTwins.Test.TestBase..ctor() in C:\Users\NRaes\Dev\pg-age-digitaltwins\src\AgeDigitalTwins.Test\TestBase.cs:line 29&#xD;
   at AgeDigitalTwins.Test.ImportJobTests..ctor(ITestOutputHelper output) in C:\Users\NRaes\Dev\pg-age-digitaltwins\src\AgeDigitalTwins.Test\ImportJobTests.cs:line 16&#xD;
   at InvokeStub_ImportJobTests..ctor(Object, Span`1)&#xD;
   at System.Reflection.MethodBaseInvoker.InvokeWithOneArg(Object obj, BindingFlags invokeAttr, Binder binder, Object[] parameters, CultureInfo culture)</StackTrace>
        </ErrorInfo>
      </Output>
    </UnitTestResult>
    <UnitTestResult executionId="42f2f8a3-a806-49e6-926c-04c9ef69fac8" testId="133852e2-50ab-6b52-fe02-111dcbfe7d18" testName="AgeDigitalTwins.Test.DigitalTwinsTests.UpdateDigitalTwinAsync_RemoveOperationPrimitive_Updated" computerName="C3YHK9C3" duration="00:00:00.0010000" startTime="2025-07-16T11:12:05.8471242+02:00" endTime="2025-07-16T11:12:06.4702306+02:00" testType="13cdc9d9-ddb5-4fa4-a97d-d965ccfc6d4b" outcome="Failed" testListId="8c84fa94-04c1-424b-9868-57a2d4851a1d" relativeResultsDirectory="42f2f8a3-a806-49e6-926c-04c9ef69fac8">
      <Output>
        <ErrorInfo>
          <Message>Npgsql.PostgresException : 28P01: password authentication failed for user "app"</Message>
          <StackTrace>   at Npgsql.NpgsqlMultiHostDataSource.Get(NpgsqlConnection conn, NpgsqlTimeout timeout, Boolean async, CancellationToken cancellationToken)&#xD;
   at Npgsql.NpgsqlConnection.&lt;Open&gt;g__OpenAsync|42_0(Boolean async, CancellationToken cancellationToken)&#xD;
   at Npgsql.NpgsqlDataSource.OpenConnectionAsync(CancellationToken cancellationToken)&#xD;
   at Npgsql.NpgsqlDataSource.OpenConnectionAsync(CancellationToken cancellationToken)&#xD;
   at AgeDigitalTwins.Jobs.JobService.InitializeSchemaAsync() in C:\Users\NRaes\Dev\pg-age-digitaltwins\src\AgeDigitalTwins\Jobs\JobService.cs:line 438&#xD;
   at AgeDigitalTwins.Jobs.JobService..ctor(NpgsqlMultiHostDataSource dataSource, String graphName, ILogger logger) in C:\Users\NRaes\Dev\pg-age-digitaltwins\src\AgeDigitalTwins\Jobs\JobService.cs:line 37&#xD;
   at AgeDigitalTwins.AgeDigitalTwinsClient..ctor(NpgsqlMultiHostDataSource dataSource, AgeDigitalTwinsClientOptions options) in C:\Users\NRaes\Dev\pg-age-digitaltwins\src\AgeDigitalTwins\AgeDigitalTwinsClient.cs:line 61&#xD;
   at AgeDigitalTwins.Test.TestBase..ctor() in C:\Users\NRaes\Dev\pg-age-digitaltwins\src\AgeDigitalTwins.Test\TestBase.cs:line 29&#xD;
   at AgeDigitalTwins.Test.DigitalTwinsTests..ctor(ITestOutputHelper output) in C:\Users\NRaes\Dev\pg-age-digitaltwins\src\AgeDigitalTwins.Test\DigitalTwinsTests.cs:line 16&#xD;
   at InvokeStub_DigitalTwinsTests..ctor(Object, Span`1)&#xD;
   at System.Reflection.MethodBaseInvoker.InvokeWithOneArg(Object obj, BindingFlags invokeAttr, Binder binder, Object[] parameters, CultureInfo culture)</StackTrace>
        </ErrorInfo>
      </Output>
    </UnitTestResult>
    <UnitTestResult executionId="53937c89-c1aa-416a-b03a-31604ea9f3bf" testId="1cc61aaf-4f98-ad63-283e-2aa230067bb1" testName="AgeDigitalTwins.Test.QueryTests.QueryAsync_RelationshipsQuery_ReturnsRelationship" computerName="C3YHK9C3" duration="00:00:00.0010000" startTime="2025-07-16T11:12:03.8681607+02:00" endTime="2025-07-16T11:12:04.5257503+02:00" testType="13cdc9d9-ddb5-4fa4-a97d-d965ccfc6d4b" outcome="Failed" testListId="8c84fa94-04c1-424b-9868-57a2d4851a1d" relativeResultsDirectory="53937c89-c1aa-416a-b03a-31604ea9f3bf">
      <Output>
        <ErrorInfo>
          <Message>Npgsql.PostgresException : 28P01: password authentication failed for user "app"</Message>
          <StackTrace>   at Npgsql.NpgsqlMultiHostDataSource.Get(NpgsqlConnection conn, NpgsqlTimeout timeout, Boolean async, CancellationToken cancellationToken)&#xD;
   at Npgsql.NpgsqlConnection.&lt;Open&gt;g__OpenAsync|42_0(Boolean async, CancellationToken cancellationToken)&#xD;
   at Npgsql.NpgsqlDataSource.OpenConnectionAsync(CancellationToken cancellationToken)&#xD;
   at Npgsql.NpgsqlDataSource.OpenConnectionAsync(CancellationToken cancellationToken)&#xD;
   at AgeDigitalTwins.Jobs.JobService.InitializeSchemaAsync() in C:\Users\NRaes\Dev\pg-age-digitaltwins\src\AgeDigitalTwins\Jobs\JobService.cs:line 438&#xD;
   at AgeDigitalTwins.Jobs.JobService..ctor(NpgsqlMultiHostDataSource dataSource, String graphName, ILogger logger) in C:\Users\NRaes\Dev\pg-age-digitaltwins\src\AgeDigitalTwins\Jobs\JobService.cs:line 37&#xD;
   at AgeDigitalTwins.AgeDigitalTwinsClient..ctor(NpgsqlMultiHostDataSource dataSource, AgeDigitalTwinsClientOptions options) in C:\Users\NRaes\Dev\pg-age-digitaltwins\src\AgeDigitalTwins\AgeDigitalTwinsClient.cs:line 61&#xD;
   at AgeDigitalTwins.Test.TestBase..ctor() in C:\Users\NRaes\Dev\pg-age-digitaltwins\src\AgeDigitalTwins.Test\TestBase.cs:line 29&#xD;
   at AgeDigitalTwins.Test.QueryTests..ctor()&#xD;
   at System.RuntimeType.CreateInstanceDefaultCtor(Boolean publicOnly, Boolean wrapExceptions)</StackTrace>
        </ErrorInfo>
      </Output>
    </UnitTestResult>
    <UnitTestResult executionId="a13494b1-bed4-4518-8a66-2750ad612996" testId="f5b1634f-f958-5274-ce84-3b9ffddaa351" testName="AgeDigitalTwins.Test.DistributedLockingTests.TryAcquireJobLockAsync_ShouldSucceed_WhenLockIsAvailable" computerName="C3YHK9C3" duration="00:00:00.0010000" startTime="2025-07-16T11:12:05.1889592+02:00" endTime="2025-07-16T11:12:05.8428040+02:00" testType="13cdc9d9-ddb5-4fa4-a97d-d965ccfc6d4b" outcome="Failed" testListId="8c84fa94-04c1-424b-9868-57a2d4851a1d" relativeResultsDirectory="a13494b1-bed4-4518-8a66-2750ad612996">
      <Output>
        <ErrorInfo>
          <Message>Npgsql.PostgresException : 28P01: password authentication failed for user "app"</Message>
          <StackTrace>   at Npgsql.NpgsqlMultiHostDataSource.Get(NpgsqlConnection conn, NpgsqlTimeout timeout, Boolean async, CancellationToken cancellationToken)&#xD;
   at Npgsql.NpgsqlConnection.&lt;Open&gt;g__OpenAsync|42_0(Boolean async, CancellationToken cancellationToken)&#xD;
   at Npgsql.NpgsqlDataSource.OpenConnectionAsync(CancellationToken cancellationToken)&#xD;
   at Npgsql.NpgsqlDataSource.OpenConnectionAsync(CancellationToken cancellationToken)&#xD;
   at AgeDigitalTwins.Jobs.JobService.InitializeSchemaAsync() in C:\Users\NRaes\Dev\pg-age-digitaltwins\src\AgeDigitalTwins\Jobs\JobService.cs:line 438&#xD;
   at AgeDigitalTwins.Jobs.JobService..ctor(NpgsqlMultiHostDataSource dataSource, String graphName, ILogger logger) in C:\Users\NRaes\Dev\pg-age-digitaltwins\src\AgeDigitalTwins\Jobs\JobService.cs:line 37&#xD;
   at AgeDigitalTwins.AgeDigitalTwinsClient..ctor(NpgsqlMultiHostDataSource dataSource, AgeDigitalTwinsClientOptions options) in C:\Users\NRaes\Dev\pg-age-digitaltwins\src\AgeDigitalTwins\AgeDigitalTwinsClient.cs:line 61&#xD;
   at AgeDigitalTwins.Test.TestBase..ctor() in C:\Users\NRaes\Dev\pg-age-digitaltwins\src\AgeDigitalTwins.Test\TestBase.cs:line 29&#xD;
   at AgeDigitalTwins.Test.DistributedLockingTests..ctor()&#xD;
   at System.RuntimeType.CreateInstanceDefaultCtor(Boolean publicOnly, Boolean wrapExceptions)</StackTrace>
        </ErrorInfo>
      </Output>
    </UnitTestResult>
    <UnitTestResult executionId="257505b0-72d5-4458-8fed-3f9a289b9892" testId="206eeece-9c53-0f97-c08e-d72e31934d93" testName="AgeDigitalTwins.Test.ImportJobTests.Client_GetImportJob_WithInvalidId_ShouldReturnNull" computerName="C3YHK9C3" duration="00:00:00.0010000" startTime="2025-07-16T11:12:03.1693902+02:00" endTime="2025-07-16T11:12:03.8661495+02:00" testType="13cdc9d9-ddb5-4fa4-a97d-d965ccfc6d4b" outcome="Failed" testListId="8c84fa94-04c1-424b-9868-57a2d4851a1d" relativeResultsDirectory="257505b0-72d5-4458-8fed-3f9a289b9892">
      <Output>
        <ErrorInfo>
          <Message>Npgsql.PostgresException : 28P01: password authentication failed for user "app"</Message>
          <StackTrace>   at Npgsql.NpgsqlMultiHostDataSource.Get(NpgsqlConnection conn, NpgsqlTimeout timeout, Boolean async, CancellationToken cancellationToken)&#xD;
   at Npgsql.NpgsqlConnection.&lt;Open&gt;g__OpenAsync|42_0(Boolean async, CancellationToken cancellationToken)&#xD;
   at Npgsql.NpgsqlDataSource.OpenConnectionAsync(CancellationToken cancellationToken)&#xD;
   at Npgsql.NpgsqlDataSource.OpenConnectionAsync(CancellationToken cancellationToken)&#xD;
   at AgeDigitalTwins.Jobs.JobService.InitializeSchemaAsync() in C:\Users\NRaes\Dev\pg-age-digitaltwins\src\AgeDigitalTwins\Jobs\JobService.cs:line 438&#xD;
   at AgeDigitalTwins.Jobs.JobService..ctor(NpgsqlMultiHostDataSource dataSource, String graphName, ILogger logger) in C:\Users\NRaes\Dev\pg-age-digitaltwins\src\AgeDigitalTwins\Jobs\JobService.cs:line 37&#xD;
   at AgeDigitalTwins.AgeDigitalTwinsClient..ctor(NpgsqlMultiHostDataSource dataSource, AgeDigitalTwinsClientOptions options) in C:\Users\NRaes\Dev\pg-age-digitaltwins\src\AgeDigitalTwins\AgeDigitalTwinsClient.cs:line 61&#xD;
   at AgeDigitalTwins.Test.TestBase..ctor() in C:\Users\NRaes\Dev\pg-age-digitaltwins\src\AgeDigitalTwins.Test\TestBase.cs:line 29&#xD;
   at AgeDigitalTwins.Test.ImportJobTests..ctor(ITestOutputHelper output) in C:\Users\NRaes\Dev\pg-age-digitaltwins\src\AgeDigitalTwins.Test\ImportJobTests.cs:line 16&#xD;
   at InvokeStub_ImportJobTests..ctor(Object, Span`1)&#xD;
   at System.Reflection.MethodBaseInvoker.InvokeWithOneArg(Object obj, BindingFlags invokeAttr, Binder binder, Object[] parameters, CultureInfo culture)</StackTrace>
        </ErrorInfo>
      </Output>
    </UnitTestResult>
    <UnitTestResult executionId="8aad0959-49ad-4aee-a867-08c691745ca2" testId="767c3351-a788-27a2-1861-afc4a3e61b48" testName="AgeDigitalTwins.Test.QueryTests.QueryAsync_SimpleQuery_ReturnsTwinsAndRelationships" computerName="C3YHK9C3" duration="00:00:00.0010000" startTime="2025-07-16T11:12:06.4371982+02:00" endTime="2025-07-16T11:12:07.0443833+02:00" testType="13cdc9d9-ddb5-4fa4-a97d-d965ccfc6d4b" outcome="Failed" testListId="8c84fa94-04c1-424b-9868-57a2d4851a1d" relativeResultsDirectory="8aad0959-49ad-4aee-a867-08c691745ca2">
      <Output>
        <ErrorInfo>
          <Message>Npgsql.PostgresException : 28P01: password authentication failed for user "app"</Message>
          <StackTrace>   at Npgsql.NpgsqlMultiHostDataSource.Get(NpgsqlConnection conn, NpgsqlTimeout timeout, Boolean async, CancellationToken cancellationToken)&#xD;
   at Npgsql.NpgsqlConnection.&lt;Open&gt;g__OpenAsync|42_0(Boolean async, CancellationToken cancellationToken)&#xD;
   at Npgsql.NpgsqlDataSource.OpenConnectionAsync(CancellationToken cancellationToken)&#xD;
   at Npgsql.NpgsqlDataSource.OpenConnectionAsync(CancellationToken cancellationToken)&#xD;
   at AgeDigitalTwins.Jobs.JobService.InitializeSchemaAsync() in C:\Users\NRaes\Dev\pg-age-digitaltwins\src\AgeDigitalTwins\Jobs\JobService.cs:line 438&#xD;
   at AgeDigitalTwins.Jobs.JobService..ctor(NpgsqlMultiHostDataSource dataSource, String graphName, ILogger logger) in C:\Users\NRaes\Dev\pg-age-digitaltwins\src\AgeDigitalTwins\Jobs\JobService.cs:line 37&#xD;
   at AgeDigitalTwins.AgeDigitalTwinsClient..ctor(NpgsqlMultiHostDataSource dataSource, AgeDigitalTwinsClientOptions options) in C:\Users\NRaes\Dev\pg-age-digitaltwins\src\AgeDigitalTwins\AgeDigitalTwinsClient.cs:line 61&#xD;
   at AgeDigitalTwins.Test.TestBase..ctor() in C:\Users\NRaes\Dev\pg-age-digitaltwins\src\AgeDigitalTwins.Test\TestBase.cs:line 29&#xD;
   at AgeDigitalTwins.Test.QueryTests..ctor()&#xD;
   at System.RuntimeType.CreateInstanceDefaultCtor(Boolean publicOnly, Boolean wrapExceptions)</StackTrace>
        </ErrorInfo>
      </Output>
    </UnitTestResult>
    <UnitTestResult executionId="72d7f746-bb45-467b-8690-519231b09581" testId="03f0315f-50a0-89b2-a58e-994200ea75d8" testName="AgeDigitalTwins.Test.QueryTests.QueryAsync_SimpleAdtQuerySelectProperty_ReturnsPropertyValues" computerName="C3YHK9C3" duration="00:00:00.0010000" startTime="2025-07-16T11:11:50.5972016+02:00" endTime="2025-07-16T11:11:54.6603155+02:00" testType="13cdc9d9-ddb5-4fa4-a97d-d965ccfc6d4b" outcome="Failed" testListId="8c84fa94-04c1-424b-9868-57a2d4851a1d" relativeResultsDirectory="72d7f746-bb45-467b-8690-519231b09581">
      <Output>
        <ErrorInfo>
          <Message>Npgsql.NpgsqlException : Unable to connect to a suitable host. Check inner exception for more details.&#xD;
---- System.AggregateException : One or more errors occurred. (Failed to connect to 127.0.0.1:5432)&#xD;
-------- Npgsql.NpgsqlException : Failed to connect to 127.0.0.1:5432&#xD;
------------ System.Net.Sockets.SocketException : No connection could be made because the target machine actively refused it.</Message>
          <StackTrace>   at Npgsql.NpgsqlMultiHostDataSource.Get(NpgsqlConnection conn, NpgsqlTimeout timeout, Boolean async, CancellationToken cancellationToken)&#xD;
   at Npgsql.NpgsqlConnection.&lt;Open&gt;g__OpenAsync|42_0(Boolean async, CancellationToken cancellationToken)&#xD;
   at Npgsql.NpgsqlDataSource.OpenConnectionAsync(CancellationToken cancellationToken)&#xD;
   at Npgsql.NpgsqlDataSource.OpenConnectionAsync(CancellationToken cancellationToken)&#xD;
   at AgeDigitalTwins.Jobs.JobService.InitializeSchemaAsync() in C:\Users\NRaes\Dev\pg-age-digitaltwins\src\AgeDigitalTwins\Jobs\JobService.cs:line 438&#xD;
   at AgeDigitalTwins.Jobs.JobService..ctor(NpgsqlMultiHostDataSource dataSource, String graphName, ILogger logger) in C:\Users\NRaes\Dev\pg-age-digitaltwins\src\AgeDigitalTwins\Jobs\JobService.cs:line 37&#xD;
   at AgeDigitalTwins.AgeDigitalTwinsClient..ctor(NpgsqlMultiHostDataSource dataSource, AgeDigitalTwinsClientOptions options) in C:\Users\NRaes\Dev\pg-age-digitaltwins\src\AgeDigitalTwins\AgeDigitalTwinsClient.cs:line 61&#xD;
   at AgeDigitalTwins.Test.TestBase..ctor() in C:\Users\NRaes\Dev\pg-age-digitaltwins\src\AgeDigitalTwins.Test\TestBase.cs:line 29&#xD;
   at AgeDigitalTwins.Test.QueryTests..ctor()&#xD;
   at System.RuntimeType.CreateInstanceDefaultCtor(Boolean publicOnly, Boolean wrapExceptions)&#xD;
----- Inner Stack Trace -----&#xD;
&#xD;
----- Inner Stack Trace -----&#xD;
   at Npgsql.Internal.NpgsqlConnector.ConnectAsync(NpgsqlTimeout timeout, CancellationToken cancellationToken)&#xD;
   at Npgsql.Internal.NpgsqlConnector.RawOpen(SslMode sslMode, NpgsqlTimeout timeout, Boolean async, CancellationToken cancellationToken)&#xD;
   at Npgsql.Internal.NpgsqlConnector.&lt;Open&gt;g__OpenCore|214_1(NpgsqlConnector conn, SslMode sslMode, NpgsqlTimeout timeout, Boolean async, CancellationToken cancellationToken)&#xD;
   at Npgsql.Internal.NpgsqlConnector.Open(NpgsqlTimeout timeout, Boolean async, CancellationToken cancellationToken)&#xD;
   at Npgsql.PoolingDataSource.OpenNewConnector(NpgsqlConnection conn, NpgsqlTimeout timeout, Boolean async, CancellationToken cancellationToken)&#xD;
   at Npgsql.NpgsqlMultiHostDataSource.TryGetIdleOrNew(NpgsqlConnection conn, TimeSpan timeoutPerHost, Boolean async, TargetSessionAttributes preferredType, Func`3 stateValidator, Int32 poolIndex, IList`1 exceptions, CancellationToken cancellationToken)&#xD;
----- Inner Stack Trace -----&#xD;
   at System.Net.Sockets.Socket.AwaitableSocketAsyncEventArgs.ThrowException(SocketError error, CancellationToken cancellationToken)&#xD;
   at System.Net.Sockets.Socket.AwaitableSocketAsyncEventArgs.System.Threading.Tasks.Sources.IValueTaskSource.GetResult(Int16 token)&#xD;
   at System.Net.Sockets.Socket.&lt;ConnectAsync&gt;g__WaitForConnectWithCancellation|285_0(AwaitableSocketAsyncEventArgs saea, ValueTask connectTask, CancellationToken cancellationToken)&#xD;
   at Npgsql.TaskTimeoutAndCancellation.ExecuteAsync(Func`2 getTaskFunc, NpgsqlTimeout timeout, CancellationToken cancellationToken)&#xD;
   at Npgsql.Internal.NpgsqlConnector.ConnectAsync(NpgsqlTimeout timeout, CancellationToken cancellationToken)</StackTrace>
        </ErrorInfo>
      </Output>
    </UnitTestResult>
    <UnitTestResult executionId="e9c995fa-243f-498d-a3c2-9063da3327db" testId="4a39c205-e1dd-9012-22c0-c9441167452d" testName="AgeDigitalTwins.Test.QueryTests.QueryAsync_IsOfModel_ReturnsAllMatchingTwins" computerName="C3YHK9C3" duration="00:00:00.0010000" startTime="2025-07-16T11:12:04.5275990+02:00" endTime="2025-07-16T11:12:05.1923023+02:00" testType="13cdc9d9-ddb5-4fa4-a97d-d965ccfc6d4b" outcome="Failed" testListId="8c84fa94-04c1-424b-9868-57a2d4851a1d" relativeResultsDirectory="e9c995fa-243f-498d-a3c2-9063da3327db">
      <Output>
        <ErrorInfo>
          <Message>Npgsql.PostgresException : 28P01: password authentication failed for user "app"</Message>
          <StackTrace>   at Npgsql.NpgsqlMultiHostDataSource.Get(NpgsqlConnection conn, NpgsqlTimeout timeout, Boolean async, CancellationToken cancellationToken)&#xD;
   at Npgsql.NpgsqlConnection.&lt;Open&gt;g__OpenAsync|42_0(Boolean async, CancellationToken cancellationToken)&#xD;
   at Npgsql.NpgsqlDataSource.OpenConnectionAsync(CancellationToken cancellationToken)&#xD;
   at Npgsql.NpgsqlDataSource.OpenConnectionAsync(CancellationToken cancellationToken)&#xD;
   at AgeDigitalTwins.Jobs.JobService.InitializeSchemaAsync() in C:\Users\NRaes\Dev\pg-age-digitaltwins\src\AgeDigitalTwins\Jobs\JobService.cs:line 438&#xD;
   at AgeDigitalTwins.Jobs.JobService..ctor(NpgsqlMultiHostDataSource dataSource, String graphName, ILogger logger) in C:\Users\NRaes\Dev\pg-age-digitaltwins\src\AgeDigitalTwins\Jobs\JobService.cs:line 37&#xD;
   at AgeDigitalTwins.AgeDigitalTwinsClient..ctor(NpgsqlMultiHostDataSource dataSource, AgeDigitalTwinsClientOptions options) in C:\Users\NRaes\Dev\pg-age-digitaltwins\src\AgeDigitalTwins\AgeDigitalTwinsClient.cs:line 61&#xD;
   at AgeDigitalTwins.Test.TestBase..ctor() in C:\Users\NRaes\Dev\pg-age-digitaltwins\src\AgeDigitalTwins.Test\TestBase.cs:line 29&#xD;
   at AgeDigitalTwins.Test.QueryTests..ctor()&#xD;
   at System.RuntimeType.CreateInstanceDefaultCtor(Boolean publicOnly, Boolean wrapExceptions)</StackTrace>
        </ErrorInfo>
      </Output>
    </UnitTestResult>
    <UnitTestResult executionId="f77d11be-9ff7-45c7-a961-f73daa60d8ff" testId="09293ea3-457b-c54c-0bf2-56925650219b" testName="AgeDigitalTwins.Test.ModelsTests.DeleteModels_ThrowsWhenModelReferencesAreNotDeleted" computerName="C3YHK9C3" duration="00:00:00.0010000" startTime="2025-07-16T11:11:46.5166302+02:00" endTime="2025-07-16T11:11:50.6123703+02:00" testType="13cdc9d9-ddb5-4fa4-a97d-d965ccfc6d4b" outcome="Failed" testListId="8c84fa94-04c1-424b-9868-57a2d4851a1d" relativeResultsDirectory="f77d11be-9ff7-45c7-a961-f73daa60d8ff">
      <Output>
        <ErrorInfo>
          <Message>Npgsql.NpgsqlException : Unable to connect to a suitable host. Check inner exception for more details.&#xD;
---- System.AggregateException : One or more errors occurred. (Failed to connect to 127.0.0.1:5432)&#xD;
-------- Npgsql.NpgsqlException : Failed to connect to 127.0.0.1:5432&#xD;
------------ System.Net.Sockets.SocketException : No connection could be made because the target machine actively refused it.</Message>
          <StackTrace>   at Npgsql.NpgsqlMultiHostDataSource.Get(NpgsqlConnection conn, NpgsqlTimeout timeout, Boolean async, CancellationToken cancellationToken)&#xD;
   at Npgsql.NpgsqlConnection.&lt;Open&gt;g__OpenAsync|42_0(Boolean async, CancellationToken cancellationToken)&#xD;
   at Npgsql.NpgsqlDataSource.OpenConnectionAsync(CancellationToken cancellationToken)&#xD;
   at Npgsql.NpgsqlDataSource.OpenConnectionAsync(CancellationToken cancellationToken)&#xD;
   at AgeDigitalTwins.Jobs.JobService.InitializeSchemaAsync() in C:\Users\NRaes\Dev\pg-age-digitaltwins\src\AgeDigitalTwins\Jobs\JobService.cs:line 438&#xD;
   at AgeDigitalTwins.Jobs.JobService..ctor(NpgsqlMultiHostDataSource dataSource, String graphName, ILogger logger) in C:\Users\NRaes\Dev\pg-age-digitaltwins\src\AgeDigitalTwins\Jobs\JobService.cs:line 37&#xD;
   at AgeDigitalTwins.AgeDigitalTwinsClient..ctor(NpgsqlMultiHostDataSource dataSource, AgeDigitalTwinsClientOptions options) in C:\Users\NRaes\Dev\pg-age-digitaltwins\src\AgeDigitalTwins\AgeDigitalTwinsClient.cs:line 61&#xD;
   at AgeDigitalTwins.Test.TestBase..ctor() in C:\Users\NRaes\Dev\pg-age-digitaltwins\src\AgeDigitalTwins.Test\TestBase.cs:line 29&#xD;
   at AgeDigitalTwins.Test.ModelsTests..ctor()&#xD;
   at System.RuntimeType.CreateInstanceDefaultCtor(Boolean publicOnly, Boolean wrapExceptions)&#xD;
----- Inner Stack Trace -----&#xD;
&#xD;
----- Inner Stack Trace -----&#xD;
   at Npgsql.Internal.NpgsqlConnector.ConnectAsync(NpgsqlTimeout timeout, CancellationToken cancellationToken)&#xD;
   at Npgsql.Internal.NpgsqlConnector.RawOpen(SslMode sslMode, NpgsqlTimeout timeout, Boolean async, CancellationToken cancellationToken)&#xD;
   at Npgsql.Internal.NpgsqlConnector.&lt;Open&gt;g__OpenCore|214_1(NpgsqlConnector conn, SslMode sslMode, NpgsqlTimeout timeout, Boolean async, CancellationToken cancellationToken)&#xD;
   at Npgsql.Internal.NpgsqlConnector.Open(NpgsqlTimeout timeout, Boolean async, CancellationToken cancellationToken)&#xD;
   at Npgsql.PoolingDataSource.OpenNewConnector(NpgsqlConnection conn, NpgsqlTimeout timeout, Boolean async, CancellationToken cancellationToken)&#xD;
   at Npgsql.NpgsqlMultiHostDataSource.TryGetIdleOrNew(NpgsqlConnection conn, TimeSpan timeoutPerHost, Boolean async, TargetSessionAttributes preferredType, Func`3 stateValidator, Int32 poolIndex, IList`1 exceptions, CancellationToken cancellationToken)&#xD;
----- Inner Stack Trace -----&#xD;
   at System.Net.Sockets.Socket.AwaitableSocketAsyncEventArgs.ThrowException(SocketError error, CancellationToken cancellationToken)&#xD;
   at System.Net.Sockets.Socket.AwaitableSocketAsyncEventArgs.System.Threading.Tasks.Sources.IValueTaskSource.GetResult(Int16 token)&#xD;
   at System.Net.Sockets.Socket.&lt;ConnectAsync&gt;g__WaitForConnectWithCancellation|285_0(AwaitableSocketAsyncEventArgs saea, ValueTask connectTask, CancellationToken cancellationToken)&#xD;
   at Npgsql.TaskTimeoutAndCancellation.ExecuteAsync(Func`2 getTaskFunc, NpgsqlTimeout timeout, CancellationToken cancellationToken)&#xD;
   at Npgsql.Internal.NpgsqlConnector.ConnectAsync(NpgsqlTimeout timeout, CancellationToken cancellationToken)</StackTrace>
        </ErrorInfo>
      </Output>
    </UnitTestResult>
    <UnitTestResult executionId="2291b46f-c251-412b-91bb-aca250e8b7b8" testId="1c346ebd-48c9-6517-b87b-4610c27202cc" testName="AgeDigitalTwins.Test.QueryTests.QueryAsync_AdtQueryWithTop_ReturnsTwins" computerName="C3YHK9C3" duration="00:00:00.0010000" startTime="2025-07-16T11:12:03.1693393+02:00" endTime="2025-07-16T11:12:03.8640178+02:00" testType="13cdc9d9-ddb5-4fa4-a97d-d965ccfc6d4b" outcome="Failed" testListId="8c84fa94-04c1-424b-9868-57a2d4851a1d" relativeResultsDirectory="2291b46f-c251-412b-91bb-aca250e8b7b8">
      <Output>
        <ErrorInfo>
          <Message>Npgsql.PostgresException : 28P01: password authentication failed for user "app"</Message>
          <StackTrace>   at Npgsql.NpgsqlMultiHostDataSource.Get(NpgsqlConnection conn, NpgsqlTimeout timeout, Boolean async, CancellationToken cancellationToken)&#xD;
   at Npgsql.NpgsqlConnection.&lt;Open&gt;g__OpenAsync|42_0(Boolean async, CancellationToken cancellationToken)&#xD;
   at Npgsql.NpgsqlDataSource.OpenConnectionAsync(CancellationToken cancellationToken)&#xD;
   at Npgsql.NpgsqlDataSource.OpenConnectionAsync(CancellationToken cancellationToken)&#xD;
   at AgeDigitalTwins.Jobs.JobService.InitializeSchemaAsync() in C:\Users\NRaes\Dev\pg-age-digitaltwins\src\AgeDigitalTwins\Jobs\JobService.cs:line 438&#xD;
   at AgeDigitalTwins.Jobs.JobService..ctor(NpgsqlMultiHostDataSource dataSource, String graphName, ILogger logger) in C:\Users\NRaes\Dev\pg-age-digitaltwins\src\AgeDigitalTwins\Jobs\JobService.cs:line 37&#xD;
   at AgeDigitalTwins.AgeDigitalTwinsClient..ctor(NpgsqlMultiHostDataSource dataSource, AgeDigitalTwinsClientOptions options) in C:\Users\NRaes\Dev\pg-age-digitaltwins\src\AgeDigitalTwins\AgeDigitalTwinsClient.cs:line 61&#xD;
   at AgeDigitalTwins.Test.TestBase..ctor() in C:\Users\NRaes\Dev\pg-age-digitaltwins\src\AgeDigitalTwins.Test\TestBase.cs:line 29&#xD;
   at AgeDigitalTwins.Test.QueryTests..ctor()&#xD;
   at System.RuntimeType.CreateInstanceDefaultCtor(Boolean publicOnly, Boolean wrapExceptions)</StackTrace>
        </ErrorInfo>
      </Output>
    </UnitTestResult>
    <UnitTestResult executionId="5884429e-10d7-45b4-8e5d-f8b1847ca02e" testId="a752199f-945e-6ed3-5799-6945fbf051eb" testName="AgeDigitalTwins.Test.ModelsTests.CreateModels_ExistingModel_ThrowsModelAlreadyExists" computerName="C3YHK9C3" duration="00:00:00.0010000" startTime="2025-07-16T11:11:54.6731289+02:00" endTime="2025-07-16T11:11:58.7250677+02:00" testType="13cdc9d9-ddb5-4fa4-a97d-d965ccfc6d4b" outcome="Failed" testListId="8c84fa94-04c1-424b-9868-57a2d4851a1d" relativeResultsDirectory="5884429e-10d7-45b4-8e5d-f8b1847ca02e">
      <Output>
        <ErrorInfo>
          <Message>Npgsql.NpgsqlException : Unable to connect to a suitable host. Check inner exception for more details.&#xD;
---- System.AggregateException : One or more errors occurred. (Failed to connect to 127.0.0.1:5432)&#xD;
-------- Npgsql.NpgsqlException : Failed to connect to 127.0.0.1:5432&#xD;
------------ System.Net.Sockets.SocketException : No connection could be made because the target machine actively refused it.</Message>
          <StackTrace>   at Npgsql.NpgsqlMultiHostDataSource.Get(NpgsqlConnection conn, NpgsqlTimeout timeout, Boolean async, CancellationToken cancellationToken)&#xD;
   at Npgsql.NpgsqlConnection.&lt;Open&gt;g__OpenAsync|42_0(Boolean async, CancellationToken cancellationToken)&#xD;
   at Npgsql.NpgsqlDataSource.OpenConnectionAsync(CancellationToken cancellationToken)&#xD;
   at Npgsql.NpgsqlDataSource.OpenConnectionAsync(CancellationToken cancellationToken)&#xD;
   at AgeDigitalTwins.Jobs.JobService.InitializeSchemaAsync() in C:\Users\NRaes\Dev\pg-age-digitaltwins\src\AgeDigitalTwins\Jobs\JobService.cs:line 438&#xD;
   at AgeDigitalTwins.Jobs.JobService..ctor(NpgsqlMultiHostDataSource dataSource, String graphName, ILogger logger) in C:\Users\NRaes\Dev\pg-age-digitaltwins\src\AgeDigitalTwins\Jobs\JobService.cs:line 37&#xD;
   at AgeDigitalTwins.AgeDigitalTwinsClient..ctor(NpgsqlMultiHostDataSource dataSource, AgeDigitalTwinsClientOptions options) in C:\Users\NRaes\Dev\pg-age-digitaltwins\src\AgeDigitalTwins\AgeDigitalTwinsClient.cs:line 61&#xD;
   at AgeDigitalTwins.Test.TestBase..ctor() in C:\Users\NRaes\Dev\pg-age-digitaltwins\src\AgeDigitalTwins.Test\TestBase.cs:line 29&#xD;
   at AgeDigitalTwins.Test.ModelsTests..ctor()&#xD;
   at System.RuntimeType.CreateInstanceDefaultCtor(Boolean publicOnly, Boolean wrapExceptions)&#xD;
----- Inner Stack Trace -----&#xD;
&#xD;
----- Inner Stack Trace -----&#xD;
   at Npgsql.Internal.NpgsqlConnector.ConnectAsync(NpgsqlTimeout timeout, CancellationToken cancellationToken)&#xD;
   at Npgsql.Internal.NpgsqlConnector.RawOpen(SslMode sslMode, NpgsqlTimeout timeout, Boolean async, CancellationToken cancellationToken)&#xD;
   at Npgsql.Internal.NpgsqlConnector.&lt;Open&gt;g__OpenCore|214_1(NpgsqlConnector conn, SslMode sslMode, NpgsqlTimeout timeout, Boolean async, CancellationToken cancellationToken)&#xD;
   at Npgsql.Internal.NpgsqlConnector.Open(NpgsqlTimeout timeout, Boolean async, CancellationToken cancellationToken)&#xD;
   at Npgsql.PoolingDataSource.OpenNewConnector(NpgsqlConnection conn, NpgsqlTimeout timeout, Boolean async, CancellationToken cancellationToken)&#xD;
   at Npgsql.NpgsqlMultiHostDataSource.TryGetIdleOrNew(NpgsqlConnection conn, TimeSpan timeoutPerHost, Boolean async, TargetSessionAttributes preferredType, Func`3 stateValidator, Int32 poolIndex, IList`1 exceptions, CancellationToken cancellationToken)&#xD;
----- Inner Stack Trace -----&#xD;
   at System.Net.Sockets.Socket.AwaitableSocketAsyncEventArgs.ThrowException(SocketError error, CancellationToken cancellationToken)&#xD;
   at System.Net.Sockets.Socket.AwaitableSocketAsyncEventArgs.System.Threading.Tasks.Sources.IValueTaskSource.GetResult(Int16 token)&#xD;
   at System.Net.Sockets.Socket.&lt;ConnectAsync&gt;g__WaitForConnectWithCancellation|285_0(AwaitableSocketAsyncEventArgs saea, ValueTask connectTask, CancellationToken cancellationToken)&#xD;
   at Npgsql.TaskTimeoutAndCancellation.ExecuteAsync(Func`2 getTaskFunc, NpgsqlTimeout timeout, CancellationToken cancellationToken)&#xD;
   at Npgsql.Internal.NpgsqlConnector.ConnectAsync(NpgsqlTimeout timeout, CancellationToken cancellationToken)</StackTrace>
        </ErrorInfo>
      </Output>
    </UnitTestResult>
    <UnitTestResult executionId="78afc888-460c-41a8-8d32-80973180d871" testId="a70c90c6-0e25-3fde-4afc-a1026a6c5ba4" testName="AgeDigitalTwins.Test.DistributedLockingTests.TryAcquireJobLockAsync_ShouldSucceed_AfterLockExpires" computerName="C3YHK9C3" duration="00:00:00.0010000" startTime="2025-07-16T11:11:50.6086039+02:00" endTime="2025-07-16T11:11:54.6499896+02:00" testType="13cdc9d9-ddb5-4fa4-a97d-d965ccfc6d4b" outcome="Failed" testListId="8c84fa94-04c1-424b-9868-57a2d4851a1d" relativeResultsDirectory="78afc888-460c-41a8-8d32-80973180d871">
      <Output>
        <ErrorInfo>
          <Message>Npgsql.NpgsqlException : Unable to connect to a suitable host. Check inner exception for more details.&#xD;
---- System.AggregateException : One or more errors occurred. (Failed to connect to 127.0.0.1:5432)&#xD;
-------- Npgsql.NpgsqlException : Failed to connect to 127.0.0.1:5432&#xD;
------------ System.Net.Sockets.SocketException : No connection could be made because the target machine actively refused it.</Message>
          <StackTrace>   at Npgsql.NpgsqlMultiHostDataSource.Get(NpgsqlConnection conn, NpgsqlTimeout timeout, Boolean async, CancellationToken cancellationToken)&#xD;
   at Npgsql.NpgsqlConnection.&lt;Open&gt;g__OpenAsync|42_0(Boolean async, CancellationToken cancellationToken)&#xD;
   at Npgsql.NpgsqlDataSource.OpenConnectionAsync(CancellationToken cancellationToken)&#xD;
   at Npgsql.NpgsqlDataSource.OpenConnectionAsync(CancellationToken cancellationToken)&#xD;
   at AgeDigitalTwins.Jobs.JobService.InitializeSchemaAsync() in C:\Users\NRaes\Dev\pg-age-digitaltwins\src\AgeDigitalTwins\Jobs\JobService.cs:line 438&#xD;
   at AgeDigitalTwins.Jobs.JobService..ctor(NpgsqlMultiHostDataSource dataSource, String graphName, ILogger logger) in C:\Users\NRaes\Dev\pg-age-digitaltwins\src\AgeDigitalTwins\Jobs\JobService.cs:line 37&#xD;
   at AgeDigitalTwins.AgeDigitalTwinsClient..ctor(NpgsqlMultiHostDataSource dataSource, AgeDigitalTwinsClientOptions options) in C:\Users\NRaes\Dev\pg-age-digitaltwins\src\AgeDigitalTwins\AgeDigitalTwinsClient.cs:line 61&#xD;
   at AgeDigitalTwins.Test.TestBase..ctor() in C:\Users\NRaes\Dev\pg-age-digitaltwins\src\AgeDigitalTwins.Test\TestBase.cs:line 29&#xD;
   at AgeDigitalTwins.Test.DistributedLockingTests..ctor()&#xD;
   at System.RuntimeType.CreateInstanceDefaultCtor(Boolean publicOnly, Boolean wrapExceptions)&#xD;
----- Inner Stack Trace -----&#xD;
&#xD;
----- Inner Stack Trace -----&#xD;
   at Npgsql.Internal.NpgsqlConnector.ConnectAsync(NpgsqlTimeout timeout, CancellationToken cancellationToken)&#xD;
   at Npgsql.Internal.NpgsqlConnector.RawOpen(SslMode sslMode, NpgsqlTimeout timeout, Boolean async, CancellationToken cancellationToken)&#xD;
   at Npgsql.Internal.NpgsqlConnector.&lt;Open&gt;g__OpenCore|214_1(NpgsqlConnector conn, SslMode sslMode, NpgsqlTimeout timeout, Boolean async, CancellationToken cancellationToken)&#xD;
   at Npgsql.Internal.NpgsqlConnector.Open(NpgsqlTimeout timeout, Boolean async, CancellationToken cancellationToken)&#xD;
   at Npgsql.PoolingDataSource.OpenNewConnector(NpgsqlConnection conn, NpgsqlTimeout timeout, Boolean async, CancellationToken cancellationToken)&#xD;
   at Npgsql.NpgsqlMultiHostDataSource.TryGetIdleOrNew(NpgsqlConnection conn, TimeSpan timeoutPerHost, Boolean async, TargetSessionAttributes preferredType, Func`3 stateValidator, Int32 poolIndex, IList`1 exceptions, CancellationToken cancellationToken)&#xD;
----- Inner Stack Trace -----&#xD;
   at System.Net.Sockets.Socket.AwaitableSocketAsyncEventArgs.ThrowException(SocketError error, CancellationToken cancellationToken)&#xD;
   at System.Net.Sockets.Socket.AwaitableSocketAsyncEventArgs.System.Threading.Tasks.Sources.IValueTaskSource.GetResult(Int16 token)&#xD;
   at System.Net.Sockets.Socket.&lt;ConnectAsync&gt;g__WaitForConnectWithCancellation|285_0(AwaitableSocketAsyncEventArgs saea, ValueTask connectTask, CancellationToken cancellationToken)&#xD;
   at Npgsql.TaskTimeoutAndCancellation.ExecuteAsync(Func`2 getTaskFunc, NpgsqlTimeout timeout, CancellationToken cancellationToken)&#xD;
   at Npgsql.Internal.NpgsqlConnector.ConnectAsync(NpgsqlTimeout timeout, CancellationToken cancellationToken)</StackTrace>
        </ErrorInfo>
      </Output>
    </UnitTestResult>
    <UnitTestResult executionId="123b0887-ceb0-4caa-84e5-13e6eb09932b" testId="93d422de-7b4c-068d-1fda-c182bdbb73b9" testName="AgeDigitalTwins.Test.ImportJobTests.ImportAsync_WithContinueOnFailureEnabled_ShouldContinueProcessing" computerName="C3YHK9C3" duration="00:00:00.0010000" startTime="2025-07-16T11:11:46.5410748+02:00" endTime="2025-07-16T11:11:50.5972594+02:00" testType="13cdc9d9-ddb5-4fa4-a97d-d965ccfc6d4b" outcome="Failed" testListId="8c84fa94-04c1-424b-9868-57a2d4851a1d" relativeResultsDirectory="123b0887-ceb0-4caa-84e5-13e6eb09932b">
      <Output>
        <ErrorInfo>
          <Message>Npgsql.NpgsqlException : Unable to connect to a suitable host. Check inner exception for more details.&#xD;
---- System.AggregateException : One or more errors occurred. (Failed to connect to 127.0.0.1:5432)&#xD;
-------- Npgsql.NpgsqlException : Failed to connect to 127.0.0.1:5432&#xD;
------------ System.Net.Sockets.SocketException : No connection could be made because the target machine actively refused it.</Message>
          <StackTrace>   at Npgsql.NpgsqlMultiHostDataSource.Get(NpgsqlConnection conn, NpgsqlTimeout timeout, Boolean async, CancellationToken cancellationToken)&#xD;
   at Npgsql.NpgsqlConnection.&lt;Open&gt;g__OpenAsync|42_0(Boolean async, CancellationToken cancellationToken)&#xD;
   at Npgsql.NpgsqlDataSource.OpenConnectionAsync(CancellationToken cancellationToken)&#xD;
   at Npgsql.NpgsqlDataSource.OpenConnectionAsync(CancellationToken cancellationToken)&#xD;
   at AgeDigitalTwins.Jobs.JobService.InitializeSchemaAsync() in C:\Users\NRaes\Dev\pg-age-digitaltwins\src\AgeDigitalTwins\Jobs\JobService.cs:line 438&#xD;
   at AgeDigitalTwins.Jobs.JobService..ctor(NpgsqlMultiHostDataSource dataSource, String graphName, ILogger logger) in C:\Users\NRaes\Dev\pg-age-digitaltwins\src\AgeDigitalTwins\Jobs\JobService.cs:line 37&#xD;
   at AgeDigitalTwins.AgeDigitalTwinsClient..ctor(NpgsqlMultiHostDataSource dataSource, AgeDigitalTwinsClientOptions options) in C:\Users\NRaes\Dev\pg-age-digitaltwins\src\AgeDigitalTwins\AgeDigitalTwinsClient.cs:line 61&#xD;
   at AgeDigitalTwins.Test.TestBase..ctor() in C:\Users\NRaes\Dev\pg-age-digitaltwins\src\AgeDigitalTwins.Test\TestBase.cs:line 29&#xD;
   at AgeDigitalTwins.Test.ImportJobTests..ctor(ITestOutputHelper output) in C:\Users\NRaes\Dev\pg-age-digitaltwins\src\AgeDigitalTwins.Test\ImportJobTests.cs:line 16&#xD;
   at InvokeStub_ImportJobTests..ctor(Object, Span`1)&#xD;
   at System.Reflection.MethodBaseInvoker.InvokeWithOneArg(Object obj, BindingFlags invokeAttr, Binder binder, Object[] parameters, CultureInfo culture)&#xD;
----- Inner Stack Trace -----&#xD;
&#xD;
----- Inner Stack Trace -----&#xD;
   at Npgsql.Internal.NpgsqlConnector.ConnectAsync(NpgsqlTimeout timeout, CancellationToken cancellationToken)&#xD;
   at Npgsql.Internal.NpgsqlConnector.RawOpen(SslMode sslMode, NpgsqlTimeout timeout, Boolean async, CancellationToken cancellationToken)&#xD;
   at Npgsql.Internal.NpgsqlConnector.&lt;Open&gt;g__OpenCore|214_1(NpgsqlConnector conn, SslMode sslMode, NpgsqlTimeout timeout, Boolean async, CancellationToken cancellationToken)&#xD;
   at Npgsql.Internal.NpgsqlConnector.Open(NpgsqlTimeout timeout, Boolean async, CancellationToken cancellationToken)&#xD;
   at Npgsql.PoolingDataSource.OpenNewConnector(NpgsqlConnection conn, NpgsqlTimeout timeout, Boolean async, CancellationToken cancellationToken)&#xD;
   at Npgsql.NpgsqlMultiHostDataSource.TryGetIdleOrNew(NpgsqlConnection conn, TimeSpan timeoutPerHost, Boolean async, TargetSessionAttributes preferredType, Func`3 stateValidator, Int32 poolIndex, IList`1 exceptions, CancellationToken cancellationToken)&#xD;
----- Inner Stack Trace -----&#xD;
   at System.Net.Sockets.Socket.AwaitableSocketAsyncEventArgs.ThrowException(SocketError error, CancellationToken cancellationToken)&#xD;
   at System.Net.Sockets.Socket.AwaitableSocketAsyncEventArgs.System.Threading.Tasks.Sources.IValueTaskSource.GetResult(Int16 token)&#xD;
   at System.Net.Sockets.Socket.&lt;ConnectAsync&gt;g__WaitForConnectWithCancellation|285_0(AwaitableSocketAsyncEventArgs saea, ValueTask connectTask, CancellationToken cancellationToken)&#xD;
   at Npgsql.TaskTimeoutAndCancellation.ExecuteAsync(Func`2 getTaskFunc, NpgsqlTimeout timeout, CancellationToken cancellationToken)&#xD;
   at Npgsql.Internal.NpgsqlConnector.ConnectAsync(NpgsqlTimeout timeout, CancellationToken cancellationToken)</StackTrace>
        </ErrorInfo>
      </Output>
    </UnitTestResult>
    <UnitTestResult executionId="80b3edf5-b7a8-4713-8a68-1c200c101f3b" testId="c4f31492-bb58-7133-cfc8-1c3e39b5d198" testName="AgeDigitalTwins.Test.DistributedLockingTests.RenewJobLockHeartbeatAsync_ShouldFail_WhenLockIsNotOwned" computerName="C3YHK9C3" duration="00:00:00.0010000" startTime="2025-07-16T11:11:38.4406550+02:00" endTime="2025-07-16T11:11:42.4137183+02:00" testType="13cdc9d9-ddb5-4fa4-a97d-d965ccfc6d4b" outcome="Failed" testListId="8c84fa94-04c1-424b-9868-57a2d4851a1d" relativeResultsDirectory="80b3edf5-b7a8-4713-8a68-1c200c101f3b">
      <Output>
        <ErrorInfo>
          <Message>Npgsql.NpgsqlException : Unable to connect to a suitable host. Check inner exception for more details.&#xD;
---- System.AggregateException : One or more errors occurred. (Failed to connect to 127.0.0.1:5432)&#xD;
-------- Npgsql.NpgsqlException : Failed to connect to 127.0.0.1:5432&#xD;
------------ System.Net.Sockets.SocketException : No connection could be made because the target machine actively refused it.</Message>
          <StackTrace>   at Npgsql.NpgsqlMultiHostDataSource.Get(NpgsqlConnection conn, NpgsqlTimeout timeout, Boolean async, CancellationToken cancellationToken)&#xD;
   at Npgsql.NpgsqlConnection.&lt;Open&gt;g__OpenAsync|42_0(Boolean async, CancellationToken cancellationToken)&#xD;
   at Npgsql.NpgsqlDataSource.OpenConnectionAsync(CancellationToken cancellationToken)&#xD;
   at Npgsql.NpgsqlDataSource.OpenConnectionAsync(CancellationToken cancellationToken)&#xD;
   at AgeDigitalTwins.Jobs.JobService.InitializeSchemaAsync() in C:\Users\NRaes\Dev\pg-age-digitaltwins\src\AgeDigitalTwins\Jobs\JobService.cs:line 438&#xD;
   at AgeDigitalTwins.Jobs.JobService..ctor(NpgsqlMultiHostDataSource dataSource, String graphName, ILogger logger) in C:\Users\NRaes\Dev\pg-age-digitaltwins\src\AgeDigitalTwins\Jobs\JobService.cs:line 37&#xD;
   at AgeDigitalTwins.AgeDigitalTwinsClient..ctor(NpgsqlMultiHostDataSource dataSource, AgeDigitalTwinsClientOptions options) in C:\Users\NRaes\Dev\pg-age-digitaltwins\src\AgeDigitalTwins\AgeDigitalTwinsClient.cs:line 61&#xD;
   at AgeDigitalTwins.Test.TestBase..ctor() in C:\Users\NRaes\Dev\pg-age-digitaltwins\src\AgeDigitalTwins.Test\TestBase.cs:line 29&#xD;
   at AgeDigitalTwins.Test.DistributedLockingTests..ctor()&#xD;
   at System.RuntimeType.CreateInstanceDefaultCtor(Boolean publicOnly, Boolean wrapExceptions)&#xD;
----- Inner Stack Trace -----&#xD;
&#xD;
----- Inner Stack Trace -----&#xD;
   at Npgsql.Internal.NpgsqlConnector.ConnectAsync(NpgsqlTimeout timeout, CancellationToken cancellationToken)&#xD;
   at Npgsql.Internal.NpgsqlConnector.RawOpen(SslMode sslMode, NpgsqlTimeout timeout, Boolean async, CancellationToken cancellationToken)&#xD;
   at Npgsql.Internal.NpgsqlConnector.&lt;Open&gt;g__OpenCore|214_1(NpgsqlConnector conn, SslMode sslMode, NpgsqlTimeout timeout, Boolean async, CancellationToken cancellationToken)&#xD;
   at Npgsql.Internal.NpgsqlConnector.Open(NpgsqlTimeout timeout, Boolean async, CancellationToken cancellationToken)&#xD;
   at Npgsql.PoolingDataSource.OpenNewConnector(NpgsqlConnection conn, NpgsqlTimeout timeout, Boolean async, CancellationToken cancellationToken)&#xD;
   at Npgsql.NpgsqlMultiHostDataSource.TryGetIdleOrNew(NpgsqlConnection conn, TimeSpan timeoutPerHost, Boolean async, TargetSessionAttributes preferredType, Func`3 stateValidator, Int32 poolIndex, IList`1 exceptions, CancellationToken cancellationToken)&#xD;
----- Inner Stack Trace -----&#xD;
   at System.Net.Sockets.Socket.AwaitableSocketAsyncEventArgs.ThrowException(SocketError error, CancellationToken cancellationToken)&#xD;
   at System.Net.Sockets.Socket.AwaitableSocketAsyncEventArgs.System.Threading.Tasks.Sources.IValueTaskSource.GetResult(Int16 token)&#xD;
   at System.Net.Sockets.Socket.&lt;ConnectAsync&gt;g__WaitForConnectWithCancellation|285_0(AwaitableSocketAsyncEventArgs saea, ValueTask connectTask, CancellationToken cancellationToken)&#xD;
   at Npgsql.TaskTimeoutAndCancellation.ExecuteAsync(Func`2 getTaskFunc, NpgsqlTimeout timeout, CancellationToken cancellationToken)&#xD;
   at Npgsql.Internal.NpgsqlConnector.ConnectAsync(NpgsqlTimeout timeout, CancellationToken cancellationToken)</StackTrace>
        </ErrorInfo>
      </Output>
    </UnitTestResult>
    <UnitTestResult executionId="3f19bd6f-cb39-4aad-a2d4-381f531491f2" testId="4e724b27-1485-92f4-f7f4-e53ad14fdf61" testName="AgeDigitalTwins.Test.DigitalTwinsTests.CreateOrReplaceDigitalTwinAsync_InvalidModel_ThrowsModelNotFoundException" computerName="C3YHK9C3" duration="00:00:00.0010000" startTime="2025-07-16T11:12:05.1922050+02:00" endTime="2025-07-16T11:12:05.8446003+02:00" testType="13cdc9d9-ddb5-4fa4-a97d-d965ccfc6d4b" outcome="Failed" testListId="8c84fa94-04c1-424b-9868-57a2d4851a1d" relativeResultsDirectory="3f19bd6f-cb39-4aad-a2d4-381f531491f2">
      <Output>
        <ErrorInfo>
          <Message>Npgsql.PostgresException : 28P01: password authentication failed for user "app"</Message>
          <StackTrace>   at Npgsql.NpgsqlMultiHostDataSource.Get(NpgsqlConnection conn, NpgsqlTimeout timeout, Boolean async, CancellationToken cancellationToken)&#xD;
   at Npgsql.NpgsqlConnection.&lt;Open&gt;g__OpenAsync|42_0(Boolean async, CancellationToken cancellationToken)&#xD;
   at Npgsql.NpgsqlDataSource.OpenConnectionAsync(CancellationToken cancellationToken)&#xD;
   at Npgsql.NpgsqlDataSource.OpenConnectionAsync(CancellationToken cancellationToken)&#xD;
   at AgeDigitalTwins.Jobs.JobService.InitializeSchemaAsync() in C:\Users\NRaes\Dev\pg-age-digitaltwins\src\AgeDigitalTwins\Jobs\JobService.cs:line 438&#xD;
   at AgeDigitalTwins.Jobs.JobService..ctor(NpgsqlMultiHostDataSource dataSource, String graphName, ILogger logger) in C:\Users\NRaes\Dev\pg-age-digitaltwins\src\AgeDigitalTwins\Jobs\JobService.cs:line 37&#xD;
   at AgeDigitalTwins.AgeDigitalTwinsClient..ctor(NpgsqlMultiHostDataSource dataSource, AgeDigitalTwinsClientOptions options) in C:\Users\NRaes\Dev\pg-age-digitaltwins\src\AgeDigitalTwins\AgeDigitalTwinsClient.cs:line 61&#xD;
   at AgeDigitalTwins.Test.TestBase..ctor() in C:\Users\NRaes\Dev\pg-age-digitaltwins\src\AgeDigitalTwins.Test\TestBase.cs:line 29&#xD;
   at AgeDigitalTwins.Test.DigitalTwinsTests..ctor(ITestOutputHelper output) in C:\Users\NRaes\Dev\pg-age-digitaltwins\src\AgeDigitalTwins.Test\DigitalTwinsTests.cs:line 16&#xD;
   at InvokeStub_DigitalTwinsTests..ctor(Object, Span`1)&#xD;
   at System.Reflection.MethodBaseInvoker.InvokeWithOneArg(Object obj, BindingFlags invokeAttr, Binder binder, Object[] parameters, CultureInfo culture)</StackTrace>
        </ErrorInfo>
      </Output>
    </UnitTestResult>
    <UnitTestResult executionId="c2b9041c-3ca0-4e04-8b87-6c9923c9baae" testId="44b036d7-5a6e-87c1-5032-7c481258b980" testName="AgeDigitalTwins.Test.DistributedLockingTests.RenewJobLockHeartbeatAsync_ShouldSucceed_WhenLockIsOwnedByCurrentInstance" computerName="C3YHK9C3" duration="00:00:00.0010000" startTime="2025-07-16T11:11:32.5665263+02:00" endTime="2025-07-16T11:11:38.3271240+02:00" testType="13cdc9d9-ddb5-4fa4-a97d-d965ccfc6d4b" outcome="Failed" testListId="8c84fa94-04c1-424b-9868-57a2d4851a1d" relativeResultsDirectory="c2b9041c-3ca0-4e04-8b87-6c9923c9baae">
      <Output>
        <ErrorInfo>
          <Message>Npgsql.NpgsqlException : Unable to connect to a suitable host. Check inner exception for more details.&#xD;
---- System.AggregateException : One or more errors occurred. (Failed to connect to 127.0.0.1:5432)&#xD;
-------- Npgsql.NpgsqlException : Failed to connect to 127.0.0.1:5432&#xD;
------------ System.Net.Sockets.SocketException : No connection could be made because the target machine actively refused it.</Message>
          <StackTrace>   at Npgsql.NpgsqlMultiHostDataSource.Get(NpgsqlConnection conn, NpgsqlTimeout timeout, Boolean async, CancellationToken cancellationToken)&#xD;
   at Npgsql.NpgsqlConnection.&lt;Open&gt;g__OpenAsync|42_0(Boolean async, CancellationToken cancellationToken)&#xD;
   at Npgsql.NpgsqlDataSource.OpenConnectionAsync(CancellationToken cancellationToken)&#xD;
   at Npgsql.NpgsqlDataSource.OpenConnectionAsync(CancellationToken cancellationToken)&#xD;
   at AgeDigitalTwins.Jobs.JobService.InitializeSchemaAsync() in C:\Users\NRaes\Dev\pg-age-digitaltwins\src\AgeDigitalTwins\Jobs\JobService.cs:line 438&#xD;
   at AgeDigitalTwins.Jobs.JobService..ctor(NpgsqlMultiHostDataSource dataSource, String graphName, ILogger logger) in C:\Users\NRaes\Dev\pg-age-digitaltwins\src\AgeDigitalTwins\Jobs\JobService.cs:line 37&#xD;
   at AgeDigitalTwins.AgeDigitalTwinsClient..ctor(NpgsqlMultiHostDataSource dataSource, AgeDigitalTwinsClientOptions options) in C:\Users\NRaes\Dev\pg-age-digitaltwins\src\AgeDigitalTwins\AgeDigitalTwinsClient.cs:line 61&#xD;
   at AgeDigitalTwins.Test.TestBase..ctor() in C:\Users\NRaes\Dev\pg-age-digitaltwins\src\AgeDigitalTwins.Test\TestBase.cs:line 29&#xD;
   at AgeDigitalTwins.Test.DistributedLockingTests..ctor()&#xD;
   at System.RuntimeType.CreateInstanceDefaultCtor(Boolean publicOnly, Boolean wrapExceptions)&#xD;
----- Inner Stack Trace -----&#xD;
&#xD;
----- Inner Stack Trace -----&#xD;
   at Npgsql.Internal.NpgsqlConnector.ConnectAsync(NpgsqlTimeout timeout, CancellationToken cancellationToken)&#xD;
   at Npgsql.Internal.NpgsqlConnector.RawOpen(SslMode sslMode, NpgsqlTimeout timeout, Boolean async, CancellationToken cancellationToken)&#xD;
   at Npgsql.Internal.NpgsqlConnector.&lt;Open&gt;g__OpenCore|214_1(NpgsqlConnector conn, SslMode sslMode, NpgsqlTimeout timeout, Boolean async, CancellationToken cancellationToken)&#xD;
   at Npgsql.Internal.NpgsqlConnector.Open(NpgsqlTimeout timeout, Boolean async, CancellationToken cancellationToken)&#xD;
   at Npgsql.PoolingDataSource.OpenNewConnector(NpgsqlConnection conn, NpgsqlTimeout timeout, Boolean async, CancellationToken cancellationToken)&#xD;
   at Npgsql.NpgsqlMultiHostDataSource.TryGetIdleOrNew(NpgsqlConnection conn, TimeSpan timeoutPerHost, Boolean async, TargetSessionAttributes preferredType, Func`3 stateValidator, Int32 poolIndex, IList`1 exceptions, CancellationToken cancellationToken)&#xD;
----- Inner Stack Trace -----&#xD;
   at System.Net.Sockets.Socket.AwaitableSocketAsyncEventArgs.ThrowException(SocketError error, CancellationToken cancellationToken)&#xD;
   at System.Net.Sockets.Socket.AwaitableSocketAsyncEventArgs.System.Threading.Tasks.Sources.IValueTaskSource.GetResult(Int16 token)&#xD;
   at System.Net.Sockets.Socket.&lt;ConnectAsync&gt;g__WaitForConnectWithCancellation|285_0(AwaitableSocketAsyncEventArgs saea, ValueTask connectTask, CancellationToken cancellationToken)&#xD;
   at Npgsql.TaskTimeoutAndCancellation.ExecuteAsync(Func`2 getTaskFunc, NpgsqlTimeout timeout, CancellationToken cancellationToken)&#xD;
   at Npgsql.Internal.NpgsqlConnector.ConnectAsync(NpgsqlTimeout timeout, CancellationToken cancellationToken)</StackTrace>
        </ErrorInfo>
      </Output>
    </UnitTestResult>
    <UnitTestResult executionId="4d3cd7c4-9a2d-4711-a954-ceae203c667c" testId="19dab690-5ddd-30f6-3906-1bdc83fa703b" testName="AgeDigitalTwins.Test.ImportJobSystemTests.CancelImportJob_ShouldReturnTrue_WhenJobExists" computerName="C3YHK9C3" duration="00:00:00.0010000" startTime="2025-07-16T11:11:46.5368401+02:00" endTime="2025-07-16T11:11:50.6086846+02:00" testType="13cdc9d9-ddb5-4fa4-a97d-d965ccfc6d4b" outcome="Failed" testListId="8c84fa94-04c1-424b-9868-57a2d4851a1d" relativeResultsDirectory="4d3cd7c4-9a2d-4711-a954-ceae203c667c">
      <Output>
        <ErrorInfo>
          <Message>Npgsql.NpgsqlException : Unable to connect to a suitable host. Check inner exception for more details.&#xD;
---- System.AggregateException : One or more errors occurred. (Failed to connect to 127.0.0.1:5432)&#xD;
-------- Npgsql.NpgsqlException : Failed to connect to 127.0.0.1:5432&#xD;
------------ System.Net.Sockets.SocketException : No connection could be made because the target machine actively refused it.</Message>
          <StackTrace>   at Npgsql.NpgsqlMultiHostDataSource.Get(NpgsqlConnection conn, NpgsqlTimeout timeout, Boolean async, CancellationToken cancellationToken)&#xD;
   at Npgsql.NpgsqlConnection.&lt;Open&gt;g__OpenAsync|42_0(Boolean async, CancellationToken cancellationToken)&#xD;
   at Npgsql.NpgsqlDataSource.OpenConnectionAsync(CancellationToken cancellationToken)&#xD;
   at Npgsql.NpgsqlDataSource.OpenConnectionAsync(CancellationToken cancellationToken)&#xD;
   at AgeDigitalTwins.Jobs.JobService.InitializeSchemaAsync() in C:\Users\NRaes\Dev\pg-age-digitaltwins\src\AgeDigitalTwins\Jobs\JobService.cs:line 438&#xD;
   at AgeDigitalTwins.Jobs.JobService..ctor(NpgsqlMultiHostDataSource dataSource, String graphName, ILogger logger) in C:\Users\NRaes\Dev\pg-age-digitaltwins\src\AgeDigitalTwins\Jobs\JobService.cs:line 37&#xD;
   at AgeDigitalTwins.AgeDigitalTwinsClient..ctor(NpgsqlMultiHostDataSource dataSource, AgeDigitalTwinsClientOptions options) in C:\Users\NRaes\Dev\pg-age-digitaltwins\src\AgeDigitalTwins\AgeDigitalTwinsClient.cs:line 61&#xD;
   at AgeDigitalTwins.Test.TestBase..ctor() in C:\Users\NRaes\Dev\pg-age-digitaltwins\src\AgeDigitalTwins.Test\TestBase.cs:line 29&#xD;
   at AgeDigitalTwins.Test.ImportJobSystemTests..ctor(ITestOutputHelper output) in C:\Users\NRaes\Dev\pg-age-digitaltwins\src\AgeDigitalTwins.Test\JobServiceTests.cs:line 34&#xD;
   at InvokeStub_ImportJobSystemTests..ctor(Object, Span`1)&#xD;
   at System.Reflection.MethodBaseInvoker.InvokeWithOneArg(Object obj, BindingFlags invokeAttr, Binder binder, Object[] parameters, CultureInfo culture)&#xD;
----- Inner Stack Trace -----&#xD;
&#xD;
----- Inner Stack Trace -----&#xD;
   at Npgsql.Internal.NpgsqlConnector.ConnectAsync(NpgsqlTimeout timeout, CancellationToken cancellationToken)&#xD;
   at Npgsql.Internal.NpgsqlConnector.RawOpen(SslMode sslMode, NpgsqlTimeout timeout, Boolean async, CancellationToken cancellationToken)&#xD;
   at Npgsql.Internal.NpgsqlConnector.&lt;Open&gt;g__OpenCore|214_1(NpgsqlConnector conn, SslMode sslMode, NpgsqlTimeout timeout, Boolean async, CancellationToken cancellationToken)&#xD;
   at Npgsql.Internal.NpgsqlConnector.Open(NpgsqlTimeout timeout, Boolean async, CancellationToken cancellationToken)&#xD;
   at Npgsql.PoolingDataSource.OpenNewConnector(NpgsqlConnection conn, NpgsqlTimeout timeout, Boolean async, CancellationToken cancellationToken)&#xD;
   at Npgsql.NpgsqlMultiHostDataSource.TryGetIdleOrNew(NpgsqlConnection conn, TimeSpan timeoutPerHost, Boolean async, TargetSessionAttributes preferredType, Func`3 stateValidator, Int32 poolIndex, IList`1 exceptions, CancellationToken cancellationToken)&#xD;
----- Inner Stack Trace -----&#xD;
   at System.Net.Sockets.Socket.AwaitableSocketAsyncEventArgs.ThrowException(SocketError error, CancellationToken cancellationToken)&#xD;
   at System.Net.Sockets.Socket.AwaitableSocketAsyncEventArgs.System.Threading.Tasks.Sources.IValueTaskSource.GetResult(Int16 token)&#xD;
   at System.Net.Sockets.Socket.&lt;ConnectAsync&gt;g__WaitForConnectWithCancellation|285_0(AwaitableSocketAsyncEventArgs saea, ValueTask connectTask, CancellationToken cancellationToken)&#xD;
   at Npgsql.TaskTimeoutAndCancellation.ExecuteAsync(Func`2 getTaskFunc, NpgsqlTimeout timeout, CancellationToken cancellationToken)&#xD;
   at Npgsql.Internal.NpgsqlConnector.ConnectAsync(NpgsqlTimeout timeout, CancellationToken cancellationToken)</StackTrace>
        </ErrorInfo>
      </Output>
    </UnitTestResult>
    <UnitTestResult executionId="31201099-29e5-4b61-952e-fde791c8d420" testId="f6d0841d-d089-d615-2e3a-b4f34b4778bd" testName="AgeDigitalTwins.Test.QueryTests.QueryAsync_AdtQueryWithCount_ReturnsCount" computerName="C3YHK9C3" duration="00:00:00.0010000" startTime="2025-07-16T11:12:08.3069091+02:00" endTime="2025-07-16T11:12:08.9105711+02:00" testType="13cdc9d9-ddb5-4fa4-a97d-d965ccfc6d4b" outcome="Failed" testListId="8c84fa94-04c1-424b-9868-57a2d4851a1d" relativeResultsDirectory="31201099-29e5-4b61-952e-fde791c8d420">
      <Output>
        <ErrorInfo>
          <Message>Npgsql.PostgresException : 28P01: password authentication failed for user "app"</Message>
          <StackTrace>   at Npgsql.NpgsqlMultiHostDataSource.Get(NpgsqlConnection conn, NpgsqlTimeout timeout, Boolean async, CancellationToken cancellationToken)&#xD;
   at Npgsql.NpgsqlConnection.&lt;Open&gt;g__OpenAsync|42_0(Boolean async, CancellationToken cancellationToken)&#xD;
   at Npgsql.NpgsqlDataSource.OpenConnectionAsync(CancellationToken cancellationToken)&#xD;
   at Npgsql.NpgsqlDataSource.OpenConnectionAsync(CancellationToken cancellationToken)&#xD;
   at AgeDigitalTwins.Jobs.JobService.InitializeSchemaAsync() in C:\Users\NRaes\Dev\pg-age-digitaltwins\src\AgeDigitalTwins\Jobs\JobService.cs:line 438&#xD;
   at AgeDigitalTwins.Jobs.JobService..ctor(NpgsqlMultiHostDataSource dataSource, String graphName, ILogger logger) in C:\Users\NRaes\Dev\pg-age-digitaltwins\src\AgeDigitalTwins\Jobs\JobService.cs:line 37&#xD;
   at AgeDigitalTwins.AgeDigitalTwinsClient..ctor(NpgsqlMultiHostDataSource dataSource, AgeDigitalTwinsClientOptions options) in C:\Users\NRaes\Dev\pg-age-digitaltwins\src\AgeDigitalTwins\AgeDigitalTwinsClient.cs:line 61&#xD;
   at AgeDigitalTwins.Test.TestBase..ctor() in C:\Users\NRaes\Dev\pg-age-digitaltwins\src\AgeDigitalTwins.Test\TestBase.cs:line 29&#xD;
   at AgeDigitalTwins.Test.QueryTests..ctor()&#xD;
   at System.RuntimeType.CreateInstanceDefaultCtor(Boolean publicOnly, Boolean wrapExceptions)</StackTrace>
        </ErrorInfo>
      </Output>
    </UnitTestResult>
    <UnitTestResult executionId="3e15bab6-26a6-4d42-993d-46dd16b04ddd" testId="6cb209d9-8418-ba50-637a-a29eb5b2b0ea" testName="AgeDigitalTwins.Test.DigitalTwinsTests.Benchmark_UpdateDigitalTwinAsync" computerName="C3YHK9C3" duration="00:00:00.0010000" startTime="2025-07-16T11:11:46.5103917+02:00" endTime="2025-07-16T11:11:50.5871516+02:00" testType="13cdc9d9-ddb5-4fa4-a97d-d965ccfc6d4b" outcome="Failed" testListId="8c84fa94-04c1-424b-9868-57a2d4851a1d" relativeResultsDirectory="3e15bab6-26a6-4d42-993d-46dd16b04ddd">
      <Output>
        <ErrorInfo>
          <Message>Npgsql.NpgsqlException : Unable to connect to a suitable host. Check inner exception for more details.&#xD;
---- System.AggregateException : One or more errors occurred. (Failed to connect to 127.0.0.1:5432)&#xD;
-------- Npgsql.NpgsqlException : Failed to connect to 127.0.0.1:5432&#xD;
------------ System.Net.Sockets.SocketException : No connection could be made because the target machine actively refused it.</Message>
          <StackTrace>   at Npgsql.NpgsqlMultiHostDataSource.Get(NpgsqlConnection conn, NpgsqlTimeout timeout, Boolean async, CancellationToken cancellationToken)&#xD;
   at Npgsql.NpgsqlConnection.&lt;Open&gt;g__OpenAsync|42_0(Boolean async, CancellationToken cancellationToken)&#xD;
   at Npgsql.NpgsqlDataSource.OpenConnectionAsync(CancellationToken cancellationToken)&#xD;
   at Npgsql.NpgsqlDataSource.OpenConnectionAsync(CancellationToken cancellationToken)&#xD;
   at AgeDigitalTwins.Jobs.JobService.InitializeSchemaAsync() in C:\Users\NRaes\Dev\pg-age-digitaltwins\src\AgeDigitalTwins\Jobs\JobService.cs:line 438&#xD;
   at AgeDigitalTwins.Jobs.JobService..ctor(NpgsqlMultiHostDataSource dataSource, String graphName, ILogger logger) in C:\Users\NRaes\Dev\pg-age-digitaltwins\src\AgeDigitalTwins\Jobs\JobService.cs:line 37&#xD;
   at AgeDigitalTwins.AgeDigitalTwinsClient..ctor(NpgsqlMultiHostDataSource dataSource, AgeDigitalTwinsClientOptions options) in C:\Users\NRaes\Dev\pg-age-digitaltwins\src\AgeDigitalTwins\AgeDigitalTwinsClient.cs:line 61&#xD;
   at AgeDigitalTwins.Test.TestBase..ctor() in C:\Users\NRaes\Dev\pg-age-digitaltwins\src\AgeDigitalTwins.Test\TestBase.cs:line 29&#xD;
   at AgeDigitalTwins.Test.DigitalTwinsTests..ctor(ITestOutputHelper output) in C:\Users\NRaes\Dev\pg-age-digitaltwins\src\AgeDigitalTwins.Test\DigitalTwinsTests.cs:line 16&#xD;
   at InvokeStub_DigitalTwinsTests..ctor(Object, Span`1)&#xD;
   at System.Reflection.MethodBaseInvoker.InvokeWithOneArg(Object obj, BindingFlags invokeAttr, Binder binder, Object[] parameters, CultureInfo culture)&#xD;
----- Inner Stack Trace -----&#xD;
&#xD;
----- Inner Stack Trace -----&#xD;
   at Npgsql.Internal.NpgsqlConnector.ConnectAsync(NpgsqlTimeout timeout, CancellationToken cancellationToken)&#xD;
   at Npgsql.Internal.NpgsqlConnector.RawOpen(SslMode sslMode, NpgsqlTimeout timeout, Boolean async, CancellationToken cancellationToken)&#xD;
   at Npgsql.Internal.NpgsqlConnector.&lt;Open&gt;g__OpenCore|214_1(NpgsqlConnector conn, SslMode sslMode, NpgsqlTimeout timeout, Boolean async, CancellationToken cancellationToken)&#xD;
   at Npgsql.Internal.NpgsqlConnector.Open(NpgsqlTimeout timeout, Boolean async, CancellationToken cancellationToken)&#xD;
   at Npgsql.PoolingDataSource.OpenNewConnector(NpgsqlConnection conn, NpgsqlTimeout timeout, Boolean async, CancellationToken cancellationToken)&#xD;
   at Npgsql.NpgsqlMultiHostDataSource.TryGetIdleOrNew(NpgsqlConnection conn, TimeSpan timeoutPerHost, Boolean async, TargetSessionAttributes preferredType, Func`3 stateValidator, Int32 poolIndex, IList`1 exceptions, CancellationToken cancellationToken)&#xD;
----- Inner Stack Trace -----&#xD;
   at System.Net.Sockets.Socket.AwaitableSocketAsyncEventArgs.ThrowException(SocketError error, CancellationToken cancellationToken)&#xD;
   at System.Net.Sockets.Socket.AwaitableSocketAsyncEventArgs.System.Threading.Tasks.Sources.IValueTaskSource.GetResult(Int16 token)&#xD;
   at System.Net.Sockets.Socket.&lt;ConnectAsync&gt;g__WaitForConnectWithCancellation|285_0(AwaitableSocketAsyncEventArgs saea, ValueTask connectTask, CancellationToken cancellationToken)&#xD;
   at Npgsql.TaskTimeoutAndCancellation.ExecuteAsync(Func`2 getTaskFunc, NpgsqlTimeout timeout, CancellationToken cancellationToken)&#xD;
   at Npgsql.Internal.NpgsqlConnector.ConnectAsync(NpgsqlTimeout timeout, CancellationToken cancellationToken)</StackTrace>
        </ErrorInfo>
      </Output>
    </UnitTestResult>
    <UnitTestResult executionId="9b63b096-adcc-4d5f-9841-dcdf1acd542c" testId="a8009b7a-4a9b-52d8-47f7-83e7fd3dcc42" testName="AgeDigitalTwins.Test.QueryTests.QueryAsync_Pagination_HandlesSmallerLimitInQuery" computerName="C3YHK9C3" duration="00:00:00.0010000" startTime="2025-07-16T11:11:32.5665878+02:00" endTime="2025-07-16T11:11:38.3843054+02:00" testType="13cdc9d9-ddb5-4fa4-a97d-d965ccfc6d4b" outcome="Failed" testListId="8c84fa94-04c1-424b-9868-57a2d4851a1d" relativeResultsDirectory="9b63b096-adcc-4d5f-9841-dcdf1acd542c">
      <Output>
        <ErrorInfo>
          <Message>Npgsql.NpgsqlException : Unable to connect to a suitable host. Check inner exception for more details.&#xD;
---- System.AggregateException : One or more errors occurred. (Failed to connect to 127.0.0.1:5432)&#xD;
-------- Npgsql.NpgsqlException : Failed to connect to 127.0.0.1:5432&#xD;
------------ System.Net.Sockets.SocketException : No connection could be made because the target machine actively refused it.</Message>
          <StackTrace>   at Npgsql.NpgsqlMultiHostDataSource.Get(NpgsqlConnection conn, NpgsqlTimeout timeout, Boolean async, CancellationToken cancellationToken)&#xD;
   at Npgsql.NpgsqlConnection.&lt;Open&gt;g__OpenAsync|42_0(Boolean async, CancellationToken cancellationToken)&#xD;
   at Npgsql.NpgsqlDataSource.OpenConnectionAsync(CancellationToken cancellationToken)&#xD;
   at Npgsql.NpgsqlDataSource.OpenConnectionAsync(CancellationToken cancellationToken)&#xD;
   at AgeDigitalTwins.Jobs.JobService.InitializeSchemaAsync() in C:\Users\NRaes\Dev\pg-age-digitaltwins\src\AgeDigitalTwins\Jobs\JobService.cs:line 438&#xD;
   at AgeDigitalTwins.Jobs.JobService..ctor(NpgsqlMultiHostDataSource dataSource, String graphName, ILogger logger) in C:\Users\NRaes\Dev\pg-age-digitaltwins\src\AgeDigitalTwins\Jobs\JobService.cs:line 37&#xD;
   at AgeDigitalTwins.AgeDigitalTwinsClient..ctor(NpgsqlMultiHostDataSource dataSource, AgeDigitalTwinsClientOptions options) in C:\Users\NRaes\Dev\pg-age-digitaltwins\src\AgeDigitalTwins\AgeDigitalTwinsClient.cs:line 61&#xD;
   at AgeDigitalTwins.Test.TestBase..ctor() in C:\Users\NRaes\Dev\pg-age-digitaltwins\src\AgeDigitalTwins.Test\TestBase.cs:line 29&#xD;
   at AgeDigitalTwins.Test.QueryTests..ctor()&#xD;
   at System.RuntimeType.CreateInstanceDefaultCtor(Boolean publicOnly, Boolean wrapExceptions)&#xD;
----- Inner Stack Trace -----&#xD;
&#xD;
----- Inner Stack Trace -----&#xD;
   at Npgsql.Internal.NpgsqlConnector.ConnectAsync(NpgsqlTimeout timeout, CancellationToken cancellationToken)&#xD;
   at Npgsql.Internal.NpgsqlConnector.RawOpen(SslMode sslMode, NpgsqlTimeout timeout, Boolean async, CancellationToken cancellationToken)&#xD;
   at Npgsql.Internal.NpgsqlConnector.&lt;Open&gt;g__OpenCore|214_1(NpgsqlConnector conn, SslMode sslMode, NpgsqlTimeout timeout, Boolean async, CancellationToken cancellationToken)&#xD;
   at Npgsql.Internal.NpgsqlConnector.Open(NpgsqlTimeout timeout, Boolean async, CancellationToken cancellationToken)&#xD;
   at Npgsql.PoolingDataSource.OpenNewConnector(NpgsqlConnection conn, NpgsqlTimeout timeout, Boolean async, CancellationToken cancellationToken)&#xD;
   at Npgsql.NpgsqlMultiHostDataSource.TryGetIdleOrNew(NpgsqlConnection conn, TimeSpan timeoutPerHost, Boolean async, TargetSessionAttributes preferredType, Func`3 stateValidator, Int32 poolIndex, IList`1 exceptions, CancellationToken cancellationToken)&#xD;
----- Inner Stack Trace -----&#xD;
   at System.Net.Sockets.Socket.AwaitableSocketAsyncEventArgs.ThrowException(SocketError error, CancellationToken cancellationToken)&#xD;
   at System.Net.Sockets.Socket.AwaitableSocketAsyncEventArgs.System.Threading.Tasks.Sources.IValueTaskSource.GetResult(Int16 token)&#xD;
   at System.Net.Sockets.Socket.&lt;ConnectAsync&gt;g__WaitForConnectWithCancellation|285_0(AwaitableSocketAsyncEventArgs saea, ValueTask connectTask, CancellationToken cancellationToken)&#xD;
   at Npgsql.TaskTimeoutAndCancellation.ExecuteAsync(Func`2 getTaskFunc, NpgsqlTimeout timeout, CancellationToken cancellationToken)&#xD;
   at Npgsql.Internal.NpgsqlConnector.ConnectAsync(NpgsqlTimeout timeout, CancellationToken cancellationToken)</StackTrace>
        </ErrorInfo>
      </Output>
    </UnitTestResult>
    <UnitTestResult executionId="503414af-0368-432e-8d24-53fff1aa5532" testId="f0d61abb-433e-2115-155f-c6b426f92f1f" testName="AgeDigitalTwins.Test.QueryTests.QueryAsync_SimpleAdtQueryWithUnderscore_ReturnsTwins" computerName="C3YHK9C3" duration="00:00:00.0010000" startTime="2025-07-16T11:11:46.5295277+02:00" endTime="2025-07-16T11:11:50.5939125+02:00" testType="13cdc9d9-ddb5-4fa4-a97d-d965ccfc6d4b" outcome="Failed" testListId="8c84fa94-04c1-424b-9868-57a2d4851a1d" relativeResultsDirectory="503414af-0368-432e-8d24-53fff1aa5532">
      <Output>
        <ErrorInfo>
          <Message>Npgsql.NpgsqlException : Unable to connect to a suitable host. Check inner exception for more details.&#xD;
---- System.AggregateException : One or more errors occurred. (Failed to connect to 127.0.0.1:5432)&#xD;
-------- Npgsql.NpgsqlException : Failed to connect to 127.0.0.1:5432&#xD;
------------ System.Net.Sockets.SocketException : No connection could be made because the target machine actively refused it.</Message>
          <StackTrace>   at Npgsql.NpgsqlMultiHostDataSource.Get(NpgsqlConnection conn, NpgsqlTimeout timeout, Boolean async, CancellationToken cancellationToken)&#xD;
   at Npgsql.NpgsqlConnection.&lt;Open&gt;g__OpenAsync|42_0(Boolean async, CancellationToken cancellationToken)&#xD;
   at Npgsql.NpgsqlDataSource.OpenConnectionAsync(CancellationToken cancellationToken)&#xD;
   at Npgsql.NpgsqlDataSource.OpenConnectionAsync(CancellationToken cancellationToken)&#xD;
   at AgeDigitalTwins.Jobs.JobService.InitializeSchemaAsync() in C:\Users\NRaes\Dev\pg-age-digitaltwins\src\AgeDigitalTwins\Jobs\JobService.cs:line 438&#xD;
   at AgeDigitalTwins.Jobs.JobService..ctor(NpgsqlMultiHostDataSource dataSource, String graphName, ILogger logger) in C:\Users\NRaes\Dev\pg-age-digitaltwins\src\AgeDigitalTwins\Jobs\JobService.cs:line 37&#xD;
   at AgeDigitalTwins.AgeDigitalTwinsClient..ctor(NpgsqlMultiHostDataSource dataSource, AgeDigitalTwinsClientOptions options) in C:\Users\NRaes\Dev\pg-age-digitaltwins\src\AgeDigitalTwins\AgeDigitalTwinsClient.cs:line 61&#xD;
   at AgeDigitalTwins.Test.TestBase..ctor() in C:\Users\NRaes\Dev\pg-age-digitaltwins\src\AgeDigitalTwins.Test\TestBase.cs:line 29&#xD;
   at AgeDigitalTwins.Test.QueryTests..ctor()&#xD;
   at System.RuntimeType.CreateInstanceDefaultCtor(Boolean publicOnly, Boolean wrapExceptions)&#xD;
----- Inner Stack Trace -----&#xD;
&#xD;
----- Inner Stack Trace -----&#xD;
   at Npgsql.Internal.NpgsqlConnector.ConnectAsync(NpgsqlTimeout timeout, CancellationToken cancellationToken)&#xD;
   at Npgsql.Internal.NpgsqlConnector.RawOpen(SslMode sslMode, NpgsqlTimeout timeout, Boolean async, CancellationToken cancellationToken)&#xD;
   at Npgsql.Internal.NpgsqlConnector.&lt;Open&gt;g__OpenCore|214_1(NpgsqlConnector conn, SslMode sslMode, NpgsqlTimeout timeout, Boolean async, CancellationToken cancellationToken)&#xD;
   at Npgsql.Internal.NpgsqlConnector.Open(NpgsqlTimeout timeout, Boolean async, CancellationToken cancellationToken)&#xD;
   at Npgsql.PoolingDataSource.OpenNewConnector(NpgsqlConnection conn, NpgsqlTimeout timeout, Boolean async, CancellationToken cancellationToken)&#xD;
   at Npgsql.NpgsqlMultiHostDataSource.TryGetIdleOrNew(NpgsqlConnection conn, TimeSpan timeoutPerHost, Boolean async, TargetSessionAttributes preferredType, Func`3 stateValidator, Int32 poolIndex, IList`1 exceptions, CancellationToken cancellationToken)&#xD;
----- Inner Stack Trace -----&#xD;
   at System.Net.Sockets.Socket.AwaitableSocketAsyncEventArgs.ThrowException(SocketError error, CancellationToken cancellationToken)&#xD;
   at System.Net.Sockets.Socket.AwaitableSocketAsyncEventArgs.System.Threading.Tasks.Sources.IValueTaskSource.GetResult(Int16 token)&#xD;
   at System.Net.Sockets.Socket.&lt;ConnectAsync&gt;g__WaitForConnectWithCancellation|285_0(AwaitableSocketAsyncEventArgs saea, ValueTask connectTask, CancellationToken cancellationToken)&#xD;
   at Npgsql.TaskTimeoutAndCancellation.ExecuteAsync(Func`2 getTaskFunc, NpgsqlTimeout timeout, CancellationToken cancellationToken)&#xD;
   at Npgsql.Internal.NpgsqlConnector.ConnectAsync(NpgsqlTimeout timeout, CancellationToken cancellationToken)</StackTrace>
        </ErrorInfo>
      </Output>
    </UnitTestResult>
    <UnitTestResult executionId="28895326-355f-4802-9a39-903c9bd64d4e" testId="ffbb3b3c-1e91-c940-692f-5a6eb84a5c3b" testName="AgeDigitalTwins.Test.BatchDigitalTwinTests.CreateOrReplaceDigitalTwinsAsync_WithEmptyBatch_ShouldReturnEmptyResult" computerName="C3YHK9C3" duration="00:00:00.0010000" startTime="2025-07-16T11:11:38.4408520+02:00" endTime="2025-07-16T11:11:42.4289631+02:00" testType="13cdc9d9-ddb5-4fa4-a97d-d965ccfc6d4b" outcome="Failed" testListId="8c84fa94-04c1-424b-9868-57a2d4851a1d" relativeResultsDirectory="28895326-355f-4802-9a39-903c9bd64d4e">
      <Output>
        <ErrorInfo>
          <Message>Npgsql.NpgsqlException : Unable to connect to a suitable host. Check inner exception for more details.&#xD;
---- System.AggregateException : One or more errors occurred. (Failed to connect to 127.0.0.1:5432)&#xD;
-------- Npgsql.NpgsqlException : Failed to connect to 127.0.0.1:5432&#xD;
------------ System.Net.Sockets.SocketException : No connection could be made because the target machine actively refused it.</Message>
          <StackTrace>   at Npgsql.NpgsqlMultiHostDataSource.Get(NpgsqlConnection conn, NpgsqlTimeout timeout, Boolean async, CancellationToken cancellationToken)&#xD;
   at Npgsql.NpgsqlConnection.&lt;Open&gt;g__OpenAsync|42_0(Boolean async, CancellationToken cancellationToken)&#xD;
   at Npgsql.NpgsqlDataSource.OpenConnectionAsync(CancellationToken cancellationToken)&#xD;
   at Npgsql.NpgsqlDataSource.OpenConnectionAsync(CancellationToken cancellationToken)&#xD;
   at AgeDigitalTwins.Jobs.JobService.InitializeSchemaAsync() in C:\Users\NRaes\Dev\pg-age-digitaltwins\src\AgeDigitalTwins\Jobs\JobService.cs:line 438&#xD;
   at AgeDigitalTwins.Jobs.JobService..ctor(NpgsqlMultiHostDataSource dataSource, String graphName, ILogger logger) in C:\Users\NRaes\Dev\pg-age-digitaltwins\src\AgeDigitalTwins\Jobs\JobService.cs:line 37&#xD;
   at AgeDigitalTwins.AgeDigitalTwinsClient..ctor(NpgsqlMultiHostDataSource dataSource, AgeDigitalTwinsClientOptions options) in C:\Users\NRaes\Dev\pg-age-digitaltwins\src\AgeDigitalTwins\AgeDigitalTwinsClient.cs:line 61&#xD;
   at AgeDigitalTwins.Test.TestBase..ctor() in C:\Users\NRaes\Dev\pg-age-digitaltwins\src\AgeDigitalTwins.Test\TestBase.cs:line 29&#xD;
   at AgeDigitalTwins.Test.BatchDigitalTwinTests..ctor(ITestOutputHelper output) in C:\Users\NRaes\Dev\pg-age-digitaltwins\src\AgeDigitalTwins.Test\BatchDigitalTwinTests.cs:line 17&#xD;
   at InvokeStub_BatchDigitalTwinTests..ctor(Object, Span`1)&#xD;
   at System.Reflection.MethodBaseInvoker.InvokeWithOneArg(Object obj, BindingFlags invokeAttr, Binder binder, Object[] parameters, CultureInfo culture)&#xD;
----- Inner Stack Trace -----&#xD;
&#xD;
----- Inner Stack Trace -----&#xD;
   at Npgsql.Internal.NpgsqlConnector.ConnectAsync(NpgsqlTimeout timeout, CancellationToken cancellationToken)&#xD;
   at Npgsql.Internal.NpgsqlConnector.RawOpen(SslMode sslMode, NpgsqlTimeout timeout, Boolean async, CancellationToken cancellationToken)&#xD;
   at Npgsql.Internal.NpgsqlConnector.&lt;Open&gt;g__OpenCore|214_1(NpgsqlConnector conn, SslMode sslMode, NpgsqlTimeout timeout, Boolean async, CancellationToken cancellationToken)&#xD;
   at Npgsql.Internal.NpgsqlConnector.Open(NpgsqlTimeout timeout, Boolean async, CancellationToken cancellationToken)&#xD;
   at Npgsql.PoolingDataSource.OpenNewConnector(NpgsqlConnection conn, NpgsqlTimeout timeout, Boolean async, CancellationToken cancellationToken)&#xD;
   at Npgsql.NpgsqlMultiHostDataSource.TryGetIdleOrNew(NpgsqlConnection conn, TimeSpan timeoutPerHost, Boolean async, TargetSessionAttributes preferredType, Func`3 stateValidator, Int32 poolIndex, IList`1 exceptions, CancellationToken cancellationToken)&#xD;
----- Inner Stack Trace -----&#xD;
   at System.Net.Sockets.Socket.AwaitableSocketAsyncEventArgs.ThrowException(SocketError error, CancellationToken cancellationToken)&#xD;
   at System.Net.Sockets.Socket.AwaitableSocketAsyncEventArgs.System.Threading.Tasks.Sources.IValueTaskSource.GetResult(Int16 token)&#xD;
   at System.Net.Sockets.Socket.&lt;ConnectAsync&gt;g__WaitForConnectWithCancellation|285_0(AwaitableSocketAsyncEventArgs saea, ValueTask connectTask, CancellationToken cancellationToken)&#xD;
   at Npgsql.TaskTimeoutAndCancellation.ExecuteAsync(Func`2 getTaskFunc, NpgsqlTimeout timeout, CancellationToken cancellationToken)&#xD;
   at Npgsql.Internal.NpgsqlConnector.ConnectAsync(NpgsqlTimeout timeout, CancellationToken cancellationToken)</StackTrace>
        </ErrorInfo>
      </Output>
    </UnitTestResult>
    <UnitTestResult executionId="8e753467-71b1-41fb-970b-e9483d7c32b0" testId="025f74db-1fe0-23ee-7af4-6c5bf09ad7f0" testName="AgeDigitalTwins.Test.DigitalTwinsTests.CreateOrReplaceDigitalTwinAsync_NoModel_ThrowsArgumentException" computerName="C3YHK9C3" duration="00:00:00.0010000" startTime="2025-07-16T11:11:54.6570001+02:00" endTime="2025-07-16T11:11:58.7433010+02:00" testType="13cdc9d9-ddb5-4fa4-a97d-d965ccfc6d4b" outcome="Failed" testListId="8c84fa94-04c1-424b-9868-57a2d4851a1d" relativeResultsDirectory="8e753467-71b1-41fb-970b-e9483d7c32b0">
      <Output>
        <ErrorInfo>
          <Message>Npgsql.NpgsqlException : Unable to connect to a suitable host. Check inner exception for more details.&#xD;
---- System.AggregateException : One or more errors occurred. (Failed to connect to 127.0.0.1:5432)&#xD;
-------- Npgsql.NpgsqlException : Failed to connect to 127.0.0.1:5432&#xD;
------------ System.Net.Sockets.SocketException : No connection could be made because the target machine actively refused it.</Message>
          <StackTrace>   at Npgsql.NpgsqlMultiHostDataSource.Get(NpgsqlConnection conn, NpgsqlTimeout timeout, Boolean async, CancellationToken cancellationToken)&#xD;
   at Npgsql.NpgsqlConnection.&lt;Open&gt;g__OpenAsync|42_0(Boolean async, CancellationToken cancellationToken)&#xD;
   at Npgsql.NpgsqlDataSource.OpenConnectionAsync(CancellationToken cancellationToken)&#xD;
   at Npgsql.NpgsqlDataSource.OpenConnectionAsync(CancellationToken cancellationToken)&#xD;
   at AgeDigitalTwins.Jobs.JobService.InitializeSchemaAsync() in C:\Users\NRaes\Dev\pg-age-digitaltwins\src\AgeDigitalTwins\Jobs\JobService.cs:line 438&#xD;
   at AgeDigitalTwins.Jobs.JobService..ctor(NpgsqlMultiHostDataSource dataSource, String graphName, ILogger logger) in C:\Users\NRaes\Dev\pg-age-digitaltwins\src\AgeDigitalTwins\Jobs\JobService.cs:line 37&#xD;
   at AgeDigitalTwins.AgeDigitalTwinsClient..ctor(NpgsqlMultiHostDataSource dataSource, AgeDigitalTwinsClientOptions options) in C:\Users\NRaes\Dev\pg-age-digitaltwins\src\AgeDigitalTwins\AgeDigitalTwinsClient.cs:line 61&#xD;
   at AgeDigitalTwins.Test.TestBase..ctor() in C:\Users\NRaes\Dev\pg-age-digitaltwins\src\AgeDigitalTwins.Test\TestBase.cs:line 29&#xD;
   at AgeDigitalTwins.Test.DigitalTwinsTests..ctor(ITestOutputHelper output) in C:\Users\NRaes\Dev\pg-age-digitaltwins\src\AgeDigitalTwins.Test\DigitalTwinsTests.cs:line 16&#xD;
   at InvokeStub_DigitalTwinsTests..ctor(Object, Span`1)&#xD;
   at System.Reflection.MethodBaseInvoker.InvokeWithOneArg(Object obj, BindingFlags invokeAttr, Binder binder, Object[] parameters, CultureInfo culture)&#xD;
----- Inner Stack Trace -----&#xD;
&#xD;
----- Inner Stack Trace -----&#xD;
   at Npgsql.Internal.NpgsqlConnector.ConnectAsync(NpgsqlTimeout timeout, CancellationToken cancellationToken)&#xD;
   at Npgsql.Internal.NpgsqlConnector.RawOpen(SslMode sslMode, NpgsqlTimeout timeout, Boolean async, CancellationToken cancellationToken)&#xD;
   at Npgsql.Internal.NpgsqlConnector.&lt;Open&gt;g__OpenCore|214_1(NpgsqlConnector conn, SslMode sslMode, NpgsqlTimeout timeout, Boolean async, CancellationToken cancellationToken)&#xD;
   at Npgsql.Internal.NpgsqlConnector.Open(NpgsqlTimeout timeout, Boolean async, CancellationToken cancellationToken)&#xD;
   at Npgsql.PoolingDataSource.OpenNewConnector(NpgsqlConnection conn, NpgsqlTimeout timeout, Boolean async, CancellationToken cancellationToken)&#xD;
   at Npgsql.NpgsqlMultiHostDataSource.TryGetIdleOrNew(NpgsqlConnection conn, TimeSpan timeoutPerHost, Boolean async, TargetSessionAttributes preferredType, Func`3 stateValidator, Int32 poolIndex, IList`1 exceptions, CancellationToken cancellationToken)&#xD;
----- Inner Stack Trace -----&#xD;
   at System.Net.Sockets.Socket.AwaitableSocketAsyncEventArgs.ThrowException(SocketError error, CancellationToken cancellationToken)&#xD;
   at System.Net.Sockets.Socket.AwaitableSocketAsyncEventArgs.System.Threading.Tasks.Sources.IValueTaskSource.GetResult(Int16 token)&#xD;
   at System.Net.Sockets.Socket.&lt;ConnectAsync&gt;g__WaitForConnectWithCancellation|285_0(AwaitableSocketAsyncEventArgs saea, ValueTask connectTask, CancellationToken cancellationToken)&#xD;
   at Npgsql.TaskTimeoutAndCancellation.ExecuteAsync(Func`2 getTaskFunc, NpgsqlTimeout timeout, CancellationToken cancellationToken)&#xD;
   at Npgsql.Internal.NpgsqlConnector.ConnectAsync(NpgsqlTimeout timeout, CancellationToken cancellationToken)</StackTrace>
        </ErrorInfo>
      </Output>
    </UnitTestResult>
    <UnitTestResult executionId="e1fb2ecd-b966-45c5-b281-cde7c6892d7a" testId="e10759c1-d48d-0273-0910-33726aef17e1" testName="AgeDigitalTwins.Test.DistributedLockingTests.GetJobLockInfoAsync_ShouldReturnNull_WhenLockDoesNotExist" computerName="C3YHK9C3" duration="00:00:00.0010000" startTime="2025-07-16T11:12:03.1636574+02:00" endTime="2025-07-16T11:12:03.8609954+02:00" testType="13cdc9d9-ddb5-4fa4-a97d-d965ccfc6d4b" outcome="Failed" testListId="8c84fa94-04c1-424b-9868-57a2d4851a1d" relativeResultsDirectory="e1fb2ecd-b966-45c5-b281-cde7c6892d7a">
      <Output>
        <ErrorInfo>
          <Message>Npgsql.PostgresException : 28P01: password authentication failed for user "app"</Message>
          <StackTrace>   at Npgsql.NpgsqlMultiHostDataSource.Get(NpgsqlConnection conn, NpgsqlTimeout timeout, Boolean async, CancellationToken cancellationToken)&#xD;
   at Npgsql.NpgsqlConnection.&lt;Open&gt;g__OpenAsync|42_0(Boolean async, CancellationToken cancellationToken)&#xD;
   at Npgsql.NpgsqlDataSource.OpenConnectionAsync(CancellationToken cancellationToken)&#xD;
   at Npgsql.NpgsqlDataSource.OpenConnectionAsync(CancellationToken cancellationToken)&#xD;
   at AgeDigitalTwins.Jobs.JobService.InitializeSchemaAsync() in C:\Users\NRaes\Dev\pg-age-digitaltwins\src\AgeDigitalTwins\Jobs\JobService.cs:line 438&#xD;
   at AgeDigitalTwins.Jobs.JobService..ctor(NpgsqlMultiHostDataSource dataSource, String graphName, ILogger logger) in C:\Users\NRaes\Dev\pg-age-digitaltwins\src\AgeDigitalTwins\Jobs\JobService.cs:line 37&#xD;
   at AgeDigitalTwins.AgeDigitalTwinsClient..ctor(NpgsqlMultiHostDataSource dataSource, AgeDigitalTwinsClientOptions options) in C:\Users\NRaes\Dev\pg-age-digitaltwins\src\AgeDigitalTwins\AgeDigitalTwinsClient.cs:line 61&#xD;
   at AgeDigitalTwins.Test.TestBase..ctor() in C:\Users\NRaes\Dev\pg-age-digitaltwins\src\AgeDigitalTwins.Test\TestBase.cs:line 29&#xD;
   at AgeDigitalTwins.Test.DistributedLockingTests..ctor()&#xD;
   at System.RuntimeType.CreateInstanceDefaultCtor(Boolean publicOnly, Boolean wrapExceptions)</StackTrace>
        </ErrorInfo>
      </Output>
    </UnitTestResult>
    <UnitTestResult executionId="107dae03-ce33-4a9d-9488-bd9a679fa0c7" testId="ca1a97da-299e-1171-db3d-28d3e9f23a33" testName="AgeDigitalTwins.Test.BatchRelationshipTests.CreateOrReplaceRelationshipsAsync_WithInvalidRelationships_ShouldReportFailures" computerName="C3YHK9C3" duration="00:00:00.0010000" startTime="2025-07-16T11:11:46.5166671+02:00" endTime="2025-07-16T11:11:50.5838665+02:00" testType="13cdc9d9-ddb5-4fa4-a97d-d965ccfc6d4b" outcome="Failed" testListId="8c84fa94-04c1-424b-9868-57a2d4851a1d" relativeResultsDirectory="107dae03-ce33-4a9d-9488-bd9a679fa0c7">
      <Output>
        <ErrorInfo>
          <Message>Npgsql.NpgsqlException : Unable to connect to a suitable host. Check inner exception for more details.&#xD;
---- System.AggregateException : One or more errors occurred. (Failed to connect to 127.0.0.1:5432)&#xD;
-------- Npgsql.NpgsqlException : Failed to connect to 127.0.0.1:5432&#xD;
------------ System.Net.Sockets.SocketException : No connection could be made because the target machine actively refused it.</Message>
          <StackTrace>   at Npgsql.NpgsqlMultiHostDataSource.Get(NpgsqlConnection conn, NpgsqlTimeout timeout, Boolean async, CancellationToken cancellationToken)&#xD;
   at Npgsql.NpgsqlConnection.&lt;Open&gt;g__OpenAsync|42_0(Boolean async, CancellationToken cancellationToken)&#xD;
   at Npgsql.NpgsqlDataSource.OpenConnectionAsync(CancellationToken cancellationToken)&#xD;
   at Npgsql.NpgsqlDataSource.OpenConnectionAsync(CancellationToken cancellationToken)&#xD;
   at AgeDigitalTwins.Jobs.JobService.InitializeSchemaAsync() in C:\Users\NRaes\Dev\pg-age-digitaltwins\src\AgeDigitalTwins\Jobs\JobService.cs:line 438&#xD;
   at AgeDigitalTwins.Jobs.JobService..ctor(NpgsqlMultiHostDataSource dataSource, String graphName, ILogger logger) in C:\Users\NRaes\Dev\pg-age-digitaltwins\src\AgeDigitalTwins\Jobs\JobService.cs:line 37&#xD;
   at AgeDigitalTwins.AgeDigitalTwinsClient..ctor(NpgsqlMultiHostDataSource dataSource, AgeDigitalTwinsClientOptions options) in C:\Users\NRaes\Dev\pg-age-digitaltwins\src\AgeDigitalTwins\AgeDigitalTwinsClient.cs:line 61&#xD;
   at AgeDigitalTwins.Test.TestBase..ctor() in C:\Users\NRaes\Dev\pg-age-digitaltwins\src\AgeDigitalTwins.Test\TestBase.cs:line 29&#xD;
   at AgeDigitalTwins.Test.BatchRelationshipTests..ctor(ITestOutputHelper output) in C:\Users\NRaes\Dev\pg-age-digitaltwins\src\AgeDigitalTwins.Test\BatchRelationshipTests.cs:line 16&#xD;
   at InvokeStub_BatchRelationshipTests..ctor(Object, Span`1)&#xD;
   at System.Reflection.MethodBaseInvoker.InvokeWithOneArg(Object obj, BindingFlags invokeAttr, Binder binder, Object[] parameters, CultureInfo culture)&#xD;
----- Inner Stack Trace -----&#xD;
&#xD;
----- Inner Stack Trace -----&#xD;
   at Npgsql.Internal.NpgsqlConnector.ConnectAsync(NpgsqlTimeout timeout, CancellationToken cancellationToken)&#xD;
   at Npgsql.Internal.NpgsqlConnector.RawOpen(SslMode sslMode, NpgsqlTimeout timeout, Boolean async, CancellationToken cancellationToken)&#xD;
   at Npgsql.Internal.NpgsqlConnector.&lt;Open&gt;g__OpenCore|214_1(NpgsqlConnector conn, SslMode sslMode, NpgsqlTimeout timeout, Boolean async, CancellationToken cancellationToken)&#xD;
   at Npgsql.Internal.NpgsqlConnector.Open(NpgsqlTimeout timeout, Boolean async, CancellationToken cancellationToken)&#xD;
   at Npgsql.PoolingDataSource.OpenNewConnector(NpgsqlConnection conn, NpgsqlTimeout timeout, Boolean async, CancellationToken cancellationToken)&#xD;
   at Npgsql.NpgsqlMultiHostDataSource.TryGetIdleOrNew(NpgsqlConnection conn, TimeSpan timeoutPerHost, Boolean async, TargetSessionAttributes preferredType, Func`3 stateValidator, Int32 poolIndex, IList`1 exceptions, CancellationToken cancellationToken)&#xD;
----- Inner Stack Trace -----&#xD;
   at System.Net.Sockets.Socket.AwaitableSocketAsyncEventArgs.ThrowException(SocketError error, CancellationToken cancellationToken)&#xD;
   at System.Net.Sockets.Socket.AwaitableSocketAsyncEventArgs.System.Threading.Tasks.Sources.IValueTaskSource.GetResult(Int16 token)&#xD;
   at System.Net.Sockets.Socket.&lt;ConnectAsync&gt;g__WaitForConnectWithCancellation|285_0(AwaitableSocketAsyncEventArgs saea, ValueTask connectTask, CancellationToken cancellationToken)&#xD;
   at Npgsql.TaskTimeoutAndCancellation.ExecuteAsync(Func`2 getTaskFunc, NpgsqlTimeout timeout, CancellationToken cancellationToken)&#xD;
   at Npgsql.Internal.NpgsqlConnector.ConnectAsync(NpgsqlTimeout timeout, CancellationToken cancellationToken)</StackTrace>
        </ErrorInfo>
      </Output>
    </UnitTestResult>
    <UnitTestResult executionId="639591e4-1988-47f8-ab88-937d26b466ba" testId="1489da97-c42e-7c3a-ea42-07fc62321706" testName="AgeDigitalTwins.Test.QueryTests.QueryAsync_Pagination_ReturnsPaginatedResults" computerName="C3YHK9C3" duration="00:00:00.0010000" startTime="2025-07-16T11:12:07.0456452+02:00" endTime="2025-07-16T11:12:07.6780778+02:00" testType="13cdc9d9-ddb5-4fa4-a97d-d965ccfc6d4b" outcome="Failed" testListId="8c84fa94-04c1-424b-9868-57a2d4851a1d" relativeResultsDirectory="639591e4-1988-47f8-ab88-937d26b466ba">
      <Output>
        <ErrorInfo>
          <Message>Npgsql.PostgresException : 28P01: password authentication failed for user "app"</Message>
          <StackTrace>   at Npgsql.NpgsqlMultiHostDataSource.Get(NpgsqlConnection conn, NpgsqlTimeout timeout, Boolean async, CancellationToken cancellationToken)&#xD;
   at Npgsql.NpgsqlConnection.&lt;Open&gt;g__OpenAsync|42_0(Boolean async, CancellationToken cancellationToken)&#xD;
   at Npgsql.NpgsqlDataSource.OpenConnectionAsync(CancellationToken cancellationToken)&#xD;
   at Npgsql.NpgsqlDataSource.OpenConnectionAsync(CancellationToken cancellationToken)&#xD;
   at AgeDigitalTwins.Jobs.JobService.InitializeSchemaAsync() in C:\Users\NRaes\Dev\pg-age-digitaltwins\src\AgeDigitalTwins\Jobs\JobService.cs:line 438&#xD;
   at AgeDigitalTwins.Jobs.JobService..ctor(NpgsqlMultiHostDataSource dataSource, String graphName, ILogger logger) in C:\Users\NRaes\Dev\pg-age-digitaltwins\src\AgeDigitalTwins\Jobs\JobService.cs:line 37&#xD;
   at AgeDigitalTwins.AgeDigitalTwinsClient..ctor(NpgsqlMultiHostDataSource dataSource, AgeDigitalTwinsClientOptions options) in C:\Users\NRaes\Dev\pg-age-digitaltwins\src\AgeDigitalTwins\AgeDigitalTwinsClient.cs:line 61&#xD;
   at AgeDigitalTwins.Test.TestBase..ctor() in C:\Users\NRaes\Dev\pg-age-digitaltwins\src\AgeDigitalTwins.Test\TestBase.cs:line 29&#xD;
   at AgeDigitalTwins.Test.QueryTests..ctor()&#xD;
   at System.RuntimeType.CreateInstanceDefaultCtor(Boolean publicOnly, Boolean wrapExceptions)</StackTrace>
        </ErrorInfo>
      </Output>
    </UnitTestResult>
    <UnitTestResult executionId="eb2d0557-6a3b-44c7-9f33-fce5fa6efc36" testId="9741a638-6c53-603b-83c2-28e17fcbde64" testName="AgeDigitalTwins.Test.DigitalTwinsTests.UpdateDigitalTwinAsync_SourceTime_Updated" computerName="C3YHK9C3" duration="00:00:00.0010000" startTime="2025-07-16T11:11:38.4406367+02:00" endTime="2025-07-16T11:11:42.4201362+02:00" testType="13cdc9d9-ddb5-4fa4-a97d-d965ccfc6d4b" outcome="Failed" testListId="8c84fa94-04c1-424b-9868-57a2d4851a1d" relativeResultsDirectory="eb2d0557-6a3b-44c7-9f33-fce5fa6efc36">
      <Output>
        <ErrorInfo>
          <Message>Npgsql.NpgsqlException : Unable to connect to a suitable host. Check inner exception for more details.&#xD;
---- System.AggregateException : One or more errors occurred. (Failed to connect to 127.0.0.1:5432)&#xD;
-------- Npgsql.NpgsqlException : Failed to connect to 127.0.0.1:5432&#xD;
------------ System.Net.Sockets.SocketException : No connection could be made because the target machine actively refused it.</Message>
          <StackTrace>   at Npgsql.NpgsqlMultiHostDataSource.Get(NpgsqlConnection conn, NpgsqlTimeout timeout, Boolean async, CancellationToken cancellationToken)&#xD;
   at Npgsql.NpgsqlConnection.&lt;Open&gt;g__OpenAsync|42_0(Boolean async, CancellationToken cancellationToken)&#xD;
   at Npgsql.NpgsqlDataSource.OpenConnectionAsync(CancellationToken cancellationToken)&#xD;
   at Npgsql.NpgsqlDataSource.OpenConnectionAsync(CancellationToken cancellationToken)&#xD;
   at AgeDigitalTwins.Jobs.JobService.InitializeSchemaAsync() in C:\Users\NRaes\Dev\pg-age-digitaltwins\src\AgeDigitalTwins\Jobs\JobService.cs:line 438&#xD;
   at AgeDigitalTwins.Jobs.JobService..ctor(NpgsqlMultiHostDataSource dataSource, String graphName, ILogger logger) in C:\Users\NRaes\Dev\pg-age-digitaltwins\src\AgeDigitalTwins\Jobs\JobService.cs:line 37&#xD;
   at AgeDigitalTwins.AgeDigitalTwinsClient..ctor(NpgsqlMultiHostDataSource dataSource, AgeDigitalTwinsClientOptions options) in C:\Users\NRaes\Dev\pg-age-digitaltwins\src\AgeDigitalTwins\AgeDigitalTwinsClient.cs:line 61&#xD;
   at AgeDigitalTwins.Test.TestBase..ctor() in C:\Users\NRaes\Dev\pg-age-digitaltwins\src\AgeDigitalTwins.Test\TestBase.cs:line 29&#xD;
   at AgeDigitalTwins.Test.DigitalTwinsTests..ctor(ITestOutputHelper output) in C:\Users\NRaes\Dev\pg-age-digitaltwins\src\AgeDigitalTwins.Test\DigitalTwinsTests.cs:line 16&#xD;
   at InvokeStub_DigitalTwinsTests..ctor(Object, Span`1)&#xD;
   at System.Reflection.MethodBaseInvoker.InvokeWithOneArg(Object obj, BindingFlags invokeAttr, Binder binder, Object[] parameters, CultureInfo culture)&#xD;
----- Inner Stack Trace -----&#xD;
&#xD;
----- Inner Stack Trace -----&#xD;
   at Npgsql.Internal.NpgsqlConnector.ConnectAsync(NpgsqlTimeout timeout, CancellationToken cancellationToken)&#xD;
   at Npgsql.Internal.NpgsqlConnector.RawOpen(SslMode sslMode, NpgsqlTimeout timeout, Boolean async, CancellationToken cancellationToken)&#xD;
   at Npgsql.Internal.NpgsqlConnector.&lt;Open&gt;g__OpenCore|214_1(NpgsqlConnector conn, SslMode sslMode, NpgsqlTimeout timeout, Boolean async, CancellationToken cancellationToken)&#xD;
   at Npgsql.Internal.NpgsqlConnector.Open(NpgsqlTimeout timeout, Boolean async, CancellationToken cancellationToken)&#xD;
   at Npgsql.PoolingDataSource.OpenNewConnector(NpgsqlConnection conn, NpgsqlTimeout timeout, Boolean async, CancellationToken cancellationToken)&#xD;
   at Npgsql.NpgsqlMultiHostDataSource.TryGetIdleOrNew(NpgsqlConnection conn, TimeSpan timeoutPerHost, Boolean async, TargetSessionAttributes preferredType, Func`3 stateValidator, Int32 poolIndex, IList`1 exceptions, CancellationToken cancellationToken)&#xD;
----- Inner Stack Trace -----&#xD;
   at System.Net.Sockets.Socket.AwaitableSocketAsyncEventArgs.ThrowException(SocketError error, CancellationToken cancellationToken)&#xD;
   at System.Net.Sockets.Socket.AwaitableSocketAsyncEventArgs.System.Threading.Tasks.Sources.IValueTaskSource.GetResult(Int16 token)&#xD;
   at System.Net.Sockets.Socket.&lt;ConnectAsync&gt;g__WaitForConnectWithCancellation|285_0(AwaitableSocketAsyncEventArgs saea, ValueTask connectTask, CancellationToken cancellationToken)&#xD;
   at Npgsql.TaskTimeoutAndCancellation.ExecuteAsync(Func`2 getTaskFunc, NpgsqlTimeout timeout, CancellationToken cancellationToken)&#xD;
   at Npgsql.Internal.NpgsqlConnector.ConnectAsync(NpgsqlTimeout timeout, CancellationToken cancellationToken)</StackTrace>
        </ErrorInfo>
      </Output>
    </UnitTestResult>
    <UnitTestResult executionId="26e011b9-9f5b-4501-b482-df443cb337aa" testId="31f0b78d-f0da-9487-5905-d9ab1d4ace3d" testName="AgeDigitalTwins.Test.QueryTests.QueryAsync_Pagination_HandlesBiggerLimitInQuery" computerName="C3YHK9C3" duration="00:00:00.0010000" startTime="2025-07-16T11:12:07.6791942+02:00" endTime="2025-07-16T11:12:08.3057903+02:00" testType="13cdc9d9-ddb5-4fa4-a97d-d965ccfc6d4b" outcome="Failed" testListId="8c84fa94-04c1-424b-9868-57a2d4851a1d" relativeResultsDirectory="26e011b9-9f5b-4501-b482-df443cb337aa">
      <Output>
        <ErrorInfo>
          <Message>Npgsql.PostgresException : 28P01: password authentication failed for user "app"</Message>
          <StackTrace>   at Npgsql.NpgsqlMultiHostDataSource.Get(NpgsqlConnection conn, NpgsqlTimeout timeout, Boolean async, CancellationToken cancellationToken)&#xD;
   at Npgsql.NpgsqlConnection.&lt;Open&gt;g__OpenAsync|42_0(Boolean async, CancellationToken cancellationToken)&#xD;
   at Npgsql.NpgsqlDataSource.OpenConnectionAsync(CancellationToken cancellationToken)&#xD;
   at Npgsql.NpgsqlDataSource.OpenConnectionAsync(CancellationToken cancellationToken)&#xD;
   at AgeDigitalTwins.Jobs.JobService.InitializeSchemaAsync() in C:\Users\NRaes\Dev\pg-age-digitaltwins\src\AgeDigitalTwins\Jobs\JobService.cs:line 438&#xD;
   at AgeDigitalTwins.Jobs.JobService..ctor(NpgsqlMultiHostDataSource dataSource, String graphName, ILogger logger) in C:\Users\NRaes\Dev\pg-age-digitaltwins\src\AgeDigitalTwins\Jobs\JobService.cs:line 37&#xD;
   at AgeDigitalTwins.AgeDigitalTwinsClient..ctor(NpgsqlMultiHostDataSource dataSource, AgeDigitalTwinsClientOptions options) in C:\Users\NRaes\Dev\pg-age-digitaltwins\src\AgeDigitalTwins\AgeDigitalTwinsClient.cs:line 61&#xD;
   at AgeDigitalTwins.Test.TestBase..ctor() in C:\Users\NRaes\Dev\pg-age-digitaltwins\src\AgeDigitalTwins.Test\TestBase.cs:line 29&#xD;
   at AgeDigitalTwins.Test.QueryTests..ctor()&#xD;
   at System.RuntimeType.CreateInstanceDefaultCtor(Boolean publicOnly, Boolean wrapExceptions)</StackTrace>
        </ErrorInfo>
      </Output>
    </UnitTestResult>
    <UnitTestResult executionId="728412eb-c696-4389-af22-92d51852baeb" testId="1f476f4c-73ed-c9f7-1b7a-e2c2310bfa0f" testName="AgeDigitalTwins.Test.ImportJobTests.ImportAsync_WithInvalidFileVersion_ShouldFail" computerName="C3YHK9C3" duration="00:00:00.0010000" startTime="2025-07-16T11:12:03.8682500+02:00" endTime="2025-07-16T11:12:04.5276520+02:00" testType="13cdc9d9-ddb5-4fa4-a97d-d965ccfc6d4b" outcome="Failed" testListId="8c84fa94-04c1-424b-9868-57a2d4851a1d" relativeResultsDirectory="728412eb-c696-4389-af22-92d51852baeb">
      <Output>
        <ErrorInfo>
          <Message>Npgsql.PostgresException : 28P01: password authentication failed for user "app"</Message>
          <StackTrace>   at Npgsql.NpgsqlMultiHostDataSource.Get(NpgsqlConnection conn, NpgsqlTimeout timeout, Boolean async, CancellationToken cancellationToken)&#xD;
   at Npgsql.NpgsqlConnection.&lt;Open&gt;g__OpenAsync|42_0(Boolean async, CancellationToken cancellationToken)&#xD;
   at Npgsql.NpgsqlDataSource.OpenConnectionAsync(CancellationToken cancellationToken)&#xD;
   at Npgsql.NpgsqlDataSource.OpenConnectionAsync(CancellationToken cancellationToken)&#xD;
   at AgeDigitalTwins.Jobs.JobService.InitializeSchemaAsync() in C:\Users\NRaes\Dev\pg-age-digitaltwins\src\AgeDigitalTwins\Jobs\JobService.cs:line 438&#xD;
   at AgeDigitalTwins.Jobs.JobService..ctor(NpgsqlMultiHostDataSource dataSource, String graphName, ILogger logger) in C:\Users\NRaes\Dev\pg-age-digitaltwins\src\AgeDigitalTwins\Jobs\JobService.cs:line 37&#xD;
   at AgeDigitalTwins.AgeDigitalTwinsClient..ctor(NpgsqlMultiHostDataSource dataSource, AgeDigitalTwinsClientOptions options) in C:\Users\NRaes\Dev\pg-age-digitaltwins\src\AgeDigitalTwins\AgeDigitalTwinsClient.cs:line 61&#xD;
   at AgeDigitalTwins.Test.TestBase..ctor() in C:\Users\NRaes\Dev\pg-age-digitaltwins\src\AgeDigitalTwins.Test\TestBase.cs:line 29&#xD;
   at AgeDigitalTwins.Test.ImportJobTests..ctor(ITestOutputHelper output) in C:\Users\NRaes\Dev\pg-age-digitaltwins\src\AgeDigitalTwins.Test\ImportJobTests.cs:line 16&#xD;
   at InvokeStub_ImportJobTests..ctor(Object, Span`1)&#xD;
   at System.Reflection.MethodBaseInvoker.InvokeWithOneArg(Object obj, BindingFlags invokeAttr, Binder binder, Object[] parameters, CultureInfo culture)</StackTrace>
        </ErrorInfo>
      </Output>
    </UnitTestResult>
    <UnitTestResult executionId="db9bca76-e193-4e63-9548-b071d763b1f3" testId="b7946ecc-96d6-0df2-d010-914061a9e7bb" testName="AgeDigitalTwins.Test.DistributedLockingTests.ReleaseJobLockAsync_ShouldSucceed_WhenLockIsOwnedByCurrentInstance" computerName="C3YHK9C3" duration="00:00:00.0010000" startTime="2025-07-16T11:11:46.5366850+02:00" endTime="2025-07-16T11:11:50.6047957+02:00" testType="13cdc9d9-ddb5-4fa4-a97d-d965ccfc6d4b" outcome="Failed" testListId="8c84fa94-04c1-424b-9868-57a2d4851a1d" relativeResultsDirectory="db9bca76-e193-4e63-9548-b071d763b1f3">
      <Output>
        <ErrorInfo>
          <Message>Npgsql.NpgsqlException : Unable to connect to a suitable host. Check inner exception for more details.&#xD;
---- System.AggregateException : One or more errors occurred. (Failed to connect to 127.0.0.1:5432)&#xD;
-------- Npgsql.NpgsqlException : Failed to connect to 127.0.0.1:5432&#xD;
------------ System.Net.Sockets.SocketException : No connection could be made because the target machine actively refused it.</Message>
          <StackTrace>   at Npgsql.NpgsqlMultiHostDataSource.Get(NpgsqlConnection conn, NpgsqlTimeout timeout, Boolean async, CancellationToken cancellationToken)&#xD;
   at Npgsql.NpgsqlConnection.&lt;Open&gt;g__OpenAsync|42_0(Boolean async, CancellationToken cancellationToken)&#xD;
   at Npgsql.NpgsqlDataSource.OpenConnectionAsync(CancellationToken cancellationToken)&#xD;
   at Npgsql.NpgsqlDataSource.OpenConnectionAsync(CancellationToken cancellationToken)&#xD;
   at AgeDigitalTwins.Jobs.JobService.InitializeSchemaAsync() in C:\Users\NRaes\Dev\pg-age-digitaltwins\src\AgeDigitalTwins\Jobs\JobService.cs:line 438&#xD;
   at AgeDigitalTwins.Jobs.JobService..ctor(NpgsqlMultiHostDataSource dataSource, String graphName, ILogger logger) in C:\Users\NRaes\Dev\pg-age-digitaltwins\src\AgeDigitalTwins\Jobs\JobService.cs:line 37&#xD;
   at AgeDigitalTwins.AgeDigitalTwinsClient..ctor(NpgsqlMultiHostDataSource dataSource, AgeDigitalTwinsClientOptions options) in C:\Users\NRaes\Dev\pg-age-digitaltwins\src\AgeDigitalTwins\AgeDigitalTwinsClient.cs:line 61&#xD;
   at AgeDigitalTwins.Test.TestBase..ctor() in C:\Users\NRaes\Dev\pg-age-digitaltwins\src\AgeDigitalTwins.Test\TestBase.cs:line 29&#xD;
   at AgeDigitalTwins.Test.DistributedLockingTests..ctor()&#xD;
   at System.RuntimeType.CreateInstanceDefaultCtor(Boolean publicOnly, Boolean wrapExceptions)&#xD;
----- Inner Stack Trace -----&#xD;
&#xD;
----- Inner Stack Trace -----&#xD;
   at Npgsql.Internal.NpgsqlConnector.ConnectAsync(NpgsqlTimeout timeout, CancellationToken cancellationToken)&#xD;
   at Npgsql.Internal.NpgsqlConnector.RawOpen(SslMode sslMode, NpgsqlTimeout timeout, Boolean async, CancellationToken cancellationToken)&#xD;
   at Npgsql.Internal.NpgsqlConnector.&lt;Open&gt;g__OpenCore|214_1(NpgsqlConnector conn, SslMode sslMode, NpgsqlTimeout timeout, Boolean async, CancellationToken cancellationToken)&#xD;
   at Npgsql.Internal.NpgsqlConnector.Open(NpgsqlTimeout timeout, Boolean async, CancellationToken cancellationToken)&#xD;
   at Npgsql.PoolingDataSource.OpenNewConnector(NpgsqlConnection conn, NpgsqlTimeout timeout, Boolean async, CancellationToken cancellationToken)&#xD;
   at Npgsql.NpgsqlMultiHostDataSource.TryGetIdleOrNew(NpgsqlConnection conn, TimeSpan timeoutPerHost, Boolean async, TargetSessionAttributes preferredType, Func`3 stateValidator, Int32 poolIndex, IList`1 exceptions, CancellationToken cancellationToken)&#xD;
----- Inner Stack Trace -----&#xD;
   at System.Net.Sockets.Socket.AwaitableSocketAsyncEventArgs.ThrowException(SocketError error, CancellationToken cancellationToken)&#xD;
   at System.Net.Sockets.Socket.AwaitableSocketAsyncEventArgs.System.Threading.Tasks.Sources.IValueTaskSource.GetResult(Int16 token)&#xD;
   at System.Net.Sockets.Socket.&lt;ConnectAsync&gt;g__WaitForConnectWithCancellation|285_0(AwaitableSocketAsyncEventArgs saea, ValueTask connectTask, CancellationToken cancellationToken)&#xD;
   at Npgsql.TaskTimeoutAndCancellation.ExecuteAsync(Func`2 getTaskFunc, NpgsqlTimeout timeout, CancellationToken cancellationToken)&#xD;
   at Npgsql.Internal.NpgsqlConnector.ConnectAsync(NpgsqlTimeout timeout, CancellationToken cancellationToken)</StackTrace>
        </ErrorInfo>
      </Output>
    </UnitTestResult>
    <UnitTestResult executionId="1c47a516-a050-4005-8c5d-b3fde454e3b0" testId="73d0f4a3-d0ab-2bf6-61fd-f5bbf3784647" testName="AgeDigitalTwins.Test.DigitalTwinsTests.CreateOrReplaceDigitalTwinAsync_BasicDigitalTwin_CreatedAndReadable" computerName="C3YHK9C3" duration="00:00:00.0010000" startTime="2025-07-16T11:11:32.5666637+02:00" endTime="2025-07-16T11:11:38.3878581+02:00" testType="13cdc9d9-ddb5-4fa4-a97d-d965ccfc6d4b" outcome="Failed" testListId="8c84fa94-04c1-424b-9868-57a2d4851a1d" relativeResultsDirectory="1c47a516-a050-4005-8c5d-b3fde454e3b0">
      <Output>
        <ErrorInfo>
          <Message>Npgsql.NpgsqlException : Unable to connect to a suitable host. Check inner exception for more details.&#xD;
---- System.AggregateException : One or more errors occurred. (Failed to connect to 127.0.0.1:5432)&#xD;
-------- Npgsql.NpgsqlException : Failed to connect to 127.0.0.1:5432&#xD;
------------ System.Net.Sockets.SocketException : No connection could be made because the target machine actively refused it.</Message>
          <StackTrace>   at Npgsql.NpgsqlMultiHostDataSource.Get(NpgsqlConnection conn, NpgsqlTimeout timeout, Boolean async, CancellationToken cancellationToken)&#xD;
   at Npgsql.NpgsqlConnection.&lt;Open&gt;g__OpenAsync|42_0(Boolean async, CancellationToken cancellationToken)&#xD;
   at Npgsql.NpgsqlDataSource.OpenConnectionAsync(CancellationToken cancellationToken)&#xD;
   at Npgsql.NpgsqlDataSource.OpenConnectionAsync(CancellationToken cancellationToken)&#xD;
   at AgeDigitalTwins.Jobs.JobService.InitializeSchemaAsync() in C:\Users\NRaes\Dev\pg-age-digitaltwins\src\AgeDigitalTwins\Jobs\JobService.cs:line 438&#xD;
   at AgeDigitalTwins.Jobs.JobService..ctor(NpgsqlMultiHostDataSource dataSource, String graphName, ILogger logger) in C:\Users\NRaes\Dev\pg-age-digitaltwins\src\AgeDigitalTwins\Jobs\JobService.cs:line 37&#xD;
   at AgeDigitalTwins.AgeDigitalTwinsClient..ctor(NpgsqlMultiHostDataSource dataSource, AgeDigitalTwinsClientOptions options) in C:\Users\NRaes\Dev\pg-age-digitaltwins\src\AgeDigitalTwins\AgeDigitalTwinsClient.cs:line 61&#xD;
   at AgeDigitalTwins.Test.TestBase..ctor() in C:\Users\NRaes\Dev\pg-age-digitaltwins\src\AgeDigitalTwins.Test\TestBase.cs:line 29&#xD;
   at AgeDigitalTwins.Test.DigitalTwinsTests..ctor(ITestOutputHelper output) in C:\Users\NRaes\Dev\pg-age-digitaltwins\src\AgeDigitalTwins.Test\DigitalTwinsTests.cs:line 16&#xD;
   at System.RuntimeMethodHandle.InvokeMethod(Object target, Void** arguments, Signature sig, Boolean isConstructor)&#xD;
   at System.Reflection.MethodBaseInvoker.InvokeDirectByRefWithFewArgs(Object obj, Span`1 copyOfArgs, BindingFlags invokeAttr)&#xD;
----- Inner Stack Trace -----&#xD;
&#xD;
----- Inner Stack Trace -----&#xD;
   at Npgsql.Internal.NpgsqlConnector.ConnectAsync(NpgsqlTimeout timeout, CancellationToken cancellationToken)&#xD;
   at Npgsql.Internal.NpgsqlConnector.RawOpen(SslMode sslMode, NpgsqlTimeout timeout, Boolean async, CancellationToken cancellationToken)&#xD;
   at Npgsql.Internal.NpgsqlConnector.&lt;Open&gt;g__OpenCore|214_1(NpgsqlConnector conn, SslMode sslMode, NpgsqlTimeout timeout, Boolean async, CancellationToken cancellationToken)&#xD;
   at Npgsql.Internal.NpgsqlConnector.Open(NpgsqlTimeout timeout, Boolean async, CancellationToken cancellationToken)&#xD;
   at Npgsql.PoolingDataSource.OpenNewConnector(NpgsqlConnection conn, NpgsqlTimeout timeout, Boolean async, CancellationToken cancellationToken)&#xD;
   at Npgsql.NpgsqlMultiHostDataSource.TryGetIdleOrNew(NpgsqlConnection conn, TimeSpan timeoutPerHost, Boolean async, TargetSessionAttributes preferredType, Func`3 stateValidator, Int32 poolIndex, IList`1 exceptions, CancellationToken cancellationToken)&#xD;
----- Inner Stack Trace -----&#xD;
   at System.Net.Sockets.Socket.AwaitableSocketAsyncEventArgs.ThrowException(SocketError error, CancellationToken cancellationToken)&#xD;
   at System.Net.Sockets.Socket.AwaitableSocketAsyncEventArgs.System.Threading.Tasks.Sources.IValueTaskSource.GetResult(Int16 token)&#xD;
   at System.Net.Sockets.Socket.&lt;ConnectAsync&gt;g__WaitForConnectWithCancellation|285_0(AwaitableSocketAsyncEventArgs saea, ValueTask connectTask, CancellationToken cancellationToken)&#xD;
   at Npgsql.TaskTimeoutAndCancellation.ExecuteAsync(Func`2 getTaskFunc, NpgsqlTimeout timeout, CancellationToken cancellationToken)&#xD;
   at Npgsql.Internal.NpgsqlConnector.ConnectAsync(NpgsqlTimeout timeout, CancellationToken cancellationToken)</StackTrace>
        </ErrorInfo>
      </Output>
    </UnitTestResult>
    <UnitTestResult executionId="bcdea144-a09b-4619-b466-72ab06dcde8a" testId="a7aaa1df-a089-b4ac-da51-57a270c03d0b" testName="AgeDigitalTwins.Test.ImportJobSystemTests.GetImportJob_ShouldReturnNull_WhenJobDoesNotExist" computerName="C3YHK9C3" duration="00:00:00.0010000" startTime="2025-07-16T11:11:32.5666279+02:00" endTime="2025-07-16T11:11:38.3959627+02:00" testType="13cdc9d9-ddb5-4fa4-a97d-d965ccfc6d4b" outcome="Failed" testListId="8c84fa94-04c1-424b-9868-57a2d4851a1d" relativeResultsDirectory="bcdea144-a09b-4619-b466-72ab06dcde8a">
      <Output>
        <ErrorInfo>
          <Message>Npgsql.NpgsqlException : Unable to connect to a suitable host. Check inner exception for more details.&#xD;
---- System.AggregateException : One or more errors occurred. (Failed to connect to 127.0.0.1:5432)&#xD;
-------- Npgsql.NpgsqlException : Failed to connect to 127.0.0.1:5432&#xD;
------------ System.Net.Sockets.SocketException : No connection could be made because the target machine actively refused it.</Message>
          <StackTrace>   at Npgsql.NpgsqlMultiHostDataSource.Get(NpgsqlConnection conn, NpgsqlTimeout timeout, Boolean async, CancellationToken cancellationToken)&#xD;
   at Npgsql.NpgsqlConnection.&lt;Open&gt;g__OpenAsync|42_0(Boolean async, CancellationToken cancellationToken)&#xD;
   at Npgsql.NpgsqlDataSource.OpenConnectionAsync(CancellationToken cancellationToken)&#xD;
   at Npgsql.NpgsqlDataSource.OpenConnectionAsync(CancellationToken cancellationToken)&#xD;
   at AgeDigitalTwins.Jobs.JobService.InitializeSchemaAsync() in C:\Users\NRaes\Dev\pg-age-digitaltwins\src\AgeDigitalTwins\Jobs\JobService.cs:line 438&#xD;
   at AgeDigitalTwins.Jobs.JobService..ctor(NpgsqlMultiHostDataSource dataSource, String graphName, ILogger logger) in C:\Users\NRaes\Dev\pg-age-digitaltwins\src\AgeDigitalTwins\Jobs\JobService.cs:line 37&#xD;
   at AgeDigitalTwins.AgeDigitalTwinsClient..ctor(NpgsqlMultiHostDataSource dataSource, AgeDigitalTwinsClientOptions options) in C:\Users\NRaes\Dev\pg-age-digitaltwins\src\AgeDigitalTwins\AgeDigitalTwinsClient.cs:line 61&#xD;
   at AgeDigitalTwins.Test.TestBase..ctor() in C:\Users\NRaes\Dev\pg-age-digitaltwins\src\AgeDigitalTwins.Test\TestBase.cs:line 29&#xD;
   at AgeDigitalTwins.Test.ImportJobSystemTests..ctor(ITestOutputHelper output) in C:\Users\NRaes\Dev\pg-age-digitaltwins\src\AgeDigitalTwins.Test\JobServiceTests.cs:line 34&#xD;
   at System.RuntimeMethodHandle.InvokeMethod(Object target, Void** arguments, Signature sig, Boolean isConstructor)&#xD;
   at System.Reflection.MethodBaseInvoker.InvokeDirectByRefWithFewArgs(Object obj, Span`1 copyOfArgs, BindingFlags invokeAttr)&#xD;
----- Inner Stack Trace -----&#xD;
&#xD;
----- Inner Stack Trace -----&#xD;
   at Npgsql.Internal.NpgsqlConnector.ConnectAsync(NpgsqlTimeout timeout, CancellationToken cancellationToken)&#xD;
   at Npgsql.Internal.NpgsqlConnector.RawOpen(SslMode sslMode, NpgsqlTimeout timeout, Boolean async, CancellationToken cancellationToken)&#xD;
   at Npgsql.Internal.NpgsqlConnector.&lt;Open&gt;g__OpenCore|214_1(NpgsqlConnector conn, SslMode sslMode, NpgsqlTimeout timeout, Boolean async, CancellationToken cancellationToken)&#xD;
   at Npgsql.Internal.NpgsqlConnector.Open(NpgsqlTimeout timeout, Boolean async, CancellationToken cancellationToken)&#xD;
   at Npgsql.PoolingDataSource.OpenNewConnector(NpgsqlConnection conn, NpgsqlTimeout timeout, Boolean async, CancellationToken cancellationToken)&#xD;
   at Npgsql.NpgsqlMultiHostDataSource.TryGetIdleOrNew(NpgsqlConnection conn, TimeSpan timeoutPerHost, Boolean async, TargetSessionAttributes preferredType, Func`3 stateValidator, Int32 poolIndex, IList`1 exceptions, CancellationToken cancellationToken)&#xD;
----- Inner Stack Trace -----&#xD;
   at System.Net.Sockets.Socket.AwaitableSocketAsyncEventArgs.ThrowException(SocketError error, CancellationToken cancellationToken)&#xD;
   at System.Net.Sockets.Socket.AwaitableSocketAsyncEventArgs.System.Threading.Tasks.Sources.IValueTaskSource.GetResult(Int16 token)&#xD;
   at System.Net.Sockets.Socket.&lt;ConnectAsync&gt;g__WaitForConnectWithCancellation|285_0(AwaitableSocketAsyncEventArgs saea, ValueTask connectTask, CancellationToken cancellationToken)&#xD;
   at Npgsql.TaskTimeoutAndCancellation.ExecuteAsync(Func`2 getTaskFunc, NpgsqlTimeout timeout, CancellationToken cancellationToken)&#xD;
   at Npgsql.Internal.NpgsqlConnector.ConnectAsync(NpgsqlTimeout timeout, CancellationToken cancellationToken)</StackTrace>
        </ErrorInfo>
      </Output>
    </UnitTestResult>
    <UnitTestResult executionId="232a64a0-2ca4-4559-b69c-04d1d191819a" testId="fd6e1c56-969b-bbc3-f301-2c9223594460" testName="AgeDigitalTwins.Test.ModelsTests.CreateModels_SingleModel_ValidatedAndCreated" computerName="C3YHK9C3" duration="00:00:00.0010000" startTime="2025-07-16T11:11:58.7290012+02:00" endTime="2025-07-16T11:12:03.1651292+02:00" testType="13cdc9d9-ddb5-4fa4-a97d-d965ccfc6d4b" outcome="Failed" testListId="8c84fa94-04c1-424b-9868-57a2d4851a1d" relativeResultsDirectory="232a64a0-2ca4-4559-b69c-04d1d191819a">
      <Output>
        <ErrorInfo>
          <Message>Npgsql.PostgresException : 28P01: password authentication failed for user "app"</Message>
          <StackTrace>   at Npgsql.NpgsqlMultiHostDataSource.Get(NpgsqlConnection conn, NpgsqlTimeout timeout, Boolean async, CancellationToken cancellationToken)&#xD;
   at Npgsql.NpgsqlConnection.&lt;Open&gt;g__OpenAsync|42_0(Boolean async, CancellationToken cancellationToken)&#xD;
   at Npgsql.NpgsqlDataSource.OpenConnectionAsync(CancellationToken cancellationToken)&#xD;
   at Npgsql.NpgsqlDataSource.OpenConnectionAsync(CancellationToken cancellationToken)&#xD;
   at AgeDigitalTwins.Jobs.JobService.InitializeSchemaAsync() in C:\Users\NRaes\Dev\pg-age-digitaltwins\src\AgeDigitalTwins\Jobs\JobService.cs:line 438&#xD;
   at AgeDigitalTwins.Jobs.JobService..ctor(NpgsqlMultiHostDataSource dataSource, String graphName, ILogger logger) in C:\Users\NRaes\Dev\pg-age-digitaltwins\src\AgeDigitalTwins\Jobs\JobService.cs:line 37&#xD;
   at AgeDigitalTwins.AgeDigitalTwinsClient..ctor(NpgsqlMultiHostDataSource dataSource, AgeDigitalTwinsClientOptions options) in C:\Users\NRaes\Dev\pg-age-digitaltwins\src\AgeDigitalTwins\AgeDigitalTwinsClient.cs:line 61&#xD;
   at AgeDigitalTwins.Test.TestBase..ctor() in C:\Users\NRaes\Dev\pg-age-digitaltwins\src\AgeDigitalTwins.Test\TestBase.cs:line 29&#xD;
   at AgeDigitalTwins.Test.ModelsTests..ctor()&#xD;
   at System.RuntimeType.CreateInstanceDefaultCtor(Boolean publicOnly, Boolean wrapExceptions)</StackTrace>
        </ErrorInfo>
      </Output>
    </UnitTestResult>
    <UnitTestResult executionId="b3d12bd8-9655-4b59-99ba-49e7f3c39888" testId="d761a988-3175-5e3a-3244-4378c196e58d" testName="AgeDigitalTwins.Test.BatchDigitalTwinTests.CreateOrReplaceDigitalTwinsAsync_WithInvalidTwins_ShouldReportFailures" computerName="C3YHK9C3" duration="00:00:00.0010000" startTime="2025-07-16T11:11:46.5070920+02:00" endTime="2025-07-16T11:11:50.5912151+02:00" testType="13cdc9d9-ddb5-4fa4-a97d-d965ccfc6d4b" outcome="Failed" testListId="8c84fa94-04c1-424b-9868-57a2d4851a1d" relativeResultsDirectory="b3d12bd8-9655-4b59-99ba-49e7f3c39888">
      <Output>
        <ErrorInfo>
          <Message>Npgsql.NpgsqlException : Unable to connect to a suitable host. Check inner exception for more details.&#xD;
---- System.AggregateException : One or more errors occurred. (Failed to connect to 127.0.0.1:5432)&#xD;
-------- Npgsql.NpgsqlException : Failed to connect to 127.0.0.1:5432&#xD;
------------ System.Net.Sockets.SocketException : No connection could be made because the target machine actively refused it.</Message>
          <StackTrace>   at Npgsql.NpgsqlMultiHostDataSource.Get(NpgsqlConnection conn, NpgsqlTimeout timeout, Boolean async, CancellationToken cancellationToken)&#xD;
   at Npgsql.NpgsqlConnection.&lt;Open&gt;g__OpenAsync|42_0(Boolean async, CancellationToken cancellationToken)&#xD;
   at Npgsql.NpgsqlDataSource.OpenConnectionAsync(CancellationToken cancellationToken)&#xD;
   at Npgsql.NpgsqlDataSource.OpenConnectionAsync(CancellationToken cancellationToken)&#xD;
   at AgeDigitalTwins.Jobs.JobService.InitializeSchemaAsync() in C:\Users\NRaes\Dev\pg-age-digitaltwins\src\AgeDigitalTwins\Jobs\JobService.cs:line 438&#xD;
   at AgeDigitalTwins.Jobs.JobService..ctor(NpgsqlMultiHostDataSource dataSource, String graphName, ILogger logger) in C:\Users\NRaes\Dev\pg-age-digitaltwins\src\AgeDigitalTwins\Jobs\JobService.cs:line 37&#xD;
   at AgeDigitalTwins.AgeDigitalTwinsClient..ctor(NpgsqlMultiHostDataSource dataSource, AgeDigitalTwinsClientOptions options) in C:\Users\NRaes\Dev\pg-age-digitaltwins\src\AgeDigitalTwins\AgeDigitalTwinsClient.cs:line 61&#xD;
   at AgeDigitalTwins.Test.TestBase..ctor() in C:\Users\NRaes\Dev\pg-age-digitaltwins\src\AgeDigitalTwins.Test\TestBase.cs:line 29&#xD;
   at AgeDigitalTwins.Test.BatchDigitalTwinTests..ctor(ITestOutputHelper output) in C:\Users\NRaes\Dev\pg-age-digitaltwins\src\AgeDigitalTwins.Test\BatchDigitalTwinTests.cs:line 17&#xD;
   at InvokeStub_BatchDigitalTwinTests..ctor(Object, Span`1)&#xD;
   at System.Reflection.MethodBaseInvoker.InvokeWithOneArg(Object obj, BindingFlags invokeAttr, Binder binder, Object[] parameters, CultureInfo culture)&#xD;
----- Inner Stack Trace -----&#xD;
&#xD;
----- Inner Stack Trace -----&#xD;
   at Npgsql.Internal.NpgsqlConnector.ConnectAsync(NpgsqlTimeout timeout, CancellationToken cancellationToken)&#xD;
   at Npgsql.Internal.NpgsqlConnector.RawOpen(SslMode sslMode, NpgsqlTimeout timeout, Boolean async, CancellationToken cancellationToken)&#xD;
   at Npgsql.Internal.NpgsqlConnector.&lt;Open&gt;g__OpenCore|214_1(NpgsqlConnector conn, SslMode sslMode, NpgsqlTimeout timeout, Boolean async, CancellationToken cancellationToken)&#xD;
   at Npgsql.Internal.NpgsqlConnector.Open(NpgsqlTimeout timeout, Boolean async, CancellationToken cancellationToken)&#xD;
   at Npgsql.PoolingDataSource.OpenNewConnector(NpgsqlConnection conn, NpgsqlTimeout timeout, Boolean async, CancellationToken cancellationToken)&#xD;
   at Npgsql.NpgsqlMultiHostDataSource.TryGetIdleOrNew(NpgsqlConnection conn, TimeSpan timeoutPerHost, Boolean async, TargetSessionAttributes preferredType, Func`3 stateValidator, Int32 poolIndex, IList`1 exceptions, CancellationToken cancellationToken)&#xD;
----- Inner Stack Trace -----&#xD;
   at System.Net.Sockets.Socket.AwaitableSocketAsyncEventArgs.ThrowException(SocketError error, CancellationToken cancellationToken)&#xD;
   at System.Net.Sockets.Socket.AwaitableSocketAsyncEventArgs.System.Threading.Tasks.Sources.IValueTaskSource.GetResult(Int16 token)&#xD;
   at System.Net.Sockets.Socket.&lt;ConnectAsync&gt;g__WaitForConnectWithCancellation|285_0(AwaitableSocketAsyncEventArgs saea, ValueTask connectTask, CancellationToken cancellationToken)&#xD;
   at Npgsql.TaskTimeoutAndCancellation.ExecuteAsync(Func`2 getTaskFunc, NpgsqlTimeout timeout, CancellationToken cancellationToken)&#xD;
   at Npgsql.Internal.NpgsqlConnector.ConnectAsync(NpgsqlTimeout timeout, CancellationToken cancellationToken)</StackTrace>
        </ErrorInfo>
      </Output>
    </UnitTestResult>
  </Results>
  <TestDefinitions>
    <UnitTest name="AgeDigitalTwins.Test.ImportJobTests.Client_ImportGraphAsync_WithDuplicateJobId_ShouldThrow" storage="c:\users\nraes\dev\pg-age-digitaltwins\src\agedigitaltwins.test\bin\debug\net8.0\agedigitaltwins.test.dll" id="bfa65dfc-f7b0-03c8-147b-3ffcd1932843">
      <Execution id="2067f515-3a4c-400f-ad46-764fb866fa05" />
      <TestMethod codeBase="C:\Users\NRaes\Dev\pg-age-digitaltwins\src\AgeDigitalTwins.Test\bin\Debug\net8.0\AgeDigitalTwins.Test.dll" adapterTypeName="executor://xunit/VsTestRunner3/netcore/" className="AgeDigitalTwins.Test.ImportJobTests" name="Client_ImportGraphAsync_WithDuplicateJobId_ShouldThrow" />
    </UnitTest>
    <UnitTest name="AgeDigitalTwins.Test.DigitalTwinsTests.UpdateDigitalTwinAsync_AddOperationPrimitive_Updated" storage="c:\users\nraes\dev\pg-age-digitaltwins\src\agedigitaltwins.test\bin\debug\net8.0\agedigitaltwins.test.dll" id="33cbc90f-3f22-7603-b21b-f1ce92149c54">
      <Execution id="c8e6600e-c314-4c9c-b251-a503aff73be2" />
      <TestMethod codeBase="C:\Users\NRaes\Dev\pg-age-digitaltwins\src\AgeDigitalTwins.Test\bin\Debug\net8.0\AgeDigitalTwins.Test.dll" adapterTypeName="executor://xunit/VsTestRunner3/netcore/" className="AgeDigitalTwins.Test.DigitalTwinsTests" name="UpdateDigitalTwinAsync_AddOperationPrimitive_Updated" />
    </UnitTest>
    <UnitTest name="AgeDigitalTwins.Test.DigitalTwinsTests.UpdateDigitalTwinAsync_MultipleOperations_Updated" storage="c:\users\nraes\dev\pg-age-digitaltwins\src\agedigitaltwins.test\bin\debug\net8.0\agedigitaltwins.test.dll" id="8b366be4-6353-11af-669c-3b8ef3e61182">
      <Execution id="e2864eb7-0786-4e8e-b3d7-4f5dfd345049" />
      <TestMethod codeBase="C:\Users\NRaes\Dev\pg-age-digitaltwins\src\AgeDigitalTwins.Test\bin\Debug\net8.0\AgeDigitalTwins.Test.dll" adapterTypeName="executor://xunit/VsTestRunner3/netcore/" className="AgeDigitalTwins.Test.DigitalTwinsTests" name="UpdateDigitalTwinAsync_MultipleOperations_Updated" />
    </UnitTest>
    <UnitTest name="AgeDigitalTwins.Test.DigitalTwinsTests.UpdateDigitalTwinAsync_SourceTime_Updated" storage="c:\users\nraes\dev\pg-age-digitaltwins\src\agedigitaltwins.test\bin\debug\net8.0\agedigitaltwins.test.dll" id="9741a638-6c53-603b-83c2-28e17fcbde64">
      <Execution id="eb2d0557-6a3b-44c7-9f33-fce5fa6efc36" />
      <TestMethod codeBase="C:\Users\NRaes\Dev\pg-age-digitaltwins\src\AgeDigitalTwins.Test\bin\Debug\net8.0\AgeDigitalTwins.Test.dll" adapterTypeName="executor://xunit/VsTestRunner3/netcore/" className="AgeDigitalTwins.Test.DigitalTwinsTests" name="UpdateDigitalTwinAsync_SourceTime_Updated" />
    </UnitTest>
    <UnitTest name="AgeDigitalTwins.Test.ImportJobSystemTests.DeleteImportJob_ShouldReturnTrue_WhenJobExists" storage="c:\users\nraes\dev\pg-age-digitaltwins\src\agedigitaltwins.test\bin\debug\net8.0\agedigitaltwins.test.dll" id="2cb56f9b-93f4-0199-b6a1-fac2f541fe3b">
      <Execution id="5c8c05d2-aa1b-4782-bac6-c0708a8d3814" />
      <TestMethod codeBase="C:\Users\NRaes\Dev\pg-age-digitaltwins\src\AgeDigitalTwins.Test\bin\Debug\net8.0\AgeDigitalTwins.Test.dll" adapterTypeName="executor://xunit/VsTestRunner3/netcore/" className="AgeDigitalTwins.Test.ImportJobSystemTests" name="DeleteImportJob_ShouldReturnTrue_WhenJobExists" />
    </UnitTest>
    <UnitTest name="AgeDigitalTwins.Test.DigitalTwinsTests.CreateOrReplaceDigitalTwinAsync_InvalidProperty_ValidationFailedException" storage="c:\users\nraes\dev\pg-age-digitaltwins\src\agedigitaltwins.test\bin\debug\net8.0\agedigitaltwins.test.dll" id="7c93cb0c-791e-7e9f-6363-531b40c4ab06">
      <Execution id="b2fc0aa6-b338-4020-a3df-5b8ca64b78cb" />
      <TestMethod codeBase="C:\Users\NRaes\Dev\pg-age-digitaltwins\src\AgeDigitalTwins.Test\bin\Debug\net8.0\AgeDigitalTwins.Test.dll" adapterTypeName="executor://xunit/VsTestRunner3/netcore/" className="AgeDigitalTwins.Test.DigitalTwinsTests" name="CreateOrReplaceDigitalTwinAsync_InvalidProperty_ValidationFailedException" />
    </UnitTest>
    <UnitTest name="AgeDigitalTwins.Test.RelationshipTests.CreateOrReplaceRelationshipAsync_WithIfNoneMatch_ThrowsOnExistingRelationship" storage="c:\users\nraes\dev\pg-age-digitaltwins\src\agedigitaltwins.test\bin\debug\net8.0\agedigitaltwins.test.dll" id="7e5b6875-adc2-c789-d16b-ed5f1efed23e">
      <Execution id="7848b888-da13-4bb9-b7e5-8313a6c70720" />
      <TestMethod codeBase="C:\Users\NRaes\Dev\pg-age-digitaltwins\src\AgeDigitalTwins.Test\bin\Debug\net8.0\AgeDigitalTwins.Test.dll" adapterTypeName="executor://xunit/VsTestRunner3/netcore/" className="AgeDigitalTwins.Test.RelationshipTests" name="CreateOrReplaceRelationshipAsync_WithIfNoneMatch_ThrowsOnExistingRelationship" />
    </UnitTest>
    <UnitTest name="AgeDigitalTwins.Test.DigitalTwinsTests.CreateOrReplaceDigitalTwinAsync_BasicDigitalTwin_CreatedAndReadable" storage="c:\users\nraes\dev\pg-age-digitaltwins\src\agedigitaltwins.test\bin\debug\net8.0\agedigitaltwins.test.dll" id="73d0f4a3-d0ab-2bf6-61fd-f5bbf3784647">
      <Execution id="1c47a516-a050-4005-8c5d-b3fde454e3b0" />
      <TestMethod codeBase="C:\Users\NRaes\Dev\pg-age-digitaltwins\src\AgeDigitalTwins.Test\bin\Debug\net8.0\AgeDigitalTwins.Test.dll" adapterTypeName="executor://xunit/VsTestRunner3/netcore/" className="AgeDigitalTwins.Test.DigitalTwinsTests" name="CreateOrReplaceDigitalTwinAsync_BasicDigitalTwin_CreatedAndReadable" />
    </UnitTest>
    <UnitTest name="AgeDigitalTwins.Test.QueryTests.QueryAsync_IsOfModel_ReturnsTwins" storage="c:\users\nraes\dev\pg-age-digitaltwins\src\agedigitaltwins.test\bin\debug\net8.0\agedigitaltwins.test.dll" id="9eab1d19-5e45-4d7a-03db-650df479007f">
      <Execution id="1f0676a2-2ca9-44ac-bb38-208e8104c1bf" />
      <TestMethod codeBase="C:\Users\NRaes\Dev\pg-age-digitaltwins\src\AgeDigitalTwins.Test\bin\Debug\net8.0\AgeDigitalTwins.Test.dll" adapterTypeName="executor://xunit/VsTestRunner3/netcore/" className="AgeDigitalTwins.Test.QueryTests" name="QueryAsync_IsOfModel_ReturnsTwins" />
    </UnitTest>
    <UnitTest name="AgeDigitalTwins.Test.QueryTests.QueryAsync_Pagination_HandlesBiggerLimitInQuery" storage="c:\users\nraes\dev\pg-age-digitaltwins\src\agedigitaltwins.test\bin\debug\net8.0\agedigitaltwins.test.dll" id="31f0b78d-f0da-9487-5905-d9ab1d4ace3d">
      <Execution id="26e011b9-9f5b-4501-b482-df443cb337aa" />
      <TestMethod codeBase="C:\Users\NRaes\Dev\pg-age-digitaltwins\src\AgeDigitalTwins.Test\bin\Debug\net8.0\AgeDigitalTwins.Test.dll" adapterTypeName="executor://xunit/VsTestRunner3/netcore/" className="AgeDigitalTwins.Test.QueryTests" name="QueryAsync_Pagination_HandlesBiggerLimitInQuery" />
    </UnitTest>
    <UnitTest name="AgeDigitalTwins.Test.DigitalTwinsTests.CreateOrReplaceDigitalTwinAsync_NoModel_ThrowsArgumentException" storage="c:\users\nraes\dev\pg-age-digitaltwins\src\agedigitaltwins.test\bin\debug\net8.0\agedigitaltwins.test.dll" id="025f74db-1fe0-23ee-7af4-6c5bf09ad7f0">
      <Execution id="8e753467-71b1-41fb-970b-e9483d7c32b0" />
      <TestMethod codeBase="C:\Users\NRaes\Dev\pg-age-digitaltwins\src\AgeDigitalTwins.Test\bin\Debug\net8.0\AgeDigitalTwins.Test.dll" adapterTypeName="executor://xunit/VsTestRunner3/netcore/" className="AgeDigitalTwins.Test.DigitalTwinsTests" name="CreateOrReplaceDigitalTwinAsync_NoModel_ThrowsArgumentException" />
    </UnitTest>
    <UnitTest name="AgeDigitalTwins.Test.BatchRelationshipTests.CreateOrReplaceRelationshipsAsync_WithInvalidRelationships_ShouldReportFailures" storage="c:\users\nraes\dev\pg-age-digitaltwins\src\agedigitaltwins.test\bin\debug\net8.0\agedigitaltwins.test.dll" id="ca1a97da-299e-1171-db3d-28d3e9f23a33">
      <Execution id="107dae03-ce33-4a9d-9488-bd9a679fa0c7" />
      <TestMethod codeBase="C:\Users\NRaes\Dev\pg-age-digitaltwins\src\AgeDigitalTwins.Test\bin\Debug\net8.0\AgeDigitalTwins.Test.dll" adapterTypeName="executor://xunit/VsTestRunner3/netcore/" className="AgeDigitalTwins.Test.BatchRelationshipTests" name="CreateOrReplaceRelationshipsAsync_WithInvalidRelationships_ShouldReportFailures" />
    </UnitTest>
    <UnitTest name="AgeDigitalTwins.Test.BatchRelationshipTests.CreateOrReplaceRelationshipsAsync_WithEmptyBatch_ShouldReturnEmptyResult" storage="c:\users\nraes\dev\pg-age-digitaltwins\src\agedigitaltwins.test\bin\debug\net8.0\agedigitaltwins.test.dll" id="fd8788af-91fb-5a90-8dc4-e2f9425b17de">
      <Execution id="7d9a1abe-9286-40a8-a1cb-8180bbd9b61c" />
      <TestMethod codeBase="C:\Users\NRaes\Dev\pg-age-digitaltwins\src\AgeDigitalTwins.Test\bin\Debug\net8.0\AgeDigitalTwins.Test.dll" adapterTypeName="executor://xunit/VsTestRunner3/netcore/" className="AgeDigitalTwins.Test.BatchRelationshipTests" name="CreateOrReplaceRelationshipsAsync_WithEmptyBatch_ShouldReturnEmptyResult" />
    </UnitTest>
    <UnitTest name="AgeDigitalTwins.Test.BatchDigitalTwinTests.CreateOrReplaceDigitalTwinsAsync_WithOversizedBatch_ShouldThrowException" storage="c:\users\nraes\dev\pg-age-digitaltwins\src\agedigitaltwins.test\bin\debug\net8.0\agedigitaltwins.test.dll" id="8a15dbd9-915f-33d6-0a1d-7a48e99d395d">
      <Execution id="cf2fc43a-49c4-48e6-a06e-80b260d70e0a" />
      <TestMethod codeBase="C:\Users\NRaes\Dev\pg-age-digitaltwins\src\AgeDigitalTwins.Test\bin\Debug\net8.0\AgeDigitalTwins.Test.dll" adapterTypeName="executor://xunit/VsTestRunner3/netcore/" className="AgeDigitalTwins.Test.BatchDigitalTwinTests" name="CreateOrReplaceDigitalTwinsAsync_WithOversizedBatch_ShouldThrowException" />
    </UnitTest>
    <UnitTest name="AgeDigitalTwins.Test.ImportJobSystemTests.GetImportJob_ShouldReturnJob_WhenJobExists" storage="c:\users\nraes\dev\pg-age-digitaltwins\src\agedigitaltwins.test\bin\debug\net8.0\agedigitaltwins.test.dll" id="0fe885f8-b746-3b2b-a2bf-4b91d653c870">
      <Execution id="d13984dc-51d2-4821-ba8a-2a3df5d3702f" />
      <TestMethod codeBase="C:\Users\NRaes\Dev\pg-age-digitaltwins\src\AgeDigitalTwins.Test\bin\Debug\net8.0\AgeDigitalTwins.Test.dll" adapterTypeName="executor://xunit/VsTestRunner3/netcore/" className="AgeDigitalTwins.Test.ImportJobSystemTests" name="GetImportJob_ShouldReturnJob_WhenJobExists" />
    </UnitTest>
    <UnitTest name="AgeDigitalTwins.Test.ModelsTests.CreateModels_ExistingModel_ThrowsModelAlreadyExists" storage="c:\users\nraes\dev\pg-age-digitaltwins\src\agedigitaltwins.test\bin\debug\net8.0\agedigitaltwins.test.dll" id="a752199f-945e-6ed3-5799-6945fbf051eb">
      <Execution id="5884429e-10d7-45b4-8e5d-f8b1847ca02e" />
      <TestMethod codeBase="C:\Users\NRaes\Dev\pg-age-digitaltwins\src\AgeDigitalTwins.Test\bin\Debug\net8.0\AgeDigitalTwins.Test.dll" adapterTypeName="executor://xunit/VsTestRunner3/netcore/" className="AgeDigitalTwins.Test.ModelsTests" name="CreateModels_ExistingModel_ThrowsModelAlreadyExists" />
    </UnitTest>
    <UnitTest name="AgeDigitalTwins.Test.ImportJobTests.Client_ListImportJobs_ShouldReturnAllJobs" storage="c:\users\nraes\dev\pg-age-digitaltwins\src\agedigitaltwins.test\bin\debug\net8.0\agedigitaltwins.test.dll" id="e165838f-0dd9-dff2-7c57-576c57aa82c3">
      <Execution id="be97bfc9-6433-4491-954f-521eda95c4ce" />
      <TestMethod codeBase="C:\Users\NRaes\Dev\pg-age-digitaltwins\src\AgeDigitalTwins.Test\bin\Debug\net8.0\AgeDigitalTwins.Test.dll" adapterTypeName="executor://xunit/VsTestRunner3/netcore/" className="AgeDigitalTwins.Test.ImportJobTests" name="Client_ListImportJobs_ShouldReturnAllJobs" />
    </UnitTest>
    <UnitTest name="AgeDigitalTwins.Test.QueryTests.QueryAsync_SimpleAdtQuery_ReturnsTwins" storage="c:\users\nraes\dev\pg-age-digitaltwins\src\agedigitaltwins.test\bin\debug\net8.0\agedigitaltwins.test.dll" id="eff5c6c5-78b5-b126-8318-0a7e4e7b687d">
      <Execution id="0c03d2af-ec69-43ca-ba01-a00dfa4d8ace" />
      <TestMethod codeBase="C:\Users\NRaes\Dev\pg-age-digitaltwins\src\AgeDigitalTwins.Test\bin\Debug\net8.0\AgeDigitalTwins.Test.dll" adapterTypeName="executor://xunit/VsTestRunner3/netcore/" className="AgeDigitalTwins.Test.QueryTests" name="QueryAsync_SimpleAdtQuery_ReturnsTwins" />
    </UnitTest>
    <UnitTest name="AgeDigitalTwins.Test.ImportJobTests.ImportAsync_WithInvalidFileVersion_ShouldFail" storage="c:\users\nraes\dev\pg-age-digitaltwins\src\agedigitaltwins.test\bin\debug\net8.0\agedigitaltwins.test.dll" id="1f476f4c-73ed-c9f7-1b7a-e2c2310bfa0f">
      <Execution id="728412eb-c696-4389-af22-92d51852baeb" />
      <TestMethod codeBase="C:\Users\NRaes\Dev\pg-age-digitaltwins\src\AgeDigitalTwins.Test\bin\Debug\net8.0\AgeDigitalTwins.Test.dll" adapterTypeName="executor://xunit/VsTestRunner3/netcore/" className="AgeDigitalTwins.Test.ImportJobTests" name="ImportAsync_WithInvalidFileVersion_ShouldFail" />
    </UnitTest>
    <UnitTest name="AgeDigitalTwins.Test.QueryTests.QueryAsync_IsOfModel_ReturnsOnlyPlanets" storage="c:\users\nraes\dev\pg-age-digitaltwins\src\agedigitaltwins.test\bin\debug\net8.0\agedigitaltwins.test.dll" id="9ceb341c-a871-fa54-7137-f4ba5e90d9d8">
      <Execution id="313fa72e-99cb-4ffe-8fda-f7a9088ebf12" />
      <TestMethod codeBase="C:\Users\NRaes\Dev\pg-age-digitaltwins\src\AgeDigitalTwins.Test\bin\Debug\net8.0\AgeDigitalTwins.Test.dll" adapterTypeName="executor://xunit/VsTestRunner3/netcore/" className="AgeDigitalTwins.Test.QueryTests" name="QueryAsync_IsOfModel_ReturnsOnlyPlanets" />
    </UnitTest>
    <UnitTest name="AgeDigitalTwins.Test.QueryTests.QueryAsync_AdtQueryWithTypeCheckFunctions_ReturnsTwins" storage="c:\users\nraes\dev\pg-age-digitaltwins\src\agedigitaltwins.test\bin\debug\net8.0\agedigitaltwins.test.dll" id="6e792ea8-13f1-f922-27c5-01c48a5f7875">
      <Execution id="860ea5b8-e885-4d41-a8a2-2cb0cbb4153f" />
      <TestMethod codeBase="C:\Users\NRaes\Dev\pg-age-digitaltwins\src\AgeDigitalTwins.Test\bin\Debug\net8.0\AgeDigitalTwins.Test.dll" adapterTypeName="executor://xunit/VsTestRunner3/netcore/" className="AgeDigitalTwins.Test.QueryTests" name="QueryAsync_AdtQueryWithTypeCheckFunctions_ReturnsTwins" />
    </UnitTest>
    <UnitTest name="AgeDigitalTwins.Test.QueryTests.QueryAsync_SimpleAdtQueryWithUnderscore_ReturnsTwins" storage="c:\users\nraes\dev\pg-age-digitaltwins\src\agedigitaltwins.test\bin\debug\net8.0\agedigitaltwins.test.dll" id="f0d61abb-433e-2115-155f-c6b426f92f1f">
      <Execution id="503414af-0368-432e-8d24-53fff1aa5532" />
      <TestMethod codeBase="C:\Users\NRaes\Dev\pg-age-digitaltwins\src\AgeDigitalTwins.Test\bin\Debug\net8.0\AgeDigitalTwins.Test.dll" adapterTypeName="executor://xunit/VsTestRunner3/netcore/" className="AgeDigitalTwins.Test.QueryTests" name="QueryAsync_SimpleAdtQueryWithUnderscore_ReturnsTwins" />
    </UnitTest>
    <UnitTest name="AgeDigitalTwins.Test.DigitalTwinsTests.UpdateDigitalTwinAsync_RemoveOperationPrimitive_Updated" storage="c:\users\nraes\dev\pg-age-digitaltwins\src\agedigitaltwins.test\bin\debug\net8.0\agedigitaltwins.test.dll" id="133852e2-50ab-6b52-fe02-111dcbfe7d18">
      <Execution id="42f2f8a3-a806-49e6-926c-04c9ef69fac8" />
      <TestMethod codeBase="C:\Users\NRaes\Dev\pg-age-digitaltwins\src\AgeDigitalTwins.Test\bin\Debug\net8.0\AgeDigitalTwins.Test.dll" adapterTypeName="executor://xunit/VsTestRunner3/netcore/" className="AgeDigitalTwins.Test.DigitalTwinsTests" name="UpdateDigitalTwinAsync_RemoveOperationPrimitive_Updated" />
    </UnitTest>
    <UnitTest name="AgeDigitalTwins.Test.BatchDigitalTwinTests.CreateOrReplaceDigitalTwinsAsync_WithValidTwins_ShouldSucceed" storage="c:\users\nraes\dev\pg-age-digitaltwins\src\agedigitaltwins.test\bin\debug\net8.0\agedigitaltwins.test.dll" id="145e4be1-483c-a4c1-25cf-1d71ced7181f">
      <Execution id="8ca61d92-3381-46bc-8cb2-4587091b228b" />
      <TestMethod codeBase="C:\Users\NRaes\Dev\pg-age-digitaltwins\src\AgeDigitalTwins.Test\bin\Debug\net8.0\AgeDigitalTwins.Test.dll" adapterTypeName="executor://xunit/VsTestRunner3/netcore/" className="AgeDigitalTwins.Test.BatchDigitalTwinTests" name="CreateOrReplaceDigitalTwinsAsync_WithValidTwins_ShouldSucceed" />
    </UnitTest>
    <UnitTest name="AgeDigitalTwins.Test.QueryTests.QueryAsync_SimpleAdtQuerySelectAlias_ReturnsPropertyValues" storage="c:\users\nraes\dev\pg-age-digitaltwins\src\agedigitaltwins.test\bin\debug\net8.0\agedigitaltwins.test.dll" id="b5681ddb-deee-3dea-094a-4b53302c32a0">
      <Execution id="6743cb86-a860-4c10-b9c3-c74edd9c61d5" />
      <TestMethod codeBase="C:\Users\NRaes\Dev\pg-age-digitaltwins\src\AgeDigitalTwins.Test\bin\Debug\net8.0\AgeDigitalTwins.Test.dll" adapterTypeName="executor://xunit/VsTestRunner3/netcore/" className="AgeDigitalTwins.Test.QueryTests" name="QueryAsync_SimpleAdtQuerySelectAlias_ReturnsPropertyValues" />
    </UnitTest>
    <UnitTest name="AgeDigitalTwins.Test.BatchRelationshipTests.CreateOrReplaceRelationshipsAsync_WithOversizedBatch_ShouldThrowException" storage="c:\users\nraes\dev\pg-age-digitaltwins\src\agedigitaltwins.test\bin\debug\net8.0\agedigitaltwins.test.dll" id="a91c609f-ec06-3cbc-0b4a-b7f8cfe3e44f">
      <Execution id="9c4515ec-1cda-48a0-9f42-2a78c0b016f2" />
      <TestMethod codeBase="C:\Users\NRaes\Dev\pg-age-digitaltwins\src\AgeDigitalTwins.Test\bin\Debug\net8.0\AgeDigitalTwins.Test.dll" adapterTypeName="executor://xunit/VsTestRunner3/netcore/" className="AgeDigitalTwins.Test.BatchRelationshipTests" name="CreateOrReplaceRelationshipsAsync_WithOversizedBatch_ShouldThrowException" />
    </UnitTest>
    <UnitTest name="AgeDigitalTwins.Test.DistributedLockingTests.RenewJobLockHeartbeatAsync_ShouldFail_WhenLockIsNotOwned" storage="c:\users\nraes\dev\pg-age-digitaltwins\src\agedigitaltwins.test\bin\debug\net8.0\agedigitaltwins.test.dll" id="c4f31492-bb58-7133-cfc8-1c3e39b5d198">
      <Execution id="80b3edf5-b7a8-4713-8a68-1c200c101f3b" />
      <TestMethod codeBase="C:\Users\NRaes\Dev\pg-age-digitaltwins\src\AgeDigitalTwins.Test\bin\Debug\net8.0\AgeDigitalTwins.Test.dll" adapterTypeName="executor://xunit/VsTestRunner3/netcore/" className="AgeDigitalTwins.Test.DistributedLockingTests" name="RenewJobLockHeartbeatAsync_ShouldFail_WhenLockIsNotOwned" />
    </UnitTest>
    <UnitTest name="AgeDigitalTwins.Test.ModelsTests.CreateModels_MissingDependency_ThrowsFailedToResolve" storage="c:\users\nraes\dev\pg-age-digitaltwins\src\agedigitaltwins.test\bin\debug\net8.0\agedigitaltwins.test.dll" id="1ed578e7-83f1-f025-27db-4a3954a43ca4">
      <Execution id="aa4f20dc-dda6-4d98-84cf-188b6a1a1c75" />
      <TestMethod codeBase="C:\Users\NRaes\Dev\pg-age-digitaltwins\src\AgeDigitalTwins.Test\bin\Debug\net8.0\AgeDigitalTwins.Test.dll" adapterTypeName="executor://xunit/VsTestRunner3/netcore/" className="AgeDigitalTwins.Test.ModelsTests" name="CreateModels_MissingDependency_ThrowsFailedToResolve" />
    </UnitTest>
    <UnitTest name="AgeDigitalTwins.Test.DistributedLockingTests.ReleaseJobLockAsync_ShouldFail_WhenLockIsNotOwned" storage="c:\users\nraes\dev\pg-age-digitaltwins\src\agedigitaltwins.test\bin\debug\net8.0\agedigitaltwins.test.dll" id="3212b5a4-ad8c-4754-5b34-e9f12f57bbbb">
      <Execution id="beffce1c-ce65-4437-a716-d112c5638a3b" />
      <TestMethod codeBase="C:\Users\NRaes\Dev\pg-age-digitaltwins\src\AgeDigitalTwins.Test\bin\Debug\net8.0\AgeDigitalTwins.Test.dll" adapterTypeName="executor://xunit/VsTestRunner3/netcore/" className="AgeDigitalTwins.Test.DistributedLockingTests" name="ReleaseJobLockAsync_ShouldFail_WhenLockIsNotOwned" />
    </UnitTest>
    <UnitTest name="AgeDigitalTwins.Test.DistributedLockingTests.TryAcquireJobLockAsync_ShouldSucceed_WhenLockIsAvailable" storage="c:\users\nraes\dev\pg-age-digitaltwins\src\agedigitaltwins.test\bin\debug\net8.0\agedigitaltwins.test.dll" id="f5b1634f-f958-5274-ce84-3b9ffddaa351">
      <Execution id="a13494b1-bed4-4518-8a66-2750ad612996" />
      <TestMethod codeBase="C:\Users\NRaes\Dev\pg-age-digitaltwins\src\AgeDigitalTwins.Test\bin\Debug\net8.0\AgeDigitalTwins.Test.dll" adapterTypeName="executor://xunit/VsTestRunner3/netcore/" className="AgeDigitalTwins.Test.DistributedLockingTests" name="TryAcquireJobLockAsync_ShouldSucceed_WhenLockIsAvailable" />
    </UnitTest>
    <UnitTest name="AgeDigitalTwins.Test.ModelsTests.DeleteModels_ThrowsWhenModelReferencesAreNotDeleted" storage="c:\users\nraes\dev\pg-age-digitaltwins\src\agedigitaltwins.test\bin\debug\net8.0\agedigitaltwins.test.dll" id="09293ea3-457b-c54c-0bf2-56925650219b">
      <Execution id="f77d11be-9ff7-45c7-a961-f73daa60d8ff" />
      <TestMethod codeBase="C:\Users\NRaes\Dev\pg-age-digitaltwins\src\AgeDigitalTwins.Test\bin\Debug\net8.0\AgeDigitalTwins.Test.dll" adapterTypeName="executor://xunit/VsTestRunner3/netcore/" className="AgeDigitalTwins.Test.ModelsTests" name="DeleteModels_ThrowsWhenModelReferencesAreNotDeleted" />
    </UnitTest>
    <UnitTest name="AgeDigitalTwins.Test.DistributedLockingTests.ReleaseJobLockAsync_ShouldSucceed_WhenLockIsOwnedByCurrentInstance" storage="c:\users\nraes\dev\pg-age-digitaltwins\src\agedigitaltwins.test\bin\debug\net8.0\agedigitaltwins.test.dll" id="b7946ecc-96d6-0df2-d010-914061a9e7bb">
      <Execution id="db9bca76-e193-4e63-9548-b071d763b1f3" />
      <TestMethod codeBase="C:\Users\NRaes\Dev\pg-age-digitaltwins\src\AgeDigitalTwins.Test\bin\Debug\net8.0\AgeDigitalTwins.Test.dll" adapterTypeName="executor://xunit/VsTestRunner3/netcore/" className="AgeDigitalTwins.Test.DistributedLockingTests" name="ReleaseJobLockAsync_ShouldSucceed_WhenLockIsOwnedByCurrentInstance" />
    </UnitTest>
    <UnitTest name="AgeDigitalTwins.Test.QueryTests.QueryAsync_AdtQueryWithCount_ReturnsCount" storage="c:\users\nraes\dev\pg-age-digitaltwins\src\agedigitaltwins.test\bin\debug\net8.0\agedigitaltwins.test.dll" id="f6d0841d-d089-d615-2e3a-b4f34b4778bd">
      <Execution id="31201099-29e5-4b61-952e-fde791c8d420" />
      <TestMethod codeBase="C:\Users\NRaes\Dev\pg-age-digitaltwins\src\AgeDigitalTwins.Test\bin\Debug\net8.0\AgeDigitalTwins.Test.dll" adapterTypeName="executor://xunit/VsTestRunner3/netcore/" className="AgeDigitalTwins.Test.QueryTests" name="QueryAsync_AdtQueryWithCount_ReturnsCount" />
    </UnitTest>
    <UnitTest name="AgeDigitalTwins.Test.ModelsTests.CreateModels_MultipleDependentModels_ValidatedAndCreated" storage="c:\users\nraes\dev\pg-age-digitaltwins\src\agedigitaltwins.test\bin\debug\net8.0\agedigitaltwins.test.dll" id="5eb1f3aa-2d9a-e56e-135f-bc6af6834326">
      <Execution id="7e4f7880-b5a8-4555-8fdb-46e05113dd96" />
      <TestMethod codeBase="C:\Users\NRaes\Dev\pg-age-digitaltwins\src\AgeDigitalTwins.Test\bin\Debug\net8.0\AgeDigitalTwins.Test.dll" adapterTypeName="executor://xunit/VsTestRunner3/netcore/" className="AgeDigitalTwins.Test.ModelsTests" name="CreateModels_MultipleDependentModels_ValidatedAndCreated" />
    </UnitTest>
    <UnitTest name="AgeDigitalTwins.Test.RelationshipTests.CreateOrReplaceRelationshipAsync_BasicRelationshipNoSourceOrId_CreatedAndReadable" storage="c:\users\nraes\dev\pg-age-digitaltwins\src\agedigitaltwins.test\bin\debug\net8.0\agedigitaltwins.test.dll" id="62d5f027-cd82-987f-dffd-c8ca3c697623">
      <Execution id="923f46f5-12da-4068-a9a7-c2303f6f8711" />
      <TestMethod codeBase="C:\Users\NRaes\Dev\pg-age-digitaltwins\src\AgeDigitalTwins.Test\bin\Debug\net8.0\AgeDigitalTwins.Test.dll" adapterTypeName="executor://xunit/VsTestRunner3/netcore/" className="AgeDigitalTwins.Test.RelationshipTests" name="CreateOrReplaceRelationshipAsync_BasicRelationshipNoSourceOrId_CreatedAndReadable" />
    </UnitTest>
    <UnitTest name="AgeDigitalTwins.Test.ImportJobTests.Client_ImportGraphAsync_WithStreams_ShouldSucceed" storage="c:\users\nraes\dev\pg-age-digitaltwins\src\agedigitaltwins.test\bin\debug\net8.0\agedigitaltwins.test.dll" id="45f48d84-dd7d-fabe-7f30-1a335dbc6d01">
      <Execution id="0b00c908-9032-46d9-95c0-42dfe877782d" />
      <TestMethod codeBase="C:\Users\NRaes\Dev\pg-age-digitaltwins\src\AgeDigitalTwins.Test\bin\Debug\net8.0\AgeDigitalTwins.Test.dll" adapterTypeName="executor://xunit/VsTestRunner3/netcore/" className="AgeDigitalTwins.Test.ImportJobTests" name="Client_ImportGraphAsync_WithStreams_ShouldSucceed" />
    </UnitTest>
    <UnitTest name="AgeDigitalTwins.Test.ImportJobTests.ImportAsync_WithValidNdJsonData_ShouldImportSuccessfully" storage="c:\users\nraes\dev\pg-age-digitaltwins\src\agedigitaltwins.test\bin\debug\net8.0\agedigitaltwins.test.dll" id="cd8f5070-ea91-35d6-7f05-4a8ccdf130d1">
      <Execution id="57620c15-f7ba-4f49-8fe8-16c3a22c0f84" />
      <TestMethod codeBase="C:\Users\NRaes\Dev\pg-age-digitaltwins\src\AgeDigitalTwins.Test\bin\Debug\net8.0\AgeDigitalTwins.Test.dll" adapterTypeName="executor://xunit/VsTestRunner3/netcore/" className="AgeDigitalTwins.Test.ImportJobTests" name="ImportAsync_WithValidNdJsonData_ShouldImportSuccessfully" />
    </UnitTest>
    <UnitTest name="AgeDigitalTwins.Test.ImportJobSystemTests.GetImportJob_ShouldReturnNull_WhenJobDoesNotExist" storage="c:\users\nraes\dev\pg-age-digitaltwins\src\agedigitaltwins.test\bin\debug\net8.0\agedigitaltwins.test.dll" id="a7aaa1df-a089-b4ac-da51-57a270c03d0b">
      <Execution id="bcdea144-a09b-4619-b466-72ab06dcde8a" />
      <TestMethod codeBase="C:\Users\NRaes\Dev\pg-age-digitaltwins\src\AgeDigitalTwins.Test\bin\Debug\net8.0\AgeDigitalTwins.Test.dll" adapterTypeName="executor://xunit/VsTestRunner3/netcore/" className="AgeDigitalTwins.Test.ImportJobSystemTests" name="GetImportJob_ShouldReturnNull_WhenJobDoesNotExist" />
    </UnitTest>
    <UnitTest name="AgeDigitalTwins.Test.DigitalTwinsTests.CreateOrReplaceDigitalTwinAsync_BasicDigitalTwinWithWeirdcharacters_CreatedAndReadable" storage="c:\users\nraes\dev\pg-age-digitaltwins\src\agedigitaltwins.test\bin\debug\net8.0\agedigitaltwins.test.dll" id="ae55ef44-3dbf-f4c4-6ad1-6cbf77091d3b">
      <Execution id="c3c3aa76-c587-47ee-959c-59dc623f1eac" />
      <TestMethod codeBase="C:\Users\NRaes\Dev\pg-age-digitaltwins\src\AgeDigitalTwins.Test\bin\Debug\net8.0\AgeDigitalTwins.Test.dll" adapterTypeName="executor://xunit/VsTestRunner3/netcore/" className="AgeDigitalTwins.Test.DigitalTwinsTests" name="CreateOrReplaceDigitalTwinAsync_BasicDigitalTwinWithWeirdcharacters_CreatedAndReadable" />
    </UnitTest>
    <UnitTest name="AgeDigitalTwins.Test.DistributedLockingTests.GetJobLockInfoAsync_ShouldReturnLockInfo_WhenLockExists" storage="c:\users\nraes\dev\pg-age-digitaltwins\src\agedigitaltwins.test\bin\debug\net8.0\agedigitaltwins.test.dll" id="93ffc443-a97a-42b8-a64f-2379e26c6113">
      <Execution id="a6b1fd14-9de2-48dd-be94-52da3104ee2d" />
      <TestMethod codeBase="C:\Users\NRaes\Dev\pg-age-digitaltwins\src\AgeDigitalTwins.Test\bin\Debug\net8.0\AgeDigitalTwins.Test.dll" adapterTypeName="executor://xunit/VsTestRunner3/netcore/" className="AgeDigitalTwins.Test.DistributedLockingTests" name="GetJobLockInfoAsync_ShouldReturnLockInfo_WhenLockExists" />
    </UnitTest>
    <UnitTest name="AgeDigitalTwins.Test.ImportJobTests.ImportAsync_WithEmptyStream_ShouldFail" storage="c:\users\nraes\dev\pg-age-digitaltwins\src\agedigitaltwins.test\bin\debug\net8.0\agedigitaltwins.test.dll" id="c4fddb4d-33a3-a2c7-4e5e-c97bd1c015f0">
      <Execution id="f8371351-931d-4964-839a-246eb5c7c974" />
      <TestMethod codeBase="C:\Users\NRaes\Dev\pg-age-digitaltwins\src\AgeDigitalTwins.Test\bin\Debug\net8.0\AgeDigitalTwins.Test.dll" adapterTypeName="executor://xunit/VsTestRunner3/netcore/" className="AgeDigitalTwins.Test.ImportJobTests" name="ImportAsync_WithEmptyStream_ShouldFail" />
    </UnitTest>
    <UnitTest name="AgeDigitalTwins.Test.DigitalTwinsTests.CreateOrReplaceDigitalTwinAsync_InvalidModel_ThrowsModelNotFoundException" storage="c:\users\nraes\dev\pg-age-digitaltwins\src\agedigitaltwins.test\bin\debug\net8.0\agedigitaltwins.test.dll" id="4e724b27-1485-92f4-f7f4-e53ad14fdf61">
      <Execution id="3f19bd6f-cb39-4aad-a2d4-381f531491f2" />
      <TestMethod codeBase="C:\Users\NRaes\Dev\pg-age-digitaltwins\src\AgeDigitalTwins.Test\bin\Debug\net8.0\AgeDigitalTwins.Test.dll" adapterTypeName="executor://xunit/VsTestRunner3/netcore/" className="AgeDigitalTwins.Test.DigitalTwinsTests" name="CreateOrReplaceDigitalTwinAsync_InvalidModel_ThrowsModelNotFoundException" />
    </UnitTest>
    <UnitTest name="AgeDigitalTwins.Test.BatchDigitalTwinTests.CreateOrReplaceDigitalTwinsAsync_WithEmptyBatch_ShouldReturnEmptyResult" storage="c:\users\nraes\dev\pg-age-digitaltwins\src\agedigitaltwins.test\bin\debug\net8.0\agedigitaltwins.test.dll" id="ffbb3b3c-1e91-c940-692f-5a6eb84a5c3b">
      <Execution id="28895326-355f-4802-9a39-903c9bd64d4e" />
      <TestMethod codeBase="C:\Users\NRaes\Dev\pg-age-digitaltwins\src\AgeDigitalTwins.Test\bin\Debug\net8.0\AgeDigitalTwins.Test.dll" adapterTypeName="executor://xunit/VsTestRunner3/netcore/" className="AgeDigitalTwins.Test.BatchDigitalTwinTests" name="CreateOrReplaceDigitalTwinsAsync_WithEmptyBatch_ShouldReturnEmptyResult" />
    </UnitTest>
    <UnitTest name="AgeDigitalTwins.Test.ImportJobTests.Client_GetImportJob_ShouldReturnCorrectJob" storage="c:\users\nraes\dev\pg-age-digitaltwins\src\agedigitaltwins.test\bin\debug\net8.0\agedigitaltwins.test.dll" id="3d044c5d-5012-1073-4e7a-bc1714a9893a">
      <Execution id="2710047d-d23a-4527-986e-2a51c77f137a" />
      <TestMethod codeBase="C:\Users\NRaes\Dev\pg-age-digitaltwins\src\AgeDigitalTwins.Test\bin\Debug\net8.0\AgeDigitalTwins.Test.dll" adapterTypeName="executor://xunit/VsTestRunner3/netcore/" className="AgeDigitalTwins.Test.ImportJobTests" name="Client_GetImportJob_ShouldReturnCorrectJob" />
    </UnitTest>
    <UnitTest name="AgeDigitalTwins.Test.DigitalTwinsTests.UpdateDigitalTwinAsync_AddOperationInvalidProperty_ThrowsValidationException" storage="c:\users\nraes\dev\pg-age-digitaltwins\src\agedigitaltwins.test\bin\debug\net8.0\agedigitaltwins.test.dll" id="aa409f61-91b7-a6e8-fc06-b60aff0f1699">
      <Execution id="d3a2da83-ac41-4002-a3cc-134c0cdf734d" />
      <TestMethod codeBase="C:\Users\NRaes\Dev\pg-age-digitaltwins\src\AgeDigitalTwins.Test\bin\Debug\net8.0\AgeDigitalTwins.Test.dll" adapterTypeName="executor://xunit/VsTestRunner3/netcore/" className="AgeDigitalTwins.Test.DigitalTwinsTests" name="UpdateDigitalTwinAsync_AddOperationInvalidProperty_ThrowsValidationException" />
    </UnitTest>
    <UnitTest name="AgeDigitalTwins.Test.ImportJobSystemTests.ImportGraphAsync_ShouldCreateJob_WithValidParameters" storage="c:\users\nraes\dev\pg-age-digitaltwins\src\agedigitaltwins.test\bin\debug\net8.0\agedigitaltwins.test.dll" id="77ee2d74-7ee5-b503-ae07-9251e54ad113">
      <Execution id="502aff99-751d-4446-bcbb-72c98750bcd4" />
      <TestMethod codeBase="C:\Users\NRaes\Dev\pg-age-digitaltwins\src\AgeDigitalTwins.Test\bin\Debug\net8.0\AgeDigitalTwins.Test.dll" adapterTypeName="executor://xunit/VsTestRunner3/netcore/" className="AgeDigitalTwins.Test.ImportJobSystemTests" name="ImportGraphAsync_ShouldCreateJob_WithValidParameters" />
    </UnitTest>
    <UnitTest name="AgeDigitalTwins.Test.ModelsTests.CreateModels_CanDeleteAndCreateAgain" storage="c:\users\nraes\dev\pg-age-digitaltwins\src\agedigitaltwins.test\bin\debug\net8.0\agedigitaltwins.test.dll" id="83d9a8d6-aa06-d388-2f04-24de7b8636c7">
      <Execution id="0e5191e0-2582-4dbf-913e-1fc0f5ddab64" />
      <TestMethod codeBase="C:\Users\NRaes\Dev\pg-age-digitaltwins\src\AgeDigitalTwins.Test\bin\Debug\net8.0\AgeDigitalTwins.Test.dll" adapterTypeName="executor://xunit/VsTestRunner3/netcore/" className="AgeDigitalTwins.Test.ModelsTests" name="CreateModels_CanDeleteAndCreateAgain" />
    </UnitTest>
    <UnitTest name="AgeDigitalTwins.Test.ModelsTests.CreateModels_SingleModel_ValidatedAndCreated" storage="c:\users\nraes\dev\pg-age-digitaltwins\src\agedigitaltwins.test\bin\debug\net8.0\agedigitaltwins.test.dll" id="fd6e1c56-969b-bbc3-f301-2c9223594460">
      <Execution id="232a64a0-2ca4-4559-b69c-04d1d191819a" />
      <TestMethod codeBase="C:\Users\NRaes\Dev\pg-age-digitaltwins\src\AgeDigitalTwins.Test\bin\Debug\net8.0\AgeDigitalTwins.Test.dll" adapterTypeName="executor://xunit/VsTestRunner3/netcore/" className="AgeDigitalTwins.Test.ModelsTests" name="CreateModels_SingleModel_ValidatedAndCreated" />
    </UnitTest>
    <UnitTest name="AgeDigitalTwins.Test.BatchDigitalTwinTests.CreateOrReplaceDigitalTwinsAsync_WithInvalidTwins_ShouldReportFailures" storage="c:\users\nraes\dev\pg-age-digitaltwins\src\agedigitaltwins.test\bin\debug\net8.0\agedigitaltwins.test.dll" id="d761a988-3175-5e3a-3244-4378c196e58d">
      <Execution id="b3d12bd8-9655-4b59-99ba-49e7f3c39888" />
      <TestMethod codeBase="C:\Users\NRaes\Dev\pg-age-digitaltwins\src\AgeDigitalTwins.Test\bin\Debug\net8.0\AgeDigitalTwins.Test.dll" adapterTypeName="executor://xunit/VsTestRunner3/netcore/" className="AgeDigitalTwins.Test.BatchDigitalTwinTests" name="CreateOrReplaceDigitalTwinsAsync_WithInvalidTwins_ShouldReportFailures" />
    </UnitTest>
    <UnitTest name="AgeDigitalTwins.Test.ModelsTests.DeleteModels_DeletesModelsWithNoDependencies" storage="c:\users\nraes\dev\pg-age-digitaltwins\src\agedigitaltwins.test\bin\debug\net8.0\agedigitaltwins.test.dll" id="64a1fb60-07eb-25e3-ccb1-b7394ae0f6ec">
      <Execution id="711ddb0e-c5fe-492f-84a9-18e381777228" />
      <TestMethod codeBase="C:\Users\NRaes\Dev\pg-age-digitaltwins\src\AgeDigitalTwins.Test\bin\Debug\net8.0\AgeDigitalTwins.Test.dll" adapterTypeName="executor://xunit/VsTestRunner3/netcore/" className="AgeDigitalTwins.Test.ModelsTests" name="DeleteModels_DeletesModelsWithNoDependencies" />
    </UnitTest>
    <UnitTest name="AgeDigitalTwins.Test.DistributedLockingTests.IsJobLockedByCurrentInstanceAsync_ShouldReturnFalse_WhenLockIsNotOwned" storage="c:\users\nraes\dev\pg-age-digitaltwins\src\agedigitaltwins.test\bin\debug\net8.0\agedigitaltwins.test.dll" id="aa056e05-fb0b-b191-e5ef-c3daaf0216e3">
      <Execution id="ca91ed8b-0d6d-4e43-b4bc-60001b9bd0f3" />
      <TestMethod codeBase="C:\Users\NRaes\Dev\pg-age-digitaltwins\src\AgeDigitalTwins.Test\bin\Debug\net8.0\AgeDigitalTwins.Test.dll" adapterTypeName="executor://xunit/VsTestRunner3/netcore/" className="AgeDigitalTwins.Test.DistributedLockingTests" name="IsJobLockedByCurrentInstanceAsync_ShouldReturnFalse_WhenLockIsNotOwned" />
    </UnitTest>
    <UnitTest name="AgeDigitalTwins.Test.ImportJobTests.ImportAsync_WithOnlyModelsSection_ShouldSucceed" storage="c:\users\nraes\dev\pg-age-digitaltwins\src\agedigitaltwins.test\bin\debug\net8.0\agedigitaltwins.test.dll" id="72526f54-f082-ebea-a27e-1622d019e9f8">
      <Execution id="5b0ec91a-147a-49d5-806e-f1656f3b114e" />
      <TestMethod codeBase="C:\Users\NRaes\Dev\pg-age-digitaltwins\src\AgeDigitalTwins.Test\bin\Debug\net8.0\AgeDigitalTwins.Test.dll" adapterTypeName="executor://xunit/VsTestRunner3/netcore/" className="AgeDigitalTwins.Test.ImportJobTests" name="ImportAsync_WithOnlyModelsSection_ShouldSucceed" />
    </UnitTest>
    <UnitTest name="AgeDigitalTwins.Test.DigitalTwinsTests.Benchmark_UpdateDigitalTwinAsync" storage="c:\users\nraes\dev\pg-age-digitaltwins\src\agedigitaltwins.test\bin\debug\net8.0\agedigitaltwins.test.dll" id="6cb209d9-8418-ba50-637a-a29eb5b2b0ea">
      <Execution id="3e15bab6-26a6-4d42-993d-46dd16b04ddd" />
      <TestMethod codeBase="C:\Users\NRaes\Dev\pg-age-digitaltwins\src\AgeDigitalTwins.Test\bin\Debug\net8.0\AgeDigitalTwins.Test.dll" adapterTypeName="executor://xunit/VsTestRunner3/netcore/" className="AgeDigitalTwins.Test.DigitalTwinsTests" name="Benchmark_UpdateDigitalTwinAsync" />
    </UnitTest>
    <UnitTest name="AgeDigitalTwins.Test.QueryTests.QueryAsync_Pagination_HandlesSkipAndLimitInQuery" storage="c:\users\nraes\dev\pg-age-digitaltwins\src\agedigitaltwins.test\bin\debug\net8.0\agedigitaltwins.test.dll" id="2ff77c33-e1cb-d7ec-844f-650059490402">
      <Execution id="897fd5d3-ae38-410b-a88d-555320c09285" />
      <TestMethod codeBase="C:\Users\NRaes\Dev\pg-age-digitaltwins\src\AgeDigitalTwins.Test\bin\Debug\net8.0\AgeDigitalTwins.Test.dll" adapterTypeName="executor://xunit/VsTestRunner3/netcore/" className="AgeDigitalTwins.Test.QueryTests" name="QueryAsync_Pagination_HandlesSkipAndLimitInQuery" />
    </UnitTest>
    <UnitTest name="AgeDigitalTwins.Test.ImportJobSystemTests.CancelImportJob_ShouldReturnTrue_WhenJobExists" storage="c:\users\nraes\dev\pg-age-digitaltwins\src\agedigitaltwins.test\bin\debug\net8.0\agedigitaltwins.test.dll" id="19dab690-5ddd-30f6-3906-1bdc83fa703b">
      <Execution id="4d3cd7c4-9a2d-4711-a954-ceae203c667c" />
      <TestMethod codeBase="C:\Users\NRaes\Dev\pg-age-digitaltwins\src\AgeDigitalTwins.Test\bin\Debug\net8.0\AgeDigitalTwins.Test.dll" adapterTypeName="executor://xunit/VsTestRunner3/netcore/" className="AgeDigitalTwins.Test.ImportJobSystemTests" name="CancelImportJob_ShouldReturnTrue_WhenJobExists" />
    </UnitTest>
    <UnitTest name="AgeDigitalTwins.Test.QueryTests.QueryAsync_IsOfModel_ReturnsExactCelestialBody" storage="c:\users\nraes\dev\pg-age-digitaltwins\src\agedigitaltwins.test\bin\debug\net8.0\agedigitaltwins.test.dll" id="74bd39d5-684d-662a-5f7e-8d608ee24c89">
      <Execution id="765df263-1147-4b9f-808b-1ddc7a26038f" />
      <TestMethod codeBase="C:\Users\NRaes\Dev\pg-age-digitaltwins\src\AgeDigitalTwins.Test\bin\Debug\net8.0\AgeDigitalTwins.Test.dll" adapterTypeName="executor://xunit/VsTestRunner3/netcore/" className="AgeDigitalTwins.Test.QueryTests" name="QueryAsync_IsOfModel_ReturnsExactCelestialBody" />
    </UnitTest>
    <UnitTest name="AgeDigitalTwins.Test.QueryTests.QueryAsync_RelationshipsQuery_ReturnsRelationship" storage="c:\users\nraes\dev\pg-age-digitaltwins\src\agedigitaltwins.test\bin\debug\net8.0\agedigitaltwins.test.dll" id="1cc61aaf-4f98-ad63-283e-2aa230067bb1">
      <Execution id="53937c89-c1aa-416a-b03a-31604ea9f3bf" />
      <TestMethod codeBase="C:\Users\NRaes\Dev\pg-age-digitaltwins\src\AgeDigitalTwins.Test\bin\Debug\net8.0\AgeDigitalTwins.Test.dll" adapterTypeName="executor://xunit/VsTestRunner3/netcore/" className="AgeDigitalTwins.Test.QueryTests" name="QueryAsync_RelationshipsQuery_ReturnsRelationship" />
    </UnitTest>
    <UnitTest name="AgeDigitalTwins.Test.ModelsTests.CreateModels_MultipleDependentModelsResolveInDb_ValidatedAndCreated" storage="c:\users\nraes\dev\pg-age-digitaltwins\src\agedigitaltwins.test\bin\debug\net8.0\agedigitaltwins.test.dll" id="8f171509-32b5-1abb-633c-192e4677586b">
      <Execution id="f8c10b4f-040b-4fec-8751-7461b667d948" />
      <TestMethod codeBase="C:\Users\NRaes\Dev\pg-age-digitaltwins\src\AgeDigitalTwins.Test\bin\Debug\net8.0\AgeDigitalTwins.Test.dll" adapterTypeName="executor://xunit/VsTestRunner3/netcore/" className="AgeDigitalTwins.Test.ModelsTests" name="CreateModels_MultipleDependentModelsResolveInDb_ValidatedAndCreated" />
    </UnitTest>
    <UnitTest name="AgeDigitalTwins.Test.QueryTests.QueryAsync_Pagination_ReturnsPaginatedResults" storage="c:\users\nraes\dev\pg-age-digitaltwins\src\agedigitaltwins.test\bin\debug\net8.0\agedigitaltwins.test.dll" id="1489da97-c42e-7c3a-ea42-07fc62321706">
      <Execution id="639591e4-1988-47f8-ab88-937d26b466ba" />
      <TestMethod codeBase="C:\Users\NRaes\Dev\pg-age-digitaltwins\src\AgeDigitalTwins.Test\bin\Debug\net8.0\AgeDigitalTwins.Test.dll" adapterTypeName="executor://xunit/VsTestRunner3/netcore/" className="AgeDigitalTwins.Test.QueryTests" name="QueryAsync_Pagination_ReturnsPaginatedResults" />
    </UnitTest>
    <UnitTest name="AgeDigitalTwins.Test.ImportJobTests.Client_ImportGraphAsync_WithNullInputStream_ShouldThrow" storage="c:\users\nraes\dev\pg-age-digitaltwins\src\agedigitaltwins.test\bin\debug\net8.0\agedigitaltwins.test.dll" id="8dc1792e-98d6-0347-47e7-5bb7827c81c2">
      <Execution id="59a30621-1fdb-47a0-9962-3ec3179c1498" />
      <TestMethod codeBase="C:\Users\NRaes\Dev\pg-age-digitaltwins\src\AgeDigitalTwins.Test\bin\Debug\net8.0\AgeDigitalTwins.Test.dll" adapterTypeName="executor://xunit/VsTestRunner3/netcore/" className="AgeDigitalTwins.Test.ImportJobTests" name="Client_ImportGraphAsync_WithNullInputStream_ShouldThrow" />
    </UnitTest>
    <UnitTest name="AgeDigitalTwins.Test.QueryTests.QueryAsync_AdtQueryWithTop_ReturnsTwins" storage="c:\users\nraes\dev\pg-age-digitaltwins\src\agedigitaltwins.test\bin\debug\net8.0\agedigitaltwins.test.dll" id="1c346ebd-48c9-6517-b87b-4610c27202cc">
      <Execution id="2291b46f-c251-412b-91bb-aca250e8b7b8" />
      <TestMethod codeBase="C:\Users\NRaes\Dev\pg-age-digitaltwins\src\AgeDigitalTwins.Test\bin\Debug\net8.0\AgeDigitalTwins.Test.dll" adapterTypeName="executor://xunit/VsTestRunner3/netcore/" className="AgeDigitalTwins.Test.QueryTests" name="QueryAsync_AdtQueryWithTop_ReturnsTwins" />
    </UnitTest>
    <UnitTest name="AgeDigitalTwins.Test.ImportJobTests.ImportAsync_WithMissingHeader_ShouldFail" storage="c:\users\nraes\dev\pg-age-digitaltwins\src\agedigitaltwins.test\bin\debug\net8.0\agedigitaltwins.test.dll" id="7c5cdcb0-270f-f07d-061e-e662ac876248">
      <Execution id="8173af94-70dc-41e7-a68e-f42e2be644a6" />
      <TestMethod codeBase="C:\Users\NRaes\Dev\pg-age-digitaltwins\src\AgeDigitalTwins.Test\bin\Debug\net8.0\AgeDigitalTwins.Test.dll" adapterTypeName="executor://xunit/VsTestRunner3/netcore/" className="AgeDigitalTwins.Test.ImportJobTests" name="ImportAsync_WithMissingHeader_ShouldFail" />
    </UnitTest>
    <UnitTest name="AgeDigitalTwins.Test.ImportJobSystemTests.ImportGraphAsync_ShouldThrowException_ForDuplicateJobId" storage="c:\users\nraes\dev\pg-age-digitaltwins\src\agedigitaltwins.test\bin\debug\net8.0\agedigitaltwins.test.dll" id="c089f09e-7005-8f92-7e7b-caa954d7d05f">
      <Execution id="da2f1659-ec57-4efe-b831-b943f1f2453b" />
      <TestMethod codeBase="C:\Users\NRaes\Dev\pg-age-digitaltwins\src\AgeDigitalTwins.Test\bin\Debug\net8.0\AgeDigitalTwins.Test.dll" adapterTypeName="executor://xunit/VsTestRunner3/netcore/" className="AgeDigitalTwins.Test.ImportJobSystemTests" name="ImportGraphAsync_ShouldThrowException_ForDuplicateJobId" />
    </UnitTest>
    <UnitTest name="AgeDigitalTwins.Test.DistributedLockingTests.TryAcquireJobLockAsync_ShouldSucceed_AfterLockExpires" storage="c:\users\nraes\dev\pg-age-digitaltwins\src\agedigitaltwins.test\bin\debug\net8.0\agedigitaltwins.test.dll" id="a70c90c6-0e25-3fde-4afc-a1026a6c5ba4">
      <Execution id="78afc888-460c-41a8-8d32-80973180d871" />
      <TestMethod codeBase="C:\Users\NRaes\Dev\pg-age-digitaltwins\src\AgeDigitalTwins.Test\bin\Debug\net8.0\AgeDigitalTwins.Test.dll" adapterTypeName="executor://xunit/VsTestRunner3/netcore/" className="AgeDigitalTwins.Test.DistributedLockingTests" name="TryAcquireJobLockAsync_ShouldSucceed_AfterLockExpires" />
    </UnitTest>
    <UnitTest name="AgeDigitalTwins.Test.QueryTests.QueryAsync_SimpleQuery_ReturnsTwinsAndRelationships" storage="c:\users\nraes\dev\pg-age-digitaltwins\src\agedigitaltwins.test\bin\debug\net8.0\agedigitaltwins.test.dll" id="767c3351-a788-27a2-1861-afc4a3e61b48">
      <Execution id="8aad0959-49ad-4aee-a867-08c691745ca2" />
      <TestMethod codeBase="C:\Users\NRaes\Dev\pg-age-digitaltwins\src\AgeDigitalTwins.Test\bin\Debug\net8.0\AgeDigitalTwins.Test.dll" adapterTypeName="executor://xunit/VsTestRunner3/netcore/" className="AgeDigitalTwins.Test.QueryTests" name="QueryAsync_SimpleQuery_ReturnsTwinsAndRelationships" />
    </UnitTest>
    <UnitTest name="AgeDigitalTwins.Test.DigitalTwinsTests.UpdateDigitalTwinsAsync_WithObject_UpdatedAndReadable" storage="c:\users\nraes\dev\pg-age-digitaltwins\src\agedigitaltwins.test\bin\debug\net8.0\agedigitaltwins.test.dll" id="007bb3d2-bada-9ac3-9085-2bda1709d8bc">
      <Execution id="98aa266d-fefc-44ad-bb60-057755ec6377" />
      <TestMethod codeBase="C:\Users\NRaes\Dev\pg-age-digitaltwins\src\AgeDigitalTwins.Test\bin\Debug\net8.0\AgeDigitalTwins.Test.dll" adapterTypeName="executor://xunit/VsTestRunner3/netcore/" className="AgeDigitalTwins.Test.DigitalTwinsTests" name="UpdateDigitalTwinsAsync_WithObject_UpdatedAndReadable" />
    </UnitTest>
    <UnitTest name="AgeDigitalTwins.Test.RelationshipTests.CreateOrReplaceRelationshipAsync_BasicRelationship_CreatedAndReadable" storage="c:\users\nraes\dev\pg-age-digitaltwins\src\agedigitaltwins.test\bin\debug\net8.0\agedigitaltwins.test.dll" id="bb5fbede-8362-db75-f827-0b54ba7be2c6">
      <Execution id="b329b698-9420-4c5d-b13f-d270eb549cbf" />
      <TestMethod codeBase="C:\Users\NRaes\Dev\pg-age-digitaltwins\src\AgeDigitalTwins.Test\bin\Debug\net8.0\AgeDigitalTwins.Test.dll" adapterTypeName="executor://xunit/VsTestRunner3/netcore/" className="AgeDigitalTwins.Test.RelationshipTests" name="CreateOrReplaceRelationshipAsync_BasicRelationship_CreatedAndReadable" />
    </UnitTest>
    <UnitTest name="AgeDigitalTwins.Test.DistributedLockingTests.GetJobLockInfoAsync_ShouldReturnNull_WhenLockDoesNotExist" storage="c:\users\nraes\dev\pg-age-digitaltwins\src\agedigitaltwins.test\bin\debug\net8.0\agedigitaltwins.test.dll" id="e10759c1-d48d-0273-0910-33726aef17e1">
      <Execution id="e1fb2ecd-b966-45c5-b281-cde7c6892d7a" />
      <TestMethod codeBase="C:\Users\NRaes\Dev\pg-age-digitaltwins\src\AgeDigitalTwins.Test\bin\Debug\net8.0\AgeDigitalTwins.Test.dll" adapterTypeName="executor://xunit/VsTestRunner3/netcore/" className="AgeDigitalTwins.Test.DistributedLockingTests" name="GetJobLockInfoAsync_ShouldReturnNull_WhenLockDoesNotExist" />
    </UnitTest>
    <UnitTest name="AgeDigitalTwins.Test.ImportJobTests.Client_ImportGraphAsync_WithNullOutputStream_ShouldThrow" storage="c:\users\nraes\dev\pg-age-digitaltwins\src\agedigitaltwins.test\bin\debug\net8.0\agedigitaltwins.test.dll" id="8a8576de-7231-ddc6-92ae-49505f86e5d6">
      <Execution id="cf45aa09-9a05-4b6c-9bcd-62e6d4743140" />
      <TestMethod codeBase="C:\Users\NRaes\Dev\pg-age-digitaltwins\src\AgeDigitalTwins.Test\bin\Debug\net8.0\AgeDigitalTwins.Test.dll" adapterTypeName="executor://xunit/VsTestRunner3/netcore/" className="AgeDigitalTwins.Test.ImportJobTests" name="Client_ImportGraphAsync_WithNullOutputStream_ShouldThrow" />
    </UnitTest>
    <UnitTest name="AgeDigitalTwins.Test.ImportJobTests.ImportAsync_WithContinueOnFailureEnabled_ShouldContinueProcessing" storage="c:\users\nraes\dev\pg-age-digitaltwins\src\agedigitaltwins.test\bin\debug\net8.0\agedigitaltwins.test.dll" id="93d422de-7b4c-068d-1fda-c182bdbb73b9">
      <Execution id="123b0887-ceb0-4caa-84e5-13e6eb09932b" />
      <TestMethod codeBase="C:\Users\NRaes\Dev\pg-age-digitaltwins\src\AgeDigitalTwins.Test\bin\Debug\net8.0\AgeDigitalTwins.Test.dll" adapterTypeName="executor://xunit/VsTestRunner3/netcore/" className="AgeDigitalTwins.Test.ImportJobTests" name="ImportAsync_WithContinueOnFailureEnabled_ShouldContinueProcessing" />
    </UnitTest>
    <UnitTest name="AgeDigitalTwins.Test.QueryTests.QueryAsync_Pagination_HandlesSmallerLimitInQuery" storage="c:\users\nraes\dev\pg-age-digitaltwins\src\agedigitaltwins.test\bin\debug\net8.0\agedigitaltwins.test.dll" id="a8009b7a-4a9b-52d8-47f7-83e7fd3dcc42">
      <Execution id="9b63b096-adcc-4d5f-9841-dcdf1acd542c" />
      <TestMethod codeBase="C:\Users\NRaes\Dev\pg-age-digitaltwins\src\AgeDigitalTwins.Test\bin\Debug\net8.0\AgeDigitalTwins.Test.dll" adapterTypeName="executor://xunit/VsTestRunner3/netcore/" className="AgeDigitalTwins.Test.QueryTests" name="QueryAsync_Pagination_HandlesSmallerLimitInQuery" />
    </UnitTest>
    <UnitTest name="AgeDigitalTwins.Test.ImportJobSystemTests.ListImportJobs_ShouldReturnJobs_WhenJobsExist" storage="c:\users\nraes\dev\pg-age-digitaltwins\src\agedigitaltwins.test\bin\debug\net8.0\agedigitaltwins.test.dll" id="b7a3dedf-faaa-01a5-6e34-c6c09a335437">
      <Execution id="c7b206da-44ae-4607-9820-08fba22db973" />
      <TestMethod codeBase="C:\Users\NRaes\Dev\pg-age-digitaltwins\src\AgeDigitalTwins.Test\bin\Debug\net8.0\AgeDigitalTwins.Test.dll" adapterTypeName="executor://xunit/VsTestRunner3/netcore/" className="AgeDigitalTwins.Test.ImportJobSystemTests" name="ListImportJobs_ShouldReturnJobs_WhenJobsExist" />
    </UnitTest>
    <UnitTest name="AgeDigitalTwins.Test.DistributedLockingTests.TryAcquireJobLockAsync_ShouldFail_WhenLockIsAlreadyTaken" storage="c:\users\nraes\dev\pg-age-digitaltwins\src\agedigitaltwins.test\bin\debug\net8.0\agedigitaltwins.test.dll" id="67b8c76d-cb69-7695-50b2-5fad41f15a56">
      <Execution id="79063e5e-177e-47f8-bc83-ebcbadf1aa5e" />
      <TestMethod codeBase="C:\Users\NRaes\Dev\pg-age-digitaltwins\src\AgeDigitalTwins.Test\bin\Debug\net8.0\AgeDigitalTwins.Test.dll" adapterTypeName="executor://xunit/VsTestRunner3/netcore/" className="AgeDigitalTwins.Test.DistributedLockingTests" name="TryAcquireJobLockAsync_ShouldFail_WhenLockIsAlreadyTaken" />
    </UnitTest>
    <UnitTest name="AgeDigitalTwins.Test.QueryTests.QueryAsync_IsOfModel_ReturnsAllMatchingTwins" storage="c:\users\nraes\dev\pg-age-digitaltwins\src\agedigitaltwins.test\bin\debug\net8.0\agedigitaltwins.test.dll" id="4a39c205-e1dd-9012-22c0-c9441167452d">
      <Execution id="e9c995fa-243f-498d-a3c2-9063da3327db" />
      <TestMethod codeBase="C:\Users\NRaes\Dev\pg-age-digitaltwins\src\AgeDigitalTwins.Test\bin\Debug\net8.0\AgeDigitalTwins.Test.dll" adapterTypeName="executor://xunit/VsTestRunner3/netcore/" className="AgeDigitalTwins.Test.QueryTests" name="QueryAsync_IsOfModel_ReturnsAllMatchingTwins" />
    </UnitTest>
    <UnitTest name="AgeDigitalTwins.Test.QueryTests.QueryAsync_SimpleAdtQuerySelectProperty_ReturnsPropertyValues" storage="c:\users\nraes\dev\pg-age-digitaltwins\src\agedigitaltwins.test\bin\debug\net8.0\agedigitaltwins.test.dll" id="03f0315f-50a0-89b2-a58e-994200ea75d8">
      <Execution id="72d7f746-bb45-467b-8690-519231b09581" />
      <TestMethod codeBase="C:\Users\NRaes\Dev\pg-age-digitaltwins\src\AgeDigitalTwins.Test\bin\Debug\net8.0\AgeDigitalTwins.Test.dll" adapterTypeName="executor://xunit/VsTestRunner3/netcore/" className="AgeDigitalTwins.Test.QueryTests" name="QueryAsync_SimpleAdtQuerySelectProperty_ReturnsPropertyValues" />
    </UnitTest>
    <UnitTest name="AgeDigitalTwins.Test.ImportJobTests.Client_GetImportJob_WithInvalidId_ShouldReturnNull" storage="c:\users\nraes\dev\pg-age-digitaltwins\src\agedigitaltwins.test\bin\debug\net8.0\agedigitaltwins.test.dll" id="206eeece-9c53-0f97-c08e-d72e31934d93">
      <Execution id="257505b0-72d5-4458-8fed-3f9a289b9892" />
      <TestMethod codeBase="C:\Users\NRaes\Dev\pg-age-digitaltwins\src\AgeDigitalTwins.Test\bin\Debug\net8.0\AgeDigitalTwins.Test.dll" adapterTypeName="executor://xunit/VsTestRunner3/netcore/" className="AgeDigitalTwins.Test.ImportJobTests" name="Client_GetImportJob_WithInvalidId_ShouldReturnNull" />
    </UnitTest>
    <UnitTest name="AgeDigitalTwins.Test.BatchRelationshipTests.CreateOrReplaceRelationshipsAsync_WithValidRelationships_ShouldSucceed" storage="c:\users\nraes\dev\pg-age-digitaltwins\src\agedigitaltwins.test\bin\debug\net8.0\agedigitaltwins.test.dll" id="19b3a7cd-70c4-04c5-85f4-32262a2800a9">
      <Execution id="864ab4be-96bf-4023-becf-940f3f0a80c0" />
      <TestMethod codeBase="C:\Users\NRaes\Dev\pg-age-digitaltwins\src\AgeDigitalTwins.Test\bin\Debug\net8.0\AgeDigitalTwins.Test.dll" adapterTypeName="executor://xunit/VsTestRunner3/netcore/" className="AgeDigitalTwins.Test.BatchRelationshipTests" name="CreateOrReplaceRelationshipsAsync_WithValidRelationships_ShouldSucceed" />
    </UnitTest>
    <UnitTest name="AgeDigitalTwins.Test.DistributedLockingTests.IsJobLockedByCurrentInstanceAsync_ShouldReturnTrue_WhenLockIsOwned" storage="c:\users\nraes\dev\pg-age-digitaltwins\src\agedigitaltwins.test\bin\debug\net8.0\agedigitaltwins.test.dll" id="f8f725a8-f42f-5584-510c-219ebc767da4">
      <Execution id="db62ab76-1900-4c56-854d-0ffe32f93199" />
      <TestMethod codeBase="C:\Users\NRaes\Dev\pg-age-digitaltwins\src\AgeDigitalTwins.Test\bin\Debug\net8.0\AgeDigitalTwins.Test.dll" adapterTypeName="executor://xunit/VsTestRunner3/netcore/" className="AgeDigitalTwins.Test.DistributedLockingTests" name="IsJobLockedByCurrentInstanceAsync_ShouldReturnTrue_WhenLockIsOwned" />
    </UnitTest>
    <UnitTest name="AgeDigitalTwins.Test.QueryTests.QueryAsync_SimpleAdtQuerySelectStar_ReturnsTwins" storage="c:\users\nraes\dev\pg-age-digitaltwins\src\agedigitaltwins.test\bin\debug\net8.0\agedigitaltwins.test.dll" id="f2e7cf43-b5dc-aee5-f08a-6615f60dd044">
      <Execution id="bf3f00b3-f67a-485a-9e7f-fd3fdb1738b6" />
      <TestMethod codeBase="C:\Users\NRaes\Dev\pg-age-digitaltwins\src\AgeDigitalTwins.Test\bin\Debug\net8.0\AgeDigitalTwins.Test.dll" adapterTypeName="executor://xunit/VsTestRunner3/netcore/" className="AgeDigitalTwins.Test.QueryTests" name="QueryAsync_SimpleAdtQuerySelectStar_ReturnsTwins" />
    </UnitTest>
    <UnitTest name="AgeDigitalTwins.Test.DistributedLockingTests.RenewJobLockHeartbeatAsync_ShouldSucceed_WhenLockIsOwnedByCurrentInstance" storage="c:\users\nraes\dev\pg-age-digitaltwins\src\agedigitaltwins.test\bin\debug\net8.0\agedigitaltwins.test.dll" id="44b036d7-5a6e-87c1-5032-7c481258b980">
      <Execution id="c2b9041c-3ca0-4e04-8b87-6c9923c9baae" />
      <TestMethod codeBase="C:\Users\NRaes\Dev\pg-age-digitaltwins\src\AgeDigitalTwins.Test\bin\Debug\net8.0\AgeDigitalTwins.Test.dll" adapterTypeName="executor://xunit/VsTestRunner3/netcore/" className="AgeDigitalTwins.Test.DistributedLockingTests" name="RenewJobLockHeartbeatAsync_ShouldSucceed_WhenLockIsOwnedByCurrentInstance" />
    </UnitTest>
    <UnitTest name="AgeDigitalTwins.Test.DistributedLockingTests.CleanupExpiredLocksAsync_ShouldCleanupExpiredLocks" storage="c:\users\nraes\dev\pg-age-digitaltwins\src\agedigitaltwins.test\bin\debug\net8.0\agedigitaltwins.test.dll" id="0d780c64-4f4e-33b0-8acc-cbd6f5f12b53">
      <Execution id="c4028f2b-865d-44fb-9232-894cadc73ce2" />
      <TestMethod codeBase="C:\Users\NRaes\Dev\pg-age-digitaltwins\src\AgeDigitalTwins.Test\bin\Debug\net8.0\AgeDigitalTwins.Test.dll" adapterTypeName="executor://xunit/VsTestRunner3/netcore/" className="AgeDigitalTwins.Test.DistributedLockingTests" name="CleanupExpiredLocksAsync_ShouldCleanupExpiredLocks" />
    </UnitTest>
  </TestDefinitions>
  <TestEntries>
    <TestEntry testId="3d044c5d-5012-1073-4e7a-bc1714a9893a" executionId="2710047d-d23a-4527-986e-2a51c77f137a" testListId="8c84fa94-04c1-424b-9868-57a2d4851a1d" />
    <TestEntry testId="8dc1792e-98d6-0347-47e7-5bb7827c81c2" executionId="59a30621-1fdb-47a0-9962-3ec3179c1498" testListId="8c84fa94-04c1-424b-9868-57a2d4851a1d" />
    <TestEntry testId="6e792ea8-13f1-f922-27c5-01c48a5f7875" executionId="860ea5b8-e885-4d41-a8a2-2cb0cbb4153f" testListId="8c84fa94-04c1-424b-9868-57a2d4851a1d" />
    <TestEntry testId="8b366be4-6353-11af-669c-3b8ef3e61182" executionId="e2864eb7-0786-4e8e-b3d7-4f5dfd345049" testListId="8c84fa94-04c1-424b-9868-57a2d4851a1d" />
    <TestEntry testId="8a15dbd9-915f-33d6-0a1d-7a48e99d395d" executionId="cf2fc43a-49c4-48e6-a06e-80b260d70e0a" testListId="8c84fa94-04c1-424b-9868-57a2d4851a1d" />
    <TestEntry testId="9ceb341c-a871-fa54-7137-f4ba5e90d9d8" executionId="313fa72e-99cb-4ffe-8fda-f7a9088ebf12" testListId="8c84fa94-04c1-424b-9868-57a2d4851a1d" />
    <TestEntry testId="007bb3d2-bada-9ac3-9085-2bda1709d8bc" executionId="98aa266d-fefc-44ad-bb60-057755ec6377" testListId="8c84fa94-04c1-424b-9868-57a2d4851a1d" />
    <TestEntry testId="aa056e05-fb0b-b191-e5ef-c3daaf0216e3" executionId="ca91ed8b-0d6d-4e43-b4bc-60001b9bd0f3" testListId="8c84fa94-04c1-424b-9868-57a2d4851a1d" />
    <TestEntry testId="2cb56f9b-93f4-0199-b6a1-fac2f541fe3b" executionId="5c8c05d2-aa1b-4782-bac6-c0708a8d3814" testListId="8c84fa94-04c1-424b-9868-57a2d4851a1d" />
    <TestEntry testId="e165838f-0dd9-dff2-7c57-576c57aa82c3" executionId="be97bfc9-6433-4491-954f-521eda95c4ce" testListId="8c84fa94-04c1-424b-9868-57a2d4851a1d" />
    <TestEntry testId="bfa65dfc-f7b0-03c8-147b-3ffcd1932843" executionId="2067f515-3a4c-400f-ad46-764fb866fa05" testListId="8c84fa94-04c1-424b-9868-57a2d4851a1d" />
    <TestEntry testId="3212b5a4-ad8c-4754-5b34-e9f12f57bbbb" executionId="beffce1c-ce65-4437-a716-d112c5638a3b" testListId="8c84fa94-04c1-424b-9868-57a2d4851a1d" />
    <TestEntry testId="33cbc90f-3f22-7603-b21b-f1ce92149c54" executionId="c8e6600e-c314-4c9c-b251-a503aff73be2" testListId="8c84fa94-04c1-424b-9868-57a2d4851a1d" />
    <TestEntry testId="93ffc443-a97a-42b8-a64f-2379e26c6113" executionId="a6b1fd14-9de2-48dd-be94-52da3104ee2d" testListId="8c84fa94-04c1-424b-9868-57a2d4851a1d" />
    <TestEntry testId="ae55ef44-3dbf-f4c4-6ad1-6cbf77091d3b" executionId="c3c3aa76-c587-47ee-959c-59dc623f1eac" testListId="8c84fa94-04c1-424b-9868-57a2d4851a1d" />
    <TestEntry testId="a91c609f-ec06-3cbc-0b4a-b7f8cfe3e44f" executionId="9c4515ec-1cda-48a0-9f42-2a78c0b016f2" testListId="8c84fa94-04c1-424b-9868-57a2d4851a1d" />
    <TestEntry testId="5eb1f3aa-2d9a-e56e-135f-bc6af6834326" executionId="7e4f7880-b5a8-4555-8fdb-46e05113dd96" testListId="8c84fa94-04c1-424b-9868-57a2d4851a1d" />
    <TestEntry testId="64a1fb60-07eb-25e3-ccb1-b7394ae0f6ec" executionId="711ddb0e-c5fe-492f-84a9-18e381777228" testListId="8c84fa94-04c1-424b-9868-57a2d4851a1d" />
    <TestEntry testId="8a8576de-7231-ddc6-92ae-49505f86e5d6" executionId="cf45aa09-9a05-4b6c-9bcd-62e6d4743140" testListId="8c84fa94-04c1-424b-9868-57a2d4851a1d" />
    <TestEntry testId="62d5f027-cd82-987f-dffd-c8ca3c697623" executionId="923f46f5-12da-4068-a9a7-c2303f6f8711" testListId="8c84fa94-04c1-424b-9868-57a2d4851a1d" />
    <TestEntry testId="c4fddb4d-33a3-a2c7-4e5e-c97bd1c015f0" executionId="f8371351-931d-4964-839a-246eb5c7c974" testListId="8c84fa94-04c1-424b-9868-57a2d4851a1d" />
    <TestEntry testId="7e5b6875-adc2-c789-d16b-ed5f1efed23e" executionId="7848b888-da13-4bb9-b7e5-8313a6c70720" testListId="8c84fa94-04c1-424b-9868-57a2d4851a1d" />
    <TestEntry testId="aa409f61-91b7-a6e8-fc06-b60aff0f1699" executionId="d3a2da83-ac41-4002-a3cc-134c0cdf734d" testListId="8c84fa94-04c1-424b-9868-57a2d4851a1d" />
    <TestEntry testId="0d780c64-4f4e-33b0-8acc-cbd6f5f12b53" executionId="c4028f2b-865d-44fb-9232-894cadc73ce2" testListId="8c84fa94-04c1-424b-9868-57a2d4851a1d" />
    <TestEntry testId="7c5cdcb0-270f-f07d-061e-e662ac876248" executionId="8173af94-70dc-41e7-a68e-f42e2be644a6" testListId="8c84fa94-04c1-424b-9868-57a2d4851a1d" />
    <TestEntry testId="77ee2d74-7ee5-b503-ae07-9251e54ad113" executionId="502aff99-751d-4446-bcbb-72c98750bcd4" testListId="8c84fa94-04c1-424b-9868-57a2d4851a1d" />
    <TestEntry testId="72526f54-f082-ebea-a27e-1622d019e9f8" executionId="5b0ec91a-147a-49d5-806e-f1656f3b114e" testListId="8c84fa94-04c1-424b-9868-57a2d4851a1d" />
    <TestEntry testId="c089f09e-7005-8f92-7e7b-caa954d7d05f" executionId="da2f1659-ec57-4efe-b831-b943f1f2453b" testListId="8c84fa94-04c1-424b-9868-57a2d4851a1d" />
    <TestEntry testId="19b3a7cd-70c4-04c5-85f4-32262a2800a9" executionId="864ab4be-96bf-4023-becf-940f3f0a80c0" testListId="8c84fa94-04c1-424b-9868-57a2d4851a1d" />
    <TestEntry testId="f8f725a8-f42f-5584-510c-219ebc767da4" executionId="db62ab76-1900-4c56-854d-0ffe32f93199" testListId="8c84fa94-04c1-424b-9868-57a2d4851a1d" />
    <TestEntry testId="f2e7cf43-b5dc-aee5-f08a-6615f60dd044" executionId="bf3f00b3-f67a-485a-9e7f-fd3fdb1738b6" testListId="8c84fa94-04c1-424b-9868-57a2d4851a1d" />
    <TestEntry testId="1ed578e7-83f1-f025-27db-4a3954a43ca4" executionId="aa4f20dc-dda6-4d98-84cf-188b6a1a1c75" testListId="8c84fa94-04c1-424b-9868-57a2d4851a1d" />
    <TestEntry testId="bb5fbede-8362-db75-f827-0b54ba7be2c6" executionId="b329b698-9420-4c5d-b13f-d270eb549cbf" testListId="8c84fa94-04c1-424b-9868-57a2d4851a1d" />
    <TestEntry testId="fd8788af-91fb-5a90-8dc4-e2f9425b17de" executionId="7d9a1abe-9286-40a8-a1cb-8180bbd9b61c" testListId="8c84fa94-04c1-424b-9868-57a2d4851a1d" />
    <TestEntry testId="145e4be1-483c-a4c1-25cf-1d71ced7181f" executionId="8ca61d92-3381-46bc-8cb2-4587091b228b" testListId="8c84fa94-04c1-424b-9868-57a2d4851a1d" />
    <TestEntry testId="83d9a8d6-aa06-d388-2f04-24de7b8636c7" executionId="0e5191e0-2582-4dbf-913e-1fc0f5ddab64" testListId="8c84fa94-04c1-424b-9868-57a2d4851a1d" />
    <TestEntry testId="74bd39d5-684d-662a-5f7e-8d608ee24c89" executionId="765df263-1147-4b9f-808b-1ddc7a26038f" testListId="8c84fa94-04c1-424b-9868-57a2d4851a1d" />
    <TestEntry testId="b7a3dedf-faaa-01a5-6e34-c6c09a335437" executionId="c7b206da-44ae-4607-9820-08fba22db973" testListId="8c84fa94-04c1-424b-9868-57a2d4851a1d" />
    <TestEntry testId="45f48d84-dd7d-fabe-7f30-1a335dbc6d01" executionId="0b00c908-9032-46d9-95c0-42dfe877782d" testListId="8c84fa94-04c1-424b-9868-57a2d4851a1d" />
    <TestEntry testId="eff5c6c5-78b5-b126-8318-0a7e4e7b687d" executionId="0c03d2af-ec69-43ca-ba01-a00dfa4d8ace" testListId="8c84fa94-04c1-424b-9868-57a2d4851a1d" />
    <TestEntry testId="9eab1d19-5e45-4d7a-03db-650df479007f" executionId="1f0676a2-2ca9-44ac-bb38-208e8104c1bf" testListId="8c84fa94-04c1-424b-9868-57a2d4851a1d" />
    <TestEntry testId="0fe885f8-b746-3b2b-a2bf-4b91d653c870" executionId="d13984dc-51d2-4821-ba8a-2a3df5d3702f" testListId="8c84fa94-04c1-424b-9868-57a2d4851a1d" />
    <TestEntry testId="b5681ddb-deee-3dea-094a-4b53302c32a0" executionId="6743cb86-a860-4c10-b9c3-c74edd9c61d5" testListId="8c84fa94-04c1-424b-9868-57a2d4851a1d" />
    <TestEntry testId="7c93cb0c-791e-7e9f-6363-531b40c4ab06" executionId="b2fc0aa6-b338-4020-a3df-5b8ca64b78cb" testListId="8c84fa94-04c1-424b-9868-57a2d4851a1d" />
    <TestEntry testId="2ff77c33-e1cb-d7ec-844f-650059490402" executionId="897fd5d3-ae38-410b-a88d-555320c09285" testListId="8c84fa94-04c1-424b-9868-57a2d4851a1d" />
    <TestEntry testId="67b8c76d-cb69-7695-50b2-5fad41f15a56" executionId="79063e5e-177e-47f8-bc83-ebcbadf1aa5e" testListId="8c84fa94-04c1-424b-9868-57a2d4851a1d" />
    <TestEntry testId="8f171509-32b5-1abb-633c-192e4677586b" executionId="f8c10b4f-040b-4fec-8751-7461b667d948" testListId="8c84fa94-04c1-424b-9868-57a2d4851a1d" />
    <TestEntry testId="cd8f5070-ea91-35d6-7f05-4a8ccdf130d1" executionId="57620c15-f7ba-4f49-8fe8-16c3a22c0f84" testListId="8c84fa94-04c1-424b-9868-57a2d4851a1d" />
    <TestEntry testId="133852e2-50ab-6b52-fe02-111dcbfe7d18" executionId="42f2f8a3-a806-49e6-926c-04c9ef69fac8" testListId="8c84fa94-04c1-424b-9868-57a2d4851a1d" />
    <TestEntry testId="1cc61aaf-4f98-ad63-283e-2aa230067bb1" executionId="53937c89-c1aa-416a-b03a-31604ea9f3bf" testListId="8c84fa94-04c1-424b-9868-57a2d4851a1d" />
    <TestEntry testId="f5b1634f-f958-5274-ce84-3b9ffddaa351" executionId="a13494b1-bed4-4518-8a66-2750ad612996" testListId="8c84fa94-04c1-424b-9868-57a2d4851a1d" />
    <TestEntry testId="206eeece-9c53-0f97-c08e-d72e31934d93" executionId="257505b0-72d5-4458-8fed-3f9a289b9892" testListId="8c84fa94-04c1-424b-9868-57a2d4851a1d" />
    <TestEntry testId="767c3351-a788-27a2-1861-afc4a3e61b48" executionId="8aad0959-49ad-4aee-a867-08c691745ca2" testListId="8c84fa94-04c1-424b-9868-57a2d4851a1d" />
    <TestEntry testId="03f0315f-50a0-89b2-a58e-994200ea75d8" executionId="72d7f746-bb45-467b-8690-519231b09581" testListId="8c84fa94-04c1-424b-9868-57a2d4851a1d" />
    <TestEntry testId="4a39c205-e1dd-9012-22c0-c9441167452d" executionId="e9c995fa-243f-498d-a3c2-9063da3327db" testListId="8c84fa94-04c1-424b-9868-57a2d4851a1d" />
    <TestEntry testId="09293ea3-457b-c54c-0bf2-56925650219b" executionId="f77d11be-9ff7-45c7-a961-f73daa60d8ff" testListId="8c84fa94-04c1-424b-9868-57a2d4851a1d" />
    <TestEntry testId="1c346ebd-48c9-6517-b87b-4610c27202cc" executionId="2291b46f-c251-412b-91bb-aca250e8b7b8" testListId="8c84fa94-04c1-424b-9868-57a2d4851a1d" />
    <TestEntry testId="a752199f-945e-6ed3-5799-6945fbf051eb" executionId="5884429e-10d7-45b4-8e5d-f8b1847ca02e" testListId="8c84fa94-04c1-424b-9868-57a2d4851a1d" />
    <TestEntry testId="a70c90c6-0e25-3fde-4afc-a1026a6c5ba4" executionId="78afc888-460c-41a8-8d32-80973180d871" testListId="8c84fa94-04c1-424b-9868-57a2d4851a1d" />
    <TestEntry testId="93d422de-7b4c-068d-1fda-c182bdbb73b9" executionId="123b0887-ceb0-4caa-84e5-13e6eb09932b" testListId="8c84fa94-04c1-424b-9868-57a2d4851a1d" />
    <TestEntry testId="c4f31492-bb58-7133-cfc8-1c3e39b5d198" executionId="80b3edf5-b7a8-4713-8a68-1c200c101f3b" testListId="8c84fa94-04c1-424b-9868-57a2d4851a1d" />
    <TestEntry testId="4e724b27-1485-92f4-f7f4-e53ad14fdf61" executionId="3f19bd6f-cb39-4aad-a2d4-381f531491f2" testListId="8c84fa94-04c1-424b-9868-57a2d4851a1d" />
    <TestEntry testId="44b036d7-5a6e-87c1-5032-7c481258b980" executionId="c2b9041c-3ca0-4e04-8b87-6c9923c9baae" testListId="8c84fa94-04c1-424b-9868-57a2d4851a1d" />
    <TestEntry testId="19dab690-5ddd-30f6-3906-1bdc83fa703b" executionId="4d3cd7c4-9a2d-4711-a954-ceae203c667c" testListId="8c84fa94-04c1-424b-9868-57a2d4851a1d" />
    <TestEntry testId="f6d0841d-d089-d615-2e3a-b4f34b4778bd" executionId="31201099-29e5-4b61-952e-fde791c8d420" testListId="8c84fa94-04c1-424b-9868-57a2d4851a1d" />
    <TestEntry testId="6cb209d9-8418-ba50-637a-a29eb5b2b0ea" executionId="3e15bab6-26a6-4d42-993d-46dd16b04ddd" testListId="8c84fa94-04c1-424b-9868-57a2d4851a1d" />
    <TestEntry testId="a8009b7a-4a9b-52d8-47f7-83e7fd3dcc42" executionId="9b63b096-adcc-4d5f-9841-dcdf1acd542c" testListId="8c84fa94-04c1-424b-9868-57a2d4851a1d" />
    <TestEntry testId="f0d61abb-433e-2115-155f-c6b426f92f1f" executionId="503414af-0368-432e-8d24-53fff1aa5532" testListId="8c84fa94-04c1-424b-9868-57a2d4851a1d" />
    <TestEntry testId="ffbb3b3c-1e91-c940-692f-5a6eb84a5c3b" executionId="28895326-355f-4802-9a39-903c9bd64d4e" testListId="8c84fa94-04c1-424b-9868-57a2d4851a1d" />
    <TestEntry testId="025f74db-1fe0-23ee-7af4-6c5bf09ad7f0" executionId="8e753467-71b1-41fb-970b-e9483d7c32b0" testListId="8c84fa94-04c1-424b-9868-57a2d4851a1d" />
    <TestEntry testId="e10759c1-d48d-0273-0910-33726aef17e1" executionId="e1fb2ecd-b966-45c5-b281-cde7c6892d7a" testListId="8c84fa94-04c1-424b-9868-57a2d4851a1d" />
    <TestEntry testId="ca1a97da-299e-1171-db3d-28d3e9f23a33" executionId="107dae03-ce33-4a9d-9488-bd9a679fa0c7" testListId="8c84fa94-04c1-424b-9868-57a2d4851a1d" />
    <TestEntry testId="1489da97-c42e-7c3a-ea42-07fc62321706" executionId="639591e4-1988-47f8-ab88-937d26b466ba" testListId="8c84fa94-04c1-424b-9868-57a2d4851a1d" />
    <TestEntry testId="9741a638-6c53-603b-83c2-28e17fcbde64" executionId="eb2d0557-6a3b-44c7-9f33-fce5fa6efc36" testListId="8c84fa94-04c1-424b-9868-57a2d4851a1d" />
    <TestEntry testId="31f0b78d-f0da-9487-5905-d9ab1d4ace3d" executionId="26e011b9-9f5b-4501-b482-df443cb337aa" testListId="8c84fa94-04c1-424b-9868-57a2d4851a1d" />
    <TestEntry testId="1f476f4c-73ed-c9f7-1b7a-e2c2310bfa0f" executionId="728412eb-c696-4389-af22-92d51852baeb" testListId="8c84fa94-04c1-424b-9868-57a2d4851a1d" />
    <TestEntry testId="b7946ecc-96d6-0df2-d010-914061a9e7bb" executionId="db9bca76-e193-4e63-9548-b071d763b1f3" testListId="8c84fa94-04c1-424b-9868-57a2d4851a1d" />
    <TestEntry testId="73d0f4a3-d0ab-2bf6-61fd-f5bbf3784647" executionId="1c47a516-a050-4005-8c5d-b3fde454e3b0" testListId="8c84fa94-04c1-424b-9868-57a2d4851a1d" />
    <TestEntry testId="a7aaa1df-a089-b4ac-da51-57a270c03d0b" executionId="bcdea144-a09b-4619-b466-72ab06dcde8a" testListId="8c84fa94-04c1-424b-9868-57a2d4851a1d" />
    <TestEntry testId="fd6e1c56-969b-bbc3-f301-2c9223594460" executionId="232a64a0-2ca4-4559-b69c-04d1d191819a" testListId="8c84fa94-04c1-424b-9868-57a2d4851a1d" />
    <TestEntry testId="d761a988-3175-5e3a-3244-4378c196e58d" executionId="b3d12bd8-9655-4b59-99ba-49e7f3c39888" testListId="8c84fa94-04c1-424b-9868-57a2d4851a1d" />
  </TestEntries>
  <TestLists>
    <TestList name="Results Not in a List" id="8c84fa94-04c1-424b-9868-57a2d4851a1d" />
    <TestList name="All Loaded Results" id="19431567-8539-422a-85d7-44ee4e166bda" />
  </TestLists>
  <ResultSummary outcome="Failed">
    <Counters total="81" executed="81" passed="0" failed="81" error="0" timeout="0" aborted="0" inconclusive="0" passedButRunAborted="0" notRunnable="0" notExecuted="0" disconnected="0" warning="0" completed="0" inProgress="0" pending="0" />
    <Output>
      <StdOut>[xUnit.net 00:00:00.00] xUnit.net VSTest Adapter v3.1.1+bf6400fd51 (64-bit .NET 8.0.18)&#xD;
[xUnit.net 00:00:00.25]   Discovering: AgeDigitalTwins.Test&#xD;
[xUnit.net 00:00:00.42]   Discovered:  AgeDigitalTwins.Test&#xD;
[xUnit.net 00:00:00.50]   Starting:    AgeDigitalTwins.Test&#xD;
[xUnit.net 00:00:06.38]       Npgsql.NpgsqlException : Unable to connect to a suitable host. Check inner exception for more details.&#xD;
[xUnit.net 00:00:06.38]       ---- System.AggregateException : One or more errors occurred. (Failed to connect to 127.0.0.1:5432)&#xD;
[xUnit.net 00:00:06.38]       -------- Npgsql.NpgsqlException : Failed to connect to 127.0.0.1:5432&#xD;
[xUnit.net 00:00:06.38]       ------------ System.Net.Sockets.SocketException : No connection could be made because the target machine actively refused it.&#xD;
[xUnit.net 00:00:06.38]       Stack Trace:&#xD;
[xUnit.net 00:00:06.38]            at Npgsql.NpgsqlMultiHostDataSource.Get(NpgsqlConnection conn, NpgsqlTimeout timeout, Boolean async, CancellationToken cancellationToken)&#xD;
[xUnit.net 00:00:06.38]            at Npgsql.NpgsqlConnection.&lt;Open&gt;g__OpenAsync|42_0(Boolean async, CancellationToken cancellationToken)&#xD;
[xUnit.net 00:00:06.38]            at Npgsql.NpgsqlDataSource.OpenConnectionAsync(CancellationToken cancellationToken)&#xD;
[xUnit.net 00:00:06.38]            at Npgsql.NpgsqlDataSource.OpenConnectionAsync(CancellationToken cancellationToken)&#xD;
[xUnit.net 00:00:06.38]         C:\Users\NRaes\Dev\pg-age-digitaltwins\src\AgeDigitalTwins\Jobs\JobService.cs(438,0): at AgeDigitalTwins.Jobs.JobService.InitializeSchemaAsync()&#xD;
[xUnit.net 00:00:06.38]         C:\Users\NRaes\Dev\pg-age-digitaltwins\src\AgeDigitalTwins\Jobs\JobService.cs(37,0): at AgeDigitalTwins.Jobs.JobService..ctor(NpgsqlMultiHostDataSource dataSource, String graphName, ILogger logger)&#xD;
[xUnit.net 00:00:06.38]         C:\Users\NRaes\Dev\pg-age-digitaltwins\src\AgeDigitalTwins\AgeDigitalTwinsClient.cs(61,0): at AgeDigitalTwins.AgeDigitalTwinsClient..ctor(NpgsqlMultiHostDataSource dataSource, AgeDigitalTwinsClientOptions options)&#xD;
[xUnit.net 00:00:06.38]         C:\Users\NRaes\Dev\pg-age-digitaltwins\src\AgeDigitalTwins.Test\TestBase.cs(29,0): at AgeDigitalTwins.Test.TestBase..ctor()&#xD;
[xUnit.net 00:00:06.38]            at AgeDigitalTwins.Test.DistributedLockingTests..ctor()&#xD;
[xUnit.net 00:00:06.38]            at System.RuntimeType.CreateInstanceDefaultCtor(Boolean publicOnly, Boolean wrapExceptions)&#xD;
[xUnit.net 00:00:06.38]         ----- Inner Stack Trace -----&#xD;
[xUnit.net 00:00:06.38]         &#xD;
[xUnit.net 00:00:06.38]         ----- Inner Stack Trace -----&#xD;
[xUnit.net 00:00:06.38]            at Npgsql.Internal.NpgsqlConnector.ConnectAsync(NpgsqlTimeout timeout, CancellationToken cancellationToken)&#xD;
[xUnit.net 00:00:06.38]            at Npgsql.Internal.NpgsqlConnector.RawOpen(SslMode sslMode, NpgsqlTimeout timeout, Boolean async, CancellationToken cancellationToken)&#xD;
[xUnit.net 00:00:06.38]            at Npgsql.Internal.NpgsqlConnector.&lt;Open&gt;g__OpenCore|214_1(NpgsqlConnector conn, SslMode sslMode, NpgsqlTimeout timeout, Boolean async, CancellationToken cancellationToken)&#xD;
[xUnit.net 00:00:06.38]            at Npgsql.Internal.NpgsqlConnector.Open(NpgsqlTimeout timeout, Boolean async, CancellationToken cancellationToken)&#xD;
[xUnit.net 00:00:06.38]            at Npgsql.PoolingDataSource.OpenNewConnector(NpgsqlConnection conn, NpgsqlTimeout timeout, Boolean async, CancellationToken cancellationToken)&#xD;
[xUnit.net 00:00:06.38]            at Npgsql.NpgsqlMultiHostDataSource.TryGetIdleOrNew(NpgsqlConnection conn, TimeSpan timeoutPerHost, Boolean async, TargetSessionAttributes preferredType, Func`3 stateValidator, Int32 poolIndex, IList`1 exceptions, CancellationToken cancellationToken)&#xD;
[xUnit.net 00:00:06.38]         ----- Inner Stack Trace -----&#xD;
[xUnit.net 00:00:06.38]            at System.Net.Sockets.Socket.AwaitableSocketAsyncEventArgs.ThrowException(SocketError error, CancellationToken cancellationToken)&#xD;
[xUnit.net 00:00:06.38]            at System.Net.Sockets.Socket.AwaitableSocketAsyncEventArgs.System.Threading.Tasks.Sources.IValueTaskSource.GetResult(Int16 token)&#xD;
[xUnit.net 00:00:06.38]            at System.Net.Sockets.Socket.&lt;ConnectAsync&gt;g__WaitForConnectWithCancellation|285_0(AwaitableSocketAsyncEventArgs saea, ValueTask connectTask, CancellationToken cancellationToken)&#xD;
[xUnit.net 00:00:06.38]            at Npgsql.TaskTimeoutAndCancellation.ExecuteAsync(Func`2 getTaskFunc, NpgsqlTimeout timeout, CancellationToken cancellationToken)&#xD;
[xUnit.net 00:00:06.38]            at Npgsql.Internal.NpgsqlConnector.ConnectAsync(NpgsqlTimeout timeout, CancellationToken cancellationToken)&#xD;
[xUnit.net 00:00:06.39]       Npgsql.NpgsqlException : Unable to connect to a suitable host. Check inner exception for more details.&#xD;
[xUnit.net 00:00:06.39]       ---- System.AggregateException : One or more errors occurred. (Failed to connect to 127.0.0.1:5432)&#xD;
[xUnit.net 00:00:06.39]       -------- Npgsql.NpgsqlException : Failed to connect to 127.0.0.1:5432&#xD;
[xUnit.net 00:00:06.39]       ------------ System.Net.Sockets.SocketException : No connection could be made because the target machine actively refused it.&#xD;
[xUnit.net 00:00:06.39]       Stack Trace:&#xD;
[xUnit.net 00:00:06.39]            at Npgsql.NpgsqlMultiHostDataSource.Get(NpgsqlConnection conn, NpgsqlTimeout timeout, Boolean async, CancellationToken cancellationToken)&#xD;
[xUnit.net 00:00:06.39]            at Npgsql.NpgsqlConnection.&lt;Open&gt;g__OpenAsync|42_0(Boolean async, CancellationToken cancellationToken)&#xD;
[xUnit.net 00:00:06.39]            at Npgsql.NpgsqlDataSource.OpenConnectionAsync(CancellationToken cancellationToken)&#xD;
[xUnit.net 00:00:06.39]            at Npgsql.NpgsqlDataSource.OpenConnectionAsync(CancellationToken cancellationToken)&#xD;
[xUnit.net 00:00:06.39]         C:\Users\NRaes\Dev\pg-age-digitaltwins\src\AgeDigitalTwins\Jobs\JobService.cs(438,0): at AgeDigitalTwins.Jobs.JobService.InitializeSchemaAsync()&#xD;
[xUnit.net 00:00:06.39]         C:\Users\NRaes\Dev\pg-age-digitaltwins\src\AgeDigitalTwins\Jobs\JobService.cs(37,0): at AgeDigitalTwins.Jobs.JobService..ctor(NpgsqlMultiHostDataSource dataSource, String graphName, ILogger logger)&#xD;
[xUnit.net 00:00:06.39]         C:\Users\NRaes\Dev\pg-age-digitaltwins\src\AgeDigitalTwins\AgeDigitalTwinsClient.cs(61,0): at AgeDigitalTwins.AgeDigitalTwinsClient..ctor(NpgsqlMultiHostDataSource dataSource, AgeDigitalTwinsClientOptions options)&#xD;
[xUnit.net 00:00:06.39]         C:\Users\NRaes\Dev\pg-age-digitaltwins\src\AgeDigitalTwins.Test\TestBase.cs(29,0): at AgeDigitalTwins.Test.TestBase..ctor()&#xD;
[xUnit.net 00:00:06.39]            at AgeDigitalTwins.Test.ModelsTests..ctor()&#xD;
[xUnit.net 00:00:06.39]            at System.RuntimeType.CreateInstanceDefaultCtor(Boolean publicOnly, Boolean wrapExceptions)&#xD;
[xUnit.net 00:00:06.40]         ----- Inner Stack Trace -----&#xD;
[xUnit.net 00:00:06.40]         &#xD;
[xUnit.net 00:00:06.40]         ----- Inner Stack Trace -----&#xD;
[xUnit.net 00:00:06.40]            at Npgsql.Internal.NpgsqlConnector.ConnectAsync(NpgsqlTimeout timeout, CancellationToken cancellationToken)&#xD;
[xUnit.net 00:00:06.40]            at Npgsql.Internal.NpgsqlConnector.RawOpen(SslMode sslMode, NpgsqlTimeout timeout, Boolean async, CancellationToken cancellationToken)&#xD;
[xUnit.net 00:00:06.40]            at Npgsql.Internal.NpgsqlConnector.&lt;Open&gt;g__OpenCore|214_1(NpgsqlConnector conn, SslMode sslMode, NpgsqlTimeout timeout, Boolean async, CancellationToken cancellationToken)&#xD;
[xUnit.net 00:00:06.40]            at Npgsql.Internal.NpgsqlConnector.Open(NpgsqlTimeout timeout, Boolean async, CancellationToken cancellationToken)&#xD;
[xUnit.net 00:00:06.40]            at Npgsql.PoolingDataSource.OpenNewConnector(NpgsqlConnection conn, NpgsqlTimeout timeout, Boolean async, CancellationToken cancellationToken)&#xD;
[xUnit.net 00:00:06.40]            at Npgsql.NpgsqlMultiHostDataSource.TryGetIdleOrNew(NpgsqlConnection conn, TimeSpan timeoutPerHost, Boolean async, TargetSessionAttributes preferredType, Func`3 stateValidator, Int32 poolIndex, IList`1 exceptions, CancellationToken cancellationToken)&#xD;
[xUnit.net 00:00:06.40]         ----- Inner Stack Trace -----&#xD;
[xUnit.net 00:00:06.40]            at System.Net.Sockets.Socket.AwaitableSocketAsyncEventArgs.ThrowException(SocketError error, CancellationToken cancellationToken)&#xD;
[xUnit.net 00:00:06.40]            at System.Net.Sockets.Socket.AwaitableSocketAsyncEventArgs.System.Threading.Tasks.Sources.IValueTaskSource.GetResult(Int16 token)&#xD;
[xUnit.net 00:00:06.40]            at System.Net.Sockets.Socket.&lt;ConnectAsync&gt;g__WaitForConnectWithCancellation|285_0(AwaitableSocketAsyncEventArgs saea, ValueTask connectTask, CancellationToken cancellationToken)&#xD;
[xUnit.net 00:00:06.40]            at Npgsql.TaskTimeoutAndCancellation.ExecuteAsync(Func`2 getTaskFunc, NpgsqlTimeout timeout, CancellationToken cancellationToken)&#xD;
[xUnit.net 00:00:06.40]            at Npgsql.Internal.NpgsqlConnector.ConnectAsync(NpgsqlTimeout timeout, CancellationToken cancellationToken)&#xD;
[xUnit.net 00:00:06.40]       Npgsql.NpgsqlException : Unable to connect to a suitable host. Check inner exception for more details.&#xD;
[xUnit.net 00:00:06.40]       ---- System.AggregateException : One or more errors occurred. (Failed to connect to 127.0.0.1:5432)&#xD;
[xUnit.net 00:00:06.40]       -------- Npgsql.NpgsqlException : Failed to connect to 127.0.0.1:5432&#xD;
[xUnit.net 00:00:06.40]       ------------ System.Net.Sockets.SocketException : No connection could be made because the target machine actively refused it.&#xD;
[xUnit.net 00:00:06.40]       Stack Trace:&#xD;
[xUnit.net 00:00:06.40]            at Npgsql.NpgsqlMultiHostDataSource.Get(NpgsqlConnection conn, NpgsqlTimeout timeout, Boolean async, CancellationToken cancellationToken)&#xD;
[xUnit.net 00:00:06.40]            at Npgsql.NpgsqlConnection.&lt;Open&gt;g__OpenAsync|42_0(Boolean async, CancellationToken cancellationToken)&#xD;
[xUnit.net 00:00:06.40]            at Npgsql.NpgsqlDataSource.OpenConnectionAsync(CancellationToken cancellationToken)&#xD;
[xUnit.net 00:00:06.40]            at Npgsql.NpgsqlDataSource.OpenConnectionAsync(CancellationToken cancellationToken)&#xD;
[xUnit.net 00:00:06.40]         C:\Users\NRaes\Dev\pg-age-digitaltwins\src\AgeDigitalTwins\Jobs\JobService.cs(438,0): at AgeDigitalTwins.Jobs.JobService.InitializeSchemaAsync()&#xD;
[xUnit.net 00:00:06.40]         C:\Users\NRaes\Dev\pg-age-digitaltwins\src\AgeDigitalTwins\Jobs\JobService.cs(37,0): at AgeDigitalTwins.Jobs.JobService..ctor(NpgsqlMultiHostDataSource dataSource, String graphName, ILogger logger)&#xD;
[xUnit.net 00:00:06.40]         C:\Users\NRaes\Dev\pg-age-digitaltwins\src\AgeDigitalTwins\AgeDigitalTwinsClient.cs(61,0): at AgeDigitalTwins.AgeDigitalTwinsClient..ctor(NpgsqlMultiHostDataSource dataSource, AgeDigitalTwinsClientOptions options)&#xD;
[xUnit.net 00:00:06.40]         C:\Users\NRaes\Dev\pg-age-digitaltwins\src\AgeDigitalTwins.Test\TestBase.cs(29,0): at AgeDigitalTwins.Test.TestBase..ctor()&#xD;
[xUnit.net 00:00:06.40]            at AgeDigitalTwins.Test.RelationshipTests..ctor()&#xD;
[xUnit.net 00:00:06.40]            at System.RuntimeType.CreateInstanceDefaultCtor(Boolean publicOnly, Boolean wrapExceptions)&#xD;
[xUnit.net 00:00:06.40]         ----- Inner Stack Trace -----&#xD;
[xUnit.net 00:00:06.40]         &#xD;
[xUnit.net 00:00:06.40]         ----- Inner Stack Trace -----&#xD;
[xUnit.net 00:00:06.40]            at Npgsql.Internal.NpgsqlConnector.ConnectAsync(NpgsqlTimeout timeout, CancellationToken cancellationToken)&#xD;
[xUnit.net 00:00:06.40]            at Npgsql.Internal.NpgsqlConnector.RawOpen(SslMode sslMode, NpgsqlTimeout timeout, Boolean async, CancellationToken cancellationToken)&#xD;
[xUnit.net 00:00:06.40]            at Npgsql.Internal.NpgsqlConnector.&lt;Open&gt;g__OpenCore|214_1(NpgsqlConnector conn, SslMode sslMode, NpgsqlTimeout timeout, Boolean async, CancellationToken cancellationToken)&#xD;
[xUnit.net 00:00:06.40]            at Npgsql.Internal.NpgsqlConnector.Open(NpgsqlTimeout timeout, Boolean async, CancellationToken cancellationToken)&#xD;
[xUnit.net 00:00:06.40]            at Npgsql.PoolingDataSource.OpenNewConnector(NpgsqlConnection conn, NpgsqlTimeout timeout, Boolean async, CancellationToken cancellationToken)&#xD;
[xUnit.net 00:00:06.40]            at Npgsql.NpgsqlMultiHostDataSource.TryGetIdleOrNew(NpgsqlConnection conn, TimeSpan timeoutPerHost, Boolean async, TargetSessionAttributes preferredType, Func`3 stateValidator, Int32 poolIndex, IList`1 exceptions, CancellationToken cancellationToken)&#xD;
[xUnit.net 00:00:06.40]         ----- Inner Stack Trace -----&#xD;
[xUnit.net 00:00:06.40]            at System.Net.Sockets.Socket.AwaitableSocketAsyncEventArgs.ThrowException(SocketError error, CancellationToken cancellationToken)&#xD;
[xUnit.net 00:00:06.40]            at System.Net.Sockets.Socket.AwaitableSocketAsyncEventArgs.System.Threading.Tasks.Sources.IValueTaskSource.GetResult(Int16 token)&#xD;
[xUnit.net 00:00:06.40]            at System.Net.Sockets.Socket.&lt;ConnectAsync&gt;g__WaitForConnectWithCancellation|285_0(AwaitableSocketAsyncEventArgs saea, ValueTask connectTask, CancellationToken cancellationToken)&#xD;
[xUnit.net 00:00:06.40]            at Npgsql.TaskTimeoutAndCancellation.ExecuteAsync(Func`2 getTaskFunc, NpgsqlTimeout timeout, CancellationToken cancellationToken)&#xD;
[xUnit.net 00:00:06.40]            at Npgsql.Internal.NpgsqlConnector.ConnectAsync(NpgsqlTimeout timeout, CancellationToken cancellationToken)&#xD;
[xUnit.net 00:00:06.40]       Npgsql.NpgsqlException : Unable to connect to a suitable host. Check inner exception for more details.&#xD;
[xUnit.net 00:00:06.40]       ---- System.AggregateException : One or more errors occurred. (Failed to connect to 127.0.0.1:5432)&#xD;
[xUnit.net 00:00:06.40]       -------- Npgsql.NpgsqlException : Failed to connect to 127.0.0.1:5432&#xD;
[xUnit.net 00:00:06.40]       ------------ System.Net.Sockets.SocketException : No connection could be made because the target machine actively refused it.&#xD;
[xUnit.net 00:00:06.40]       Stack Trace:&#xD;
[xUnit.net 00:00:06.40]            at Npgsql.NpgsqlMultiHostDataSource.Get(NpgsqlConnection conn, NpgsqlTimeout timeout, Boolean async, CancellationToken cancellationToken)&#xD;
[xUnit.net 00:00:06.40]            at Npgsql.NpgsqlConnection.&lt;Open&gt;g__OpenAsync|42_0(Boolean async, CancellationToken cancellationToken)&#xD;
[xUnit.net 00:00:06.40]            at Npgsql.NpgsqlDataSource.OpenConnectionAsync(CancellationToken cancellationToken)&#xD;
[xUnit.net 00:00:06.40]            at Npgsql.NpgsqlDataSource.OpenConnectionAsync(CancellationToken cancellationToken)&#xD;
[xUnit.net 00:00:06.40]         C:\Users\NRaes\Dev\pg-age-digitaltwins\src\AgeDigitalTwins\Jobs\JobService.cs(438,0): at AgeDigitalTwins.Jobs.JobService.InitializeSchemaAsync()&#xD;
[xUnit.net 00:00:06.40]         C:\Users\NRaes\Dev\pg-age-digitaltwins\src\AgeDigitalTwins\Jobs\JobService.cs(37,0): at AgeDigitalTwins.Jobs.JobService..ctor(NpgsqlMultiHostDataSource dataSource, String graphName, ILogger logger)&#xD;
[xUnit.net 00:00:06.40]         C:\Users\NRaes\Dev\pg-age-digitaltwins\src\AgeDigitalTwins\AgeDigitalTwinsClient.cs(61,0): at AgeDigitalTwins.AgeDigitalTwinsClient..ctor(NpgsqlMultiHostDataSource dataSource, AgeDigitalTwinsClientOptions options)&#xD;
[xUnit.net 00:00:06.40]         C:\Users\NRaes\Dev\pg-age-digitaltwins\src\AgeDigitalTwins.Test\TestBase.cs(29,0): at AgeDigitalTwins.Test.TestBase..ctor()&#xD;
[xUnit.net 00:00:06.40]            at AgeDigitalTwins.Test.QueryTests..ctor()&#xD;
[xUnit.net 00:00:06.40]            at System.RuntimeType.CreateInstanceDefaultCtor(Boolean publicOnly, Boolean wrapExceptions)&#xD;
[xUnit.net 00:00:06.40]         ----- Inner Stack Trace -----&#xD;
[xUnit.net 00:00:06.40]         &#xD;
[xUnit.net 00:00:06.40]         ----- Inner Stack Trace -----&#xD;
[xUnit.net 00:00:06.40]            at Npgsql.Internal.NpgsqlConnector.ConnectAsync(NpgsqlTimeout timeout, CancellationToken cancellationToken)&#xD;
[xUnit.net 00:00:06.40]            at Npgsql.Internal.NpgsqlConnector.RawOpen(SslMode sslMode, NpgsqlTimeout timeout, Boolean async, CancellationToken cancellationToken)&#xD;
[xUnit.net 00:00:06.40]            at Npgsql.Internal.NpgsqlConnector.&lt;Open&gt;g__OpenCore|214_1(NpgsqlConnector conn, SslMode sslMode, NpgsqlTimeout timeout, Boolean async, CancellationToken cancellationToken)&#xD;
[xUnit.net 00:00:06.40]            at Npgsql.Internal.NpgsqlConnector.Open(NpgsqlTimeout timeout, Boolean async, CancellationToken cancellationToken)&#xD;
[xUnit.net 00:00:06.40]            at Npgsql.PoolingDataSource.OpenNewConnector(NpgsqlConnection conn, NpgsqlTimeout timeout, Boolean async, CancellationToken cancellationToken)&#xD;
[xUnit.net 00:00:06.40]            at Npgsql.NpgsqlMultiHostDataSource.TryGetIdleOrNew(NpgsqlConnection conn, TimeSpan timeoutPerHost, Boolean async, TargetSessionAttributes preferredType, Func`3 stateValidator, Int32 poolIndex, IList`1 exceptions, CancellationToken cancellationToken)&#xD;
[xUnit.net 00:00:06.40]         ----- Inner Stack Trace -----&#xD;
[xUnit.net 00:00:06.40]            at System.Net.Sockets.Socket.AwaitableSocketAsyncEventArgs.ThrowException(SocketError error, CancellationToken cancellationToken)&#xD;
[xUnit.net 00:00:06.40]            at System.Net.Sockets.Socket.AwaitableSocketAsyncEventArgs.System.Threading.Tasks.Sources.IValueTaskSource.GetResult(Int16 token)&#xD;
[xUnit.net 00:00:06.40]            at System.Net.Sockets.Socket.&lt;ConnectAsync&gt;g__WaitForConnectWithCancellation|285_0(AwaitableSocketAsyncEventArgs saea, ValueTask connectTask, CancellationToken cancellationToken)&#xD;
[xUnit.net 00:00:06.40]            at Npgsql.TaskTimeoutAndCancellation.ExecuteAsync(Func`2 getTaskFunc, NpgsqlTimeout timeout, CancellationToken cancellationToken)&#xD;
[xUnit.net 00:00:06.40]            at Npgsql.Internal.NpgsqlConnector.ConnectAsync(NpgsqlTimeout timeout, CancellationToken cancellationToken)&#xD;
[xUnit.net 00:00:06.40]       Npgsql.NpgsqlException : Unable to connect to a suitable host. Check inner exception for more details.&#xD;
[xUnit.net 00:00:06.40]       ---- System.AggregateException : One or more errors occurred. (Failed to connect to 127.0.0.1:5432)&#xD;
[xUnit.net 00:00:06.40]       -------- Npgsql.NpgsqlException : Failed to connect to 127.0.0.1:5432&#xD;
[xUnit.net 00:00:06.40]       ------------ System.Net.Sockets.SocketException : No connection could be made because the target machine actively refused it.&#xD;
[xUnit.net 00:00:06.40]       Stack Trace:&#xD;
[xUnit.net 00:00:06.40]            at Npgsql.NpgsqlMultiHostDataSource.Get(NpgsqlConnection conn, NpgsqlTimeout timeout, Boolean async, CancellationToken cancellationToken)&#xD;
[xUnit.net 00:00:06.41]            at Npgsql.NpgsqlConnection.&lt;Open&gt;g__OpenAsync|42_0(Boolean async, CancellationToken cancellationToken)&#xD;
[xUnit.net 00:00:06.41]            at Npgsql.NpgsqlDataSource.OpenConnectionAsync(CancellationToken cancellationToken)&#xD;
[xUnit.net 00:00:06.41]            at Npgsql.NpgsqlDataSource.OpenConnectionAsync(CancellationToken cancellationToken)&#xD;
[xUnit.net 00:00:06.41]         C:\Users\NRaes\Dev\pg-age-digitaltwins\src\AgeDigitalTwins\Jobs\JobService.cs(438,0): at AgeDigitalTwins.Jobs.JobService.InitializeSchemaAsync()&#xD;
[xUnit.net 00:00:06.41]         C:\Users\NRaes\Dev\pg-age-digitaltwins\src\AgeDigitalTwins\Jobs\JobService.cs(37,0): at AgeDigitalTwins.Jobs.JobService..ctor(NpgsqlMultiHostDataSource dataSource, String graphName, ILogger logger)&#xD;
[xUnit.net 00:00:06.41]         C:\Users\NRaes\Dev\pg-age-digitaltwins\src\AgeDigitalTwins\AgeDigitalTwinsClient.cs(61,0): at AgeDigitalTwins.AgeDigitalTwinsClient..ctor(NpgsqlMultiHostDataSource dataSource, AgeDigitalTwinsClientOptions options)&#xD;
[xUnit.net 00:00:06.41]         C:\Users\NRaes\Dev\pg-age-digitaltwins\src\AgeDigitalTwins.Test\TestBase.cs(29,0): at AgeDigitalTwins.Test.TestBase..ctor()&#xD;
[xUnit.net 00:00:06.41]         C:\Users\NRaes\Dev\pg-age-digitaltwins\src\AgeDigitalTwins.Test\DigitalTwinsTests.cs(16,0): at AgeDigitalTwins.Test.DigitalTwinsTests..ctor(ITestOutputHelper output)&#xD;
[xUnit.net 00:00:06.41]            at System.RuntimeMethodHandle.InvokeMethod(Object target, Void** arguments, Signature sig, Boolean isConstructor)&#xD;
[xUnit.net 00:00:06.41]            at System.Reflection.MethodBaseInvoker.InvokeDirectByRefWithFewArgs(Object obj, Span`1 copyOfArgs, BindingFlags invokeAttr)&#xD;
[xUnit.net 00:00:06.41]         ----- Inner Stack Trace -----&#xD;
[xUnit.net 00:00:06.41]         &#xD;
[xUnit.net 00:00:06.41]         ----- Inner Stack Trace -----&#xD;
[xUnit.net 00:00:06.41]            at Npgsql.Internal.NpgsqlConnector.ConnectAsync(NpgsqlTimeout timeout, CancellationToken cancellationToken)&#xD;
[xUnit.net 00:00:06.41]            at Npgsql.Internal.NpgsqlConnector.RawOpen(SslMode sslMode, NpgsqlTimeout timeout, Boolean async, CancellationToken cancellationToken)&#xD;
[xUnit.net 00:00:06.41]            at Npgsql.Internal.NpgsqlConnector.&lt;Open&gt;g__OpenCore|214_1(NpgsqlConnector conn, SslMode sslMode, NpgsqlTimeout timeout, Boolean async, CancellationToken cancellationToken)&#xD;
[xUnit.net 00:00:06.41]            at Npgsql.Internal.NpgsqlConnector.Open(NpgsqlTimeout timeout, Boolean async, CancellationToken cancellationToken)&#xD;
[xUnit.net 00:00:06.41]            at Npgsql.PoolingDataSource.OpenNewConnector(NpgsqlConnection conn, NpgsqlTimeout timeout, Boolean async, CancellationToken cancellationToken)&#xD;
[xUnit.net 00:00:06.41]            at Npgsql.NpgsqlMultiHostDataSource.TryGetIdleOrNew(NpgsqlConnection conn, TimeSpan timeoutPerHost, Boolean async, TargetSessionAttributes preferredType, Func`3 stateValidator, Int32 poolIndex, IList`1 exceptions, CancellationToken cancellationToken)&#xD;
[xUnit.net 00:00:06.41]         ----- Inner Stack Trace -----&#xD;
[xUnit.net 00:00:06.41]            at System.Net.Sockets.Socket.AwaitableSocketAsyncEventArgs.ThrowException(SocketError error, CancellationToken cancellationToken)&#xD;
[xUnit.net 00:00:06.41]            at System.Net.Sockets.Socket.AwaitableSocketAsyncEventArgs.System.Threading.Tasks.Sources.IValueTaskSource.GetResult(Int16 token)&#xD;
[xUnit.net 00:00:06.41]            at System.Net.Sockets.Socket.&lt;ConnectAsync&gt;g__WaitForConnectWithCancellation|285_0(AwaitableSocketAsyncEventArgs saea, ValueTask connectTask, CancellationToken cancellationToken)&#xD;
[xUnit.net 00:00:06.41]            at Npgsql.TaskTimeoutAndCancellation.ExecuteAsync(Func`2 getTaskFunc, NpgsqlTimeout timeout, CancellationToken cancellationToken)&#xD;
[xUnit.net 00:00:06.41]            at Npgsql.Internal.NpgsqlConnector.ConnectAsync(NpgsqlTimeout timeout, CancellationToken cancellationToken)&#xD;
[xUnit.net 00:00:06.41]       Npgsql.NpgsqlException : Unable to connect to a suitable host. Check inner exception for more details.&#xD;
[xUnit.net 00:00:06.41]       ---- System.AggregateException : One or more errors occurred. (Failed to connect to 127.0.0.1:5432)&#xD;
[xUnit.net 00:00:06.41]       -------- Npgsql.NpgsqlException : Failed to connect to 127.0.0.1:5432&#xD;
[xUnit.net 00:00:06.41]       ------------ System.Net.Sockets.SocketException : No connection could be made because the target machine actively refused it.&#xD;
[xUnit.net 00:00:06.41]       Stack Trace:&#xD;
[xUnit.net 00:00:06.41]            at Npgsql.NpgsqlMultiHostDataSource.Get(NpgsqlConnection conn, NpgsqlTimeout timeout, Boolean async, CancellationToken cancellationToken)&#xD;
[xUnit.net 00:00:06.41]            at Npgsql.NpgsqlConnection.&lt;Open&gt;g__OpenAsync|42_0(Boolean async, CancellationToken cancellationToken)&#xD;
[xUnit.net 00:00:06.41]            at Npgsql.NpgsqlDataSource.OpenConnectionAsync(CancellationToken cancellationToken)&#xD;
[xUnit.net 00:00:06.41]            at Npgsql.NpgsqlDataSource.OpenConnectionAsync(CancellationToken cancellationToken)&#xD;
[xUnit.net 00:00:06.41]         C:\Users\NRaes\Dev\pg-age-digitaltwins\src\AgeDigitalTwins\Jobs\JobService.cs(438,0): at AgeDigitalTwins.Jobs.JobService.InitializeSchemaAsync()&#xD;
[xUnit.net 00:00:06.41]         C:\Users\NRaes\Dev\pg-age-digitaltwins\src\AgeDigitalTwins\Jobs\JobService.cs(37,0): at AgeDigitalTwins.Jobs.JobService..ctor(NpgsqlMultiHostDataSource dataSource, String graphName, ILogger logger)&#xD;
[xUnit.net 00:00:06.41]         C:\Users\NRaes\Dev\pg-age-digitaltwins\src\AgeDigitalTwins\AgeDigitalTwinsClient.cs(61,0): at AgeDigitalTwins.AgeDigitalTwinsClient..ctor(NpgsqlMultiHostDataSource dataSource, AgeDigitalTwinsClientOptions options)&#xD;
[xUnit.net 00:00:06.41]         C:\Users\NRaes\Dev\pg-age-digitaltwins\src\AgeDigitalTwins.Test\TestBase.cs(29,0): at AgeDigitalTwins.Test.TestBase..ctor()&#xD;
[xUnit.net 00:00:06.41]         C:\Users\NRaes\Dev\pg-age-digitaltwins\src\AgeDigitalTwins.Test\BatchDigitalTwinTests.cs(17,0): at AgeDigitalTwins.Test.BatchDigitalTwinTests..ctor(ITestOutputHelper output)&#xD;
[xUnit.net 00:00:06.41]            at System.RuntimeMethodHandle.InvokeMethod(Object target, Void** arguments, Signature sig, Boolean isConstructor)&#xD;
[xUnit.net 00:00:06.41]            at System.Reflection.MethodBaseInvoker.InvokeDirectByRefWithFewArgs(Object obj, Span`1 copyOfArgs, BindingFlags invokeAttr)&#xD;
[xUnit.net 00:00:06.41]         ----- Inner Stack Trace -----&#xD;
[xUnit.net 00:00:06.41]         &#xD;
[xUnit.net 00:00:06.41]         ----- Inner Stack Trace -----&#xD;
[xUnit.net 00:00:06.41]            at Npgsql.Internal.NpgsqlConnector.ConnectAsync(NpgsqlTimeout timeout, CancellationToken cancellationToken)&#xD;
[xUnit.net 00:00:06.41]            at Npgsql.Internal.NpgsqlConnector.RawOpen(SslMode sslMode, NpgsqlTimeout timeout, Boolean async, CancellationToken cancellationToken)&#xD;
[xUnit.net 00:00:06.41]            at Npgsql.Internal.NpgsqlConnector.&lt;Open&gt;g__OpenCore|214_1(NpgsqlConnector conn, SslMode sslMode, NpgsqlTimeout timeout, Boolean async, CancellationToken cancellationToken)&#xD;
[xUnit.net 00:00:06.41]            at Npgsql.Internal.NpgsqlConnector.Open(NpgsqlTimeout timeout, Boolean async, CancellationToken cancellationToken)&#xD;
[xUnit.net 00:00:06.41]            at Npgsql.PoolingDataSource.OpenNewConnector(NpgsqlConnection conn, NpgsqlTimeout timeout, Boolean async, CancellationToken cancellationToken)&#xD;
[xUnit.net 00:00:06.41]            at Npgsql.NpgsqlMultiHostDataSource.TryGetIdleOrNew(NpgsqlConnection conn, TimeSpan timeoutPerHost, Boolean async, TargetSessionAttributes preferredType, Func`3 stateValidator, Int32 poolIndex, IList`1 exceptions, CancellationToken cancellationToken)&#xD;
[xUnit.net 00:00:06.41]         ----- Inner Stack Trace -----&#xD;
[xUnit.net 00:00:06.41]            at System.Net.Sockets.Socket.AwaitableSocketAsyncEventArgs.ThrowException(SocketError error, CancellationToken cancellationToken)&#xD;
[xUnit.net 00:00:06.41]            at System.Net.Sockets.Socket.AwaitableSocketAsyncEventArgs.System.Threading.Tasks.Sources.IValueTaskSource.GetResult(Int16 token)&#xD;
[xUnit.net 00:00:06.41]            at System.Net.Sockets.Socket.&lt;ConnectAsync&gt;g__WaitForConnectWithCancellation|285_0(AwaitableSocketAsyncEventArgs saea, ValueTask connectTask, CancellationToken cancellationToken)&#xD;
[xUnit.net 00:00:06.41]            at Npgsql.TaskTimeoutAndCancellation.ExecuteAsync(Func`2 getTaskFunc, NpgsqlTimeout timeout, CancellationToken cancellationToken)&#xD;
[xUnit.net 00:00:06.41]            at Npgsql.Internal.NpgsqlConnector.ConnectAsync(NpgsqlTimeout timeout, CancellationToken cancellationToken)&#xD;
[xUnit.net 00:00:06.41]       Npgsql.NpgsqlException : Unable to connect to a suitable host. Check inner exception for more details.&#xD;
[xUnit.net 00:00:06.41]       ---- System.AggregateException : One or more errors occurred. (Failed to connect to 127.0.0.1:5432)&#xD;
[xUnit.net 00:00:06.41]       -------- Npgsql.NpgsqlException : Failed to connect to 127.0.0.1:5432&#xD;
[xUnit.net 00:00:06.41]       ------------ System.Net.Sockets.SocketException : No connection could be made because the target machine actively refused it.&#xD;
[xUnit.net 00:00:06.41]       Stack Trace:&#xD;
[xUnit.net 00:00:06.41]            at Npgsql.NpgsqlMultiHostDataSource.Get(NpgsqlConnection conn, NpgsqlTimeout timeout, Boolean async, CancellationToken cancellationToken)&#xD;
[xUnit.net 00:00:06.41]            at Npgsql.NpgsqlConnection.&lt;Open&gt;g__OpenAsync|42_0(Boolean async, CancellationToken cancellationToken)&#xD;
[xUnit.net 00:00:06.41]            at Npgsql.NpgsqlDataSource.OpenConnectionAsync(CancellationToken cancellationToken)&#xD;
[xUnit.net 00:00:06.41]            at Npgsql.NpgsqlDataSource.OpenConnectionAsync(CancellationToken cancellationToken)&#xD;
[xUnit.net 00:00:06.41]         C:\Users\NRaes\Dev\pg-age-digitaltwins\src\AgeDigitalTwins\Jobs\JobService.cs(438,0): at AgeDigitalTwins.Jobs.JobService.InitializeSchemaAsync()&#xD;
[xUnit.net 00:00:06.41]         C:\Users\NRaes\Dev\pg-age-digitaltwins\src\AgeDigitalTwins\Jobs\JobService.cs(37,0): at AgeDigitalTwins.Jobs.JobService..ctor(NpgsqlMultiHostDataSource dataSource, String graphName, ILogger logger)&#xD;
[xUnit.net 00:00:06.41]         C:\Users\NRaes\Dev\pg-age-digitaltwins\src\AgeDigitalTwins\AgeDigitalTwinsClient.cs(61,0): at AgeDigitalTwins.AgeDigitalTwinsClient..ctor(NpgsqlMultiHostDataSource dataSource, AgeDigitalTwinsClientOptions options)&#xD;
[xUnit.net 00:00:06.41]         C:\Users\NRaes\Dev\pg-age-digitaltwins\src\AgeDigitalTwins.Test\TestBase.cs(29,0): at AgeDigitalTwins.Test.TestBase..ctor()&#xD;
[xUnit.net 00:00:06.41]         C:\Users\NRaes\Dev\pg-age-digitaltwins\src\AgeDigitalTwins.Test\JobServiceTests.cs(34,0): at AgeDigitalTwins.Test.ImportJobSystemTests..ctor(ITestOutputHelper output)&#xD;
[xUnit.net 00:00:06.41]            at System.RuntimeMethodHandle.InvokeMethod(Object target, Void** arguments, Signature sig, Boolean isConstructor)&#xD;
[xUnit.net 00:00:06.41]            at System.Reflection.MethodBaseInvoker.InvokeDirectByRefWithFewArgs(Object obj, Span`1 copyOfArgs, BindingFlags invokeAttr)&#xD;
[xUnit.net 00:00:06.41]         ----- Inner Stack Trace -----&#xD;
[xUnit.net 00:00:06.41]         &#xD;
[xUnit.net 00:00:06.41]         ----- Inner Stack Trace -----&#xD;
[xUnit.net 00:00:06.41]            at Npgsql.Internal.NpgsqlConnector.ConnectAsync(NpgsqlTimeout timeout, CancellationToken cancellationToken)&#xD;
[xUnit.net 00:00:06.41]            at Npgsql.Internal.NpgsqlConnector.RawOpen(SslMode sslMode, NpgsqlTimeout timeout, Boolean async, CancellationToken cancellationToken)&#xD;
[xUnit.net 00:00:06.41]            at Npgsql.Internal.NpgsqlConnector.&lt;Open&gt;g__OpenCore|214_1(NpgsqlConnector conn, SslMode sslMode, NpgsqlTimeout timeout, Boolean async, CancellationToken cancellationToken)&#xD;
[xUnit.net 00:00:06.41]            at Npgsql.Internal.NpgsqlConnector.Open(NpgsqlTimeout timeout, Boolean async, CancellationToken cancellationToken)&#xD;
[xUnit.net 00:00:06.41]            at Npgsql.PoolingDataSource.OpenNewConnector(NpgsqlConnection conn, NpgsqlTimeout timeout, Boolean async, CancellationToken cancellationToken)&#xD;
[xUnit.net 00:00:06.41]            at Npgsql.NpgsqlMultiHostDataSource.TryGetIdleOrNew(NpgsqlConnection conn, TimeSpan timeoutPerHost, Boolean async, TargetSessionAttributes preferredType, Func`3 stateValidator, Int32 poolIndex, IList`1 exceptions, CancellationToken cancellationToken)&#xD;
[xUnit.net 00:00:06.42]         ----- Inner Stack Trace -----&#xD;
[xUnit.net 00:00:06.42]            at System.Net.Sockets.Socket.AwaitableSocketAsyncEventArgs.ThrowException(SocketError error, CancellationToken cancellationToken)&#xD;
[xUnit.net 00:00:06.42]            at System.Net.Sockets.Socket.AwaitableSocketAsyncEventArgs.System.Threading.Tasks.Sources.IValueTaskSource.GetResult(Int16 token)&#xD;
[xUnit.net 00:00:06.42]            at System.Net.Sockets.Socket.&lt;ConnectAsync&gt;g__WaitForConnectWithCancellation|285_0(AwaitableSocketAsyncEventArgs saea, ValueTask connectTask, CancellationToken cancellationToken)&#xD;
[xUnit.net 00:00:06.42]            at Npgsql.TaskTimeoutAndCancellation.ExecuteAsync(Func`2 getTaskFunc, NpgsqlTimeout timeout, CancellationToken cancellationToken)&#xD;
[xUnit.net 00:00:06.42]            at Npgsql.Internal.NpgsqlConnector.ConnectAsync(NpgsqlTimeout timeout, CancellationToken cancellationToken)&#xD;
[xUnit.net 00:00:06.42]       Npgsql.NpgsqlException : Unable to connect to a suitable host. Check inner exception for more details.&#xD;
[xUnit.net 00:00:06.42]       ---- System.AggregateException : One or more errors occurred. (Failed to connect to 127.0.0.1:5432)&#xD;
[xUnit.net 00:00:06.42]       -------- Npgsql.NpgsqlException : Failed to connect to 127.0.0.1:5432&#xD;
[xUnit.net 00:00:06.42]       ------------ System.Net.Sockets.SocketException : No connection could be made because the target machine actively refused it.&#xD;
[xUnit.net 00:00:06.42]       Stack Trace:&#xD;
[xUnit.net 00:00:06.42]            at Npgsql.NpgsqlMultiHostDataSource.Get(NpgsqlConnection conn, NpgsqlTimeout timeout, Boolean async, CancellationToken cancellationToken)&#xD;
[xUnit.net 00:00:06.42]            at Npgsql.NpgsqlConnection.&lt;Open&gt;g__OpenAsync|42_0(Boolean async, CancellationToken cancellationToken)&#xD;
[xUnit.net 00:00:06.42]            at Npgsql.NpgsqlDataSource.OpenConnectionAsync(CancellationToken cancellationToken)&#xD;
[xUnit.net 00:00:06.42]            at Npgsql.NpgsqlDataSource.OpenConnectionAsync(CancellationToken cancellationToken)&#xD;
[xUnit.net 00:00:06.42]         C:\Users\NRaes\Dev\pg-age-digitaltwins\src\AgeDigitalTwins\Jobs\JobService.cs(438,0): at AgeDigitalTwins.Jobs.JobService.InitializeSchemaAsync()&#xD;
[xUnit.net 00:00:06.42]         C:\Users\NRaes\Dev\pg-age-digitaltwins\src\AgeDigitalTwins\Jobs\JobService.cs(37,0): at AgeDigitalTwins.Jobs.JobService..ctor(NpgsqlMultiHostDataSource dataSource, String graphName, ILogger logger)&#xD;
[xUnit.net 00:00:06.42]         C:\Users\NRaes\Dev\pg-age-digitaltwins\src\AgeDigitalTwins\AgeDigitalTwinsClient.cs(61,0): at AgeDigitalTwins.AgeDigitalTwinsClient..ctor(NpgsqlMultiHostDataSource dataSource, AgeDigitalTwinsClientOptions options)&#xD;
[xUnit.net 00:00:06.42]         C:\Users\NRaes\Dev\pg-age-digitaltwins\src\AgeDigitalTwins.Test\TestBase.cs(29,0): at AgeDigitalTwins.Test.TestBase..ctor()&#xD;
[xUnit.net 00:00:06.42]         C:\Users\NRaes\Dev\pg-age-digitaltwins\src\AgeDigitalTwins.Test\BatchRelationshipTests.cs(16,0): at AgeDigitalTwins.Test.BatchRelationshipTests..ctor(ITestOutputHelper output)&#xD;
[xUnit.net 00:00:06.42]            at System.RuntimeMethodHandle.InvokeMethod(Object target, Void** arguments, Signature sig, Boolean isConstructor)&#xD;
[xUnit.net 00:00:06.42]            at System.Reflection.MethodBaseInvoker.InvokeDirectByRefWithFewArgs(Object obj, Span`1 copyOfArgs, BindingFlags invokeAttr)&#xD;
[xUnit.net 00:00:06.42]         ----- Inner Stack Trace -----&#xD;
[xUnit.net 00:00:06.42]         &#xD;
[xUnit.net 00:00:06.42]         ----- Inner Stack Trace -----&#xD;
[xUnit.net 00:00:06.42]            at Npgsql.Internal.NpgsqlConnector.ConnectAsync(NpgsqlTimeout timeout, CancellationToken cancellationToken)&#xD;
[xUnit.net 00:00:06.42]            at Npgsql.Internal.NpgsqlConnector.RawOpen(SslMode sslMode, NpgsqlTimeout timeout, Boolean async, CancellationToken cancellationToken)&#xD;
[xUnit.net 00:00:06.42]            at Npgsql.Internal.NpgsqlConnector.&lt;Open&gt;g__OpenCore|214_1(NpgsqlConnector conn, SslMode sslMode, NpgsqlTimeout timeout, Boolean async, CancellationToken cancellationToken)&#xD;
[xUnit.net 00:00:06.42]            at Npgsql.Internal.NpgsqlConnector.Open(NpgsqlTimeout timeout, Boolean async, CancellationToken cancellationToken)&#xD;
[xUnit.net 00:00:06.42]            at Npgsql.PoolingDataSource.OpenNewConnector(NpgsqlConnection conn, NpgsqlTimeout timeout, Boolean async, CancellationToken cancellationToken)&#xD;
[xUnit.net 00:00:06.42]            at Npgsql.NpgsqlMultiHostDataSource.TryGetIdleOrNew(NpgsqlConnection conn, TimeSpan timeoutPerHost, Boolean async, TargetSessionAttributes preferredType, Func`3 stateValidator, Int32 poolIndex, IList`1 exceptions, CancellationToken cancellationToken)&#xD;
[xUnit.net 00:00:06.42]         ----- Inner Stack Trace -----&#xD;
[xUnit.net 00:00:06.42]            at System.Net.Sockets.Socket.AwaitableSocketAsyncEventArgs.ThrowException(SocketError error, CancellationToken cancellationToken)&#xD;
[xUnit.net 00:00:06.42]            at System.Net.Sockets.Socket.AwaitableSocketAsyncEventArgs.System.Threading.Tasks.Sources.IValueTaskSource.GetResult(Int16 token)&#xD;
[xUnit.net 00:00:06.42]            at System.Net.Sockets.Socket.&lt;ConnectAsync&gt;g__WaitForConnectWithCancellation|285_0(AwaitableSocketAsyncEventArgs saea, ValueTask connectTask, CancellationToken cancellationToken)&#xD;
[xUnit.net 00:00:06.42]            at Npgsql.TaskTimeoutAndCancellation.ExecuteAsync(Func`2 getTaskFunc, NpgsqlTimeout timeout, CancellationToken cancellationToken)&#xD;
[xUnit.net 00:00:06.42]            at Npgsql.Internal.NpgsqlConnector.ConnectAsync(NpgsqlTimeout timeout, CancellationToken cancellationToken)&#xD;
[xUnit.net 00:00:06.42]       Npgsql.NpgsqlException : Unable to connect to a suitable host. Check inner exception for more details.&#xD;
[xUnit.net 00:00:06.42]       ---- System.AggregateException : One or more errors occurred. (Failed to connect to 127.0.0.1:5432)&#xD;
[xUnit.net 00:00:06.42]       -------- Npgsql.NpgsqlException : Failed to connect to 127.0.0.1:5432&#xD;
[xUnit.net 00:00:06.42]       ------------ System.Net.Sockets.SocketException : No connection could be made because the target machine actively refused it.&#xD;
[xUnit.net 00:00:06.42]       Stack Trace:&#xD;
[xUnit.net 00:00:06.42]            at Npgsql.NpgsqlMultiHostDataSource.Get(NpgsqlConnection conn, NpgsqlTimeout timeout, Boolean async, CancellationToken cancellationToken)&#xD;
[xUnit.net 00:00:06.42]            at Npgsql.NpgsqlConnection.&lt;Open&gt;g__OpenAsync|42_0(Boolean async, CancellationToken cancellationToken)&#xD;
[xUnit.net 00:00:06.42]            at Npgsql.NpgsqlDataSource.OpenConnectionAsync(CancellationToken cancellationToken)&#xD;
[xUnit.net 00:00:06.42]            at Npgsql.NpgsqlDataSource.OpenConnectionAsync(CancellationToken cancellationToken)&#xD;
[xUnit.net 00:00:06.42]         C:\Users\NRaes\Dev\pg-age-digitaltwins\src\AgeDigitalTwins\Jobs\JobService.cs(438,0): at AgeDigitalTwins.Jobs.JobService.InitializeSchemaAsync()&#xD;
[xUnit.net 00:00:06.42]         C:\Users\NRaes\Dev\pg-age-digitaltwins\src\AgeDigitalTwins\Jobs\JobService.cs(37,0): at AgeDigitalTwins.Jobs.JobService..ctor(NpgsqlMultiHostDataSource dataSource, String graphName, ILogger logger)&#xD;
[xUnit.net 00:00:06.42]         C:\Users\NRaes\Dev\pg-age-digitaltwins\src\AgeDigitalTwins\AgeDigitalTwinsClient.cs(61,0): at AgeDigitalTwins.AgeDigitalTwinsClient..ctor(NpgsqlMultiHostDataSource dataSource, AgeDigitalTwinsClientOptions options)&#xD;
[xUnit.net 00:00:06.42]         C:\Users\NRaes\Dev\pg-age-digitaltwins\src\AgeDigitalTwins.Test\TestBase.cs(29,0): at AgeDigitalTwins.Test.TestBase..ctor()&#xD;
[xUnit.net 00:00:06.42]         C:\Users\NRaes\Dev\pg-age-digitaltwins\src\AgeDigitalTwins.Test\ImportJobTests.cs(16,0): at AgeDigitalTwins.Test.ImportJobTests..ctor(ITestOutputHelper output)&#xD;
[xUnit.net 00:00:06.42]            at System.RuntimeMethodHandle.InvokeMethod(Object target, Void** arguments, Signature sig, Boolean isConstructor)&#xD;
[xUnit.net 00:00:06.42]            at System.Reflection.MethodBaseInvoker.InvokeDirectByRefWithFewArgs(Object obj, Span`1 copyOfArgs, BindingFlags invokeAttr)&#xD;
[xUnit.net 00:00:06.42]         ----- Inner Stack Trace -----&#xD;
[xUnit.net 00:00:06.42]         &#xD;
[xUnit.net 00:00:06.42]         ----- Inner Stack Trace -----&#xD;
[xUnit.net 00:00:06.42]            at Npgsql.Internal.NpgsqlConnector.ConnectAsync(NpgsqlTimeout timeout, CancellationToken cancellationToken)&#xD;
[xUnit.net 00:00:06.42]            at Npgsql.Internal.NpgsqlConnector.RawOpen(SslMode sslMode, NpgsqlTimeout timeout, Boolean async, CancellationToken cancellationToken)&#xD;
[xUnit.net 00:00:06.42]            at Npgsql.Internal.NpgsqlConnector.&lt;Open&gt;g__OpenCore|214_1(NpgsqlConnector conn, SslMode sslMode, NpgsqlTimeout timeout, Boolean async, CancellationToken cancellationToken)&#xD;
[xUnit.net 00:00:06.42]            at Npgsql.Internal.NpgsqlConnector.Open(NpgsqlTimeout timeout, Boolean async, CancellationToken cancellationToken)&#xD;
[xUnit.net 00:00:06.42]            at Npgsql.PoolingDataSource.OpenNewConnector(NpgsqlConnection conn, NpgsqlTimeout timeout, Boolean async, CancellationToken cancellationToken)&#xD;
[xUnit.net 00:00:06.42]            at Npgsql.NpgsqlMultiHostDataSource.TryGetIdleOrNew(NpgsqlConnection conn, TimeSpan timeoutPerHost, Boolean async, TargetSessionAttributes preferredType, Func`3 stateValidator, Int32 poolIndex, IList`1 exceptions, CancellationToken cancellationToken)&#xD;
[xUnit.net 00:00:06.42]         ----- Inner Stack Trace -----&#xD;
[xUnit.net 00:00:06.42]            at System.Net.Sockets.Socket.AwaitableSocketAsyncEventArgs.ThrowException(SocketError error, CancellationToken cancellationToken)&#xD;
[xUnit.net 00:00:06.42]            at System.Net.Sockets.Socket.AwaitableSocketAsyncEventArgs.System.Threading.Tasks.Sources.IValueTaskSource.GetResult(Int16 token)&#xD;
[xUnit.net 00:00:06.42]            at System.Net.Sockets.Socket.&lt;ConnectAsync&gt;g__WaitForConnectWithCancellation|285_0(AwaitableSocketAsyncEventArgs saea, ValueTask connectTask, CancellationToken cancellationToken)&#xD;
[xUnit.net 00:00:06.42]            at Npgsql.TaskTimeoutAndCancellation.ExecuteAsync(Func`2 getTaskFunc, NpgsqlTimeout timeout, CancellationToken cancellationToken)&#xD;
[xUnit.net 00:00:06.42]            at Npgsql.Internal.NpgsqlConnector.ConnectAsync(NpgsqlTimeout timeout, CancellationToken cancellationToken)&#xD;
[xUnit.net 00:00:10.43]       Npgsql.NpgsqlException : Unable to connect to a suitable host. Check inner exception for more details.&#xD;
[xUnit.net 00:00:10.43]       ---- System.AggregateException : One or more errors occurred. (Failed to connect to 127.0.0.1:5432)&#xD;
[xUnit.net 00:00:10.43]       -------- Npgsql.NpgsqlException : Failed to connect to 127.0.0.1:5432&#xD;
[xUnit.net 00:00:10.43]       ------------ System.Net.Sockets.SocketException : No connection could be made because the target machine actively refused it.&#xD;
[xUnit.net 00:00:10.43]       Stack Trace:&#xD;
[xUnit.net 00:00:10.43]            at Npgsql.NpgsqlMultiHostDataSource.Get(NpgsqlConnection conn, NpgsqlTimeout timeout, Boolean async, CancellationToken cancellationToken)&#xD;
[xUnit.net 00:00:10.43]            at Npgsql.NpgsqlConnection.&lt;Open&gt;g__OpenAsync|42_0(Boolean async, CancellationToken cancellationToken)&#xD;
[xUnit.net 00:00:10.43]            at Npgsql.NpgsqlDataSource.OpenConnectionAsync(CancellationToken cancellationToken)&#xD;
[xUnit.net 00:00:10.43]            at Npgsql.NpgsqlDataSource.OpenConnectionAsync(CancellationToken cancellationToken)&#xD;
[xUnit.net 00:00:10.43]         C:\Users\NRaes\Dev\pg-age-digitaltwins\src\AgeDigitalTwins\Jobs\JobService.cs(438,0): at AgeDigitalTwins.Jobs.JobService.InitializeSchemaAsync()&#xD;
[xUnit.net 00:00:10.43]         C:\Users\NRaes\Dev\pg-age-digitaltwins\src\AgeDigitalTwins\Jobs\JobService.cs(37,0): at AgeDigitalTwins.Jobs.JobService..ctor(NpgsqlMultiHostDataSource dataSource, String graphName, ILogger logger)&#xD;
[xUnit.net 00:00:10.43]         C:\Users\NRaes\Dev\pg-age-digitaltwins\src\AgeDigitalTwins\AgeDigitalTwinsClient.cs(61,0): at AgeDigitalTwins.AgeDigitalTwinsClient..ctor(NpgsqlMultiHostDataSource dataSource, AgeDigitalTwinsClientOptions options)&#xD;
[xUnit.net 00:00:10.43]         C:\Users\NRaes\Dev\pg-age-digitaltwins\src\AgeDigitalTwins.Test\TestBase.cs(29,0): at AgeDigitalTwins.Test.TestBase..ctor()&#xD;
[xUnit.net 00:00:10.43]            at AgeDigitalTwins.Test.DistributedLockingTests..ctor()&#xD;
[xUnit.net 00:00:10.43]            at System.RuntimeType.CreateInstanceDefaultCtor(Boolean publicOnly, Boolean wrapExceptions)&#xD;
[xUnit.net 00:00:10.43]         ----- Inner Stack Trace -----&#xD;
[xUnit.net 00:00:10.43]         &#xD;
[xUnit.net 00:00:10.43]         ----- Inner Stack Trace -----&#xD;
[xUnit.net 00:00:10.43]            at Npgsql.Internal.NpgsqlConnector.ConnectAsync(NpgsqlTimeout timeout, CancellationToken cancellationToken)&#xD;
[xUnit.net 00:00:10.43]            at Npgsql.Internal.NpgsqlConnector.RawOpen(SslMode sslMode, NpgsqlTimeout timeout, Boolean async, CancellationToken cancellationToken)&#xD;
[xUnit.net 00:00:10.43]            at Npgsql.Internal.NpgsqlConnector.&lt;Open&gt;g__OpenCore|214_1(NpgsqlConnector conn, SslMode sslMode, NpgsqlTimeout timeout, Boolean async, CancellationToken cancellationToken)&#xD;
[xUnit.net 00:00:10.43]            at Npgsql.Internal.NpgsqlConnector.Open(NpgsqlTimeout timeout, Boolean async, CancellationToken cancellationToken)&#xD;
[xUnit.net 00:00:10.43]            at Npgsql.PoolingDataSource.OpenNewConnector(NpgsqlConnection conn, NpgsqlTimeout timeout, Boolean async, CancellationToken cancellationToken)&#xD;
[xUnit.net 00:00:10.43]            at Npgsql.NpgsqlMultiHostDataSource.TryGetIdleOrNew(NpgsqlConnection conn, TimeSpan timeoutPerHost, Boolean async, TargetSessionAttributes preferredType, Func`3 stateValidator, Int32 poolIndex, IList`1 exceptions, CancellationToken cancellationToken)&#xD;
[xUnit.net 00:00:10.43]         ----- Inner Stack Trace -----&#xD;
[xUnit.net 00:00:10.43]            at System.Net.Sockets.Socket.AwaitableSocketAsyncEventArgs.ThrowException(SocketError error, CancellationToken cancellationToken)&#xD;
[xUnit.net 00:00:10.43]            at System.Net.Sockets.Socket.AwaitableSocketAsyncEventArgs.System.Threading.Tasks.Sources.IValueTaskSource.GetResult(Int16 token)&#xD;
[xUnit.net 00:00:10.43]            at System.Net.Sockets.Socket.&lt;ConnectAsync&gt;g__WaitForConnectWithCancellation|285_0(AwaitableSocketAsyncEventArgs saea, ValueTask connectTask, CancellationToken cancellationToken)&#xD;
[xUnit.net 00:00:10.43]            at Npgsql.TaskTimeoutAndCancellation.ExecuteAsync(Func`2 getTaskFunc, NpgsqlTimeout timeout, CancellationToken cancellationToken)&#xD;
[xUnit.net 00:00:10.43]            at Npgsql.Internal.NpgsqlConnector.ConnectAsync(NpgsqlTimeout timeout, CancellationToken cancellationToken)&#xD;
[xUnit.net 00:00:10.44]       Npgsql.NpgsqlException : Unable to connect to a suitable host. Check inner exception for more details.&#xD;
[xUnit.net 00:00:10.44]       ---- System.AggregateException : One or more errors occurred. (Failed to connect to 127.0.0.1:5432)&#xD;
[xUnit.net 00:00:10.44]       -------- Npgsql.NpgsqlException : Failed to connect to 127.0.0.1:5432&#xD;
[xUnit.net 00:00:10.44]       ------------ System.Net.Sockets.SocketException : No connection could be made because the target machine actively refused it.&#xD;
[xUnit.net 00:00:10.44]       Stack Trace:&#xD;
[xUnit.net 00:00:10.44]            at Npgsql.NpgsqlMultiHostDataSource.Get(NpgsqlConnection conn, NpgsqlTimeout timeout, Boolean async, CancellationToken cancellationToken)&#xD;
[xUnit.net 00:00:10.44]            at Npgsql.NpgsqlConnection.&lt;Open&gt;g__OpenAsync|42_0(Boolean async, CancellationToken cancellationToken)&#xD;
[xUnit.net 00:00:10.44]            at Npgsql.NpgsqlDataSource.OpenConnectionAsync(CancellationToken cancellationToken)&#xD;
[xUnit.net 00:00:10.44]            at Npgsql.NpgsqlDataSource.OpenConnectionAsync(CancellationToken cancellationToken)&#xD;
[xUnit.net 00:00:10.44]         C:\Users\NRaes\Dev\pg-age-digitaltwins\src\AgeDigitalTwins\Jobs\JobService.cs(438,0): at AgeDigitalTwins.Jobs.JobService.InitializeSchemaAsync()&#xD;
[xUnit.net 00:00:10.44]         C:\Users\NRaes\Dev\pg-age-digitaltwins\src\AgeDigitalTwins\Jobs\JobService.cs(37,0): at AgeDigitalTwins.Jobs.JobService..ctor(NpgsqlMultiHostDataSource dataSource, String graphName, ILogger logger)&#xD;
[xUnit.net 00:00:10.44]         C:\Users\NRaes\Dev\pg-age-digitaltwins\src\AgeDigitalTwins\AgeDigitalTwinsClient.cs(61,0): at AgeDigitalTwins.AgeDigitalTwinsClient..ctor(NpgsqlMultiHostDataSource dataSource, AgeDigitalTwinsClientOptions options)&#xD;
[xUnit.net 00:00:10.44]         C:\Users\NRaes\Dev\pg-age-digitaltwins\src\AgeDigitalTwins.Test\TestBase.cs(29,0): at AgeDigitalTwins.Test.TestBase..ctor()&#xD;
[xUnit.net 00:00:10.44]         C:\Users\NRaes\Dev\pg-age-digitaltwins\src\AgeDigitalTwins.Test\DigitalTwinsTests.cs(16,0): at AgeDigitalTwins.Test.DigitalTwinsTests..ctor(ITestOutputHelper output)&#xD;
[xUnit.net 00:00:10.44]            at InvokeStub_DigitalTwinsTests..ctor(Object, Span`1)&#xD;
[xUnit.net 00:00:10.44]            at System.Reflection.MethodBaseInvoker.InvokeWithOneArg(Object obj, BindingFlags invokeAttr, Binder binder, Object[] parameters, CultureInfo culture)&#xD;
[xUnit.net 00:00:10.44]         ----- Inner Stack Trace -----&#xD;
[xUnit.net 00:00:10.44]         &#xD;
[xUnit.net 00:00:10.44]         ----- Inner Stack Trace -----&#xD;
[xUnit.net 00:00:10.44]            at Npgsql.Internal.NpgsqlConnector.ConnectAsync(NpgsqlTimeout timeout, CancellationToken cancellationToken)&#xD;
[xUnit.net 00:00:10.44]            at Npgsql.Internal.NpgsqlConnector.RawOpen(SslMode sslMode, NpgsqlTimeout timeout, Boolean async, CancellationToken cancellationToken)&#xD;
[xUnit.net 00:00:10.44]            at Npgsql.Internal.NpgsqlConnector.&lt;Open&gt;g__OpenCore|214_1(NpgsqlConnector conn, SslMode sslMode, NpgsqlTimeout timeout, Boolean async, CancellationToken cancellationToken)&#xD;
[xUnit.net 00:00:10.44]            at Npgsql.Internal.NpgsqlConnector.Open(NpgsqlTimeout timeout, Boolean async, CancellationToken cancellationToken)&#xD;
[xUnit.net 00:00:10.44]            at Npgsql.PoolingDataSource.OpenNewConnector(NpgsqlConnection conn, NpgsqlTimeout timeout, Boolean async, CancellationToken cancellationToken)&#xD;
[xUnit.net 00:00:10.44]            at Npgsql.NpgsqlMultiHostDataSource.TryGetIdleOrNew(NpgsqlConnection conn, TimeSpan timeoutPerHost, Boolean async, TargetSessionAttributes preferredType, Func`3 stateValidator, Int32 poolIndex, IList`1 exceptions, CancellationToken cancellationToken)&#xD;
[xUnit.net 00:00:10.44]         ----- Inner Stack Trace -----&#xD;
[xUnit.net 00:00:10.44]            at System.Net.Sockets.Socket.AwaitableSocketAsyncEventArgs.ThrowException(SocketError error, CancellationToken cancellationToken)&#xD;
[xUnit.net 00:00:10.44]            at System.Net.Sockets.Socket.AwaitableSocketAsyncEventArgs.System.Threading.Tasks.Sources.IValueTaskSource.GetResult(Int16 token)&#xD;
[xUnit.net 00:00:10.44]            at System.Net.Sockets.Socket.&lt;ConnectAsync&gt;g__WaitForConnectWithCancellation|285_0(AwaitableSocketAsyncEventArgs saea, ValueTask connectTask, CancellationToken cancellationToken)&#xD;
[xUnit.net 00:00:10.44]            at Npgsql.TaskTimeoutAndCancellation.ExecuteAsync(Func`2 getTaskFunc, NpgsqlTimeout timeout, CancellationToken cancellationToken)&#xD;
[xUnit.net 00:00:10.44]            at Npgsql.Internal.NpgsqlConnector.ConnectAsync(NpgsqlTimeout timeout, CancellationToken cancellationToken)&#xD;
[xUnit.net 00:00:10.44]       Npgsql.NpgsqlException : Unable to connect to a suitable host. Check inner exception for more details.&#xD;
[xUnit.net 00:00:10.44]       ---- System.AggregateException : One or more errors occurred. (Failed to connect to 127.0.0.1:5432)&#xD;
[xUnit.net 00:00:10.44]       -------- Npgsql.NpgsqlException : Failed to connect to 127.0.0.1:5432&#xD;
[xUnit.net 00:00:10.44]       ------------ System.Net.Sockets.SocketException : No connection could be made because the target machine actively refused it.&#xD;
[xUnit.net 00:00:10.44]       Stack Trace:&#xD;
[xUnit.net 00:00:10.44]            at Npgsql.NpgsqlMultiHostDataSource.Get(NpgsqlConnection conn, NpgsqlTimeout timeout, Boolean async, CancellationToken cancellationToken)&#xD;
[xUnit.net 00:00:10.44]            at Npgsql.NpgsqlConnection.&lt;Open&gt;g__OpenAsync|42_0(Boolean async, CancellationToken cancellationToken)&#xD;
[xUnit.net 00:00:10.44]            at Npgsql.NpgsqlDataSource.OpenConnectionAsync(CancellationToken cancellationToken)&#xD;
[xUnit.net 00:00:10.44]            at Npgsql.NpgsqlDataSource.OpenConnectionAsync(CancellationToken cancellationToken)&#xD;
[xUnit.net 00:00:10.44]         C:\Users\NRaes\Dev\pg-age-digitaltwins\src\AgeDigitalTwins\Jobs\JobService.cs(438,0): at AgeDigitalTwins.Jobs.JobService.InitializeSchemaAsync()&#xD;
[xUnit.net 00:00:10.44]         C:\Users\NRaes\Dev\pg-age-digitaltwins\src\AgeDigitalTwins\Jobs\JobService.cs(37,0): at AgeDigitalTwins.Jobs.JobService..ctor(NpgsqlMultiHostDataSource dataSource, String graphName, ILogger logger)&#xD;
[xUnit.net 00:00:10.44]         C:\Users\NRaes\Dev\pg-age-digitaltwins\src\AgeDigitalTwins\AgeDigitalTwinsClient.cs(61,0): at AgeDigitalTwins.AgeDigitalTwinsClient..ctor(NpgsqlMultiHostDataSource dataSource, AgeDigitalTwinsClientOptions options)&#xD;
[xUnit.net 00:00:10.44]         C:\Users\NRaes\Dev\pg-age-digitaltwins\src\AgeDigitalTwins.Test\TestBase.cs(29,0): at AgeDigitalTwins.Test.TestBase..ctor()&#xD;
[xUnit.net 00:00:10.44]            at AgeDigitalTwins.Test.RelationshipTests..ctor()&#xD;
[xUnit.net 00:00:10.44]            at System.RuntimeType.CreateInstanceDefaultCtor(Boolean publicOnly, Boolean wrapExceptions)&#xD;
[xUnit.net 00:00:10.44]         ----- Inner Stack Trace -----&#xD;
[xUnit.net 00:00:10.44]         &#xD;
[xUnit.net 00:00:10.44]         ----- Inner Stack Trace -----&#xD;
[xUnit.net 00:00:10.44]            at Npgsql.Internal.NpgsqlConnector.ConnectAsync(NpgsqlTimeout timeout, CancellationToken cancellationToken)&#xD;
[xUnit.net 00:00:10.44]            at Npgsql.Internal.NpgsqlConnector.RawOpen(SslMode sslMode, NpgsqlTimeout timeout, Boolean async, CancellationToken cancellationToken)&#xD;
[xUnit.net 00:00:10.44]            at Npgsql.Internal.NpgsqlConnector.&lt;Open&gt;g__OpenCore|214_1(NpgsqlConnector conn, SslMode sslMode, NpgsqlTimeout timeout, Boolean async, CancellationToken cancellationToken)&#xD;
[xUnit.net 00:00:10.44]            at Npgsql.Internal.NpgsqlConnector.Open(NpgsqlTimeout timeout, Boolean async, CancellationToken cancellationToken)&#xD;
[xUnit.net 00:00:10.44]            at Npgsql.PoolingDataSource.OpenNewConnector(NpgsqlConnection conn, NpgsqlTimeout timeout, Boolean async, CancellationToken cancellationToken)&#xD;
[xUnit.net 00:00:10.44]            at Npgsql.NpgsqlMultiHostDataSource.TryGetIdleOrNew(NpgsqlConnection conn, TimeSpan timeoutPerHost, Boolean async, TargetSessionAttributes preferredType, Func`3 stateValidator, Int32 poolIndex, IList`1 exceptions, CancellationToken cancellationToken)&#xD;
[xUnit.net 00:00:10.44]         ----- Inner Stack Trace -----&#xD;
[xUnit.net 00:00:10.44]            at System.Net.Sockets.Socket.AwaitableSocketAsyncEventArgs.ThrowException(SocketError error, CancellationToken cancellationToken)&#xD;
[xUnit.net 00:00:10.44]            at System.Net.Sockets.Socket.AwaitableSocketAsyncEventArgs.System.Threading.Tasks.Sources.IValueTaskSource.GetResult(Int16 token)&#xD;
[xUnit.net 00:00:10.44]            at System.Net.Sockets.Socket.&lt;ConnectAsync&gt;g__WaitForConnectWithCancellation|285_0(AwaitableSocketAsyncEventArgs saea, ValueTask connectTask, CancellationToken cancellationToken)&#xD;
[xUnit.net 00:00:10.44]            at Npgsql.TaskTimeoutAndCancellation.ExecuteAsync(Func`2 getTaskFunc, NpgsqlTimeout timeout, CancellationToken cancellationToken)&#xD;
[xUnit.net 00:00:10.44]            at Npgsql.Internal.NpgsqlConnector.ConnectAsync(NpgsqlTimeout timeout, CancellationToken cancellationToken)&#xD;
[xUnit.net 00:00:10.45]       Npgsql.NpgsqlException : Unable to connect to a suitable host. Check inner exception for more details.&#xD;
[xUnit.net 00:00:10.45]       ---- System.AggregateException : One or more errors occurred. (Failed to connect to 127.0.0.1:5432)&#xD;
[xUnit.net 00:00:10.45]       -------- Npgsql.NpgsqlException : Failed to connect to 127.0.0.1:5432&#xD;
[xUnit.net 00:00:10.45]       ------------ System.Net.Sockets.SocketException : No connection could be made because the target machine actively refused it.&#xD;
[xUnit.net 00:00:10.45]       Stack Trace:&#xD;
[xUnit.net 00:00:10.45]            at Npgsql.NpgsqlMultiHostDataSource.Get(NpgsqlConnection conn, NpgsqlTimeout timeout, Boolean async, CancellationToken cancellationToken)&#xD;
[xUnit.net 00:00:10.45]            at Npgsql.NpgsqlConnection.&lt;Open&gt;g__OpenAsync|42_0(Boolean async, CancellationToken cancellationToken)&#xD;
[xUnit.net 00:00:10.45]            at Npgsql.NpgsqlDataSource.OpenConnectionAsync(CancellationToken cancellationToken)&#xD;
[xUnit.net 00:00:10.45]            at Npgsql.NpgsqlDataSource.OpenConnectionAsync(CancellationToken cancellationToken)&#xD;
[xUnit.net 00:00:10.45]         C:\Users\NRaes\Dev\pg-age-digitaltwins\src\AgeDigitalTwins\Jobs\JobService.cs(438,0): at AgeDigitalTwins.Jobs.JobService.InitializeSchemaAsync()&#xD;
[xUnit.net 00:00:10.45]         C:\Users\NRaes\Dev\pg-age-digitaltwins\src\AgeDigitalTwins\Jobs\JobService.cs(37,0): at AgeDigitalTwins.Jobs.JobService..ctor(NpgsqlMultiHostDataSource dataSource, String graphName, ILogger logger)&#xD;
[xUnit.net 00:00:10.45]         C:\Users\NRaes\Dev\pg-age-digitaltwins\src\AgeDigitalTwins\AgeDigitalTwinsClient.cs(61,0): at AgeDigitalTwins.AgeDigitalTwinsClient..ctor(NpgsqlMultiHostDataSource dataSource, AgeDigitalTwinsClientOptions options)&#xD;
[xUnit.net 00:00:10.45]         C:\Users\NRaes\Dev\pg-age-digitaltwins\src\AgeDigitalTwins.Test\TestBase.cs(29,0): at AgeDigitalTwins.Test.TestBase..ctor()&#xD;
[xUnit.net 00:00:10.45]         C:\Users\NRaes\Dev\pg-age-digitaltwins\src\AgeDigitalTwins.Test\BatchDigitalTwinTests.cs(17,0): at AgeDigitalTwins.Test.BatchDigitalTwinTests..ctor(ITestOutputHelper output)&#xD;
[xUnit.net 00:00:10.45]            at InvokeStub_BatchDigitalTwinTests..ctor(Object, Span`1)&#xD;
[xUnit.net 00:00:10.45]            at System.Reflection.MethodBaseInvoker.InvokeWithOneArg(Object obj, BindingFlags invokeAttr, Binder binder, Object[] parameters, CultureInfo culture)&#xD;
[xUnit.net 00:00:10.45]         ----- Inner Stack Trace -----&#xD;
[xUnit.net 00:00:10.45]         &#xD;
[xUnit.net 00:00:10.45]         ----- Inner Stack Trace -----&#xD;
[xUnit.net 00:00:10.45]            at Npgsql.Internal.NpgsqlConnector.ConnectAsync(NpgsqlTimeout timeout, CancellationToken cancellationToken)&#xD;
[xUnit.net 00:00:10.45]            at Npgsql.Internal.NpgsqlConnector.RawOpen(SslMode sslMode, NpgsqlTimeout timeout, Boolean async, CancellationToken cancellationToken)&#xD;
[xUnit.net 00:00:10.45]            at Npgsql.Internal.NpgsqlConnector.&lt;Open&gt;g__OpenCore|214_1(NpgsqlConnector conn, SslMode sslMode, NpgsqlTimeout timeout, Boolean async, CancellationToken cancellationToken)&#xD;
[xUnit.net 00:00:10.45]            at Npgsql.Internal.NpgsqlConnector.Open(NpgsqlTimeout timeout, Boolean async, CancellationToken cancellationToken)&#xD;
[xUnit.net 00:00:10.45]            at Npgsql.PoolingDataSource.OpenNewConnector(NpgsqlConnection conn, NpgsqlTimeout timeout, Boolean async, CancellationToken cancellationToken)&#xD;
[xUnit.net 00:00:10.45]            at Npgsql.NpgsqlMultiHostDataSource.TryGetIdleOrNew(NpgsqlConnection conn, TimeSpan timeoutPerHost, Boolean async, TargetSessionAttributes preferredType, Func`3 stateValidator, Int32 poolIndex, IList`1 exceptions, CancellationToken cancellationToken)&#xD;
[xUnit.net 00:00:10.45]         ----- Inner Stack Trace -----&#xD;
[xUnit.net 00:00:10.45]            at System.Net.Sockets.Socket.AwaitableSocketAsyncEventArgs.ThrowException(SocketError error, CancellationToken cancellationToken)&#xD;
[xUnit.net 00:00:10.45]            at System.Net.Sockets.Socket.AwaitableSocketAsyncEventArgs.System.Threading.Tasks.Sources.IValueTaskSource.GetResult(Int16 token)&#xD;
[xUnit.net 00:00:10.45]            at System.Net.Sockets.Socket.&lt;ConnectAsync&gt;g__WaitForConnectWithCancellation|285_0(AwaitableSocketAsyncEventArgs saea, ValueTask connectTask, CancellationToken cancellationToken)&#xD;
[xUnit.net 00:00:10.45]            at Npgsql.TaskTimeoutAndCancellation.ExecuteAsync(Func`2 getTaskFunc, NpgsqlTimeout timeout, CancellationToken cancellationToken)&#xD;
[xUnit.net 00:00:10.45]            at Npgsql.Internal.NpgsqlConnector.ConnectAsync(NpgsqlTimeout timeout, CancellationToken cancellationToken)&#xD;
[xUnit.net 00:00:10.45]       Npgsql.NpgsqlException : Unable to connect to a suitable host. Check inner exception for more details.&#xD;
[xUnit.net 00:00:10.45]       ---- System.AggregateException : One or more errors occurred. (Failed to connect to 127.0.0.1:5432)&#xD;
[xUnit.net 00:00:10.45]       -------- Npgsql.NpgsqlException : Failed to connect to 127.0.0.1:5432&#xD;
[xUnit.net 00:00:10.45]       ------------ System.Net.Sockets.SocketException : No connection could be made because the target machine actively refused it.&#xD;
[xUnit.net 00:00:10.45]       Stack Trace:&#xD;
[xUnit.net 00:00:10.45]            at Npgsql.NpgsqlMultiHostDataSource.Get(NpgsqlConnection conn, NpgsqlTimeout timeout, Boolean async, CancellationToken cancellationToken)&#xD;
[xUnit.net 00:00:10.45]            at Npgsql.NpgsqlConnection.&lt;Open&gt;g__OpenAsync|42_0(Boolean async, CancellationToken cancellationToken)&#xD;
[xUnit.net 00:00:10.45]            at Npgsql.NpgsqlDataSource.OpenConnectionAsync(CancellationToken cancellationToken)&#xD;
[xUnit.net 00:00:10.45]            at Npgsql.NpgsqlDataSource.OpenConnectionAsync(CancellationToken cancellationToken)&#xD;
[xUnit.net 00:00:10.45]         C:\Users\NRaes\Dev\pg-age-digitaltwins\src\AgeDigitalTwins\Jobs\JobService.cs(438,0): at AgeDigitalTwins.Jobs.JobService.InitializeSchemaAsync()&#xD;
[xUnit.net 00:00:10.45]         C:\Users\NRaes\Dev\pg-age-digitaltwins\src\AgeDigitalTwins\Jobs\JobService.cs(37,0): at AgeDigitalTwins.Jobs.JobService..ctor(NpgsqlMultiHostDataSource dataSource, String graphName, ILogger logger)&#xD;
[xUnit.net 00:00:10.45]         C:\Users\NRaes\Dev\pg-age-digitaltwins\src\AgeDigitalTwins\AgeDigitalTwinsClient.cs(61,0): at AgeDigitalTwins.AgeDigitalTwinsClient..ctor(NpgsqlMultiHostDataSource dataSource, AgeDigitalTwinsClientOptions options)&#xD;
[xUnit.net 00:00:10.45]         C:\Users\NRaes\Dev\pg-age-digitaltwins\src\AgeDigitalTwins.Test\TestBase.cs(29,0): at AgeDigitalTwins.Test.TestBase..ctor()&#xD;
[xUnit.net 00:00:10.45]            at AgeDigitalTwins.Test.QueryTests..ctor()&#xD;
[xUnit.net 00:00:10.45]            at System.RuntimeType.CreateInstanceDefaultCtor(Boolean publicOnly, Boolean wrapExceptions)&#xD;
[xUnit.net 00:00:10.45]         ----- Inner Stack Trace -----&#xD;
[xUnit.net 00:00:10.45]         &#xD;
[xUnit.net 00:00:10.45]         ----- Inner Stack Trace -----&#xD;
[xUnit.net 00:00:10.45]            at Npgsql.Internal.NpgsqlConnector.ConnectAsync(NpgsqlTimeout timeout, CancellationToken cancellationToken)&#xD;
[xUnit.net 00:00:10.45]            at Npgsql.Internal.NpgsqlConnector.RawOpen(SslMode sslMode, NpgsqlTimeout timeout, Boolean async, CancellationToken cancellationToken)&#xD;
[xUnit.net 00:00:10.45]            at Npgsql.Internal.NpgsqlConnector.&lt;Open&gt;g__OpenCore|214_1(NpgsqlConnector conn, SslMode sslMode, NpgsqlTimeout timeout, Boolean async, CancellationToken cancellationToken)&#xD;
[xUnit.net 00:00:10.45]            at Npgsql.Internal.NpgsqlConnector.Open(NpgsqlTimeout timeout, Boolean async, CancellationToken cancellationToken)&#xD;
[xUnit.net 00:00:10.45]            at Npgsql.PoolingDataSource.OpenNewConnector(NpgsqlConnection conn, NpgsqlTimeout timeout, Boolean async, CancellationToken cancellationToken)&#xD;
[xUnit.net 00:00:10.45]            at Npgsql.NpgsqlMultiHostDataSource.TryGetIdleOrNew(NpgsqlConnection conn, TimeSpan timeoutPerHost, Boolean async, TargetSessionAttributes preferredType, Func`3 stateValidator, Int32 poolIndex, IList`1 exceptions, CancellationToken cancellationToken)&#xD;
[xUnit.net 00:00:10.45]         ----- Inner Stack Trace -----&#xD;
[xUnit.net 00:00:10.45]            at System.Net.Sockets.Socket.AwaitableSocketAsyncEventArgs.ThrowException(SocketError error, CancellationToken cancellationToken)&#xD;
[xUnit.net 00:00:10.45]            at System.Net.Sockets.Socket.AwaitableSocketAsyncEventArgs.System.Threading.Tasks.Sources.IValueTaskSource.GetResult(Int16 token)&#xD;
[xUnit.net 00:00:10.45]            at System.Net.Sockets.Socket.&lt;ConnectAsync&gt;g__WaitForConnectWithCancellation|285_0(AwaitableSocketAsyncEventArgs saea, ValueTask connectTask, CancellationToken cancellationToken)&#xD;
[xUnit.net 00:00:10.45]            at Npgsql.TaskTimeoutAndCancellation.ExecuteAsync(Func`2 getTaskFunc, NpgsqlTimeout timeout, CancellationToken cancellationToken)&#xD;
[xUnit.net 00:00:10.45]            at Npgsql.Internal.NpgsqlConnector.ConnectAsync(NpgsqlTimeout timeout, CancellationToken cancellationToken)&#xD;
[xUnit.net 00:00:10.45]       Npgsql.NpgsqlException : Unable to connect to a suitable host. Check inner exception for more details.&#xD;
[xUnit.net 00:00:10.45]       ---- System.AggregateException : One or more errors occurred. (Failed to connect to 127.0.0.1:5432)&#xD;
[xUnit.net 00:00:10.45]       -------- Npgsql.NpgsqlException : Failed to connect to 127.0.0.1:5432&#xD;
[xUnit.net 00:00:10.45]       ------------ System.Net.Sockets.SocketException : No connection could be made because the target machine actively refused it.&#xD;
[xUnit.net 00:00:10.45]       Stack Trace:&#xD;
[xUnit.net 00:00:10.45]            at Npgsql.NpgsqlMultiHostDataSource.Get(NpgsqlConnection conn, NpgsqlTimeout timeout, Boolean async, CancellationToken cancellationToken)&#xD;
[xUnit.net 00:00:10.45]            at Npgsql.NpgsqlConnection.&lt;Open&gt;g__OpenAsync|42_0(Boolean async, CancellationToken cancellationToken)&#xD;
[xUnit.net 00:00:10.45]            at Npgsql.NpgsqlDataSource.OpenConnectionAsync(CancellationToken cancellationToken)&#xD;
[xUnit.net 00:00:10.45]            at Npgsql.NpgsqlDataSource.OpenConnectionAsync(CancellationToken cancellationToken)&#xD;
[xUnit.net 00:00:10.45]         C:\Users\NRaes\Dev\pg-age-digitaltwins\src\AgeDigitalTwins\Jobs\JobService.cs(438,0): at AgeDigitalTwins.Jobs.JobService.InitializeSchemaAsync()&#xD;
[xUnit.net 00:00:10.45]         C:\Users\NRaes\Dev\pg-age-digitaltwins\src\AgeDigitalTwins\Jobs\JobService.cs(37,0): at AgeDigitalTwins.Jobs.JobService..ctor(NpgsqlMultiHostDataSource dataSource, String graphName, ILogger logger)&#xD;
[xUnit.net 00:00:10.45]         C:\Users\NRaes\Dev\pg-age-digitaltwins\src\AgeDigitalTwins\AgeDigitalTwinsClient.cs(61,0): at AgeDigitalTwins.AgeDigitalTwinsClient..ctor(NpgsqlMultiHostDataSource dataSource, AgeDigitalTwinsClientOptions options)&#xD;
[xUnit.net 00:00:10.45]         C:\Users\NRaes\Dev\pg-age-digitaltwins\src\AgeDigitalTwins.Test\TestBase.cs(29,0): at AgeDigitalTwins.Test.TestBase..ctor()&#xD;
[xUnit.net 00:00:10.45]         C:\Users\NRaes\Dev\pg-age-digitaltwins\src\AgeDigitalTwins.Test\JobServiceTests.cs(34,0): at AgeDigitalTwins.Test.ImportJobSystemTests..ctor(ITestOutputHelper output)&#xD;
[xUnit.net 00:00:10.45]            at InvokeStub_ImportJobSystemTests..ctor(Object, Span`1)&#xD;
[xUnit.net 00:00:10.45]            at System.Reflection.MethodBaseInvoker.InvokeWithOneArg(Object obj, BindingFlags invokeAttr, Binder binder, Object[] parameters, CultureInfo culture)&#xD;
[xUnit.net 00:00:10.45]         ----- Inner Stack Trace -----&#xD;
[xUnit.net 00:00:10.45]         &#xD;
[xUnit.net 00:00:10.45]         ----- Inner Stack Trace -----&#xD;
[xUnit.net 00:00:10.46]            at Npgsql.Internal.NpgsqlConnector.ConnectAsync(NpgsqlTimeout timeout, CancellationToken cancellationToken)&#xD;
[xUnit.net 00:00:10.46]            at Npgsql.Internal.NpgsqlConnector.RawOpen(SslMode sslMode, NpgsqlTimeout timeout, Boolean async, CancellationToken cancellationToken)&#xD;
[xUnit.net 00:00:10.46]            at Npgsql.Internal.NpgsqlConnector.&lt;Open&gt;g__OpenCore|214_1(NpgsqlConnector conn, SslMode sslMode, NpgsqlTimeout timeout, Boolean async, CancellationToken cancellationToken)&#xD;
[xUnit.net 00:00:10.46]            at Npgsql.Internal.NpgsqlConnector.Open(NpgsqlTimeout timeout, Boolean async, CancellationToken cancellationToken)&#xD;
[xUnit.net 00:00:10.46]            at Npgsql.PoolingDataSource.OpenNewConnector(NpgsqlConnection conn, NpgsqlTimeout timeout, Boolean async, CancellationToken cancellationToken)&#xD;
[xUnit.net 00:00:10.46]            at Npgsql.NpgsqlMultiHostDataSource.TryGetIdleOrNew(NpgsqlConnection conn, TimeSpan timeoutPerHost, Boolean async, TargetSessionAttributes preferredType, Func`3 stateValidator, Int32 poolIndex, IList`1 exceptions, CancellationToken cancellationToken)&#xD;
[xUnit.net 00:00:10.46]         ----- Inner Stack Trace -----&#xD;
[xUnit.net 00:00:10.46]            at System.Net.Sockets.Socket.AwaitableSocketAsyncEventArgs.ThrowException(SocketError error, CancellationToken cancellationToken)&#xD;
[xUnit.net 00:00:10.46]            at System.Net.Sockets.Socket.AwaitableSocketAsyncEventArgs.System.Threading.Tasks.Sources.IValueTaskSource.GetResult(Int16 token)&#xD;
[xUnit.net 00:00:10.46]            at System.Net.Sockets.Socket.&lt;ConnectAsync&gt;g__WaitForConnectWithCancellation|285_0(AwaitableSocketAsyncEventArgs saea, ValueTask connectTask, CancellationToken cancellationToken)&#xD;
[xUnit.net 00:00:10.46]            at Npgsql.TaskTimeoutAndCancellation.ExecuteAsync(Func`2 getTaskFunc, NpgsqlTimeout timeout, CancellationToken cancellationToken)&#xD;
[xUnit.net 00:00:10.46]            at Npgsql.Internal.NpgsqlConnector.ConnectAsync(NpgsqlTimeout timeout, CancellationToken cancellationToken)&#xD;
[xUnit.net 00:00:10.46]       Npgsql.NpgsqlException : Unable to connect to a suitable host. Check inner exception for more details.&#xD;
[xUnit.net 00:00:10.46]       ---- System.AggregateException : One or more errors occurred. (Failed to connect to 127.0.0.1:5432)&#xD;
[xUnit.net 00:00:10.46]       -------- Npgsql.NpgsqlException : Failed to connect to 127.0.0.1:5432&#xD;
[xUnit.net 00:00:10.46]       ------------ System.Net.Sockets.SocketException : No connection could be made because the target machine actively refused it.&#xD;
[xUnit.net 00:00:10.46]       Stack Trace:&#xD;
[xUnit.net 00:00:10.46]            at Npgsql.NpgsqlMultiHostDataSource.Get(NpgsqlConnection conn, NpgsqlTimeout timeout, Boolean async, CancellationToken cancellationToken)&#xD;
[xUnit.net 00:00:10.46]            at Npgsql.NpgsqlConnection.&lt;Open&gt;g__OpenAsync|42_0(Boolean async, CancellationToken cancellationToken)&#xD;
[xUnit.net 00:00:10.46]            at Npgsql.NpgsqlDataSource.OpenConnectionAsync(CancellationToken cancellationToken)&#xD;
[xUnit.net 00:00:10.46]            at Npgsql.NpgsqlDataSource.OpenConnectionAsync(CancellationToken cancellationToken)&#xD;
[xUnit.net 00:00:10.46]         C:\Users\NRaes\Dev\pg-age-digitaltwins\src\AgeDigitalTwins\Jobs\JobService.cs(438,0): at AgeDigitalTwins.Jobs.JobService.InitializeSchemaAsync()&#xD;
[xUnit.net 00:00:10.46]         C:\Users\NRaes\Dev\pg-age-digitaltwins\src\AgeDigitalTwins\Jobs\JobService.cs(37,0): at AgeDigitalTwins.Jobs.JobService..ctor(NpgsqlMultiHostDataSource dataSource, String graphName, ILogger logger)&#xD;
[xUnit.net 00:00:10.46]         C:\Users\NRaes\Dev\pg-age-digitaltwins\src\AgeDigitalTwins\AgeDigitalTwinsClient.cs(61,0): at AgeDigitalTwins.AgeDigitalTwinsClient..ctor(NpgsqlMultiHostDataSource dataSource, AgeDigitalTwinsClientOptions options)&#xD;
[xUnit.net 00:00:10.46]         C:\Users\NRaes\Dev\pg-age-digitaltwins\src\AgeDigitalTwins.Test\TestBase.cs(29,0): at AgeDigitalTwins.Test.TestBase..ctor()&#xD;
[xUnit.net 00:00:10.46]         C:\Users\NRaes\Dev\pg-age-digitaltwins\src\AgeDigitalTwins.Test\BatchRelationshipTests.cs(16,0): at AgeDigitalTwins.Test.BatchRelationshipTests..ctor(ITestOutputHelper output)&#xD;
[xUnit.net 00:00:10.46]            at InvokeStub_BatchRelationshipTests..ctor(Object, Span`1)&#xD;
[xUnit.net 00:00:10.46]            at System.Reflection.MethodBaseInvoker.InvokeWithOneArg(Object obj, BindingFlags invokeAttr, Binder binder, Object[] parameters, CultureInfo culture)&#xD;
[xUnit.net 00:00:10.46]         ----- Inner Stack Trace -----&#xD;
[xUnit.net 00:00:10.46]         &#xD;
[xUnit.net 00:00:10.46]         ----- Inner Stack Trace -----&#xD;
[xUnit.net 00:00:10.46]            at Npgsql.Internal.NpgsqlConnector.ConnectAsync(NpgsqlTimeout timeout, CancellationToken cancellationToken)&#xD;
[xUnit.net 00:00:10.46]            at Npgsql.Internal.NpgsqlConnector.RawOpen(SslMode sslMode, NpgsqlTimeout timeout, Boolean async, CancellationToken cancellationToken)&#xD;
[xUnit.net 00:00:10.46]            at Npgsql.Internal.NpgsqlConnector.&lt;Open&gt;g__OpenCore|214_1(NpgsqlConnector conn, SslMode sslMode, NpgsqlTimeout timeout, Boolean async, CancellationToken cancellationToken)&#xD;
[xUnit.net 00:00:10.46]            at Npgsql.Internal.NpgsqlConnector.Open(NpgsqlTimeout timeout, Boolean async, CancellationToken cancellationToken)&#xD;
[xUnit.net 00:00:10.46]            at Npgsql.PoolingDataSource.OpenNewConnector(NpgsqlConnection conn, NpgsqlTimeout timeout, Boolean async, CancellationToken cancellationToken)&#xD;
[xUnit.net 00:00:10.47]            at Npgsql.NpgsqlMultiHostDataSource.TryGetIdleOrNew(NpgsqlConnection conn, TimeSpan timeoutPerHost, Boolean async, TargetSessionAttributes preferredType, Func`3 stateValidator, Int32 poolIndex, IList`1 exceptions, CancellationToken cancellationToken)&#xD;
[xUnit.net 00:00:10.47]         ----- Inner Stack Trace -----&#xD;
[xUnit.net 00:00:10.47]            at System.Net.Sockets.Socket.AwaitableSocketAsyncEventArgs.ThrowException(SocketError error, CancellationToken cancellationToken)&#xD;
[xUnit.net 00:00:10.47]            at System.Net.Sockets.Socket.AwaitableSocketAsyncEventArgs.System.Threading.Tasks.Sources.IValueTaskSource.GetResult(Int16 token)&#xD;
[xUnit.net 00:00:10.47]            at System.Net.Sockets.Socket.&lt;ConnectAsync&gt;g__WaitForConnectWithCancellation|285_0(AwaitableSocketAsyncEventArgs saea, ValueTask connectTask, CancellationToken cancellationToken)&#xD;
[xUnit.net 00:00:10.47]            at Npgsql.TaskTimeoutAndCancellation.ExecuteAsync(Func`2 getTaskFunc, NpgsqlTimeout timeout, CancellationToken cancellationToken)&#xD;
[xUnit.net 00:00:10.47]            at Npgsql.Internal.NpgsqlConnector.ConnectAsync(NpgsqlTimeout timeout, CancellationToken cancellationToken)&#xD;
[xUnit.net 00:00:10.47]       Npgsql.NpgsqlException : Unable to connect to a suitable host. Check inner exception for more details.&#xD;
[xUnit.net 00:00:10.47]       ---- System.AggregateException : One or more errors occurred. (Failed to connect to 127.0.0.1:5432)&#xD;
[xUnit.net 00:00:10.47]       -------- Npgsql.NpgsqlException : Failed to connect to 127.0.0.1:5432&#xD;
[xUnit.net 00:00:10.47]       ------------ System.Net.Sockets.SocketException : No connection could be made because the target machine actively refused it.&#xD;
[xUnit.net 00:00:10.47]       Stack Trace:&#xD;
[xUnit.net 00:00:10.47]            at Npgsql.NpgsqlMultiHostDataSource.Get(NpgsqlConnection conn, NpgsqlTimeout timeout, Boolean async, CancellationToken cancellationToken)&#xD;
[xUnit.net 00:00:10.47]            at Npgsql.NpgsqlConnection.&lt;Open&gt;g__OpenAsync|42_0(Boolean async, CancellationToken cancellationToken)&#xD;
[xUnit.net 00:00:10.47]            at Npgsql.NpgsqlDataSource.OpenConnectionAsync(CancellationToken cancellationToken)&#xD;
[xUnit.net 00:00:10.47]            at Npgsql.NpgsqlDataSource.OpenConnectionAsync(CancellationToken cancellationToken)&#xD;
[xUnit.net 00:00:10.47]         C:\Users\NRaes\Dev\pg-age-digitaltwins\src\AgeDigitalTwins\Jobs\JobService.cs(438,0): at AgeDigitalTwins.Jobs.JobService.InitializeSchemaAsync()&#xD;
[xUnit.net 00:00:10.47]         C:\Users\NRaes\Dev\pg-age-digitaltwins\src\AgeDigitalTwins\Jobs\JobService.cs(37,0): at AgeDigitalTwins.Jobs.JobService..ctor(NpgsqlMultiHostDataSource dataSource, String graphName, ILogger logger)&#xD;
[xUnit.net 00:00:10.47]         C:\Users\NRaes\Dev\pg-age-digitaltwins\src\AgeDigitalTwins\AgeDigitalTwinsClient.cs(61,0): at AgeDigitalTwins.AgeDigitalTwinsClient..ctor(NpgsqlMultiHostDataSource dataSource, AgeDigitalTwinsClientOptions options)&#xD;
[xUnit.net 00:00:10.47]         C:\Users\NRaes\Dev\pg-age-digitaltwins\src\AgeDigitalTwins.Test\TestBase.cs(29,0): at AgeDigitalTwins.Test.TestBase..ctor()&#xD;
[xUnit.net 00:00:10.47]         C:\Users\NRaes\Dev\pg-age-digitaltwins\src\AgeDigitalTwins.Test\ImportJobTests.cs(16,0): at AgeDigitalTwins.Test.ImportJobTests..ctor(ITestOutputHelper output)&#xD;
[xUnit.net 00:00:10.47]            at InvokeStub_ImportJobTests..ctor(Object, Span`1)&#xD;
[xUnit.net 00:00:10.47]            at System.Reflection.MethodBaseInvoker.InvokeWithOneArg(Object obj, BindingFlags invokeAttr, Binder binder, Object[] parameters, CultureInfo culture)&#xD;
[xUnit.net 00:00:10.47]         ----- Inner Stack Trace -----&#xD;
[xUnit.net 00:00:10.47]         &#xD;
[xUnit.net 00:00:10.47]         ----- Inner Stack Trace -----&#xD;
[xUnit.net 00:00:10.47]            at Npgsql.Internal.NpgsqlConnector.ConnectAsync(NpgsqlTimeout timeout, CancellationToken cancellationToken)&#xD;
[xUnit.net 00:00:10.47]            at Npgsql.Internal.NpgsqlConnector.RawOpen(SslMode sslMode, NpgsqlTimeout timeout, Boolean async, CancellationToken cancellationToken)&#xD;
[xUnit.net 00:00:10.47]            at Npgsql.Internal.NpgsqlConnector.&lt;Open&gt;g__OpenCore|214_1(NpgsqlConnector conn, SslMode sslMode, NpgsqlTimeout timeout, Boolean async, CancellationToken cancellationToken)&#xD;
[xUnit.net 00:00:10.47]            at Npgsql.Internal.NpgsqlConnector.Open(NpgsqlTimeout timeout, Boolean async, CancellationToken cancellationToken)&#xD;
[xUnit.net 00:00:10.47]            at Npgsql.PoolingDataSource.OpenNewConnector(NpgsqlConnection conn, NpgsqlTimeout timeout, Boolean async, CancellationToken cancellationToken)&#xD;
[xUnit.net 00:00:10.47]            at Npgsql.NpgsqlMultiHostDataSource.TryGetIdleOrNew(NpgsqlConnection conn, TimeSpan timeoutPerHost, Boolean async, TargetSessionAttributes preferredType, Func`3 stateValidator, Int32 poolIndex, IList`1 exceptions, CancellationToken cancellationToken)&#xD;
[xUnit.net 00:00:10.47]         ----- Inner Stack Trace -----&#xD;
[xUnit.net 00:00:10.47]            at System.Net.Sockets.Socket.AwaitableSocketAsyncEventArgs.ThrowException(SocketError error, CancellationToken cancellationToken)&#xD;
[xUnit.net 00:00:10.47]            at System.Net.Sockets.Socket.AwaitableSocketAsyncEventArgs.System.Threading.Tasks.Sources.IValueTaskSource.GetResult(Int16 token)&#xD;
[xUnit.net 00:00:10.47]            at System.Net.Sockets.Socket.&lt;ConnectAsync&gt;g__WaitForConnectWithCancellation|285_0(AwaitableSocketAsyncEventArgs saea, ValueTask connectTask, CancellationToken cancellationToken)&#xD;
[xUnit.net 00:00:10.47]            at Npgsql.TaskTimeoutAndCancellation.ExecuteAsync(Func`2 getTaskFunc, NpgsqlTimeout timeout, CancellationToken cancellationToken)&#xD;
[xUnit.net 00:00:10.47]            at Npgsql.Internal.NpgsqlConnector.ConnectAsync(NpgsqlTimeout timeout, CancellationToken cancellationToken)&#xD;
[xUnit.net 00:00:10.47]       Npgsql.NpgsqlException : Unable to connect to a suitable host. Check inner exception for more details.&#xD;
[xUnit.net 00:00:10.47]       ---- System.AggregateException : One or more errors occurred. (Failed to connect to 127.0.0.1:5432)&#xD;
[xUnit.net 00:00:10.47]       -------- Npgsql.NpgsqlException : Failed to connect to 127.0.0.1:5432&#xD;
[xUnit.net 00:00:10.47]       ------------ System.Net.Sockets.SocketException : No connection could be made because the target machine actively refused it.&#xD;
[xUnit.net 00:00:10.47]       Stack Trace:&#xD;
[xUnit.net 00:00:10.47]            at Npgsql.NpgsqlMultiHostDataSource.Get(NpgsqlConnection conn, NpgsqlTimeout timeout, Boolean async, CancellationToken cancellationToken)&#xD;
[xUnit.net 00:00:10.47]            at Npgsql.NpgsqlConnection.&lt;Open&gt;g__OpenAsync|42_0(Boolean async, CancellationToken cancellationToken)&#xD;
[xUnit.net 00:00:10.47]            at Npgsql.NpgsqlDataSource.OpenConnectionAsync(CancellationToken cancellationToken)&#xD;
[xUnit.net 00:00:10.47]            at Npgsql.NpgsqlDataSource.OpenConnectionAsync(CancellationToken cancellationToken)&#xD;
[xUnit.net 00:00:10.47]         C:\Users\NRaes\Dev\pg-age-digitaltwins\src\AgeDigitalTwins\Jobs\JobService.cs(438,0): at AgeDigitalTwins.Jobs.JobService.InitializeSchemaAsync()&#xD;
[xUnit.net 00:00:10.47]         C:\Users\NRaes\Dev\pg-age-digitaltwins\src\AgeDigitalTwins\Jobs\JobService.cs(37,0): at AgeDigitalTwins.Jobs.JobService..ctor(NpgsqlMultiHostDataSource dataSource, String graphName, ILogger logger)&#xD;
[xUnit.net 00:00:10.47]         C:\Users\NRaes\Dev\pg-age-digitaltwins\src\AgeDigitalTwins\AgeDigitalTwinsClient.cs(61,0): at AgeDigitalTwins.AgeDigitalTwinsClient..ctor(NpgsqlMultiHostDataSource dataSource, AgeDigitalTwinsClientOptions options)&#xD;
[xUnit.net 00:00:10.47]         C:\Users\NRaes\Dev\pg-age-digitaltwins\src\AgeDigitalTwins.Test\TestBase.cs(29,0): at AgeDigitalTwins.Test.TestBase..ctor()&#xD;
[xUnit.net 00:00:10.47]            at AgeDigitalTwins.Test.ModelsTests..ctor()&#xD;
[xUnit.net 00:00:10.47]            at System.RuntimeType.CreateInstanceDefaultCtor(Boolean publicOnly, Boolean wrapExceptions)&#xD;
[xUnit.net 00:00:10.47]         ----- Inner Stack Trace -----&#xD;
[xUnit.net 00:00:10.47]         &#xD;
[xUnit.net 00:00:10.47]         ----- Inner Stack Trace -----&#xD;
[xUnit.net 00:00:10.47]            at Npgsql.Internal.NpgsqlConnector.ConnectAsync(NpgsqlTimeout timeout, CancellationToken cancellationToken)&#xD;
[xUnit.net 00:00:10.47]            at Npgsql.Internal.NpgsqlConnector.RawOpen(SslMode sslMode, NpgsqlTimeout timeout, Boolean async, CancellationToken cancellationToken)&#xD;
[xUnit.net 00:00:10.47]            at Npgsql.Internal.NpgsqlConnector.&lt;Open&gt;g__OpenCore|214_1(NpgsqlConnector conn, SslMode sslMode, NpgsqlTimeout timeout, Boolean async, CancellationToken cancellationToken)&#xD;
[xUnit.net 00:00:10.47]            at Npgsql.Internal.NpgsqlConnector.Open(NpgsqlTimeout timeout, Boolean async, CancellationToken cancellationToken)&#xD;
[xUnit.net 00:00:10.47]            at Npgsql.PoolingDataSource.OpenNewConnector(NpgsqlConnection conn, NpgsqlTimeout timeout, Boolean async, CancellationToken cancellationToken)&#xD;
[xUnit.net 00:00:10.47]            at Npgsql.NpgsqlMultiHostDataSource.TryGetIdleOrNew(NpgsqlConnection conn, TimeSpan timeoutPerHost, Boolean async, TargetSessionAttributes preferredType, Func`3 stateValidator, Int32 poolIndex, IList`1 exceptions, CancellationToken cancellationToken)&#xD;
[xUnit.net 00:00:10.47]         ----- Inner Stack Trace -----&#xD;
[xUnit.net 00:00:10.47]            at System.Net.Sockets.Socket.AwaitableSocketAsyncEventArgs.ThrowException(SocketError error, CancellationToken cancellationToken)&#xD;
[xUnit.net 00:00:10.47]            at System.Net.Sockets.Socket.AwaitableSocketAsyncEventArgs.System.Threading.Tasks.Sources.IValueTaskSource.GetResult(Int16 token)&#xD;
[xUnit.net 00:00:10.47]            at System.Net.Sockets.Socket.&lt;ConnectAsync&gt;g__WaitForConnectWithCancellation|285_0(AwaitableSocketAsyncEventArgs saea, ValueTask connectTask, CancellationToken cancellationToken)&#xD;
[xUnit.net 00:00:10.47]            at Npgsql.TaskTimeoutAndCancellation.ExecuteAsync(Func`2 getTaskFunc, NpgsqlTimeout timeout, CancellationToken cancellationToken)&#xD;
[xUnit.net 00:00:10.47]            at Npgsql.Internal.NpgsqlConnector.ConnectAsync(NpgsqlTimeout timeout, CancellationToken cancellationToken)&#xD;
[xUnit.net 00:00:14.52]       Npgsql.NpgsqlException : Unable to connect to a suitable host. Check inner exception for more details.&#xD;
[xUnit.net 00:00:14.52]       ---- System.AggregateException : One or more errors occurred. (Failed to connect to 127.0.0.1:5432)&#xD;
[xUnit.net 00:00:14.52]       -------- Npgsql.NpgsqlException : Failed to connect to 127.0.0.1:5432&#xD;
[xUnit.net 00:00:14.52]       ------------ System.Net.Sockets.SocketException : No connection could be made because the target machine actively refused it.&#xD;
[xUnit.net 00:00:14.52]       Stack Trace:&#xD;
[xUnit.net 00:00:14.52]            at Npgsql.NpgsqlMultiHostDataSource.Get(NpgsqlConnection conn, NpgsqlTimeout timeout, Boolean async, CancellationToken cancellationToken)&#xD;
[xUnit.net 00:00:14.52]            at Npgsql.NpgsqlConnection.&lt;Open&gt;g__OpenAsync|42_0(Boolean async, CancellationToken cancellationToken)&#xD;
[xUnit.net 00:00:14.52]            at Npgsql.NpgsqlDataSource.OpenConnectionAsync(CancellationToken cancellationToken)&#xD;
[xUnit.net 00:00:14.52]            at Npgsql.NpgsqlDataSource.OpenConnectionAsync(CancellationToken cancellationToken)&#xD;
[xUnit.net 00:00:14.52]         C:\Users\NRaes\Dev\pg-age-digitaltwins\src\AgeDigitalTwins\Jobs\JobService.cs(438,0): at AgeDigitalTwins.Jobs.JobService.InitializeSchemaAsync()&#xD;
[xUnit.net 00:00:14.52]         C:\Users\NRaes\Dev\pg-age-digitaltwins\src\AgeDigitalTwins\Jobs\JobService.cs(37,0): at AgeDigitalTwins.Jobs.JobService..ctor(NpgsqlMultiHostDataSource dataSource, String graphName, ILogger logger)&#xD;
[xUnit.net 00:00:14.52]         C:\Users\NRaes\Dev\pg-age-digitaltwins\src\AgeDigitalTwins\AgeDigitalTwinsClient.cs(61,0): at AgeDigitalTwins.AgeDigitalTwinsClient..ctor(NpgsqlMultiHostDataSource dataSource, AgeDigitalTwinsClientOptions options)&#xD;
[xUnit.net 00:00:14.52]         C:\Users\NRaes\Dev\pg-age-digitaltwins\src\AgeDigitalTwins.Test\TestBase.cs(29,0): at AgeDigitalTwins.Test.TestBase..ctor()&#xD;
[xUnit.net 00:00:14.52]         C:\Users\NRaes\Dev\pg-age-digitaltwins\src\AgeDigitalTwins.Test\BatchDigitalTwinTests.cs(17,0): at AgeDigitalTwins.Test.BatchDigitalTwinTests..ctor(ITestOutputHelper output)&#xD;
[xUnit.net 00:00:14.52]            at InvokeStub_BatchDigitalTwinTests..ctor(Object, Span`1)&#xD;
[xUnit.net 00:00:14.52]            at System.Reflection.MethodBaseInvoker.InvokeWithOneArg(Object obj, BindingFlags invokeAttr, Binder binder, Object[] parameters, CultureInfo culture)&#xD;
[xUnit.net 00:00:14.52]         ----- Inner Stack Trace -----&#xD;
[xUnit.net 00:00:14.52]         &#xD;
[xUnit.net 00:00:14.52]         ----- Inner Stack Trace -----&#xD;
[xUnit.net 00:00:14.52]            at Npgsql.Internal.NpgsqlConnector.ConnectAsync(NpgsqlTimeout timeout, CancellationToken cancellationToken)&#xD;
[xUnit.net 00:00:14.52]            at Npgsql.Internal.NpgsqlConnector.RawOpen(SslMode sslMode, NpgsqlTimeout timeout, Boolean async, CancellationToken cancellationToken)&#xD;
[xUnit.net 00:00:14.52]            at Npgsql.Internal.NpgsqlConnector.&lt;Open&gt;g__OpenCore|214_1(NpgsqlConnector conn, SslMode sslMode, NpgsqlTimeout timeout, Boolean async, CancellationToken cancellationToken)&#xD;
[xUnit.net 00:00:14.52]            at Npgsql.Internal.NpgsqlConnector.Open(NpgsqlTimeout timeout, Boolean async, CancellationToken cancellationToken)&#xD;
[xUnit.net 00:00:14.52]            at Npgsql.PoolingDataSource.OpenNewConnector(NpgsqlConnection conn, NpgsqlTimeout timeout, Boolean async, CancellationToken cancellationToken)&#xD;
[xUnit.net 00:00:14.52]            at Npgsql.NpgsqlMultiHostDataSource.TryGetIdleOrNew(NpgsqlConnection conn, TimeSpan timeoutPerHost, Boolean async, TargetSessionAttributes preferredType, Func`3 stateValidator, Int32 poolIndex, IList`1 exceptions, CancellationToken cancellationToken)&#xD;
[xUnit.net 00:00:14.52]         ----- Inner Stack Trace -----&#xD;
[xUnit.net 00:00:14.52]            at System.Net.Sockets.Socket.AwaitableSocketAsyncEventArgs.ThrowException(SocketError error, CancellationToken cancellationToken)&#xD;
[xUnit.net 00:00:14.52]            at System.Net.Sockets.Socket.AwaitableSocketAsyncEventArgs.System.Threading.Tasks.Sources.IValueTaskSource.GetResult(Int16 token)&#xD;
[xUnit.net 00:00:14.52]            at System.Net.Sockets.Socket.&lt;ConnectAsync&gt;g__WaitForConnectWithCancellation|285_0(AwaitableSocketAsyncEventArgs saea, ValueTask connectTask, CancellationToken cancellationToken)&#xD;
[xUnit.net 00:00:14.52]            at Npgsql.TaskTimeoutAndCancellation.ExecuteAsync(Func`2 getTaskFunc, NpgsqlTimeout timeout, CancellationToken cancellationToken)&#xD;
[xUnit.net 00:00:14.52]            at Npgsql.Internal.NpgsqlConnector.ConnectAsync(NpgsqlTimeout timeout, CancellationToken cancellationToken)&#xD;
[xUnit.net 00:00:14.52]       Npgsql.NpgsqlException : Unable to connect to a suitable host. Check inner exception for more details.&#xD;
[xUnit.net 00:00:14.52]       ---- System.AggregateException : One or more errors occurred. (Failed to connect to 127.0.0.1:5432)&#xD;
[xUnit.net 00:00:14.52]       -------- Npgsql.NpgsqlException : Failed to connect to 127.0.0.1:5432&#xD;
[xUnit.net 00:00:14.52]       ------------ System.Net.Sockets.SocketException : No connection could be made because the target machine actively refused it.&#xD;
[xUnit.net 00:00:14.52]       Stack Trace:&#xD;
[xUnit.net 00:00:14.52]            at Npgsql.NpgsqlMultiHostDataSource.Get(NpgsqlConnection conn, NpgsqlTimeout timeout, Boolean async, CancellationToken cancellationToken)&#xD;
[xUnit.net 00:00:14.52]            at Npgsql.NpgsqlConnection.&lt;Open&gt;g__OpenAsync|42_0(Boolean async, CancellationToken cancellationToken)&#xD;
[xUnit.net 00:00:14.52]            at Npgsql.NpgsqlDataSource.OpenConnectionAsync(CancellationToken cancellationToken)&#xD;
[xUnit.net 00:00:14.52]            at Npgsql.NpgsqlDataSource.OpenConnectionAsync(CancellationToken cancellationToken)&#xD;
[xUnit.net 00:00:14.52]         C:\Users\NRaes\Dev\pg-age-digitaltwins\src\AgeDigitalTwins\Jobs\JobService.cs(438,0): at AgeDigitalTwins.Jobs.JobService.InitializeSchemaAsync()&#xD;
[xUnit.net 00:00:14.52]         C:\Users\NRaes\Dev\pg-age-digitaltwins\src\AgeDigitalTwins\Jobs\JobService.cs(37,0): at AgeDigitalTwins.Jobs.JobService..ctor(NpgsqlMultiHostDataSource dataSource, String graphName, ILogger logger)&#xD;
[xUnit.net 00:00:14.52]         C:\Users\NRaes\Dev\pg-age-digitaltwins\src\AgeDigitalTwins\AgeDigitalTwinsClient.cs(61,0): at AgeDigitalTwins.AgeDigitalTwinsClient..ctor(NpgsqlMultiHostDataSource dataSource, AgeDigitalTwinsClientOptions options)&#xD;
[xUnit.net 00:00:14.52]         C:\Users\NRaes\Dev\pg-age-digitaltwins\src\AgeDigitalTwins.Test\TestBase.cs(29,0): at AgeDigitalTwins.Test.TestBase..ctor()&#xD;
[xUnit.net 00:00:14.52]         C:\Users\NRaes\Dev\pg-age-digitaltwins\src\AgeDigitalTwins.Test\DigitalTwinsTests.cs(16,0): at AgeDigitalTwins.Test.DigitalTwinsTests..ctor(ITestOutputHelper output)&#xD;
[xUnit.net 00:00:14.52]            at InvokeStub_DigitalTwinsTests..ctor(Object, Span`1)&#xD;
[xUnit.net 00:00:14.53]            at System.Reflection.MethodBaseInvoker.InvokeWithOneArg(Object obj, BindingFlags invokeAttr, Binder binder, Object[] parameters, CultureInfo culture)&#xD;
[xUnit.net 00:00:14.53]         ----- Inner Stack Trace -----&#xD;
[xUnit.net 00:00:14.53]         &#xD;
[xUnit.net 00:00:14.53]         ----- Inner Stack Trace -----&#xD;
[xUnit.net 00:00:14.53]            at Npgsql.Internal.NpgsqlConnector.ConnectAsync(NpgsqlTimeout timeout, CancellationToken cancellationToken)&#xD;
[xUnit.net 00:00:14.53]            at Npgsql.Internal.NpgsqlConnector.RawOpen(SslMode sslMode, NpgsqlTimeout timeout, Boolean async, CancellationToken cancellationToken)&#xD;
[xUnit.net 00:00:14.53]            at Npgsql.Internal.NpgsqlConnector.&lt;Open&gt;g__OpenCore|214_1(NpgsqlConnector conn, SslMode sslMode, NpgsqlTimeout timeout, Boolean async, CancellationToken cancellationToken)&#xD;
[xUnit.net 00:00:14.53]            at Npgsql.Internal.NpgsqlConnector.Open(NpgsqlTimeout timeout, Boolean async, CancellationToken cancellationToken)&#xD;
[xUnit.net 00:00:14.53]            at Npgsql.PoolingDataSource.OpenNewConnector(NpgsqlConnection conn, NpgsqlTimeout timeout, Boolean async, CancellationToken cancellationToken)&#xD;
[xUnit.net 00:00:14.53]            at Npgsql.NpgsqlMultiHostDataSource.TryGetIdleOrNew(NpgsqlConnection conn, TimeSpan timeoutPerHost, Boolean async, TargetSessionAttributes preferredType, Func`3 stateValidator, Int32 poolIndex, IList`1 exceptions, CancellationToken cancellationToken)&#xD;
[xUnit.net 00:00:14.53]         ----- Inner Stack Trace -----&#xD;
[xUnit.net 00:00:14.53]            at System.Net.Sockets.Socket.AwaitableSocketAsyncEventArgs.ThrowException(SocketError error, CancellationToken cancellationToken)&#xD;
[xUnit.net 00:00:14.53]            at System.Net.Sockets.Socket.AwaitableSocketAsyncEventArgs.System.Threading.Tasks.Sources.IValueTaskSource.GetResult(Int16 token)&#xD;
[xUnit.net 00:00:14.53]            at System.Net.Sockets.Socket.&lt;ConnectAsync&gt;g__WaitForConnectWithCancellation|285_0(AwaitableSocketAsyncEventArgs saea, ValueTask connectTask, CancellationToken cancellationToken)&#xD;
[xUnit.net 00:00:14.53]            at Npgsql.TaskTimeoutAndCancellation.ExecuteAsync(Func`2 getTaskFunc, NpgsqlTimeout timeout, CancellationToken cancellationToken)&#xD;
[xUnit.net 00:00:14.53]            at Npgsql.Internal.NpgsqlConnector.ConnectAsync(NpgsqlTimeout timeout, CancellationToken cancellationToken)&#xD;
[xUnit.net 00:00:14.53]       Npgsql.NpgsqlException : Unable to connect to a suitable host. Check inner exception for more details.&#xD;
[xUnit.net 00:00:14.53]       ---- System.AggregateException : One or more errors occurred. (Failed to connect to 127.0.0.1:5432)&#xD;
[xUnit.net 00:00:14.53]       -------- Npgsql.NpgsqlException : Failed to connect to 127.0.0.1:5432&#xD;
[xUnit.net 00:00:14.53]       ------------ System.Net.Sockets.SocketException : No connection could be made because the target machine actively refused it.&#xD;
[xUnit.net 00:00:14.53]       Stack Trace:&#xD;
[xUnit.net 00:00:14.53]            at Npgsql.NpgsqlMultiHostDataSource.Get(NpgsqlConnection conn, NpgsqlTimeout timeout, Boolean async, CancellationToken cancellationToken)&#xD;
[xUnit.net 00:00:14.53]            at Npgsql.NpgsqlConnection.&lt;Open&gt;g__OpenAsync|42_0(Boolean async, CancellationToken cancellationToken)&#xD;
[xUnit.net 00:00:14.53]            at Npgsql.NpgsqlDataSource.OpenConnectionAsync(CancellationToken cancellationToken)&#xD;
[xUnit.net 00:00:14.53]            at Npgsql.NpgsqlDataSource.OpenConnectionAsync(CancellationToken cancellationToken)&#xD;
[xUnit.net 00:00:14.53]         C:\Users\NRaes\Dev\pg-age-digitaltwins\src\AgeDigitalTwins\Jobs\JobService.cs(438,0): at AgeDigitalTwins.Jobs.JobService.InitializeSchemaAsync()&#xD;
[xUnit.net 00:00:14.53]         C:\Users\NRaes\Dev\pg-age-digitaltwins\src\AgeDigitalTwins\Jobs\JobService.cs(37,0): at AgeDigitalTwins.Jobs.JobService..ctor(NpgsqlMultiHostDataSource dataSource, String graphName, ILogger logger)&#xD;
[xUnit.net 00:00:14.53]         C:\Users\NRaes\Dev\pg-age-digitaltwins\src\AgeDigitalTwins\AgeDigitalTwinsClient.cs(61,0): at AgeDigitalTwins.AgeDigitalTwinsClient..ctor(NpgsqlMultiHostDataSource dataSource, AgeDigitalTwinsClientOptions options)&#xD;
[xUnit.net 00:00:14.53]         C:\Users\NRaes\Dev\pg-age-digitaltwins\src\AgeDigitalTwins.Test\TestBase.cs(29,0): at AgeDigitalTwins.Test.TestBase..ctor()&#xD;
[xUnit.net 00:00:14.53]         C:\Users\NRaes\Dev\pg-age-digitaltwins\src\AgeDigitalTwins.Test\BatchRelationshipTests.cs(16,0): at AgeDigitalTwins.Test.BatchRelationshipTests..ctor(ITestOutputHelper output)&#xD;
[xUnit.net 00:00:14.53]            at InvokeStub_BatchRelationshipTests..ctor(Object, Span`1)&#xD;
[xUnit.net 00:00:14.53]            at System.Reflection.MethodBaseInvoker.InvokeWithOneArg(Object obj, BindingFlags invokeAttr, Binder binder, Object[] parameters, CultureInfo culture)&#xD;
[xUnit.net 00:00:14.53]         ----- Inner Stack Trace -----&#xD;
[xUnit.net 00:00:14.53]         &#xD;
[xUnit.net 00:00:14.53]         ----- Inner Stack Trace -----&#xD;
[xUnit.net 00:00:14.53]            at Npgsql.Internal.NpgsqlConnector.ConnectAsync(NpgsqlTimeout timeout, CancellationToken cancellationToken)&#xD;
[xUnit.net 00:00:14.53]            at Npgsql.Internal.NpgsqlConnector.RawOpen(SslMode sslMode, NpgsqlTimeout timeout, Boolean async, CancellationToken cancellationToken)&#xD;
[xUnit.net 00:00:14.53]            at Npgsql.Internal.NpgsqlConnector.&lt;Open&gt;g__OpenCore|214_1(NpgsqlConnector conn, SslMode sslMode, NpgsqlTimeout timeout, Boolean async, CancellationToken cancellationToken)&#xD;
[xUnit.net 00:00:14.53]            at Npgsql.Internal.NpgsqlConnector.Open(NpgsqlTimeout timeout, Boolean async, CancellationToken cancellationToken)&#xD;
[xUnit.net 00:00:14.53]            at Npgsql.PoolingDataSource.OpenNewConnector(NpgsqlConnection conn, NpgsqlTimeout timeout, Boolean async, CancellationToken cancellationToken)&#xD;
[xUnit.net 00:00:14.53]            at Npgsql.NpgsqlMultiHostDataSource.TryGetIdleOrNew(NpgsqlConnection conn, TimeSpan timeoutPerHost, Boolean async, TargetSessionAttributes preferredType, Func`3 stateValidator, Int32 poolIndex, IList`1 exceptions, CancellationToken cancellationToken)&#xD;
[xUnit.net 00:00:14.53]         ----- Inner Stack Trace -----&#xD;
[xUnit.net 00:00:14.53]            at System.Net.Sockets.Socket.AwaitableSocketAsyncEventArgs.ThrowException(SocketError error, CancellationToken cancellationToken)&#xD;
[xUnit.net 00:00:14.53]            at System.Net.Sockets.Socket.AwaitableSocketAsyncEventArgs.System.Threading.Tasks.Sources.IValueTaskSource.GetResult(Int16 token)&#xD;
[xUnit.net 00:00:14.53]            at System.Net.Sockets.Socket.&lt;ConnectAsync&gt;g__WaitForConnectWithCancellation|285_0(AwaitableSocketAsyncEventArgs saea, ValueTask connectTask, CancellationToken cancellationToken)&#xD;
[xUnit.net 00:00:14.53]            at Npgsql.TaskTimeoutAndCancellation.ExecuteAsync(Func`2 getTaskFunc, NpgsqlTimeout timeout, CancellationToken cancellationToken)&#xD;
[xUnit.net 00:00:14.53]            at Npgsql.Internal.NpgsqlConnector.ConnectAsync(NpgsqlTimeout timeout, CancellationToken cancellationToken)&#xD;
[xUnit.net 00:00:14.53]       Npgsql.NpgsqlException : Unable to connect to a suitable host. Check inner exception for more details.&#xD;
[xUnit.net 00:00:14.53]       ---- System.AggregateException : One or more errors occurred. (Failed to connect to 127.0.0.1:5432)&#xD;
[xUnit.net 00:00:14.53]       -------- Npgsql.NpgsqlException : Failed to connect to 127.0.0.1:5432&#xD;
[xUnit.net 00:00:14.53]       ------------ System.Net.Sockets.SocketException : No connection could be made because the target machine actively refused it.&#xD;
[xUnit.net 00:00:14.53]       Stack Trace:&#xD;
[xUnit.net 00:00:14.53]            at Npgsql.NpgsqlMultiHostDataSource.Get(NpgsqlConnection conn, NpgsqlTimeout timeout, Boolean async, CancellationToken cancellationToken)&#xD;
[xUnit.net 00:00:14.53]            at Npgsql.NpgsqlConnection.&lt;Open&gt;g__OpenAsync|42_0(Boolean async, CancellationToken cancellationToken)&#xD;
[xUnit.net 00:00:14.53]            at Npgsql.NpgsqlDataSource.OpenConnectionAsync(CancellationToken cancellationToken)&#xD;
[xUnit.net 00:00:14.53]            at Npgsql.NpgsqlDataSource.OpenConnectionAsync(CancellationToken cancellationToken)&#xD;
[xUnit.net 00:00:14.53]         C:\Users\NRaes\Dev\pg-age-digitaltwins\src\AgeDigitalTwins\Jobs\JobService.cs(438,0): at AgeDigitalTwins.Jobs.JobService.InitializeSchemaAsync()&#xD;
[xUnit.net 00:00:14.53]         C:\Users\NRaes\Dev\pg-age-digitaltwins\src\AgeDigitalTwins\Jobs\JobService.cs(37,0): at AgeDigitalTwins.Jobs.JobService..ctor(NpgsqlMultiHostDataSource dataSource, String graphName, ILogger logger)&#xD;
[xUnit.net 00:00:14.53]         C:\Users\NRaes\Dev\pg-age-digitaltwins\src\AgeDigitalTwins\AgeDigitalTwinsClient.cs(61,0): at AgeDigitalTwins.AgeDigitalTwinsClient..ctor(NpgsqlMultiHostDataSource dataSource, AgeDigitalTwinsClientOptions options)&#xD;
[xUnit.net 00:00:14.53]         C:\Users\NRaes\Dev\pg-age-digitaltwins\src\AgeDigitalTwins.Test\TestBase.cs(29,0): at AgeDigitalTwins.Test.TestBase..ctor()&#xD;
[xUnit.net 00:00:14.53]            at AgeDigitalTwins.Test.ModelsTests..ctor()&#xD;
[xUnit.net 00:00:14.53]            at System.RuntimeType.CreateInstanceDefaultCtor(Boolean publicOnly, Boolean wrapExceptions)&#xD;
[xUnit.net 00:00:14.53]         ----- Inner Stack Trace -----&#xD;
[xUnit.net 00:00:14.53]         &#xD;
[xUnit.net 00:00:14.53]         ----- Inner Stack Trace -----&#xD;
[xUnit.net 00:00:14.53]            at Npgsql.Internal.NpgsqlConnector.ConnectAsync(NpgsqlTimeout timeout, CancellationToken cancellationToken)&#xD;
[xUnit.net 00:00:14.53]            at Npgsql.Internal.NpgsqlConnector.RawOpen(SslMode sslMode, NpgsqlTimeout timeout, Boolean async, CancellationToken cancellationToken)&#xD;
[xUnit.net 00:00:14.53]            at Npgsql.Internal.NpgsqlConnector.&lt;Open&gt;g__OpenCore|214_1(NpgsqlConnector conn, SslMode sslMode, NpgsqlTimeout timeout, Boolean async, CancellationToken cancellationToken)&#xD;
[xUnit.net 00:00:14.53]            at Npgsql.Internal.NpgsqlConnector.Open(NpgsqlTimeout timeout, Boolean async, CancellationToken cancellationToken)&#xD;
[xUnit.net 00:00:14.53]            at Npgsql.PoolingDataSource.OpenNewConnector(NpgsqlConnection conn, NpgsqlTimeout timeout, Boolean async, CancellationToken cancellationToken)&#xD;
[xUnit.net 00:00:14.53]            at Npgsql.NpgsqlMultiHostDataSource.TryGetIdleOrNew(NpgsqlConnection conn, TimeSpan timeoutPerHost, Boolean async, TargetSessionAttributes preferredType, Func`3 stateValidator, Int32 poolIndex, IList`1 exceptions, CancellationToken cancellationToken)&#xD;
[xUnit.net 00:00:14.53]         ----- Inner Stack Trace -----&#xD;
[xUnit.net 00:00:14.53]            at System.Net.Sockets.Socket.AwaitableSocketAsyncEventArgs.ThrowException(SocketError error, CancellationToken cancellationToken)&#xD;
[xUnit.net 00:00:14.53]            at System.Net.Sockets.Socket.AwaitableSocketAsyncEventArgs.System.Threading.Tasks.Sources.IValueTaskSource.GetResult(Int16 token)&#xD;
[xUnit.net 00:00:14.53]            at System.Net.Sockets.Socket.&lt;ConnectAsync&gt;g__WaitForConnectWithCancellation|285_0(AwaitableSocketAsyncEventArgs saea, ValueTask connectTask, CancellationToken cancellationToken)&#xD;
[xUnit.net 00:00:14.53]            at Npgsql.TaskTimeoutAndCancellation.ExecuteAsync(Func`2 getTaskFunc, NpgsqlTimeout timeout, CancellationToken cancellationToken)&#xD;
[xUnit.net 00:00:14.53]            at Npgsql.Internal.NpgsqlConnector.ConnectAsync(NpgsqlTimeout timeout, CancellationToken cancellationToken)&#xD;
[xUnit.net 00:00:14.54]       Npgsql.NpgsqlException : Unable to connect to a suitable host. Check inner exception for more details.&#xD;
[xUnit.net 00:00:14.54]       ---- System.AggregateException : One or more errors occurred. (Failed to connect to 127.0.0.1:5432)&#xD;
[xUnit.net 00:00:14.54]       -------- Npgsql.NpgsqlException : Failed to connect to 127.0.0.1:5432&#xD;
[xUnit.net 00:00:14.54]       ------------ System.Net.Sockets.SocketException : No connection could be made because the target machine actively refused it.&#xD;
[xUnit.net 00:00:14.54]       Stack Trace:&#xD;
[xUnit.net 00:00:14.54]            at Npgsql.NpgsqlMultiHostDataSource.Get(NpgsqlConnection conn, NpgsqlTimeout timeout, Boolean async, CancellationToken cancellationToken)&#xD;
[xUnit.net 00:00:14.54]            at Npgsql.NpgsqlConnection.&lt;Open&gt;g__OpenAsync|42_0(Boolean async, CancellationToken cancellationToken)&#xD;
[xUnit.net 00:00:14.54]            at Npgsql.NpgsqlDataSource.OpenConnectionAsync(CancellationToken cancellationToken)&#xD;
[xUnit.net 00:00:14.54]            at Npgsql.NpgsqlDataSource.OpenConnectionAsync(CancellationToken cancellationToken)&#xD;
[xUnit.net 00:00:14.54]         C:\Users\NRaes\Dev\pg-age-digitaltwins\src\AgeDigitalTwins\Jobs\JobService.cs(438,0): at AgeDigitalTwins.Jobs.JobService.InitializeSchemaAsync()&#xD;
[xUnit.net 00:00:14.54]         C:\Users\NRaes\Dev\pg-age-digitaltwins\src\AgeDigitalTwins\Jobs\JobService.cs(37,0): at AgeDigitalTwins.Jobs.JobService..ctor(NpgsqlMultiHostDataSource dataSource, String graphName, ILogger logger)&#xD;
[xUnit.net 00:00:14.54]         C:\Users\NRaes\Dev\pg-age-digitaltwins\src\AgeDigitalTwins\AgeDigitalTwinsClient.cs(61,0): at AgeDigitalTwins.AgeDigitalTwinsClient..ctor(NpgsqlMultiHostDataSource dataSource, AgeDigitalTwinsClientOptions options)&#xD;
[xUnit.net 00:00:14.54]         C:\Users\NRaes\Dev\pg-age-digitaltwins\src\AgeDigitalTwins.Test\TestBase.cs(29,0): at AgeDigitalTwins.Test.TestBase..ctor()&#xD;
[xUnit.net 00:00:14.54]            at AgeDigitalTwins.Test.QueryTests..ctor()&#xD;
[xUnit.net 00:00:14.54]            at System.RuntimeType.CreateInstanceDefaultCtor(Boolean publicOnly, Boolean wrapExceptions)&#xD;
[xUnit.net 00:00:14.54]         ----- Inner Stack Trace -----&#xD;
[xUnit.net 00:00:14.54]         &#xD;
[xUnit.net 00:00:14.54]         ----- Inner Stack Trace -----&#xD;
[xUnit.net 00:00:14.54]            at Npgsql.Internal.NpgsqlConnector.ConnectAsync(NpgsqlTimeout timeout, CancellationToken cancellationToken)&#xD;
[xUnit.net 00:00:14.54]            at Npgsql.Internal.NpgsqlConnector.RawOpen(SslMode sslMode, NpgsqlTimeout timeout, Boolean async, CancellationToken cancellationToken)&#xD;
[xUnit.net 00:00:14.54]            at Npgsql.Internal.NpgsqlConnector.&lt;Open&gt;g__OpenCore|214_1(NpgsqlConnector conn, SslMode sslMode, NpgsqlTimeout timeout, Boolean async, CancellationToken cancellationToken)&#xD;
[xUnit.net 00:00:14.54]            at Npgsql.Internal.NpgsqlConnector.Open(NpgsqlTimeout timeout, Boolean async, CancellationToken cancellationToken)&#xD;
[xUnit.net 00:00:14.54]            at Npgsql.PoolingDataSource.OpenNewConnector(NpgsqlConnection conn, NpgsqlTimeout timeout, Boolean async, CancellationToken cancellationToken)&#xD;
[xUnit.net 00:00:14.54]            at Npgsql.NpgsqlMultiHostDataSource.TryGetIdleOrNew(NpgsqlConnection conn, TimeSpan timeoutPerHost, Boolean async, TargetSessionAttributes preferredType, Func`3 stateValidator, Int32 poolIndex, IList`1 exceptions, CancellationToken cancellationToken)&#xD;
[xUnit.net 00:00:14.55]         ----- Inner Stack Trace -----&#xD;
[xUnit.net 00:00:14.55]            at System.Net.Sockets.Socket.AwaitableSocketAsyncEventArgs.ThrowException(SocketError error, CancellationToken cancellationToken)&#xD;
[xUnit.net 00:00:14.55]            at System.Net.Sockets.Socket.AwaitableSocketAsyncEventArgs.System.Threading.Tasks.Sources.IValueTaskSource.GetResult(Int16 token)&#xD;
[xUnit.net 00:00:14.55]            at System.Net.Sockets.Socket.&lt;ConnectAsync&gt;g__WaitForConnectWithCancellation|285_0(AwaitableSocketAsyncEventArgs saea, ValueTask connectTask, CancellationToken cancellationToken)&#xD;
[xUnit.net 00:00:14.55]            at Npgsql.TaskTimeoutAndCancellation.ExecuteAsync(Func`2 getTaskFunc, NpgsqlTimeout timeout, CancellationToken cancellationToken)&#xD;
[xUnit.net 00:00:14.55]            at Npgsql.Internal.NpgsqlConnector.ConnectAsync(NpgsqlTimeout timeout, CancellationToken cancellationToken)&#xD;
[xUnit.net 00:00:14.55]       Npgsql.NpgsqlException : Unable to connect to a suitable host. Check inner exception for more details.&#xD;
[xUnit.net 00:00:14.55]       ---- System.AggregateException : One or more errors occurred. (Failed to connect to 127.0.0.1:5432)&#xD;
[xUnit.net 00:00:14.55]       -------- Npgsql.NpgsqlException : Failed to connect to 127.0.0.1:5432&#xD;
[xUnit.net 00:00:14.55]       ------------ System.Net.Sockets.SocketException : No connection could be made because the target machine actively refused it.&#xD;
[xUnit.net 00:00:14.55]       Stack Trace:&#xD;
[xUnit.net 00:00:14.55]            at Npgsql.NpgsqlMultiHostDataSource.Get(NpgsqlConnection conn, NpgsqlTimeout timeout, Boolean async, CancellationToken cancellationToken)&#xD;
[xUnit.net 00:00:14.55]            at Npgsql.NpgsqlConnection.&lt;Open&gt;g__OpenAsync|42_0(Boolean async, CancellationToken cancellationToken)&#xD;
[xUnit.net 00:00:14.55]            at Npgsql.NpgsqlDataSource.OpenConnectionAsync(CancellationToken cancellationToken)&#xD;
[xUnit.net 00:00:14.55]            at Npgsql.NpgsqlDataSource.OpenConnectionAsync(CancellationToken cancellationToken)&#xD;
[xUnit.net 00:00:14.55]         C:\Users\NRaes\Dev\pg-age-digitaltwins\src\AgeDigitalTwins\Jobs\JobService.cs(438,0): at AgeDigitalTwins.Jobs.JobService.InitializeSchemaAsync()&#xD;
[xUnit.net 00:00:14.55]         C:\Users\NRaes\Dev\pg-age-digitaltwins\src\AgeDigitalTwins\Jobs\JobService.cs(37,0): at AgeDigitalTwins.Jobs.JobService..ctor(NpgsqlMultiHostDataSource dataSource, String graphName, ILogger logger)&#xD;
[xUnit.net 00:00:14.55]         C:\Users\NRaes\Dev\pg-age-digitaltwins\src\AgeDigitalTwins\AgeDigitalTwinsClient.cs(61,0): at AgeDigitalTwins.AgeDigitalTwinsClient..ctor(NpgsqlMultiHostDataSource dataSource, AgeDigitalTwinsClientOptions options)&#xD;
[xUnit.net 00:00:14.55]         C:\Users\NRaes\Dev\pg-age-digitaltwins\src\AgeDigitalTwins.Test\TestBase.cs(29,0): at AgeDigitalTwins.Test.TestBase..ctor()&#xD;
[xUnit.net 00:00:14.55]            at AgeDigitalTwins.Test.DistributedLockingTests..ctor()&#xD;
[xUnit.net 00:00:14.55]            at System.RuntimeType.CreateInstanceDefaultCtor(Boolean publicOnly, Boolean wrapExceptions)&#xD;
[xUnit.net 00:00:14.55]         ----- Inner Stack Trace -----&#xD;
[xUnit.net 00:00:14.55]         &#xD;
[xUnit.net 00:00:14.55]         ----- Inner Stack Trace -----&#xD;
[xUnit.net 00:00:14.55]            at Npgsql.Internal.NpgsqlConnector.ConnectAsync(NpgsqlTimeout timeout, CancellationToken cancellationToken)&#xD;
[xUnit.net 00:00:14.55]            at Npgsql.Internal.NpgsqlConnector.RawOpen(SslMode sslMode, NpgsqlTimeout timeout, Boolean async, CancellationToken cancellationToken)&#xD;
[xUnit.net 00:00:14.55]            at Npgsql.Internal.NpgsqlConnector.&lt;Open&gt;g__OpenCore|214_1(NpgsqlConnector conn, SslMode sslMode, NpgsqlTimeout timeout, Boolean async, CancellationToken cancellationToken)&#xD;
[xUnit.net 00:00:14.55]            at Npgsql.Internal.NpgsqlConnector.Open(NpgsqlTimeout timeout, Boolean async, CancellationToken cancellationToken)&#xD;
[xUnit.net 00:00:14.55]            at Npgsql.PoolingDataSource.OpenNewConnector(NpgsqlConnection conn, NpgsqlTimeout timeout, Boolean async, CancellationToken cancellationToken)&#xD;
[xUnit.net 00:00:14.55]            at Npgsql.NpgsqlMultiHostDataSource.TryGetIdleOrNew(NpgsqlConnection conn, TimeSpan timeoutPerHost, Boolean async, TargetSessionAttributes preferredType, Func`3 stateValidator, Int32 poolIndex, IList`1 exceptions, CancellationToken cancellationToken)&#xD;
[xUnit.net 00:00:14.55]         ----- Inner Stack Trace -----&#xD;
[xUnit.net 00:00:14.55]            at System.Net.Sockets.Socket.AwaitableSocketAsyncEventArgs.ThrowException(SocketError error, CancellationToken cancellationToken)&#xD;
[xUnit.net 00:00:14.55]            at System.Net.Sockets.Socket.AwaitableSocketAsyncEventArgs.System.Threading.Tasks.Sources.IValueTaskSource.GetResult(Int16 token)&#xD;
[xUnit.net 00:00:14.55]            at System.Net.Sockets.Socket.&lt;ConnectAsync&gt;g__WaitForConnectWithCancellation|285_0(AwaitableSocketAsyncEventArgs saea, ValueTask connectTask, CancellationToken cancellationToken)&#xD;
[xUnit.net 00:00:14.55]            at Npgsql.TaskTimeoutAndCancellation.ExecuteAsync(Func`2 getTaskFunc, NpgsqlTimeout timeout, CancellationToken cancellationToken)&#xD;
[xUnit.net 00:00:14.55]            at Npgsql.Internal.NpgsqlConnector.ConnectAsync(NpgsqlTimeout timeout, CancellationToken cancellationToken)&#xD;
[xUnit.net 00:00:14.55]       Npgsql.NpgsqlException : Unable to connect to a suitable host. Check inner exception for more details.&#xD;
[xUnit.net 00:00:14.55]       ---- System.AggregateException : One or more errors occurred. (Failed to connect to 127.0.0.1:5432)&#xD;
[xUnit.net 00:00:14.55]       -------- Npgsql.NpgsqlException : Failed to connect to 127.0.0.1:5432&#xD;
[xUnit.net 00:00:14.55]       ------------ System.Net.Sockets.SocketException : No connection could be made because the target machine actively refused it.&#xD;
[xUnit.net 00:00:14.55]       Stack Trace:&#xD;
[xUnit.net 00:00:14.55]            at Npgsql.NpgsqlMultiHostDataSource.Get(NpgsqlConnection conn, NpgsqlTimeout timeout, Boolean async, CancellationToken cancellationToken)&#xD;
[xUnit.net 00:00:14.55]            at Npgsql.NpgsqlConnection.&lt;Open&gt;g__OpenAsync|42_0(Boolean async, CancellationToken cancellationToken)&#xD;
[xUnit.net 00:00:14.55]            at Npgsql.NpgsqlDataSource.OpenConnectionAsync(CancellationToken cancellationToken)&#xD;
[xUnit.net 00:00:14.55]            at Npgsql.NpgsqlDataSource.OpenConnectionAsync(CancellationToken cancellationToken)&#xD;
[xUnit.net 00:00:14.55]         C:\Users\NRaes\Dev\pg-age-digitaltwins\src\AgeDigitalTwins\Jobs\JobService.cs(438,0): at AgeDigitalTwins.Jobs.JobService.InitializeSchemaAsync()&#xD;
[xUnit.net 00:00:14.55]         C:\Users\NRaes\Dev\pg-age-digitaltwins\src\AgeDigitalTwins\Jobs\JobService.cs(37,0): at AgeDigitalTwins.Jobs.JobService..ctor(NpgsqlMultiHostDataSource dataSource, String graphName, ILogger logger)&#xD;
[xUnit.net 00:00:14.55]         C:\Users\NRaes\Dev\pg-age-digitaltwins\src\AgeDigitalTwins\AgeDigitalTwinsClient.cs(61,0): at AgeDigitalTwins.AgeDigitalTwinsClient..ctor(NpgsqlMultiHostDataSource dataSource, AgeDigitalTwinsClientOptions options)&#xD;
[xUnit.net 00:00:14.55]         C:\Users\NRaes\Dev\pg-age-digitaltwins\src\AgeDigitalTwins.Test\TestBase.cs(29,0): at AgeDigitalTwins.Test.TestBase..ctor()&#xD;
[xUnit.net 00:00:14.55]         C:\Users\NRaes\Dev\pg-age-digitaltwins\src\AgeDigitalTwins.Test\JobServiceTests.cs(34,0): at AgeDigitalTwins.Test.ImportJobSystemTests..ctor(ITestOutputHelper output)&#xD;
[xUnit.net 00:00:14.55]            at InvokeStub_ImportJobSystemTests..ctor(Object, Span`1)&#xD;
[xUnit.net 00:00:14.55]            at System.Reflection.MethodBaseInvoker.InvokeWithOneArg(Object obj, BindingFlags invokeAttr, Binder binder, Object[] parameters, CultureInfo culture)&#xD;
[xUnit.net 00:00:14.55]         ----- Inner Stack Trace -----&#xD;
[xUnit.net 00:00:14.55]         &#xD;
[xUnit.net 00:00:14.55]         ----- Inner Stack Trace -----&#xD;
[xUnit.net 00:00:14.55]            at Npgsql.Internal.NpgsqlConnector.ConnectAsync(NpgsqlTimeout timeout, CancellationToken cancellationToken)&#xD;
[xUnit.net 00:00:14.55]            at Npgsql.Internal.NpgsqlConnector.RawOpen(SslMode sslMode, NpgsqlTimeout timeout, Boolean async, CancellationToken cancellationToken)&#xD;
[xUnit.net 00:00:14.55]            at Npgsql.Internal.NpgsqlConnector.&lt;Open&gt;g__OpenCore|214_1(NpgsqlConnector conn, SslMode sslMode, NpgsqlTimeout timeout, Boolean async, CancellationToken cancellationToken)&#xD;
[xUnit.net 00:00:14.55]            at Npgsql.Internal.NpgsqlConnector.Open(NpgsqlTimeout timeout, Boolean async, CancellationToken cancellationToken)&#xD;
[xUnit.net 00:00:14.55]            at Npgsql.PoolingDataSource.OpenNewConnector(NpgsqlConnection conn, NpgsqlTimeout timeout, Boolean async, CancellationToken cancellationToken)&#xD;
[xUnit.net 00:00:14.55]            at Npgsql.NpgsqlMultiHostDataSource.TryGetIdleOrNew(NpgsqlConnection conn, TimeSpan timeoutPerHost, Boolean async, TargetSessionAttributes preferredType, Func`3 stateValidator, Int32 poolIndex, IList`1 exceptions, CancellationToken cancellationToken)&#xD;
[xUnit.net 00:00:14.55]         ----- Inner Stack Trace -----&#xD;
[xUnit.net 00:00:14.55]            at System.Net.Sockets.Socket.AwaitableSocketAsyncEventArgs.ThrowException(SocketError error, CancellationToken cancellationToken)&#xD;
[xUnit.net 00:00:14.55]            at System.Net.Sockets.Socket.AwaitableSocketAsyncEventArgs.System.Threading.Tasks.Sources.IValueTaskSource.GetResult(Int16 token)&#xD;
[xUnit.net 00:00:14.55]            at System.Net.Sockets.Socket.&lt;ConnectAsync&gt;g__WaitForConnectWithCancellation|285_0(AwaitableSocketAsyncEventArgs saea, ValueTask connectTask, CancellationToken cancellationToken)&#xD;
[xUnit.net 00:00:14.55]            at Npgsql.TaskTimeoutAndCancellation.ExecuteAsync(Func`2 getTaskFunc, NpgsqlTimeout timeout, CancellationToken cancellationToken)&#xD;
[xUnit.net 00:00:14.55]            at Npgsql.Internal.NpgsqlConnector.ConnectAsync(NpgsqlTimeout timeout, CancellationToken cancellationToken)&#xD;
[xUnit.net 00:00:14.55]       Npgsql.NpgsqlException : Unable to connect to a suitable host. Check inner exception for more details.&#xD;
[xUnit.net 00:00:14.55]       ---- System.AggregateException : One or more errors occurred. (Failed to connect to 127.0.0.1:5432)&#xD;
[xUnit.net 00:00:14.55]       -------- Npgsql.NpgsqlException : Failed to connect to 127.0.0.1:5432&#xD;
[xUnit.net 00:00:14.55]       ------------ System.Net.Sockets.SocketException : No connection could be made because the target machine actively refused it.&#xD;
[xUnit.net 00:00:14.55]       Stack Trace:&#xD;
[xUnit.net 00:00:14.55]            at Npgsql.NpgsqlMultiHostDataSource.Get(NpgsqlConnection conn, NpgsqlTimeout timeout, Boolean async, CancellationToken cancellationToken)&#xD;
[xUnit.net 00:00:14.55]            at Npgsql.NpgsqlConnection.&lt;Open&gt;g__OpenAsync|42_0(Boolean async, CancellationToken cancellationToken)&#xD;
[xUnit.net 00:00:14.55]            at Npgsql.NpgsqlDataSource.OpenConnectionAsync(CancellationToken cancellationToken)&#xD;
[xUnit.net 00:00:14.55]            at Npgsql.NpgsqlDataSource.OpenConnectionAsync(CancellationToken cancellationToken)&#xD;
[xUnit.net 00:00:14.55]         C:\Users\NRaes\Dev\pg-age-digitaltwins\src\AgeDigitalTwins\Jobs\JobService.cs(438,0): at AgeDigitalTwins.Jobs.JobService.InitializeSchemaAsync()&#xD;
[xUnit.net 00:00:14.55]         C:\Users\NRaes\Dev\pg-age-digitaltwins\src\AgeDigitalTwins\Jobs\JobService.cs(37,0): at AgeDigitalTwins.Jobs.JobService..ctor(NpgsqlMultiHostDataSource dataSource, String graphName, ILogger logger)&#xD;
[xUnit.net 00:00:14.55]         C:\Users\NRaes\Dev\pg-age-digitaltwins\src\AgeDigitalTwins\AgeDigitalTwinsClient.cs(61,0): at AgeDigitalTwins.AgeDigitalTwinsClient..ctor(NpgsqlMultiHostDataSource dataSource, AgeDigitalTwinsClientOptions options)&#xD;
[xUnit.net 00:00:14.55]         C:\Users\NRaes\Dev\pg-age-digitaltwins\src\AgeDigitalTwins.Test\TestBase.cs(29,0): at AgeDigitalTwins.Test.TestBase..ctor()&#xD;
[xUnit.net 00:00:14.55]         C:\Users\NRaes\Dev\pg-age-digitaltwins\src\AgeDigitalTwins.Test\ImportJobTests.cs(16,0): at AgeDigitalTwins.Test.ImportJobTests..ctor(ITestOutputHelper output)&#xD;
[xUnit.net 00:00:14.55]            at InvokeStub_ImportJobTests..ctor(Object, Span`1)&#xD;
[xUnit.net 00:00:14.56]            at System.Reflection.MethodBaseInvoker.InvokeWithOneArg(Object obj, BindingFlags invokeAttr, Binder binder, Object[] parameters, CultureInfo culture)&#xD;
[xUnit.net 00:00:14.56]         ----- Inner Stack Trace -----&#xD;
[xUnit.net 00:00:14.56]         &#xD;
[xUnit.net 00:00:14.56]         ----- Inner Stack Trace -----&#xD;
[xUnit.net 00:00:14.56]            at Npgsql.Internal.NpgsqlConnector.ConnectAsync(NpgsqlTimeout timeout, CancellationToken cancellationToken)&#xD;
[xUnit.net 00:00:14.56]            at Npgsql.Internal.NpgsqlConnector.RawOpen(SslMode sslMode, NpgsqlTimeout timeout, Boolean async, CancellationToken cancellationToken)&#xD;
[xUnit.net 00:00:14.56]            at Npgsql.Internal.NpgsqlConnector.&lt;Open&gt;g__OpenCore|214_1(NpgsqlConnector conn, SslMode sslMode, NpgsqlTimeout timeout, Boolean async, CancellationToken cancellationToken)&#xD;
[xUnit.net 00:00:14.56]            at Npgsql.Internal.NpgsqlConnector.Open(NpgsqlTimeout timeout, Boolean async, CancellationToken cancellationToken)&#xD;
[xUnit.net 00:00:14.56]            at Npgsql.PoolingDataSource.OpenNewConnector(NpgsqlConnection conn, NpgsqlTimeout timeout, Boolean async, CancellationToken cancellationToken)&#xD;
[xUnit.net 00:00:14.56]            at Npgsql.NpgsqlMultiHostDataSource.TryGetIdleOrNew(NpgsqlConnection conn, TimeSpan timeoutPerHost, Boolean async, TargetSessionAttributes preferredType, Func`3 stateValidator, Int32 poolIndex, IList`1 exceptions, CancellationToken cancellationToken)&#xD;
[xUnit.net 00:00:14.56]         ----- Inner Stack Trace -----&#xD;
[xUnit.net 00:00:14.56]            at System.Net.Sockets.Socket.AwaitableSocketAsyncEventArgs.ThrowException(SocketError error, CancellationToken cancellationToken)&#xD;
[xUnit.net 00:00:14.56]            at System.Net.Sockets.Socket.AwaitableSocketAsyncEventArgs.System.Threading.Tasks.Sources.IValueTaskSource.GetResult(Int16 token)&#xD;
[xUnit.net 00:00:14.56]            at System.Net.Sockets.Socket.&lt;ConnectAsync&gt;g__WaitForConnectWithCancellation|285_0(AwaitableSocketAsyncEventArgs saea, ValueTask connectTask, CancellationToken cancellationToken)&#xD;
[xUnit.net 00:00:14.56]            at Npgsql.TaskTimeoutAndCancellation.ExecuteAsync(Func`2 getTaskFunc, NpgsqlTimeout timeout, CancellationToken cancellationToken)&#xD;
[xUnit.net 00:00:14.56]            at Npgsql.Internal.NpgsqlConnector.ConnectAsync(NpgsqlTimeout timeout, CancellationToken cancellationToken)&#xD;
[xUnit.net 00:00:14.56]       Npgsql.NpgsqlException : Unable to connect to a suitable host. Check inner exception for more details.&#xD;
[xUnit.net 00:00:14.56]       ---- System.AggregateException : One or more errors occurred. (Failed to connect to 127.0.0.1:5432)&#xD;
[xUnit.net 00:00:14.56]       -------- Npgsql.NpgsqlException : Failed to connect to 127.0.0.1:5432&#xD;
[xUnit.net 00:00:14.56]       ------------ System.Net.Sockets.SocketException : No connection could be made because the target machine actively refused it.&#xD;
[xUnit.net 00:00:14.56]       Stack Trace:&#xD;
[xUnit.net 00:00:14.56]            at Npgsql.NpgsqlMultiHostDataSource.Get(NpgsqlConnection conn, NpgsqlTimeout timeout, Boolean async, CancellationToken cancellationToken)&#xD;
[xUnit.net 00:00:14.56]            at Npgsql.NpgsqlConnection.&lt;Open&gt;g__OpenAsync|42_0(Boolean async, CancellationToken cancellationToken)&#xD;
[xUnit.net 00:00:14.56]            at Npgsql.NpgsqlDataSource.OpenConnectionAsync(CancellationToken cancellationToken)&#xD;
[xUnit.net 00:00:14.56]            at Npgsql.NpgsqlDataSource.OpenConnectionAsync(CancellationToken cancellationToken)&#xD;
[xUnit.net 00:00:14.56]         C:\Users\NRaes\Dev\pg-age-digitaltwins\src\AgeDigitalTwins\Jobs\JobService.cs(438,0): at AgeDigitalTwins.Jobs.JobService.InitializeSchemaAsync()&#xD;
[xUnit.net 00:00:14.56]         C:\Users\NRaes\Dev\pg-age-digitaltwins\src\AgeDigitalTwins\Jobs\JobService.cs(37,0): at AgeDigitalTwins.Jobs.JobService..ctor(NpgsqlMultiHostDataSource dataSource, String graphName, ILogger logger)&#xD;
[xUnit.net 00:00:14.56]         C:\Users\NRaes\Dev\pg-age-digitaltwins\src\AgeDigitalTwins\AgeDigitalTwinsClient.cs(61,0): at AgeDigitalTwins.AgeDigitalTwinsClient..ctor(NpgsqlMultiHostDataSource dataSource, AgeDigitalTwinsClientOptions options)&#xD;
[xUnit.net 00:00:14.56]         C:\Users\NRaes\Dev\pg-age-digitaltwins\src\AgeDigitalTwins.Test\TestBase.cs(29,0): at AgeDigitalTwins.Test.TestBase..ctor()&#xD;
[xUnit.net 00:00:14.56]            at AgeDigitalTwins.Test.RelationshipTests..ctor()&#xD;
[xUnit.net 00:00:14.56]            at System.RuntimeType.CreateInstanceDefaultCtor(Boolean publicOnly, Boolean wrapExceptions)&#xD;
[xUnit.net 00:00:14.56]         ----- Inner Stack Trace -----&#xD;
[xUnit.net 00:00:14.56]         &#xD;
[xUnit.net 00:00:14.56]         ----- Inner Stack Trace -----&#xD;
[xUnit.net 00:00:14.56]            at Npgsql.Internal.NpgsqlConnector.ConnectAsync(NpgsqlTimeout timeout, CancellationToken cancellationToken)&#xD;
[xUnit.net 00:00:14.56]            at Npgsql.Internal.NpgsqlConnector.RawOpen(SslMode sslMode, NpgsqlTimeout timeout, Boolean async, CancellationToken cancellationToken)&#xD;
[xUnit.net 00:00:14.56]            at Npgsql.Internal.NpgsqlConnector.&lt;Open&gt;g__OpenCore|214_1(NpgsqlConnector conn, SslMode sslMode, NpgsqlTimeout timeout, Boolean async, CancellationToken cancellationToken)&#xD;
[xUnit.net 00:00:14.56]            at Npgsql.Internal.NpgsqlConnector.Open(NpgsqlTimeout timeout, Boolean async, CancellationToken cancellationToken)&#xD;
[xUnit.net 00:00:14.56]            at Npgsql.PoolingDataSource.OpenNewConnector(NpgsqlConnection conn, NpgsqlTimeout timeout, Boolean async, CancellationToken cancellationToken)&#xD;
[xUnit.net 00:00:14.56]            at Npgsql.NpgsqlMultiHostDataSource.TryGetIdleOrNew(NpgsqlConnection conn, TimeSpan timeoutPerHost, Boolean async, TargetSessionAttributes preferredType, Func`3 stateValidator, Int32 poolIndex, IList`1 exceptions, CancellationToken cancellationToken)&#xD;
[xUnit.net 00:00:14.56]         ----- Inner Stack Trace -----&#xD;
[xUnit.net 00:00:14.56]            at System.Net.Sockets.Socket.AwaitableSocketAsyncEventArgs.ThrowException(SocketError error, CancellationToken cancellationToken)&#xD;
[xUnit.net 00:00:14.56]            at System.Net.Sockets.Socket.AwaitableSocketAsyncEventArgs.System.Threading.Tasks.Sources.IValueTaskSource.GetResult(Int16 token)&#xD;
[xUnit.net 00:00:14.56]            at System.Net.Sockets.Socket.&lt;ConnectAsync&gt;g__WaitForConnectWithCancellation|285_0(AwaitableSocketAsyncEventArgs saea, ValueTask connectTask, CancellationToken cancellationToken)&#xD;
[xUnit.net 00:00:14.56]            at Npgsql.TaskTimeoutAndCancellation.ExecuteAsync(Func`2 getTaskFunc, NpgsqlTimeout timeout, CancellationToken cancellationToken)&#xD;
[xUnit.net 00:00:14.56]            at Npgsql.Internal.NpgsqlConnector.ConnectAsync(NpgsqlTimeout timeout, CancellationToken cancellationToken)&#xD;
[xUnit.net 00:00:18.60]       Npgsql.NpgsqlException : Unable to connect to a suitable host. Check inner exception for more details.&#xD;
[xUnit.net 00:00:18.60]       ---- System.AggregateException : One or more errors occurred. (Failed to connect to 127.0.0.1:5432)&#xD;
[xUnit.net 00:00:18.60]       -------- Npgsql.NpgsqlException : Failed to connect to 127.0.0.1:5432&#xD;
[xUnit.net 00:00:18.60]       ------------ System.Net.Sockets.SocketException : No connection could be made because the target machine actively refused it.&#xD;
[xUnit.net 00:00:18.60]       Stack Trace:&#xD;
[xUnit.net 00:00:18.60]            at Npgsql.NpgsqlMultiHostDataSource.Get(NpgsqlConnection conn, NpgsqlTimeout timeout, Boolean async, CancellationToken cancellationToken)&#xD;
[xUnit.net 00:00:18.60]            at Npgsql.NpgsqlConnection.&lt;Open&gt;g__OpenAsync|42_0(Boolean async, CancellationToken cancellationToken)&#xD;
[xUnit.net 00:00:18.60]            at Npgsql.NpgsqlDataSource.OpenConnectionAsync(CancellationToken cancellationToken)&#xD;
[xUnit.net 00:00:18.60]            at Npgsql.NpgsqlDataSource.OpenConnectionAsync(CancellationToken cancellationToken)&#xD;
[xUnit.net 00:00:18.60]         C:\Users\NRaes\Dev\pg-age-digitaltwins\src\AgeDigitalTwins\Jobs\JobService.cs(438,0): at AgeDigitalTwins.Jobs.JobService.InitializeSchemaAsync()&#xD;
[xUnit.net 00:00:18.60]         C:\Users\NRaes\Dev\pg-age-digitaltwins\src\AgeDigitalTwins\Jobs\JobService.cs(37,0): at AgeDigitalTwins.Jobs.JobService..ctor(NpgsqlMultiHostDataSource dataSource, String graphName, ILogger logger)&#xD;
[xUnit.net 00:00:18.60]         C:\Users\NRaes\Dev\pg-age-digitaltwins\src\AgeDigitalTwins\AgeDigitalTwinsClient.cs(61,0): at AgeDigitalTwins.AgeDigitalTwinsClient..ctor(NpgsqlMultiHostDataSource dataSource, AgeDigitalTwinsClientOptions options)&#xD;
[xUnit.net 00:00:18.60]         C:\Users\NRaes\Dev\pg-age-digitaltwins\src\AgeDigitalTwins.Test\TestBase.cs(29,0): at AgeDigitalTwins.Test.TestBase..ctor()&#xD;
[xUnit.net 00:00:18.60]         C:\Users\NRaes\Dev\pg-age-digitaltwins\src\AgeDigitalTwins.Test\BatchRelationshipTests.cs(16,0): at AgeDigitalTwins.Test.BatchRelationshipTests..ctor(ITestOutputHelper output)&#xD;
[xUnit.net 00:00:18.60]            at InvokeStub_BatchRelationshipTests..ctor(Object, Span`1)&#xD;
[xUnit.net 00:00:18.60]            at System.Reflection.MethodBaseInvoker.InvokeWithOneArg(Object obj, BindingFlags invokeAttr, Binder binder, Object[] parameters, CultureInfo culture)&#xD;
[xUnit.net 00:00:18.60]         ----- Inner Stack Trace -----&#xD;
[xUnit.net 00:00:18.60]         &#xD;
[xUnit.net 00:00:18.60]         ----- Inner Stack Trace -----&#xD;
[xUnit.net 00:00:18.60]            at Npgsql.Internal.NpgsqlConnector.ConnectAsync(NpgsqlTimeout timeout, CancellationToken cancellationToken)&#xD;
[xUnit.net 00:00:18.60]            at Npgsql.Internal.NpgsqlConnector.RawOpen(SslMode sslMode, NpgsqlTimeout timeout, Boolean async, CancellationToken cancellationToken)&#xD;
[xUnit.net 00:00:18.60]            at Npgsql.Internal.NpgsqlConnector.&lt;Open&gt;g__OpenCore|214_1(NpgsqlConnector conn, SslMode sslMode, NpgsqlTimeout timeout, Boolean async, CancellationToken cancellationToken)&#xD;
[xUnit.net 00:00:18.60]            at Npgsql.Internal.NpgsqlConnector.Open(NpgsqlTimeout timeout, Boolean async, CancellationToken cancellationToken)&#xD;
[xUnit.net 00:00:18.60]            at Npgsql.PoolingDataSource.OpenNewConnector(NpgsqlConnection conn, NpgsqlTimeout timeout, Boolean async, CancellationToken cancellationToken)&#xD;
[xUnit.net 00:00:18.60]            at Npgsql.NpgsqlMultiHostDataSource.TryGetIdleOrNew(NpgsqlConnection conn, TimeSpan timeoutPerHost, Boolean async, TargetSessionAttributes preferredType, Func`3 stateValidator, Int32 poolIndex, IList`1 exceptions, CancellationToken cancellationToken)&#xD;
[xUnit.net 00:00:18.60]         ----- Inner Stack Trace -----&#xD;
[xUnit.net 00:00:18.60]            at System.Net.Sockets.Socket.AwaitableSocketAsyncEventArgs.ThrowException(SocketError error, CancellationToken cancellationToken)&#xD;
[xUnit.net 00:00:18.60]            at System.Net.Sockets.Socket.AwaitableSocketAsyncEventArgs.System.Threading.Tasks.Sources.IValueTaskSource.GetResult(Int16 token)&#xD;
[xUnit.net 00:00:18.60]            at System.Net.Sockets.Socket.&lt;ConnectAsync&gt;g__WaitForConnectWithCancellation|285_0(AwaitableSocketAsyncEventArgs saea, ValueTask connectTask, CancellationToken cancellationToken)&#xD;
[xUnit.net 00:00:18.60]            at Npgsql.TaskTimeoutAndCancellation.ExecuteAsync(Func`2 getTaskFunc, NpgsqlTimeout timeout, CancellationToken cancellationToken)&#xD;
[xUnit.net 00:00:18.60]            at Npgsql.Internal.NpgsqlConnector.ConnectAsync(NpgsqlTimeout timeout, CancellationToken cancellationToken)&#xD;
[xUnit.net 00:00:18.60]       Npgsql.NpgsqlException : Unable to connect to a suitable host. Check inner exception for more details.&#xD;
[xUnit.net 00:00:18.60]       ---- System.AggregateException : One or more errors occurred. (Failed to connect to 127.0.0.1:5432)&#xD;
[xUnit.net 00:00:18.60]       -------- Npgsql.NpgsqlException : Failed to connect to 127.0.0.1:5432&#xD;
[xUnit.net 00:00:18.60]       ------------ System.Net.Sockets.SocketException : No connection could be made because the target machine actively refused it.&#xD;
[xUnit.net 00:00:18.60]       Stack Trace:&#xD;
[xUnit.net 00:00:18.60]            at Npgsql.NpgsqlMultiHostDataSource.Get(NpgsqlConnection conn, NpgsqlTimeout timeout, Boolean async, CancellationToken cancellationToken)&#xD;
[xUnit.net 00:00:18.60]            at Npgsql.NpgsqlConnection.&lt;Open&gt;g__OpenAsync|42_0(Boolean async, CancellationToken cancellationToken)&#xD;
[xUnit.net 00:00:18.60]            at Npgsql.NpgsqlDataSource.OpenConnectionAsync(CancellationToken cancellationToken)&#xD;
[xUnit.net 00:00:18.60]            at Npgsql.NpgsqlDataSource.OpenConnectionAsync(CancellationToken cancellationToken)&#xD;
[xUnit.net 00:00:18.60]         C:\Users\NRaes\Dev\pg-age-digitaltwins\src\AgeDigitalTwins\Jobs\JobService.cs(438,0): at AgeDigitalTwins.Jobs.JobService.InitializeSchemaAsync()&#xD;
[xUnit.net 00:00:18.60]         C:\Users\NRaes\Dev\pg-age-digitaltwins\src\AgeDigitalTwins\Jobs\JobService.cs(37,0): at AgeDigitalTwins.Jobs.JobService..ctor(NpgsqlMultiHostDataSource dataSource, String graphName, ILogger logger)&#xD;
[xUnit.net 00:00:18.61]         C:\Users\NRaes\Dev\pg-age-digitaltwins\src\AgeDigitalTwins\AgeDigitalTwinsClient.cs(61,0): at AgeDigitalTwins.AgeDigitalTwinsClient..ctor(NpgsqlMultiHostDataSource dataSource, AgeDigitalTwinsClientOptions options)&#xD;
[xUnit.net 00:00:18.61]         C:\Users\NRaes\Dev\pg-age-digitaltwins\src\AgeDigitalTwins.Test\TestBase.cs(29,0): at AgeDigitalTwins.Test.TestBase..ctor()&#xD;
[xUnit.net 00:00:18.61]         C:\Users\NRaes\Dev\pg-age-digitaltwins\src\AgeDigitalTwins.Test\DigitalTwinsTests.cs(16,0): at AgeDigitalTwins.Test.DigitalTwinsTests..ctor(ITestOutputHelper output)&#xD;
[xUnit.net 00:00:18.61]            at InvokeStub_DigitalTwinsTests..ctor(Object, Span`1)&#xD;
[xUnit.net 00:00:18.61]            at System.Reflection.MethodBaseInvoker.InvokeWithOneArg(Object obj, BindingFlags invokeAttr, Binder binder, Object[] parameters, CultureInfo culture)&#xD;
[xUnit.net 00:00:18.61]         ----- Inner Stack Trace -----&#xD;
[xUnit.net 00:00:18.61]         &#xD;
[xUnit.net 00:00:18.61]         ----- Inner Stack Trace -----&#xD;
[xUnit.net 00:00:18.61]            at Npgsql.Internal.NpgsqlConnector.ConnectAsync(NpgsqlTimeout timeout, CancellationToken cancellationToken)&#xD;
[xUnit.net 00:00:18.61]            at Npgsql.Internal.NpgsqlConnector.RawOpen(SslMode sslMode, NpgsqlTimeout timeout, Boolean async, CancellationToken cancellationToken)&#xD;
[xUnit.net 00:00:18.61]            at Npgsql.Internal.NpgsqlConnector.&lt;Open&gt;g__OpenCore|214_1(NpgsqlConnector conn, SslMode sslMode, NpgsqlTimeout timeout, Boolean async, CancellationToken cancellationToken)&#xD;
[xUnit.net 00:00:18.61]            at Npgsql.Internal.NpgsqlConnector.Open(NpgsqlTimeout timeout, Boolean async, CancellationToken cancellationToken)&#xD;
[xUnit.net 00:00:18.61]            at Npgsql.PoolingDataSource.OpenNewConnector(NpgsqlConnection conn, NpgsqlTimeout timeout, Boolean async, CancellationToken cancellationToken)&#xD;
[xUnit.net 00:00:18.61]            at Npgsql.NpgsqlMultiHostDataSource.TryGetIdleOrNew(NpgsqlConnection conn, TimeSpan timeoutPerHost, Boolean async, TargetSessionAttributes preferredType, Func`3 stateValidator, Int32 poolIndex, IList`1 exceptions, CancellationToken cancellationToken)&#xD;
[xUnit.net 00:00:18.61]         ----- Inner Stack Trace -----&#xD;
[xUnit.net 00:00:18.61]            at System.Net.Sockets.Socket.AwaitableSocketAsyncEventArgs.ThrowException(SocketError error, CancellationToken cancellationToken)&#xD;
[xUnit.net 00:00:18.61]            at System.Net.Sockets.Socket.AwaitableSocketAsyncEventArgs.System.Threading.Tasks.Sources.IValueTaskSource.GetResult(Int16 token)&#xD;
[xUnit.net 00:00:18.61]            at System.Net.Sockets.Socket.&lt;ConnectAsync&gt;g__WaitForConnectWithCancellation|285_0(AwaitableSocketAsyncEventArgs saea, ValueTask connectTask, CancellationToken cancellationToken)&#xD;
[xUnit.net 00:00:18.61]            at Npgsql.TaskTimeoutAndCancellation.ExecuteAsync(Func`2 getTaskFunc, NpgsqlTimeout timeout, CancellationToken cancellationToken)&#xD;
[xUnit.net 00:00:18.61]            at Npgsql.Internal.NpgsqlConnector.ConnectAsync(NpgsqlTimeout timeout, CancellationToken cancellationToken)&#xD;
[xUnit.net 00:00:18.61]       Npgsql.NpgsqlException : Unable to connect to a suitable host. Check inner exception for more details.&#xD;
[xUnit.net 00:00:18.61]       ---- System.AggregateException : One or more errors occurred. (Failed to connect to 127.0.0.1:5432)&#xD;
[xUnit.net 00:00:18.61]       -------- Npgsql.NpgsqlException : Failed to connect to 127.0.0.1:5432&#xD;
[xUnit.net 00:00:18.61]       ------------ System.Net.Sockets.SocketException : No connection could be made because the target machine actively refused it.&#xD;
[xUnit.net 00:00:18.61]       Stack Trace:&#xD;
[xUnit.net 00:00:18.61]            at Npgsql.NpgsqlMultiHostDataSource.Get(NpgsqlConnection conn, NpgsqlTimeout timeout, Boolean async, CancellationToken cancellationToken)&#xD;
[xUnit.net 00:00:18.61]            at Npgsql.NpgsqlConnection.&lt;Open&gt;g__OpenAsync|42_0(Boolean async, CancellationToken cancellationToken)&#xD;
[xUnit.net 00:00:18.61]            at Npgsql.NpgsqlDataSource.OpenConnectionAsync(CancellationToken cancellationToken)&#xD;
[xUnit.net 00:00:18.61]            at Npgsql.NpgsqlDataSource.OpenConnectionAsync(CancellationToken cancellationToken)&#xD;
[xUnit.net 00:00:18.61]         C:\Users\NRaes\Dev\pg-age-digitaltwins\src\AgeDigitalTwins\Jobs\JobService.cs(438,0): at AgeDigitalTwins.Jobs.JobService.InitializeSchemaAsync()&#xD;
[xUnit.net 00:00:18.61]         C:\Users\NRaes\Dev\pg-age-digitaltwins\src\AgeDigitalTwins\Jobs\JobService.cs(37,0): at AgeDigitalTwins.Jobs.JobService..ctor(NpgsqlMultiHostDataSource dataSource, String graphName, ILogger logger)&#xD;
[xUnit.net 00:00:18.61]         C:\Users\NRaes\Dev\pg-age-digitaltwins\src\AgeDigitalTwins\AgeDigitalTwinsClient.cs(61,0): at AgeDigitalTwins.AgeDigitalTwinsClient..ctor(NpgsqlMultiHostDataSource dataSource, AgeDigitalTwinsClientOptions options)&#xD;
[xUnit.net 00:00:18.61]         C:\Users\NRaes\Dev\pg-age-digitaltwins\src\AgeDigitalTwins.Test\TestBase.cs(29,0): at AgeDigitalTwins.Test.TestBase..ctor()&#xD;
[xUnit.net 00:00:18.61]         C:\Users\NRaes\Dev\pg-age-digitaltwins\src\AgeDigitalTwins.Test\BatchDigitalTwinTests.cs(17,0): at AgeDigitalTwins.Test.BatchDigitalTwinTests..ctor(ITestOutputHelper output)&#xD;
[xUnit.net 00:00:18.61]            at InvokeStub_BatchDigitalTwinTests..ctor(Object, Span`1)&#xD;
[xUnit.net 00:00:18.61]            at System.Reflection.MethodBaseInvoker.InvokeWithOneArg(Object obj, BindingFlags invokeAttr, Binder binder, Object[] parameters, CultureInfo culture)&#xD;
[xUnit.net 00:00:18.61]         ----- Inner Stack Trace -----&#xD;
[xUnit.net 00:00:18.61]         &#xD;
[xUnit.net 00:00:18.61]         ----- Inner Stack Trace -----&#xD;
[xUnit.net 00:00:18.61]            at Npgsql.Internal.NpgsqlConnector.ConnectAsync(NpgsqlTimeout timeout, CancellationToken cancellationToken)&#xD;
[xUnit.net 00:00:18.61]            at Npgsql.Internal.NpgsqlConnector.RawOpen(SslMode sslMode, NpgsqlTimeout timeout, Boolean async, CancellationToken cancellationToken)&#xD;
[xUnit.net 00:00:18.61]            at Npgsql.Internal.NpgsqlConnector.&lt;Open&gt;g__OpenCore|214_1(NpgsqlConnector conn, SslMode sslMode, NpgsqlTimeout timeout, Boolean async, CancellationToken cancellationToken)&#xD;
[xUnit.net 00:00:18.61]            at Npgsql.Internal.NpgsqlConnector.Open(NpgsqlTimeout timeout, Boolean async, CancellationToken cancellationToken)&#xD;
[xUnit.net 00:00:18.61]            at Npgsql.PoolingDataSource.OpenNewConnector(NpgsqlConnection conn, NpgsqlTimeout timeout, Boolean async, CancellationToken cancellationToken)&#xD;
[xUnit.net 00:00:18.61]            at Npgsql.NpgsqlMultiHostDataSource.TryGetIdleOrNew(NpgsqlConnection conn, TimeSpan timeoutPerHost, Boolean async, TargetSessionAttributes preferredType, Func`3 stateValidator, Int32 poolIndex, IList`1 exceptions, CancellationToken cancellationToken)&#xD;
[xUnit.net 00:00:18.61]         ----- Inner Stack Trace -----&#xD;
[xUnit.net 00:00:18.61]            at System.Net.Sockets.Socket.AwaitableSocketAsyncEventArgs.ThrowException(SocketError error, CancellationToken cancellationToken)&#xD;
[xUnit.net 00:00:18.61]            at System.Net.Sockets.Socket.AwaitableSocketAsyncEventArgs.System.Threading.Tasks.Sources.IValueTaskSource.GetResult(Int16 token)&#xD;
[xUnit.net 00:00:18.61]            at System.Net.Sockets.Socket.&lt;ConnectAsync&gt;g__WaitForConnectWithCancellation|285_0(AwaitableSocketAsyncEventArgs saea, ValueTask connectTask, CancellationToken cancellationToken)&#xD;
[xUnit.net 00:00:18.61]            at Npgsql.TaskTimeoutAndCancellation.ExecuteAsync(Func`2 getTaskFunc, NpgsqlTimeout timeout, CancellationToken cancellationToken)&#xD;
[xUnit.net 00:00:18.61]            at Npgsql.Internal.NpgsqlConnector.ConnectAsync(NpgsqlTimeout timeout, CancellationToken cancellationToken)&#xD;
[xUnit.net 00:00:18.61]       Npgsql.NpgsqlException : Unable to connect to a suitable host. Check inner exception for more details.&#xD;
[xUnit.net 00:00:18.61]       ---- System.AggregateException : One or more errors occurred. (Failed to connect to 127.0.0.1:5432)&#xD;
[xUnit.net 00:00:18.61]       -------- Npgsql.NpgsqlException : Failed to connect to 127.0.0.1:5432&#xD;
[xUnit.net 00:00:18.61]       ------------ System.Net.Sockets.SocketException : No connection could be made because the target machine actively refused it.&#xD;
[xUnit.net 00:00:18.61]       Stack Trace:&#xD;
[xUnit.net 00:00:18.61]            at Npgsql.NpgsqlMultiHostDataSource.Get(NpgsqlConnection conn, NpgsqlTimeout timeout, Boolean async, CancellationToken cancellationToken)&#xD;
[xUnit.net 00:00:18.61]            at Npgsql.NpgsqlConnection.&lt;Open&gt;g__OpenAsync|42_0(Boolean async, CancellationToken cancellationToken)&#xD;
[xUnit.net 00:00:18.61]            at Npgsql.NpgsqlDataSource.OpenConnectionAsync(CancellationToken cancellationToken)&#xD;
[xUnit.net 00:00:18.61]            at Npgsql.NpgsqlDataSource.OpenConnectionAsync(CancellationToken cancellationToken)&#xD;
[xUnit.net 00:00:18.61]         C:\Users\NRaes\Dev\pg-age-digitaltwins\src\AgeDigitalTwins\Jobs\JobService.cs(438,0): at AgeDigitalTwins.Jobs.JobService.InitializeSchemaAsync()&#xD;
[xUnit.net 00:00:18.61]         C:\Users\NRaes\Dev\pg-age-digitaltwins\src\AgeDigitalTwins\Jobs\JobService.cs(37,0): at AgeDigitalTwins.Jobs.JobService..ctor(NpgsqlMultiHostDataSource dataSource, String graphName, ILogger logger)&#xD;
[xUnit.net 00:00:18.61]         C:\Users\NRaes\Dev\pg-age-digitaltwins\src\AgeDigitalTwins\AgeDigitalTwinsClient.cs(61,0): at AgeDigitalTwins.AgeDigitalTwinsClient..ctor(NpgsqlMultiHostDataSource dataSource, AgeDigitalTwinsClientOptions options)&#xD;
[xUnit.net 00:00:18.61]         C:\Users\NRaes\Dev\pg-age-digitaltwins\src\AgeDigitalTwins.Test\TestBase.cs(29,0): at AgeDigitalTwins.Test.TestBase..ctor()&#xD;
[xUnit.net 00:00:18.61]            at AgeDigitalTwins.Test.QueryTests..ctor()&#xD;
[xUnit.net 00:00:18.61]            at System.RuntimeType.CreateInstanceDefaultCtor(Boolean publicOnly, Boolean wrapExceptions)&#xD;
[xUnit.net 00:00:18.61]         ----- Inner Stack Trace -----&#xD;
[xUnit.net 00:00:18.61]         &#xD;
[xUnit.net 00:00:18.61]         ----- Inner Stack Trace -----&#xD;
[xUnit.net 00:00:18.61]            at Npgsql.Internal.NpgsqlConnector.ConnectAsync(NpgsqlTimeout timeout, CancellationToken cancellationToken)&#xD;
[xUnit.net 00:00:18.61]            at Npgsql.Internal.NpgsqlConnector.RawOpen(SslMode sslMode, NpgsqlTimeout timeout, Boolean async, CancellationToken cancellationToken)&#xD;
[xUnit.net 00:00:18.61]            at Npgsql.Internal.NpgsqlConnector.&lt;Open&gt;g__OpenCore|214_1(NpgsqlConnector conn, SslMode sslMode, NpgsqlTimeout timeout, Boolean async, CancellationToken cancellationToken)&#xD;
[xUnit.net 00:00:18.61]            at Npgsql.Internal.NpgsqlConnector.Open(NpgsqlTimeout timeout, Boolean async, CancellationToken cancellationToken)&#xD;
[xUnit.net 00:00:18.61]            at Npgsql.PoolingDataSource.OpenNewConnector(NpgsqlConnection conn, NpgsqlTimeout timeout, Boolean async, CancellationToken cancellationToken)&#xD;
[xUnit.net 00:00:18.61]            at Npgsql.NpgsqlMultiHostDataSource.TryGetIdleOrNew(NpgsqlConnection conn, TimeSpan timeoutPerHost, Boolean async, TargetSessionAttributes preferredType, Func`3 stateValidator, Int32 poolIndex, IList`1 exceptions, CancellationToken cancellationToken)&#xD;
[xUnit.net 00:00:18.61]         ----- Inner Stack Trace -----&#xD;
[xUnit.net 00:00:18.61]            at System.Net.Sockets.Socket.AwaitableSocketAsyncEventArgs.ThrowException(SocketError error, CancellationToken cancellationToken)&#xD;
[xUnit.net 00:00:18.61]            at System.Net.Sockets.Socket.AwaitableSocketAsyncEventArgs.System.Threading.Tasks.Sources.IValueTaskSource.GetResult(Int16 token)&#xD;
[xUnit.net 00:00:18.61]            at System.Net.Sockets.Socket.&lt;ConnectAsync&gt;g__WaitForConnectWithCancellation|285_0(AwaitableSocketAsyncEventArgs saea, ValueTask connectTask, CancellationToken cancellationToken)&#xD;
[xUnit.net 00:00:18.61]            at Npgsql.TaskTimeoutAndCancellation.ExecuteAsync(Func`2 getTaskFunc, NpgsqlTimeout timeout, CancellationToken cancellationToken)&#xD;
[xUnit.net 00:00:18.61]            at Npgsql.Internal.NpgsqlConnector.ConnectAsync(NpgsqlTimeout timeout, CancellationToken cancellationToken)&#xD;
[xUnit.net 00:00:18.61]       Npgsql.NpgsqlException : Unable to connect to a suitable host. Check inner exception for more details.&#xD;
[xUnit.net 00:00:18.61]       ---- System.AggregateException : One or more errors occurred. (Failed to connect to 127.0.0.1:5432)&#xD;
[xUnit.net 00:00:18.61]       -------- Npgsql.NpgsqlException : Failed to connect to 127.0.0.1:5432&#xD;
[xUnit.net 00:00:18.61]       ------------ System.Net.Sockets.SocketException : No connection could be made because the target machine actively refused it.&#xD;
[xUnit.net 00:00:18.61]       Stack Trace:&#xD;
[xUnit.net 00:00:18.61]            at Npgsql.NpgsqlMultiHostDataSource.Get(NpgsqlConnection conn, NpgsqlTimeout timeout, Boolean async, CancellationToken cancellationToken)&#xD;
[xUnit.net 00:00:18.61]            at Npgsql.NpgsqlConnection.&lt;Open&gt;g__OpenAsync|42_0(Boolean async, CancellationToken cancellationToken)&#xD;
[xUnit.net 00:00:18.61]            at Npgsql.NpgsqlDataSource.OpenConnectionAsync(CancellationToken cancellationToken)&#xD;
[xUnit.net 00:00:18.61]            at Npgsql.NpgsqlDataSource.OpenConnectionAsync(CancellationToken cancellationToken)&#xD;
[xUnit.net 00:00:18.61]         C:\Users\NRaes\Dev\pg-age-digitaltwins\src\AgeDigitalTwins\Jobs\JobService.cs(438,0): at AgeDigitalTwins.Jobs.JobService.InitializeSchemaAsync()&#xD;
[xUnit.net 00:00:18.61]         C:\Users\NRaes\Dev\pg-age-digitaltwins\src\AgeDigitalTwins\Jobs\JobService.cs(37,0): at AgeDigitalTwins.Jobs.JobService..ctor(NpgsqlMultiHostDataSource dataSource, String graphName, ILogger logger)&#xD;
[xUnit.net 00:00:18.61]         C:\Users\NRaes\Dev\pg-age-digitaltwins\src\AgeDigitalTwins\AgeDigitalTwinsClient.cs(61,0): at AgeDigitalTwins.AgeDigitalTwinsClient..ctor(NpgsqlMultiHostDataSource dataSource, AgeDigitalTwinsClientOptions options)&#xD;
[xUnit.net 00:00:18.62]         C:\Users\NRaes\Dev\pg-age-digitaltwins\src\AgeDigitalTwins.Test\TestBase.cs(29,0): at AgeDigitalTwins.Test.TestBase..ctor()&#xD;
[xUnit.net 00:00:18.62]         C:\Users\NRaes\Dev\pg-age-digitaltwins\src\AgeDigitalTwins.Test\ImportJobTests.cs(16,0): at AgeDigitalTwins.Test.ImportJobTests..ctor(ITestOutputHelper output)&#xD;
[xUnit.net 00:00:18.62]            at InvokeStub_ImportJobTests..ctor(Object, Span`1)&#xD;
[xUnit.net 00:00:18.62]            at System.Reflection.MethodBaseInvoker.InvokeWithOneArg(Object obj, BindingFlags invokeAttr, Binder binder, Object[] parameters, CultureInfo culture)&#xD;
[xUnit.net 00:00:18.62]         ----- Inner Stack Trace -----&#xD;
[xUnit.net 00:00:18.62]         &#xD;
[xUnit.net 00:00:18.62]         ----- Inner Stack Trace -----&#xD;
[xUnit.net 00:00:18.62]            at Npgsql.Internal.NpgsqlConnector.ConnectAsync(NpgsqlTimeout timeout, CancellationToken cancellationToken)&#xD;
[xUnit.net 00:00:18.62]            at Npgsql.Internal.NpgsqlConnector.RawOpen(SslMode sslMode, NpgsqlTimeout timeout, Boolean async, CancellationToken cancellationToken)&#xD;
[xUnit.net 00:00:18.62]            at Npgsql.Internal.NpgsqlConnector.&lt;Open&gt;g__OpenCore|214_1(NpgsqlConnector conn, SslMode sslMode, NpgsqlTimeout timeout, Boolean async, CancellationToken cancellationToken)&#xD;
[xUnit.net 00:00:18.62]            at Npgsql.Internal.NpgsqlConnector.Open(NpgsqlTimeout timeout, Boolean async, CancellationToken cancellationToken)&#xD;
[xUnit.net 00:00:18.62]            at Npgsql.PoolingDataSource.OpenNewConnector(NpgsqlConnection conn, NpgsqlTimeout timeout, Boolean async, CancellationToken cancellationToken)&#xD;
[xUnit.net 00:00:18.62]            at Npgsql.NpgsqlMultiHostDataSource.TryGetIdleOrNew(NpgsqlConnection conn, TimeSpan timeoutPerHost, Boolean async, TargetSessionAttributes preferredType, Func`3 stateValidator, Int32 poolIndex, IList`1 exceptions, CancellationToken cancellationToken)&#xD;
[xUnit.net 00:00:18.62]         ----- Inner Stack Trace -----&#xD;
[xUnit.net 00:00:18.62]            at System.Net.Sockets.Socket.AwaitableSocketAsyncEventArgs.ThrowException(SocketError error, CancellationToken cancellationToken)&#xD;
[xUnit.net 00:00:18.62]            at System.Net.Sockets.Socket.AwaitableSocketAsyncEventArgs.System.Threading.Tasks.Sources.IValueTaskSource.GetResult(Int16 token)&#xD;
[xUnit.net 00:00:18.62]            at System.Net.Sockets.Socket.&lt;ConnectAsync&gt;g__WaitForConnectWithCancellation|285_0(AwaitableSocketAsyncEventArgs saea, ValueTask connectTask, CancellationToken cancellationToken)&#xD;
[xUnit.net 00:00:18.62]            at Npgsql.TaskTimeoutAndCancellation.ExecuteAsync(Func`2 getTaskFunc, NpgsqlTimeout timeout, CancellationToken cancellationToken)&#xD;
[xUnit.net 00:00:18.62]            at Npgsql.Internal.NpgsqlConnector.ConnectAsync(NpgsqlTimeout timeout, CancellationToken cancellationToken)&#xD;
[xUnit.net 00:00:18.62]       Npgsql.NpgsqlException : Unable to connect to a suitable host. Check inner exception for more details.&#xD;
[xUnit.net 00:00:18.62]       ---- System.AggregateException : One or more errors occurred. (Failed to connect to 127.0.0.1:5432)&#xD;
[xUnit.net 00:00:18.62]       -------- Npgsql.NpgsqlException : Failed to connect to 127.0.0.1:5432&#xD;
[xUnit.net 00:00:18.62]       ------------ System.Net.Sockets.SocketException : No connection could be made because the target machine actively refused it.&#xD;
[xUnit.net 00:00:18.62]       Stack Trace:&#xD;
[xUnit.net 00:00:18.62]            at Npgsql.NpgsqlMultiHostDataSource.Get(NpgsqlConnection conn, NpgsqlTimeout timeout, Boolean async, CancellationToken cancellationToken)&#xD;
[xUnit.net 00:00:18.62]            at Npgsql.NpgsqlConnection.&lt;Open&gt;g__OpenAsync|42_0(Boolean async, CancellationToken cancellationToken)&#xD;
[xUnit.net 00:00:18.62]            at Npgsql.NpgsqlDataSource.OpenConnectionAsync(CancellationToken cancellationToken)&#xD;
[xUnit.net 00:00:18.62]            at Npgsql.NpgsqlDataSource.OpenConnectionAsync(CancellationToken cancellationToken)&#xD;
[xUnit.net 00:00:18.62]         C:\Users\NRaes\Dev\pg-age-digitaltwins\src\AgeDigitalTwins\Jobs\JobService.cs(438,0): at AgeDigitalTwins.Jobs.JobService.InitializeSchemaAsync()&#xD;
[xUnit.net 00:00:18.62]         C:\Users\NRaes\Dev\pg-age-digitaltwins\src\AgeDigitalTwins\Jobs\JobService.cs(37,0): at AgeDigitalTwins.Jobs.JobService..ctor(NpgsqlMultiHostDataSource dataSource, String graphName, ILogger logger)&#xD;
[xUnit.net 00:00:18.62]         C:\Users\NRaes\Dev\pg-age-digitaltwins\src\AgeDigitalTwins\AgeDigitalTwinsClient.cs(61,0): at AgeDigitalTwins.AgeDigitalTwinsClient..ctor(NpgsqlMultiHostDataSource dataSource, AgeDigitalTwinsClientOptions options)&#xD;
[xUnit.net 00:00:18.62]         C:\Users\NRaes\Dev\pg-age-digitaltwins\src\AgeDigitalTwins.Test\TestBase.cs(29,0): at AgeDigitalTwins.Test.TestBase..ctor()&#xD;
[xUnit.net 00:00:18.62]            at AgeDigitalTwins.Test.DistributedLockingTests..ctor()&#xD;
[xUnit.net 00:00:18.62]            at System.RuntimeType.CreateInstanceDefaultCtor(Boolean publicOnly, Boolean wrapExceptions)&#xD;
[xUnit.net 00:00:18.62]         ----- Inner Stack Trace -----&#xD;
[xUnit.net 00:00:18.62]         &#xD;
[xUnit.net 00:00:18.62]         ----- Inner Stack Trace -----&#xD;
[xUnit.net 00:00:18.62]            at Npgsql.Internal.NpgsqlConnector.ConnectAsync(NpgsqlTimeout timeout, CancellationToken cancellationToken)&#xD;
[xUnit.net 00:00:18.62]            at Npgsql.Internal.NpgsqlConnector.RawOpen(SslMode sslMode, NpgsqlTimeout timeout, Boolean async, CancellationToken cancellationToken)&#xD;
[xUnit.net 00:00:18.62]            at Npgsql.Internal.NpgsqlConnector.&lt;Open&gt;g__OpenCore|214_1(NpgsqlConnector conn, SslMode sslMode, NpgsqlTimeout timeout, Boolean async, CancellationToken cancellationToken)&#xD;
[xUnit.net 00:00:18.62]            at Npgsql.Internal.NpgsqlConnector.Open(NpgsqlTimeout timeout, Boolean async, CancellationToken cancellationToken)&#xD;
[xUnit.net 00:00:18.62]            at Npgsql.PoolingDataSource.OpenNewConnector(NpgsqlConnection conn, NpgsqlTimeout timeout, Boolean async, CancellationToken cancellationToken)&#xD;
[xUnit.net 00:00:18.62]            at Npgsql.NpgsqlMultiHostDataSource.TryGetIdleOrNew(NpgsqlConnection conn, TimeSpan timeoutPerHost, Boolean async, TargetSessionAttributes preferredType, Func`3 stateValidator, Int32 poolIndex, IList`1 exceptions, CancellationToken cancellationToken)&#xD;
[xUnit.net 00:00:18.62]         ----- Inner Stack Trace -----&#xD;
[xUnit.net 00:00:18.62]            at System.Net.Sockets.Socket.AwaitableSocketAsyncEventArgs.ThrowException(SocketError error, CancellationToken cancellationToken)&#xD;
[xUnit.net 00:00:18.62]            at System.Net.Sockets.Socket.AwaitableSocketAsyncEventArgs.System.Threading.Tasks.Sources.IValueTaskSource.GetResult(Int16 token)&#xD;
[xUnit.net 00:00:18.62]            at System.Net.Sockets.Socket.&lt;ConnectAsync&gt;g__WaitForConnectWithCancellation|285_0(AwaitableSocketAsyncEventArgs saea, ValueTask connectTask, CancellationToken cancellationToken)&#xD;
[xUnit.net 00:00:18.62]            at Npgsql.TaskTimeoutAndCancellation.ExecuteAsync(Func`2 getTaskFunc, NpgsqlTimeout timeout, CancellationToken cancellationToken)&#xD;
[xUnit.net 00:00:18.62]            at Npgsql.Internal.NpgsqlConnector.ConnectAsync(NpgsqlTimeout timeout, CancellationToken cancellationToken)&#xD;
[xUnit.net 00:00:18.63]       Npgsql.NpgsqlException : Unable to connect to a suitable host. Check inner exception for more details.&#xD;
[xUnit.net 00:00:18.63]       ---- System.AggregateException : One or more errors occurred. (Failed to connect to 127.0.0.1:5432)&#xD;
[xUnit.net 00:00:18.63]       -------- Npgsql.NpgsqlException : Failed to connect to 127.0.0.1:5432&#xD;
[xUnit.net 00:00:18.63]       ------------ System.Net.Sockets.SocketException : No connection could be made because the target machine actively refused it.&#xD;
[xUnit.net 00:00:18.63]       Stack Trace:&#xD;
[xUnit.net 00:00:18.63]            at Npgsql.NpgsqlMultiHostDataSource.Get(NpgsqlConnection conn, NpgsqlTimeout timeout, Boolean async, CancellationToken cancellationToken)&#xD;
[xUnit.net 00:00:18.63]            at Npgsql.NpgsqlConnection.&lt;Open&gt;g__OpenAsync|42_0(Boolean async, CancellationToken cancellationToken)&#xD;
[xUnit.net 00:00:18.63]            at Npgsql.NpgsqlDataSource.OpenConnectionAsync(CancellationToken cancellationToken)&#xD;
[xUnit.net 00:00:18.63]            at Npgsql.NpgsqlDataSource.OpenConnectionAsync(CancellationToken cancellationToken)&#xD;
[xUnit.net 00:00:18.63]         C:\Users\NRaes\Dev\pg-age-digitaltwins\src\AgeDigitalTwins\Jobs\JobService.cs(438,0): at AgeDigitalTwins.Jobs.JobService.InitializeSchemaAsync()&#xD;
[xUnit.net 00:00:18.63]         C:\Users\NRaes\Dev\pg-age-digitaltwins\src\AgeDigitalTwins\Jobs\JobService.cs(37,0): at AgeDigitalTwins.Jobs.JobService..ctor(NpgsqlMultiHostDataSource dataSource, String graphName, ILogger logger)&#xD;
[xUnit.net 00:00:18.63]         C:\Users\NRaes\Dev\pg-age-digitaltwins\src\AgeDigitalTwins\AgeDigitalTwinsClient.cs(61,0): at AgeDigitalTwins.AgeDigitalTwinsClient..ctor(NpgsqlMultiHostDataSource dataSource, AgeDigitalTwinsClientOptions options)&#xD;
[xUnit.net 00:00:18.63]         C:\Users\NRaes\Dev\pg-age-digitaltwins\src\AgeDigitalTwins.Test\TestBase.cs(29,0): at AgeDigitalTwins.Test.TestBase..ctor()&#xD;
[xUnit.net 00:00:18.63]         C:\Users\NRaes\Dev\pg-age-digitaltwins\src\AgeDigitalTwins.Test\JobServiceTests.cs(34,0): at AgeDigitalTwins.Test.ImportJobSystemTests..ctor(ITestOutputHelper output)&#xD;
[xUnit.net 00:00:18.63]            at InvokeStub_ImportJobSystemTests..ctor(Object, Span`1)&#xD;
[xUnit.net 00:00:18.63]            at System.Reflection.MethodBaseInvoker.InvokeWithOneArg(Object obj, BindingFlags invokeAttr, Binder binder, Object[] parameters, CultureInfo culture)&#xD;
[xUnit.net 00:00:18.63]         ----- Inner Stack Trace -----&#xD;
[xUnit.net 00:00:18.63]         &#xD;
[xUnit.net 00:00:18.63]         ----- Inner Stack Trace -----&#xD;
[xUnit.net 00:00:18.63]            at Npgsql.Internal.NpgsqlConnector.ConnectAsync(NpgsqlTimeout timeout, CancellationToken cancellationToken)&#xD;
[xUnit.net 00:00:18.63]            at Npgsql.Internal.NpgsqlConnector.RawOpen(SslMode sslMode, NpgsqlTimeout timeout, Boolean async, CancellationToken cancellationToken)&#xD;
[xUnit.net 00:00:18.63]            at Npgsql.Internal.NpgsqlConnector.&lt;Open&gt;g__OpenCore|214_1(NpgsqlConnector conn, SslMode sslMode, NpgsqlTimeout timeout, Boolean async, CancellationToken cancellationToken)&#xD;
[xUnit.net 00:00:18.63]            at Npgsql.Internal.NpgsqlConnector.Open(NpgsqlTimeout timeout, Boolean async, CancellationToken cancellationToken)&#xD;
[xUnit.net 00:00:18.63]            at Npgsql.PoolingDataSource.OpenNewConnector(NpgsqlConnection conn, NpgsqlTimeout timeout, Boolean async, CancellationToken cancellationToken)&#xD;
[xUnit.net 00:00:18.63]            at Npgsql.NpgsqlMultiHostDataSource.TryGetIdleOrNew(NpgsqlConnection conn, TimeSpan timeoutPerHost, Boolean async, TargetSessionAttributes preferredType, Func`3 stateValidator, Int32 poolIndex, IList`1 exceptions, CancellationToken cancellationToken)&#xD;
[xUnit.net 00:00:18.63]         ----- Inner Stack Trace -----&#xD;
[xUnit.net 00:00:18.63]            at System.Net.Sockets.Socket.AwaitableSocketAsyncEventArgs.ThrowException(SocketError error, CancellationToken cancellationToken)&#xD;
[xUnit.net 00:00:18.63]            at System.Net.Sockets.Socket.AwaitableSocketAsyncEventArgs.System.Threading.Tasks.Sources.IValueTaskSource.GetResult(Int16 token)&#xD;
[xUnit.net 00:00:18.63]            at System.Net.Sockets.Socket.&lt;ConnectAsync&gt;g__WaitForConnectWithCancellation|285_0(AwaitableSocketAsyncEventArgs saea, ValueTask connectTask, CancellationToken cancellationToken)&#xD;
[xUnit.net 00:00:18.63]            at Npgsql.TaskTimeoutAndCancellation.ExecuteAsync(Func`2 getTaskFunc, NpgsqlTimeout timeout, CancellationToken cancellationToken)&#xD;
[xUnit.net 00:00:18.63]            at Npgsql.Internal.NpgsqlConnector.ConnectAsync(NpgsqlTimeout timeout, CancellationToken cancellationToken)&#xD;
[xUnit.net 00:00:18.63]       Npgsql.NpgsqlException : Unable to connect to a suitable host. Check inner exception for more details.&#xD;
[xUnit.net 00:00:18.63]       ---- System.AggregateException : One or more errors occurred. (Failed to connect to 127.0.0.1:5432)&#xD;
[xUnit.net 00:00:18.63]       -------- Npgsql.NpgsqlException : Failed to connect to 127.0.0.1:5432&#xD;
[xUnit.net 00:00:18.63]       ------------ System.Net.Sockets.SocketException : No connection could be made because the target machine actively refused it.&#xD;
[xUnit.net 00:00:18.63]       Stack Trace:&#xD;
[xUnit.net 00:00:18.63]            at Npgsql.NpgsqlMultiHostDataSource.Get(NpgsqlConnection conn, NpgsqlTimeout timeout, Boolean async, CancellationToken cancellationToken)&#xD;
[xUnit.net 00:00:18.63]            at Npgsql.NpgsqlConnection.&lt;Open&gt;g__OpenAsync|42_0(Boolean async, CancellationToken cancellationToken)&#xD;
[xUnit.net 00:00:18.63]            at Npgsql.NpgsqlDataSource.OpenConnectionAsync(CancellationToken cancellationToken)&#xD;
[xUnit.net 00:00:18.63]            at Npgsql.NpgsqlDataSource.OpenConnectionAsync(CancellationToken cancellationToken)&#xD;
[xUnit.net 00:00:18.63]         C:\Users\NRaes\Dev\pg-age-digitaltwins\src\AgeDigitalTwins\Jobs\JobService.cs(438,0): at AgeDigitalTwins.Jobs.JobService.InitializeSchemaAsync()&#xD;
[xUnit.net 00:00:18.63]         C:\Users\NRaes\Dev\pg-age-digitaltwins\src\AgeDigitalTwins\Jobs\JobService.cs(37,0): at AgeDigitalTwins.Jobs.JobService..ctor(NpgsqlMultiHostDataSource dataSource, String graphName, ILogger logger)&#xD;
[xUnit.net 00:00:18.63]         C:\Users\NRaes\Dev\pg-age-digitaltwins\src\AgeDigitalTwins\AgeDigitalTwinsClient.cs(61,0): at AgeDigitalTwins.AgeDigitalTwinsClient..ctor(NpgsqlMultiHostDataSource dataSource, AgeDigitalTwinsClientOptions options)&#xD;
[xUnit.net 00:00:18.63]         C:\Users\NRaes\Dev\pg-age-digitaltwins\src\AgeDigitalTwins.Test\TestBase.cs(29,0): at AgeDigitalTwins.Test.TestBase..ctor()&#xD;
[xUnit.net 00:00:18.63]            at AgeDigitalTwins.Test.ModelsTests..ctor()&#xD;
[xUnit.net 00:00:18.63]            at System.RuntimeType.CreateInstanceDefaultCtor(Boolean publicOnly, Boolean wrapExceptions)&#xD;
[xUnit.net 00:00:18.63]         ----- Inner Stack Trace -----&#xD;
[xUnit.net 00:00:18.63]         &#xD;
[xUnit.net 00:00:18.63]         ----- Inner Stack Trace -----&#xD;
[xUnit.net 00:00:18.63]            at Npgsql.Internal.NpgsqlConnector.ConnectAsync(NpgsqlTimeout timeout, CancellationToken cancellationToken)&#xD;
[xUnit.net 00:00:18.63]            at Npgsql.Internal.NpgsqlConnector.RawOpen(SslMode sslMode, NpgsqlTimeout timeout, Boolean async, CancellationToken cancellationToken)&#xD;
[xUnit.net 00:00:18.63]            at Npgsql.Internal.NpgsqlConnector.&lt;Open&gt;g__OpenCore|214_1(NpgsqlConnector conn, SslMode sslMode, NpgsqlTimeout timeout, Boolean async, CancellationToken cancellationToken)&#xD;
[xUnit.net 00:00:18.63]            at Npgsql.Internal.NpgsqlConnector.Open(NpgsqlTimeout timeout, Boolean async, CancellationToken cancellationToken)&#xD;
[xUnit.net 00:00:18.63]            at Npgsql.PoolingDataSource.OpenNewConnector(NpgsqlConnection conn, NpgsqlTimeout timeout, Boolean async, CancellationToken cancellationToken)&#xD;
[xUnit.net 00:00:18.63]            at Npgsql.NpgsqlMultiHostDataSource.TryGetIdleOrNew(NpgsqlConnection conn, TimeSpan timeoutPerHost, Boolean async, TargetSessionAttributes preferredType, Func`3 stateValidator, Int32 poolIndex, IList`1 exceptions, CancellationToken cancellationToken)&#xD;
[xUnit.net 00:00:18.63]         ----- Inner Stack Trace -----&#xD;
[xUnit.net 00:00:18.63]            at System.Net.Sockets.Socket.AwaitableSocketAsyncEventArgs.ThrowException(SocketError error, CancellationToken cancellationToken)&#xD;
[xUnit.net 00:00:18.63]            at System.Net.Sockets.Socket.AwaitableSocketAsyncEventArgs.System.Threading.Tasks.Sources.IValueTaskSource.GetResult(Int16 token)&#xD;
[xUnit.net 00:00:18.63]            at System.Net.Sockets.Socket.&lt;ConnectAsync&gt;g__WaitForConnectWithCancellation|285_0(AwaitableSocketAsyncEventArgs saea, ValueTask connectTask, CancellationToken cancellationToken)&#xD;
[xUnit.net 00:00:18.63]            at Npgsql.TaskTimeoutAndCancellation.ExecuteAsync(Func`2 getTaskFunc, NpgsqlTimeout timeout, CancellationToken cancellationToken)&#xD;
[xUnit.net 00:00:18.63]            at Npgsql.Internal.NpgsqlConnector.ConnectAsync(NpgsqlTimeout timeout, CancellationToken cancellationToken)&#xD;
[xUnit.net 00:00:22.66]       Npgsql.NpgsqlException : Unable to connect to a suitable host. Check inner exception for more details.&#xD;
[xUnit.net 00:00:22.66]       ---- System.AggregateException : One or more errors occurred. (Failed to connect to 127.0.0.1:5432)&#xD;
[xUnit.net 00:00:22.66]       -------- Npgsql.NpgsqlException : Failed to connect to 127.0.0.1:5432&#xD;
[xUnit.net 00:00:22.66]       ------------ System.Net.Sockets.SocketException : No connection could be made because the target machine actively refused it.&#xD;
[xUnit.net 00:00:22.66]       Stack Trace:&#xD;
[xUnit.net 00:00:22.66]            at Npgsql.NpgsqlMultiHostDataSource.Get(NpgsqlConnection conn, NpgsqlTimeout timeout, Boolean async, CancellationToken cancellationToken)&#xD;
[xUnit.net 00:00:22.66]            at Npgsql.NpgsqlConnection.&lt;Open&gt;g__OpenAsync|42_0(Boolean async, CancellationToken cancellationToken)&#xD;
[xUnit.net 00:00:22.66]            at Npgsql.NpgsqlDataSource.OpenConnectionAsync(CancellationToken cancellationToken)&#xD;
[xUnit.net 00:00:22.66]            at Npgsql.NpgsqlDataSource.OpenConnectionAsync(CancellationToken cancellationToken)&#xD;
[xUnit.net 00:00:22.66]         C:\Users\NRaes\Dev\pg-age-digitaltwins\src\AgeDigitalTwins\Jobs\JobService.cs(438,0): at AgeDigitalTwins.Jobs.JobService.InitializeSchemaAsync()&#xD;
[xUnit.net 00:00:22.66]         C:\Users\NRaes\Dev\pg-age-digitaltwins\src\AgeDigitalTwins\Jobs\JobService.cs(37,0): at AgeDigitalTwins.Jobs.JobService..ctor(NpgsqlMultiHostDataSource dataSource, String graphName, ILogger logger)&#xD;
[xUnit.net 00:00:22.66]         C:\Users\NRaes\Dev\pg-age-digitaltwins\src\AgeDigitalTwins\AgeDigitalTwinsClient.cs(61,0): at AgeDigitalTwins.AgeDigitalTwinsClient..ctor(NpgsqlMultiHostDataSource dataSource, AgeDigitalTwinsClientOptions options)&#xD;
[xUnit.net 00:00:22.66]         C:\Users\NRaes\Dev\pg-age-digitaltwins\src\AgeDigitalTwins.Test\TestBase.cs(29,0): at AgeDigitalTwins.Test.TestBase..ctor()&#xD;
[xUnit.net 00:00:22.66]         C:\Users\NRaes\Dev\pg-age-digitaltwins\src\AgeDigitalTwins.Test\ImportJobTests.cs(16,0): at AgeDigitalTwins.Test.ImportJobTests..ctor(ITestOutputHelper output)&#xD;
[xUnit.net 00:00:22.66]            at InvokeStub_ImportJobTests..ctor(Object, Span`1)&#xD;
[xUnit.net 00:00:22.66]            at System.Reflection.MethodBaseInvoker.InvokeWithOneArg(Object obj, BindingFlags invokeAttr, Binder binder, Object[] parameters, CultureInfo culture)&#xD;
[xUnit.net 00:00:22.66]         ----- Inner Stack Trace -----&#xD;
[xUnit.net 00:00:22.66]         &#xD;
[xUnit.net 00:00:22.66]         ----- Inner Stack Trace -----&#xD;
[xUnit.net 00:00:22.66]            at Npgsql.Internal.NpgsqlConnector.ConnectAsync(NpgsqlTimeout timeout, CancellationToken cancellationToken)&#xD;
[xUnit.net 00:00:22.66]            at Npgsql.Internal.NpgsqlConnector.RawOpen(SslMode sslMode, NpgsqlTimeout timeout, Boolean async, CancellationToken cancellationToken)&#xD;
[xUnit.net 00:00:22.66]            at Npgsql.Internal.NpgsqlConnector.&lt;Open&gt;g__OpenCore|214_1(NpgsqlConnector conn, SslMode sslMode, NpgsqlTimeout timeout, Boolean async, CancellationToken cancellationToken)&#xD;
[xUnit.net 00:00:22.66]            at Npgsql.Internal.NpgsqlConnector.Open(NpgsqlTimeout timeout, Boolean async, CancellationToken cancellationToken)&#xD;
[xUnit.net 00:00:22.66]            at Npgsql.PoolingDataSource.OpenNewConnector(NpgsqlConnection conn, NpgsqlTimeout timeout, Boolean async, CancellationToken cancellationToken)&#xD;
[xUnit.net 00:00:22.67]            at Npgsql.NpgsqlMultiHostDataSource.TryGetIdleOrNew(NpgsqlConnection conn, TimeSpan timeoutPerHost, Boolean async, TargetSessionAttributes preferredType, Func`3 stateValidator, Int32 poolIndex, IList`1 exceptions, CancellationToken cancellationToken)&#xD;
[xUnit.net 00:00:22.67]         ----- Inner Stack Trace -----&#xD;
[xUnit.net 00:00:22.67]            at System.Net.Sockets.Socket.AwaitableSocketAsyncEventArgs.ThrowException(SocketError error, CancellationToken cancellationToken)&#xD;
[xUnit.net 00:00:22.67]            at System.Net.Sockets.Socket.AwaitableSocketAsyncEventArgs.System.Threading.Tasks.Sources.IValueTaskSource.GetResult(Int16 token)&#xD;
[xUnit.net 00:00:22.67]            at System.Net.Sockets.Socket.&lt;ConnectAsync&gt;g__WaitForConnectWithCancellation|285_0(AwaitableSocketAsyncEventArgs saea, ValueTask connectTask, CancellationToken cancellationToken)&#xD;
[xUnit.net 00:00:22.67]            at Npgsql.TaskTimeoutAndCancellation.ExecuteAsync(Func`2 getTaskFunc, NpgsqlTimeout timeout, CancellationToken cancellationToken)&#xD;
[xUnit.net 00:00:22.67]            at Npgsql.Internal.NpgsqlConnector.ConnectAsync(NpgsqlTimeout timeout, CancellationToken cancellationToken)&#xD;
[xUnit.net 00:00:22.67]       Npgsql.NpgsqlException : Unable to connect to a suitable host. Check inner exception for more details.&#xD;
[xUnit.net 00:00:22.67]       ---- System.AggregateException : One or more errors occurred. (Failed to connect to 127.0.0.1:5432)&#xD;
[xUnit.net 00:00:22.67]       -------- Npgsql.NpgsqlException : Failed to connect to 127.0.0.1:5432&#xD;
[xUnit.net 00:00:22.67]       ------------ System.Net.Sockets.SocketException : No connection could be made because the target machine actively refused it.&#xD;
[xUnit.net 00:00:22.67]       Stack Trace:&#xD;
[xUnit.net 00:00:22.67]            at Npgsql.NpgsqlMultiHostDataSource.Get(NpgsqlConnection conn, NpgsqlTimeout timeout, Boolean async, CancellationToken cancellationToken)&#xD;
[xUnit.net 00:00:22.67]            at Npgsql.NpgsqlConnection.&lt;Open&gt;g__OpenAsync|42_0(Boolean async, CancellationToken cancellationToken)&#xD;
[xUnit.net 00:00:22.67]            at Npgsql.NpgsqlDataSource.OpenConnectionAsync(CancellationToken cancellationToken)&#xD;
[xUnit.net 00:00:22.67]            at Npgsql.NpgsqlDataSource.OpenConnectionAsync(CancellationToken cancellationToken)&#xD;
[xUnit.net 00:00:22.67]         C:\Users\NRaes\Dev\pg-age-digitaltwins\src\AgeDigitalTwins\Jobs\JobService.cs(438,0): at AgeDigitalTwins.Jobs.JobService.InitializeSchemaAsync()&#xD;
[xUnit.net 00:00:22.67]         C:\Users\NRaes\Dev\pg-age-digitaltwins\src\AgeDigitalTwins\Jobs\JobService.cs(37,0): at AgeDigitalTwins.Jobs.JobService..ctor(NpgsqlMultiHostDataSource dataSource, String graphName, ILogger logger)&#xD;
[xUnit.net 00:00:22.67]         C:\Users\NRaes\Dev\pg-age-digitaltwins\src\AgeDigitalTwins\AgeDigitalTwinsClient.cs(61,0): at AgeDigitalTwins.AgeDigitalTwinsClient..ctor(NpgsqlMultiHostDataSource dataSource, AgeDigitalTwinsClientOptions options)&#xD;
[xUnit.net 00:00:22.67]         C:\Users\NRaes\Dev\pg-age-digitaltwins\src\AgeDigitalTwins.Test\TestBase.cs(29,0): at AgeDigitalTwins.Test.TestBase..ctor()&#xD;
[xUnit.net 00:00:22.67]            at AgeDigitalTwins.Test.DistributedLockingTests..ctor()&#xD;
[xUnit.net 00:00:22.67]            at System.RuntimeType.CreateInstanceDefaultCtor(Boolean publicOnly, Boolean wrapExceptions)&#xD;
[xUnit.net 00:00:22.67]         ----- Inner Stack Trace -----&#xD;
[xUnit.net 00:00:22.67]         &#xD;
[xUnit.net 00:00:22.67]         ----- Inner Stack Trace -----&#xD;
[xUnit.net 00:00:22.67]            at Npgsql.Internal.NpgsqlConnector.ConnectAsync(NpgsqlTimeout timeout, CancellationToken cancellationToken)&#xD;
[xUnit.net 00:00:22.67]            at Npgsql.Internal.NpgsqlConnector.RawOpen(SslMode sslMode, NpgsqlTimeout timeout, Boolean async, CancellationToken cancellationToken)&#xD;
[xUnit.net 00:00:22.67]            at Npgsql.Internal.NpgsqlConnector.&lt;Open&gt;g__OpenCore|214_1(NpgsqlConnector conn, SslMode sslMode, NpgsqlTimeout timeout, Boolean async, CancellationToken cancellationToken)&#xD;
[xUnit.net 00:00:22.67]            at Npgsql.Internal.NpgsqlConnector.Open(NpgsqlTimeout timeout, Boolean async, CancellationToken cancellationToken)&#xD;
[xUnit.net 00:00:22.67]            at Npgsql.PoolingDataSource.OpenNewConnector(NpgsqlConnection conn, NpgsqlTimeout timeout, Boolean async, CancellationToken cancellationToken)&#xD;
[xUnit.net 00:00:22.67]            at Npgsql.NpgsqlMultiHostDataSource.TryGetIdleOrNew(NpgsqlConnection conn, TimeSpan timeoutPerHost, Boolean async, TargetSessionAttributes preferredType, Func`3 stateValidator, Int32 poolIndex, IList`1 exceptions, CancellationToken cancellationToken)&#xD;
[xUnit.net 00:00:22.67]         ----- Inner Stack Trace -----&#xD;
[xUnit.net 00:00:22.67]            at System.Net.Sockets.Socket.AwaitableSocketAsyncEventArgs.ThrowException(SocketError error, CancellationToken cancellationToken)&#xD;
[xUnit.net 00:00:22.67]            at System.Net.Sockets.Socket.AwaitableSocketAsyncEventArgs.System.Threading.Tasks.Sources.IValueTaskSource.GetResult(Int16 token)&#xD;
[xUnit.net 00:00:22.67]            at System.Net.Sockets.Socket.&lt;ConnectAsync&gt;g__WaitForConnectWithCancellation|285_0(AwaitableSocketAsyncEventArgs saea, ValueTask connectTask, CancellationToken cancellationToken)&#xD;
[xUnit.net 00:00:22.67]            at Npgsql.TaskTimeoutAndCancellation.ExecuteAsync(Func`2 getTaskFunc, NpgsqlTimeout timeout, CancellationToken cancellationToken)&#xD;
[xUnit.net 00:00:22.67]            at Npgsql.Internal.NpgsqlConnector.ConnectAsync(NpgsqlTimeout timeout, CancellationToken cancellationToken)&#xD;
[xUnit.net 00:00:22.67]       Npgsql.NpgsqlException : Unable to connect to a suitable host. Check inner exception for more details.&#xD;
[xUnit.net 00:00:22.67]       ---- System.AggregateException : One or more errors occurred. (Failed to connect to 127.0.0.1:5432)&#xD;
[xUnit.net 00:00:22.67]       -------- Npgsql.NpgsqlException : Failed to connect to 127.0.0.1:5432&#xD;
[xUnit.net 00:00:22.67]       ------------ System.Net.Sockets.SocketException : No connection could be made because the target machine actively refused it.&#xD;
[xUnit.net 00:00:22.67]       Stack Trace:&#xD;
[xUnit.net 00:00:22.67]            at Npgsql.NpgsqlMultiHostDataSource.Get(NpgsqlConnection conn, NpgsqlTimeout timeout, Boolean async, CancellationToken cancellationToken)&#xD;
[xUnit.net 00:00:22.67]            at Npgsql.NpgsqlConnection.&lt;Open&gt;g__OpenAsync|42_0(Boolean async, CancellationToken cancellationToken)&#xD;
[xUnit.net 00:00:22.67]            at Npgsql.NpgsqlDataSource.OpenConnectionAsync(CancellationToken cancellationToken)&#xD;
[xUnit.net 00:00:22.67]            at Npgsql.NpgsqlDataSource.OpenConnectionAsync(CancellationToken cancellationToken)&#xD;
[xUnit.net 00:00:22.67]         C:\Users\NRaes\Dev\pg-age-digitaltwins\src\AgeDigitalTwins\Jobs\JobService.cs(438,0): at AgeDigitalTwins.Jobs.JobService.InitializeSchemaAsync()&#xD;
[xUnit.net 00:00:22.67]         C:\Users\NRaes\Dev\pg-age-digitaltwins\src\AgeDigitalTwins\Jobs\JobService.cs(37,0): at AgeDigitalTwins.Jobs.JobService..ctor(NpgsqlMultiHostDataSource dataSource, String graphName, ILogger logger)&#xD;
[xUnit.net 00:00:22.67]         C:\Users\NRaes\Dev\pg-age-digitaltwins\src\AgeDigitalTwins\AgeDigitalTwinsClient.cs(61,0): at AgeDigitalTwins.AgeDigitalTwinsClient..ctor(NpgsqlMultiHostDataSource dataSource, AgeDigitalTwinsClientOptions options)&#xD;
[xUnit.net 00:00:22.67]         C:\Users\NRaes\Dev\pg-age-digitaltwins\src\AgeDigitalTwins.Test\TestBase.cs(29,0): at AgeDigitalTwins.Test.TestBase..ctor()&#xD;
[xUnit.net 00:00:22.67]         C:\Users\NRaes\Dev\pg-age-digitaltwins\src\AgeDigitalTwins.Test\DigitalTwinsTests.cs(16,0): at AgeDigitalTwins.Test.DigitalTwinsTests..ctor(ITestOutputHelper output)&#xD;
[xUnit.net 00:00:22.67]            at InvokeStub_DigitalTwinsTests..ctor(Object, Span`1)&#xD;
[xUnit.net 00:00:22.67]            at System.Reflection.MethodBaseInvoker.InvokeWithOneArg(Object obj, BindingFlags invokeAttr, Binder binder, Object[] parameters, CultureInfo culture)&#xD;
[xUnit.net 00:00:22.67]         ----- Inner Stack Trace -----&#xD;
[xUnit.net 00:00:22.67]         &#xD;
[xUnit.net 00:00:22.67]         ----- Inner Stack Trace -----&#xD;
[xUnit.net 00:00:22.67]            at Npgsql.Internal.NpgsqlConnector.ConnectAsync(NpgsqlTimeout timeout, CancellationToken cancellationToken)&#xD;
[xUnit.net 00:00:22.67]            at Npgsql.Internal.NpgsqlConnector.RawOpen(SslMode sslMode, NpgsqlTimeout timeout, Boolean async, CancellationToken cancellationToken)&#xD;
[xUnit.net 00:00:22.67]            at Npgsql.Internal.NpgsqlConnector.&lt;Open&gt;g__OpenCore|214_1(NpgsqlConnector conn, SslMode sslMode, NpgsqlTimeout timeout, Boolean async, CancellationToken cancellationToken)&#xD;
[xUnit.net 00:00:22.67]            at Npgsql.Internal.NpgsqlConnector.Open(NpgsqlTimeout timeout, Boolean async, CancellationToken cancellationToken)&#xD;
[xUnit.net 00:00:22.67]            at Npgsql.PoolingDataSource.OpenNewConnector(NpgsqlConnection conn, NpgsqlTimeout timeout, Boolean async, CancellationToken cancellationToken)&#xD;
[xUnit.net 00:00:22.67]            at Npgsql.NpgsqlMultiHostDataSource.TryGetIdleOrNew(NpgsqlConnection conn, TimeSpan timeoutPerHost, Boolean async, TargetSessionAttributes preferredType, Func`3 stateValidator, Int32 poolIndex, IList`1 exceptions, CancellationToken cancellationToken)&#xD;
[xUnit.net 00:00:22.67]         ----- Inner Stack Trace -----&#xD;
[xUnit.net 00:00:22.67]            at System.Net.Sockets.Socket.AwaitableSocketAsyncEventArgs.ThrowException(SocketError error, CancellationToken cancellationToken)&#xD;
[xUnit.net 00:00:22.67]            at System.Net.Sockets.Socket.AwaitableSocketAsyncEventArgs.System.Threading.Tasks.Sources.IValueTaskSource.GetResult(Int16 token)&#xD;
[xUnit.net 00:00:22.67]            at System.Net.Sockets.Socket.&lt;ConnectAsync&gt;g__WaitForConnectWithCancellation|285_0(AwaitableSocketAsyncEventArgs saea, ValueTask connectTask, CancellationToken cancellationToken)&#xD;
[xUnit.net 00:00:22.67]            at Npgsql.TaskTimeoutAndCancellation.ExecuteAsync(Func`2 getTaskFunc, NpgsqlTimeout timeout, CancellationToken cancellationToken)&#xD;
[xUnit.net 00:00:22.67]            at Npgsql.Internal.NpgsqlConnector.ConnectAsync(NpgsqlTimeout timeout, CancellationToken cancellationToken)&#xD;
[xUnit.net 00:00:22.67]       Npgsql.NpgsqlException : Unable to connect to a suitable host. Check inner exception for more details.&#xD;
[xUnit.net 00:00:22.67]       ---- System.AggregateException : One or more errors occurred. (Failed to connect to 127.0.0.1:5432)&#xD;
[xUnit.net 00:00:22.67]       -------- Npgsql.NpgsqlException : Failed to connect to 127.0.0.1:5432&#xD;
[xUnit.net 00:00:22.67]       ------------ System.Net.Sockets.SocketException : No connection could be made because the target machine actively refused it.&#xD;
[xUnit.net 00:00:22.67]       Stack Trace:&#xD;
[xUnit.net 00:00:22.67]            at Npgsql.NpgsqlMultiHostDataSource.Get(NpgsqlConnection conn, NpgsqlTimeout timeout, Boolean async, CancellationToken cancellationToken)&#xD;
[xUnit.net 00:00:22.67]            at Npgsql.NpgsqlConnection.&lt;Open&gt;g__OpenAsync|42_0(Boolean async, CancellationToken cancellationToken)&#xD;
[xUnit.net 00:00:22.67]            at Npgsql.NpgsqlDataSource.OpenConnectionAsync(CancellationToken cancellationToken)&#xD;
[xUnit.net 00:00:22.67]            at Npgsql.NpgsqlDataSource.OpenConnectionAsync(CancellationToken cancellationToken)&#xD;
[xUnit.net 00:00:22.67]         C:\Users\NRaes\Dev\pg-age-digitaltwins\src\AgeDigitalTwins\Jobs\JobService.cs(438,0): at AgeDigitalTwins.Jobs.JobService.InitializeSchemaAsync()&#xD;
[xUnit.net 00:00:22.67]         C:\Users\NRaes\Dev\pg-age-digitaltwins\src\AgeDigitalTwins\Jobs\JobService.cs(37,0): at AgeDigitalTwins.Jobs.JobService..ctor(NpgsqlMultiHostDataSource dataSource, String graphName, ILogger logger)&#xD;
[xUnit.net 00:00:22.67]         C:\Users\NRaes\Dev\pg-age-digitaltwins\src\AgeDigitalTwins\AgeDigitalTwinsClient.cs(61,0): at AgeDigitalTwins.AgeDigitalTwinsClient..ctor(NpgsqlMultiHostDataSource dataSource, AgeDigitalTwinsClientOptions options)&#xD;
[xUnit.net 00:00:22.67]         C:\Users\NRaes\Dev\pg-age-digitaltwins\src\AgeDigitalTwins.Test\TestBase.cs(29,0): at AgeDigitalTwins.Test.TestBase..ctor()&#xD;
[xUnit.net 00:00:22.67]         C:\Users\NRaes\Dev\pg-age-digitaltwins\src\AgeDigitalTwins.Test\JobServiceTests.cs(34,0): at AgeDigitalTwins.Test.ImportJobSystemTests..ctor(ITestOutputHelper output)&#xD;
[xUnit.net 00:00:22.67]            at InvokeStub_ImportJobSystemTests..ctor(Object, Span`1)&#xD;
[xUnit.net 00:00:22.67]            at System.Reflection.MethodBaseInvoker.InvokeWithOneArg(Object obj, BindingFlags invokeAttr, Binder binder, Object[] parameters, CultureInfo culture)&#xD;
[xUnit.net 00:00:22.67]         ----- Inner Stack Trace -----&#xD;
[xUnit.net 00:00:22.68]         &#xD;
[xUnit.net 00:00:22.68]         ----- Inner Stack Trace -----&#xD;
[xUnit.net 00:00:22.68]            at Npgsql.Internal.NpgsqlConnector.ConnectAsync(NpgsqlTimeout timeout, CancellationToken cancellationToken)&#xD;
[xUnit.net 00:00:22.68]            at Npgsql.Internal.NpgsqlConnector.RawOpen(SslMode sslMode, NpgsqlTimeout timeout, Boolean async, CancellationToken cancellationToken)&#xD;
[xUnit.net 00:00:22.68]            at Npgsql.Internal.NpgsqlConnector.&lt;Open&gt;g__OpenCore|214_1(NpgsqlConnector conn, SslMode sslMode, NpgsqlTimeout timeout, Boolean async, CancellationToken cancellationToken)&#xD;
[xUnit.net 00:00:22.68]            at Npgsql.Internal.NpgsqlConnector.Open(NpgsqlTimeout timeout, Boolean async, CancellationToken cancellationToken)&#xD;
[xUnit.net 00:00:22.68]            at Npgsql.PoolingDataSource.OpenNewConnector(NpgsqlConnection conn, NpgsqlTimeout timeout, Boolean async, CancellationToken cancellationToken)&#xD;
[xUnit.net 00:00:22.68]            at Npgsql.NpgsqlMultiHostDataSource.TryGetIdleOrNew(NpgsqlConnection conn, TimeSpan timeoutPerHost, Boolean async, TargetSessionAttributes preferredType, Func`3 stateValidator, Int32 poolIndex, IList`1 exceptions, CancellationToken cancellationToken)&#xD;
[xUnit.net 00:00:22.68]         ----- Inner Stack Trace -----&#xD;
[xUnit.net 00:00:22.68]            at System.Net.Sockets.Socket.AwaitableSocketAsyncEventArgs.ThrowException(SocketError error, CancellationToken cancellationToken)&#xD;
[xUnit.net 00:00:22.68]            at System.Net.Sockets.Socket.AwaitableSocketAsyncEventArgs.System.Threading.Tasks.Sources.IValueTaskSource.GetResult(Int16 token)&#xD;
[xUnit.net 00:00:22.68]            at System.Net.Sockets.Socket.&lt;ConnectAsync&gt;g__WaitForConnectWithCancellation|285_0(AwaitableSocketAsyncEventArgs saea, ValueTask connectTask, CancellationToken cancellationToken)&#xD;
[xUnit.net 00:00:22.68]            at Npgsql.TaskTimeoutAndCancellation.ExecuteAsync(Func`2 getTaskFunc, NpgsqlTimeout timeout, CancellationToken cancellationToken)&#xD;
[xUnit.net 00:00:22.68]            at Npgsql.Internal.NpgsqlConnector.ConnectAsync(NpgsqlTimeout timeout, CancellationToken cancellationToken)&#xD;
[xUnit.net 00:00:22.68]       Npgsql.NpgsqlException : Unable to connect to a suitable host. Check inner exception for more details.&#xD;
[xUnit.net 00:00:22.68]       ---- System.AggregateException : One or more errors occurred. (Failed to connect to 127.0.0.1:5432)&#xD;
[xUnit.net 00:00:22.68]       -------- Npgsql.NpgsqlException : Failed to connect to 127.0.0.1:5432&#xD;
[xUnit.net 00:00:22.68]       ------------ System.Net.Sockets.SocketException : No connection could be made because the target machine actively refused it.&#xD;
[xUnit.net 00:00:22.68]       Stack Trace:&#xD;
[xUnit.net 00:00:22.68]            at Npgsql.NpgsqlMultiHostDataSource.Get(NpgsqlConnection conn, NpgsqlTimeout timeout, Boolean async, CancellationToken cancellationToken)&#xD;
[xUnit.net 00:00:22.68]            at Npgsql.NpgsqlConnection.&lt;Open&gt;g__OpenAsync|42_0(Boolean async, CancellationToken cancellationToken)&#xD;
[xUnit.net 00:00:22.68]            at Npgsql.NpgsqlDataSource.OpenConnectionAsync(CancellationToken cancellationToken)&#xD;
[xUnit.net 00:00:22.68]            at Npgsql.NpgsqlDataSource.OpenConnectionAsync(CancellationToken cancellationToken)&#xD;
[xUnit.net 00:00:22.68]         C:\Users\NRaes\Dev\pg-age-digitaltwins\src\AgeDigitalTwins\Jobs\JobService.cs(438,0): at AgeDigitalTwins.Jobs.JobService.InitializeSchemaAsync()&#xD;
[xUnit.net 00:00:22.68]         C:\Users\NRaes\Dev\pg-age-digitaltwins\src\AgeDigitalTwins\Jobs\JobService.cs(37,0): at AgeDigitalTwins.Jobs.JobService..ctor(NpgsqlMultiHostDataSource dataSource, String graphName, ILogger logger)&#xD;
[xUnit.net 00:00:22.68]         C:\Users\NRaes\Dev\pg-age-digitaltwins\src\AgeDigitalTwins\AgeDigitalTwinsClient.cs(61,0): at AgeDigitalTwins.AgeDigitalTwinsClient..ctor(NpgsqlMultiHostDataSource dataSource, AgeDigitalTwinsClientOptions options)&#xD;
[xUnit.net 00:00:22.68]         C:\Users\NRaes\Dev\pg-age-digitaltwins\src\AgeDigitalTwins.Test\TestBase.cs(29,0): at AgeDigitalTwins.Test.TestBase..ctor()&#xD;
[xUnit.net 00:00:22.68]            at AgeDigitalTwins.Test.QueryTests..ctor()&#xD;
[xUnit.net 00:00:22.68]            at System.RuntimeType.CreateInstanceDefaultCtor(Boolean publicOnly, Boolean wrapExceptions)&#xD;
[xUnit.net 00:00:22.68]         ----- Inner Stack Trace -----&#xD;
[xUnit.net 00:00:22.68]         &#xD;
[xUnit.net 00:00:22.68]         ----- Inner Stack Trace -----&#xD;
[xUnit.net 00:00:22.68]            at Npgsql.Internal.NpgsqlConnector.ConnectAsync(NpgsqlTimeout timeout, CancellationToken cancellationToken)&#xD;
[xUnit.net 00:00:22.68]            at Npgsql.Internal.NpgsqlConnector.RawOpen(SslMode sslMode, NpgsqlTimeout timeout, Boolean async, CancellationToken cancellationToken)&#xD;
[xUnit.net 00:00:22.68]            at Npgsql.Internal.NpgsqlConnector.&lt;Open&gt;g__OpenCore|214_1(NpgsqlConnector conn, SslMode sslMode, NpgsqlTimeout timeout, Boolean async, CancellationToken cancellationToken)&#xD;
[xUnit.net 00:00:22.68]            at Npgsql.Internal.NpgsqlConnector.Open(NpgsqlTimeout timeout, Boolean async, CancellationToken cancellationToken)&#xD;
[xUnit.net 00:00:22.68]            at Npgsql.PoolingDataSource.OpenNewConnector(NpgsqlConnection conn, NpgsqlTimeout timeout, Boolean async, CancellationToken cancellationToken)&#xD;
[xUnit.net 00:00:22.68]            at Npgsql.NpgsqlMultiHostDataSource.TryGetIdleOrNew(NpgsqlConnection conn, TimeSpan timeoutPerHost, Boolean async, TargetSessionAttributes preferredType, Func`3 stateValidator, Int32 poolIndex, IList`1 exceptions, CancellationToken cancellationToken)&#xD;
[xUnit.net 00:00:22.68]         ----- Inner Stack Trace -----&#xD;
[xUnit.net 00:00:22.68]            at System.Net.Sockets.Socket.AwaitableSocketAsyncEventArgs.ThrowException(SocketError error, CancellationToken cancellationToken)&#xD;
[xUnit.net 00:00:22.68]            at System.Net.Sockets.Socket.AwaitableSocketAsyncEventArgs.System.Threading.Tasks.Sources.IValueTaskSource.GetResult(Int16 token)&#xD;
[xUnit.net 00:00:22.68]            at System.Net.Sockets.Socket.&lt;ConnectAsync&gt;g__WaitForConnectWithCancellation|285_0(AwaitableSocketAsyncEventArgs saea, ValueTask connectTask, CancellationToken cancellationToken)&#xD;
[xUnit.net 00:00:22.68]            at Npgsql.TaskTimeoutAndCancellation.ExecuteAsync(Func`2 getTaskFunc, NpgsqlTimeout timeout, CancellationToken cancellationToken)&#xD;
[xUnit.net 00:00:22.68]            at Npgsql.Internal.NpgsqlConnector.ConnectAsync(NpgsqlTimeout timeout, CancellationToken cancellationToken)&#xD;
[xUnit.net 00:00:22.68]       Npgsql.NpgsqlException : Unable to connect to a suitable host. Check inner exception for more details.&#xD;
[xUnit.net 00:00:22.68]       ---- System.AggregateException : One or more errors occurred. (Failed to connect to 127.0.0.1:5432)&#xD;
[xUnit.net 00:00:22.68]       -------- Npgsql.NpgsqlException : Failed to connect to 127.0.0.1:5432&#xD;
[xUnit.net 00:00:22.68]       ------------ System.Net.Sockets.SocketException : No connection could be made because the target machine actively refused it.&#xD;
[xUnit.net 00:00:22.68]       Stack Trace:&#xD;
[xUnit.net 00:00:22.68]            at Npgsql.NpgsqlMultiHostDataSource.Get(NpgsqlConnection conn, NpgsqlTimeout timeout, Boolean async, CancellationToken cancellationToken)&#xD;
[xUnit.net 00:00:22.68]            at Npgsql.NpgsqlConnection.&lt;Open&gt;g__OpenAsync|42_0(Boolean async, CancellationToken cancellationToken)&#xD;
[xUnit.net 00:00:22.68]            at Npgsql.NpgsqlDataSource.OpenConnectionAsync(CancellationToken cancellationToken)&#xD;
[xUnit.net 00:00:22.68]            at Npgsql.NpgsqlDataSource.OpenConnectionAsync(CancellationToken cancellationToken)&#xD;
[xUnit.net 00:00:22.68]         C:\Users\NRaes\Dev\pg-age-digitaltwins\src\AgeDigitalTwins\Jobs\JobService.cs(438,0): at AgeDigitalTwins.Jobs.JobService.InitializeSchemaAsync()&#xD;
[xUnit.net 00:00:22.68]         C:\Users\NRaes\Dev\pg-age-digitaltwins\src\AgeDigitalTwins\Jobs\JobService.cs(37,0): at AgeDigitalTwins.Jobs.JobService..ctor(NpgsqlMultiHostDataSource dataSource, String graphName, ILogger logger)&#xD;
[xUnit.net 00:00:22.68]         C:\Users\NRaes\Dev\pg-age-digitaltwins\src\AgeDigitalTwins\AgeDigitalTwinsClient.cs(61,0): at AgeDigitalTwins.AgeDigitalTwinsClient..ctor(NpgsqlMultiHostDataSource dataSource, AgeDigitalTwinsClientOptions options)&#xD;
[xUnit.net 00:00:22.68]         C:\Users\NRaes\Dev\pg-age-digitaltwins\src\AgeDigitalTwins.Test\TestBase.cs(29,0): at AgeDigitalTwins.Test.TestBase..ctor()&#xD;
[xUnit.net 00:00:22.68]            at AgeDigitalTwins.Test.ModelsTests..ctor()&#xD;
[xUnit.net 00:00:22.68]            at System.RuntimeType.CreateInstanceDefaultCtor(Boolean publicOnly, Boolean wrapExceptions)&#xD;
[xUnit.net 00:00:22.68]         ----- Inner Stack Trace -----&#xD;
[xUnit.net 00:00:22.68]         &#xD;
[xUnit.net 00:00:22.68]         ----- Inner Stack Trace -----&#xD;
[xUnit.net 00:00:22.68]            at Npgsql.Internal.NpgsqlConnector.ConnectAsync(NpgsqlTimeout timeout, CancellationToken cancellationToken)&#xD;
[xUnit.net 00:00:22.68]            at Npgsql.Internal.NpgsqlConnector.RawOpen(SslMode sslMode, NpgsqlTimeout timeout, Boolean async, CancellationToken cancellationToken)&#xD;
[xUnit.net 00:00:22.68]            at Npgsql.Internal.NpgsqlConnector.&lt;Open&gt;g__OpenCore|214_1(NpgsqlConnector conn, SslMode sslMode, NpgsqlTimeout timeout, Boolean async, CancellationToken cancellationToken)&#xD;
[xUnit.net 00:00:22.68]            at Npgsql.Internal.NpgsqlConnector.Open(NpgsqlTimeout timeout, Boolean async, CancellationToken cancellationToken)&#xD;
[xUnit.net 00:00:22.68]            at Npgsql.PoolingDataSource.OpenNewConnector(NpgsqlConnection conn, NpgsqlTimeout timeout, Boolean async, CancellationToken cancellationToken)&#xD;
[xUnit.net 00:00:22.68]            at Npgsql.NpgsqlMultiHostDataSource.TryGetIdleOrNew(NpgsqlConnection conn, TimeSpan timeoutPerHost, Boolean async, TargetSessionAttributes preferredType, Func`3 stateValidator, Int32 poolIndex, IList`1 exceptions, CancellationToken cancellationToken)&#xD;
[xUnit.net 00:00:22.68]         ----- Inner Stack Trace -----&#xD;
[xUnit.net 00:00:22.68]            at System.Net.Sockets.Socket.AwaitableSocketAsyncEventArgs.ThrowException(SocketError error, CancellationToken cancellationToken)&#xD;
[xUnit.net 00:00:22.68]            at System.Net.Sockets.Socket.AwaitableSocketAsyncEventArgs.System.Threading.Tasks.Sources.IValueTaskSource.GetResult(Int16 token)&#xD;
[xUnit.net 00:00:22.68]            at System.Net.Sockets.Socket.&lt;ConnectAsync&gt;g__WaitForConnectWithCancellation|285_0(AwaitableSocketAsyncEventArgs saea, ValueTask connectTask, CancellationToken cancellationToken)&#xD;
[xUnit.net 00:00:22.68]            at Npgsql.TaskTimeoutAndCancellation.ExecuteAsync(Func`2 getTaskFunc, NpgsqlTimeout timeout, CancellationToken cancellationToken)&#xD;
[xUnit.net 00:00:22.68]            at Npgsql.Internal.NpgsqlConnector.ConnectAsync(NpgsqlTimeout timeout, CancellationToken cancellationToken)&#xD;
[xUnit.net 00:00:26.74]       Npgsql.NpgsqlException : Unable to connect to a suitable host. Check inner exception for more details.&#xD;
[xUnit.net 00:00:26.74]       ---- System.AggregateException : One or more errors occurred. (Failed to connect to 127.0.0.1:5432)&#xD;
[xUnit.net 00:00:26.74]       -------- Npgsql.NpgsqlException : Failed to connect to 127.0.0.1:5432&#xD;
[xUnit.net 00:00:26.74]       ------------ System.Net.Sockets.SocketException : No connection could be made because the target machine actively refused it.&#xD;
[xUnit.net 00:00:26.74]       Stack Trace:&#xD;
[xUnit.net 00:00:26.74]            at Npgsql.NpgsqlMultiHostDataSource.Get(NpgsqlConnection conn, NpgsqlTimeout timeout, Boolean async, CancellationToken cancellationToken)&#xD;
[xUnit.net 00:00:26.74]            at Npgsql.NpgsqlConnection.&lt;Open&gt;g__OpenAsync|42_0(Boolean async, CancellationToken cancellationToken)&#xD;
[xUnit.net 00:00:26.74]            at Npgsql.NpgsqlDataSource.OpenConnectionAsync(CancellationToken cancellationToken)&#xD;
[xUnit.net 00:00:26.74]            at Npgsql.NpgsqlDataSource.OpenConnectionAsync(CancellationToken cancellationToken)&#xD;
[xUnit.net 00:00:26.74]         C:\Users\NRaes\Dev\pg-age-digitaltwins\src\AgeDigitalTwins\Jobs\JobService.cs(438,0): at AgeDigitalTwins.Jobs.JobService.InitializeSchemaAsync()&#xD;
[xUnit.net 00:00:26.74]         C:\Users\NRaes\Dev\pg-age-digitaltwins\src\AgeDigitalTwins\Jobs\JobService.cs(37,0): at AgeDigitalTwins.Jobs.JobService..ctor(NpgsqlMultiHostDataSource dataSource, String graphName, ILogger logger)&#xD;
[xUnit.net 00:00:26.74]         C:\Users\NRaes\Dev\pg-age-digitaltwins\src\AgeDigitalTwins\AgeDigitalTwinsClient.cs(61,0): at AgeDigitalTwins.AgeDigitalTwinsClient..ctor(NpgsqlMultiHostDataSource dataSource, AgeDigitalTwinsClientOptions options)&#xD;
[xUnit.net 00:00:26.74]         C:\Users\NRaes\Dev\pg-age-digitaltwins\src\AgeDigitalTwins.Test\TestBase.cs(29,0): at AgeDigitalTwins.Test.TestBase..ctor()&#xD;
[xUnit.net 00:00:26.74]            at AgeDigitalTwins.Test.ModelsTests..ctor()&#xD;
[xUnit.net 00:00:26.74]            at System.RuntimeType.CreateInstanceDefaultCtor(Boolean publicOnly, Boolean wrapExceptions)&#xD;
[xUnit.net 00:00:26.74]         ----- Inner Stack Trace -----&#xD;
[xUnit.net 00:00:26.74]         &#xD;
[xUnit.net 00:00:26.74]         ----- Inner Stack Trace -----&#xD;
[xUnit.net 00:00:26.74]            at Npgsql.Internal.NpgsqlConnector.ConnectAsync(NpgsqlTimeout timeout, CancellationToken cancellationToken)&#xD;
[xUnit.net 00:00:26.74]            at Npgsql.Internal.NpgsqlConnector.RawOpen(SslMode sslMode, NpgsqlTimeout timeout, Boolean async, CancellationToken cancellationToken)&#xD;
[xUnit.net 00:00:26.74]            at Npgsql.Internal.NpgsqlConnector.&lt;Open&gt;g__OpenCore|214_1(NpgsqlConnector conn, SslMode sslMode, NpgsqlTimeout timeout, Boolean async, CancellationToken cancellationToken)&#xD;
[xUnit.net 00:00:26.74]            at Npgsql.Internal.NpgsqlConnector.Open(NpgsqlTimeout timeout, Boolean async, CancellationToken cancellationToken)&#xD;
[xUnit.net 00:00:26.74]            at Npgsql.PoolingDataSource.OpenNewConnector(NpgsqlConnection conn, NpgsqlTimeout timeout, Boolean async, CancellationToken cancellationToken)&#xD;
[xUnit.net 00:00:26.74]            at Npgsql.NpgsqlMultiHostDataSource.TryGetIdleOrNew(NpgsqlConnection conn, TimeSpan timeoutPerHost, Boolean async, TargetSessionAttributes preferredType, Func`3 stateValidator, Int32 poolIndex, IList`1 exceptions, CancellationToken cancellationToken)&#xD;
[xUnit.net 00:00:26.74]         ----- Inner Stack Trace -----&#xD;
[xUnit.net 00:00:26.74]            at System.Net.Sockets.Socket.AwaitableSocketAsyncEventArgs.ThrowException(SocketError error, CancellationToken cancellationToken)&#xD;
[xUnit.net 00:00:26.74]            at System.Net.Sockets.Socket.AwaitableSocketAsyncEventArgs.System.Threading.Tasks.Sources.IValueTaskSource.GetResult(Int16 token)&#xD;
[xUnit.net 00:00:26.74]            at System.Net.Sockets.Socket.&lt;ConnectAsync&gt;g__WaitForConnectWithCancellation|285_0(AwaitableSocketAsyncEventArgs saea, ValueTask connectTask, CancellationToken cancellationToken)&#xD;
[xUnit.net 00:00:26.74]            at Npgsql.TaskTimeoutAndCancellation.ExecuteAsync(Func`2 getTaskFunc, NpgsqlTimeout timeout, CancellationToken cancellationToken)&#xD;
[xUnit.net 00:00:26.74]            at Npgsql.Internal.NpgsqlConnector.ConnectAsync(NpgsqlTimeout timeout, CancellationToken cancellationToken)&#xD;
[xUnit.net 00:00:26.75]       Npgsql.NpgsqlException : Unable to connect to a suitable host. Check inner exception for more details.&#xD;
[xUnit.net 00:00:26.75]       ---- System.AggregateException : One or more errors occurred. (Failed to connect to 127.0.0.1:5432)&#xD;
[xUnit.net 00:00:26.75]       -------- Npgsql.NpgsqlException : Failed to connect to 127.0.0.1:5432&#xD;
[xUnit.net 00:00:26.75]       ------------ System.Net.Sockets.SocketException : No connection could be made because the target machine actively refused it.&#xD;
[xUnit.net 00:00:26.75]       Stack Trace:&#xD;
[xUnit.net 00:00:26.75]            at Npgsql.NpgsqlMultiHostDataSource.Get(NpgsqlConnection conn, NpgsqlTimeout timeout, Boolean async, CancellationToken cancellationToken)&#xD;
[xUnit.net 00:00:26.75]            at Npgsql.NpgsqlConnection.&lt;Open&gt;g__OpenAsync|42_0(Boolean async, CancellationToken cancellationToken)&#xD;
[xUnit.net 00:00:26.75]            at Npgsql.NpgsqlDataSource.OpenConnectionAsync(CancellationToken cancellationToken)&#xD;
[xUnit.net 00:00:26.75]            at Npgsql.NpgsqlDataSource.OpenConnectionAsync(CancellationToken cancellationToken)&#xD;
[xUnit.net 00:00:26.75]         C:\Users\NRaes\Dev\pg-age-digitaltwins\src\AgeDigitalTwins\Jobs\JobService.cs(438,0): at AgeDigitalTwins.Jobs.JobService.InitializeSchemaAsync()&#xD;
[xUnit.net 00:00:26.75]         C:\Users\NRaes\Dev\pg-age-digitaltwins\src\AgeDigitalTwins\Jobs\JobService.cs(37,0): at AgeDigitalTwins.Jobs.JobService..ctor(NpgsqlMultiHostDataSource dataSource, String graphName, ILogger logger)&#xD;
[xUnit.net 00:00:26.75]         C:\Users\NRaes\Dev\pg-age-digitaltwins\src\AgeDigitalTwins\AgeDigitalTwinsClient.cs(61,0): at AgeDigitalTwins.AgeDigitalTwinsClient..ctor(NpgsqlMultiHostDataSource dataSource, AgeDigitalTwinsClientOptions options)&#xD;
[xUnit.net 00:00:26.75]         C:\Users\NRaes\Dev\pg-age-digitaltwins\src\AgeDigitalTwins.Test\TestBase.cs(29,0): at AgeDigitalTwins.Test.TestBase..ctor()&#xD;
[xUnit.net 00:00:26.75]         C:\Users\NRaes\Dev\pg-age-digitaltwins\src\AgeDigitalTwins.Test\ImportJobTests.cs(16,0): at AgeDigitalTwins.Test.ImportJobTests..ctor(ITestOutputHelper output)&#xD;
[xUnit.net 00:00:26.75]            at InvokeStub_ImportJobTests..ctor(Object, Span`1)&#xD;
[xUnit.net 00:00:26.75]            at System.Reflection.MethodBaseInvoker.InvokeWithOneArg(Object obj, BindingFlags invokeAttr, Binder binder, Object[] parameters, CultureInfo culture)&#xD;
[xUnit.net 00:00:26.75]         ----- Inner Stack Trace -----&#xD;
[xUnit.net 00:00:26.75]         &#xD;
[xUnit.net 00:00:26.75]         ----- Inner Stack Trace -----&#xD;
[xUnit.net 00:00:26.75]            at Npgsql.Internal.NpgsqlConnector.ConnectAsync(NpgsqlTimeout timeout, CancellationToken cancellationToken)&#xD;
[xUnit.net 00:00:26.75]            at Npgsql.Internal.NpgsqlConnector.RawOpen(SslMode sslMode, NpgsqlTimeout timeout, Boolean async, CancellationToken cancellationToken)&#xD;
[xUnit.net 00:00:26.75]            at Npgsql.Internal.NpgsqlConnector.&lt;Open&gt;g__OpenCore|214_1(NpgsqlConnector conn, SslMode sslMode, NpgsqlTimeout timeout, Boolean async, CancellationToken cancellationToken)&#xD;
[xUnit.net 00:00:26.75]            at Npgsql.Internal.NpgsqlConnector.Open(NpgsqlTimeout timeout, Boolean async, CancellationToken cancellationToken)&#xD;
[xUnit.net 00:00:26.75]            at Npgsql.PoolingDataSource.OpenNewConnector(NpgsqlConnection conn, NpgsqlTimeout timeout, Boolean async, CancellationToken cancellationToken)&#xD;
[xUnit.net 00:00:26.75]            at Npgsql.NpgsqlMultiHostDataSource.TryGetIdleOrNew(NpgsqlConnection conn, TimeSpan timeoutPerHost, Boolean async, TargetSessionAttributes preferredType, Func`3 stateValidator, Int32 poolIndex, IList`1 exceptions, CancellationToken cancellationToken)&#xD;
[xUnit.net 00:00:26.75]         ----- Inner Stack Trace -----&#xD;
[xUnit.net 00:00:26.75]            at System.Net.Sockets.Socket.AwaitableSocketAsyncEventArgs.ThrowException(SocketError error, CancellationToken cancellationToken)&#xD;
[xUnit.net 00:00:26.75]            at System.Net.Sockets.Socket.AwaitableSocketAsyncEventArgs.System.Threading.Tasks.Sources.IValueTaskSource.GetResult(Int16 token)&#xD;
[xUnit.net 00:00:26.75]            at System.Net.Sockets.Socket.&lt;ConnectAsync&gt;g__WaitForConnectWithCancellation|285_0(AwaitableSocketAsyncEventArgs saea, ValueTask connectTask, CancellationToken cancellationToken)&#xD;
[xUnit.net 00:00:26.75]            at Npgsql.TaskTimeoutAndCancellation.ExecuteAsync(Func`2 getTaskFunc, NpgsqlTimeout timeout, CancellationToken cancellationToken)&#xD;
[xUnit.net 00:00:26.75]            at Npgsql.Internal.NpgsqlConnector.ConnectAsync(NpgsqlTimeout timeout, CancellationToken cancellationToken)&#xD;
[xUnit.net 00:00:26.75]       Npgsql.NpgsqlException : Unable to connect to a suitable host. Check inner exception for more details.&#xD;
[xUnit.net 00:00:26.75]       ---- System.AggregateException : One or more errors occurred. (Failed to connect to 127.0.0.1:5432)&#xD;
[xUnit.net 00:00:26.75]       -------- Npgsql.NpgsqlException : Failed to connect to 127.0.0.1:5432&#xD;
[xUnit.net 00:00:26.75]       ------------ System.Net.Sockets.SocketException : No connection could be made because the target machine actively refused it.&#xD;
[xUnit.net 00:00:26.75]       Stack Trace:&#xD;
[xUnit.net 00:00:26.75]            at Npgsql.NpgsqlMultiHostDataSource.Get(NpgsqlConnection conn, NpgsqlTimeout timeout, Boolean async, CancellationToken cancellationToken)&#xD;
[xUnit.net 00:00:26.75]            at Npgsql.NpgsqlConnection.&lt;Open&gt;g__OpenAsync|42_0(Boolean async, CancellationToken cancellationToken)&#xD;
[xUnit.net 00:00:26.75]            at Npgsql.NpgsqlDataSource.OpenConnectionAsync(CancellationToken cancellationToken)&#xD;
[xUnit.net 00:00:26.75]            at Npgsql.NpgsqlDataSource.OpenConnectionAsync(CancellationToken cancellationToken)&#xD;
[xUnit.net 00:00:26.75]         C:\Users\NRaes\Dev\pg-age-digitaltwins\src\AgeDigitalTwins\Jobs\JobService.cs(438,0): at AgeDigitalTwins.Jobs.JobService.InitializeSchemaAsync()&#xD;
[xUnit.net 00:00:26.75]         C:\Users\NRaes\Dev\pg-age-digitaltwins\src\AgeDigitalTwins\Jobs\JobService.cs(37,0): at AgeDigitalTwins.Jobs.JobService..ctor(NpgsqlMultiHostDataSource dataSource, String graphName, ILogger logger)&#xD;
[xUnit.net 00:00:26.75]         C:\Users\NRaes\Dev\pg-age-digitaltwins\src\AgeDigitalTwins\AgeDigitalTwinsClient.cs(61,0): at AgeDigitalTwins.AgeDigitalTwinsClient..ctor(NpgsqlMultiHostDataSource dataSource, AgeDigitalTwinsClientOptions options)&#xD;
[xUnit.net 00:00:26.75]         C:\Users\NRaes\Dev\pg-age-digitaltwins\src\AgeDigitalTwins.Test\TestBase.cs(29,0): at AgeDigitalTwins.Test.TestBase..ctor()&#xD;
[xUnit.net 00:00:26.75]         C:\Users\NRaes\Dev\pg-age-digitaltwins\src\AgeDigitalTwins.Test\JobServiceTests.cs(34,0): at AgeDigitalTwins.Test.ImportJobSystemTests..ctor(ITestOutputHelper output)&#xD;
[xUnit.net 00:00:26.75]            at InvokeStub_ImportJobSystemTests..ctor(Object, Span`1)&#xD;
[xUnit.net 00:00:26.75]            at System.Reflection.MethodBaseInvoker.InvokeWithOneArg(Object obj, BindingFlags invokeAttr, Binder binder, Object[] parameters, CultureInfo culture)&#xD;
[xUnit.net 00:00:26.75]         ----- Inner Stack Trace -----&#xD;
[xUnit.net 00:00:26.75]         &#xD;
[xUnit.net 00:00:26.75]         ----- Inner Stack Trace -----&#xD;
[xUnit.net 00:00:26.75]            at Npgsql.Internal.NpgsqlConnector.ConnectAsync(NpgsqlTimeout timeout, CancellationToken cancellationToken)&#xD;
[xUnit.net 00:00:26.75]            at Npgsql.Internal.NpgsqlConnector.RawOpen(SslMode sslMode, NpgsqlTimeout timeout, Boolean async, CancellationToken cancellationToken)&#xD;
[xUnit.net 00:00:26.75]            at Npgsql.Internal.NpgsqlConnector.&lt;Open&gt;g__OpenCore|214_1(NpgsqlConnector conn, SslMode sslMode, NpgsqlTimeout timeout, Boolean async, CancellationToken cancellationToken)&#xD;
[xUnit.net 00:00:26.75]            at Npgsql.Internal.NpgsqlConnector.Open(NpgsqlTimeout timeout, Boolean async, CancellationToken cancellationToken)&#xD;
[xUnit.net 00:00:26.75]            at Npgsql.PoolingDataSource.OpenNewConnector(NpgsqlConnection conn, NpgsqlTimeout timeout, Boolean async, CancellationToken cancellationToken)&#xD;
[xUnit.net 00:00:26.75]            at Npgsql.NpgsqlMultiHostDataSource.TryGetIdleOrNew(NpgsqlConnection conn, TimeSpan timeoutPerHost, Boolean async, TargetSessionAttributes preferredType, Func`3 stateValidator, Int32 poolIndex, IList`1 exceptions, CancellationToken cancellationToken)&#xD;
[xUnit.net 00:00:26.75]         ----- Inner Stack Trace -----&#xD;
[xUnit.net 00:00:26.75]            at System.Net.Sockets.Socket.AwaitableSocketAsyncEventArgs.ThrowException(SocketError error, CancellationToken cancellationToken)&#xD;
[xUnit.net 00:00:26.75]            at System.Net.Sockets.Socket.AwaitableSocketAsyncEventArgs.System.Threading.Tasks.Sources.IValueTaskSource.GetResult(Int16 token)&#xD;
[xUnit.net 00:00:26.75]            at System.Net.Sockets.Socket.&lt;ConnectAsync&gt;g__WaitForConnectWithCancellation|285_0(AwaitableSocketAsyncEventArgs saea, ValueTask connectTask, CancellationToken cancellationToken)&#xD;
[xUnit.net 00:00:26.75]            at Npgsql.TaskTimeoutAndCancellation.ExecuteAsync(Func`2 getTaskFunc, NpgsqlTimeout timeout, CancellationToken cancellationToken)&#xD;
[xUnit.net 00:00:26.75]            at Npgsql.Internal.NpgsqlConnector.ConnectAsync(NpgsqlTimeout timeout, CancellationToken cancellationToken)&#xD;
[xUnit.net 00:00:26.75]       Npgsql.NpgsqlException : Unable to connect to a suitable host. Check inner exception for more details.&#xD;
[xUnit.net 00:00:26.75]       ---- System.AggregateException : One or more errors occurred. (Failed to connect to 127.0.0.1:5432)&#xD;
[xUnit.net 00:00:26.75]       -------- Npgsql.NpgsqlException : Failed to connect to 127.0.0.1:5432&#xD;
[xUnit.net 00:00:26.75]       ------------ System.Net.Sockets.SocketException : No connection could be made because the target machine actively refused it.&#xD;
[xUnit.net 00:00:26.75]       Stack Trace:&#xD;
[xUnit.net 00:00:26.75]            at Npgsql.NpgsqlMultiHostDataSource.Get(NpgsqlConnection conn, NpgsqlTimeout timeout, Boolean async, CancellationToken cancellationToken)&#xD;
[xUnit.net 00:00:26.75]            at Npgsql.NpgsqlConnection.&lt;Open&gt;g__OpenAsync|42_0(Boolean async, CancellationToken cancellationToken)&#xD;
[xUnit.net 00:00:26.75]            at Npgsql.NpgsqlDataSource.OpenConnectionAsync(CancellationToken cancellationToken)&#xD;
[xUnit.net 00:00:26.75]            at Npgsql.NpgsqlDataSource.OpenConnectionAsync(CancellationToken cancellationToken)&#xD;
[xUnit.net 00:00:26.75]         C:\Users\NRaes\Dev\pg-age-digitaltwins\src\AgeDigitalTwins\Jobs\JobService.cs(438,0): at AgeDigitalTwins.Jobs.JobService.InitializeSchemaAsync()&#xD;
[xUnit.net 00:00:26.75]         C:\Users\NRaes\Dev\pg-age-digitaltwins\src\AgeDigitalTwins\Jobs\JobService.cs(37,0): at AgeDigitalTwins.Jobs.JobService..ctor(NpgsqlMultiHostDataSource dataSource, String graphName, ILogger logger)&#xD;
[xUnit.net 00:00:26.75]         C:\Users\NRaes\Dev\pg-age-digitaltwins\src\AgeDigitalTwins\AgeDigitalTwinsClient.cs(61,0): at AgeDigitalTwins.AgeDigitalTwinsClient..ctor(NpgsqlMultiHostDataSource dataSource, AgeDigitalTwinsClientOptions options)&#xD;
[xUnit.net 00:00:26.75]         C:\Users\NRaes\Dev\pg-age-digitaltwins\src\AgeDigitalTwins.Test\TestBase.cs(29,0): at AgeDigitalTwins.Test.TestBase..ctor()&#xD;
[xUnit.net 00:00:26.75]            at AgeDigitalTwins.Test.QueryTests..ctor()&#xD;
[xUnit.net 00:00:26.75]            at System.RuntimeType.CreateInstanceDefaultCtor(Boolean publicOnly, Boolean wrapExceptions)&#xD;
[xUnit.net 00:00:26.75]         ----- Inner Stack Trace -----&#xD;
[xUnit.net 00:00:26.75]         &#xD;
[xUnit.net 00:00:26.75]         ----- Inner Stack Trace -----&#xD;
[xUnit.net 00:00:26.75]            at Npgsql.Internal.NpgsqlConnector.ConnectAsync(NpgsqlTimeout timeout, CancellationToken cancellationToken)&#xD;
[xUnit.net 00:00:26.75]            at Npgsql.Internal.NpgsqlConnector.RawOpen(SslMode sslMode, NpgsqlTimeout timeout, Boolean async, CancellationToken cancellationToken)&#xD;
[xUnit.net 00:00:26.75]            at Npgsql.Internal.NpgsqlConnector.&lt;Open&gt;g__OpenCore|214_1(NpgsqlConnector conn, SslMode sslMode, NpgsqlTimeout timeout, Boolean async, CancellationToken cancellationToken)&#xD;
[xUnit.net 00:00:26.75]            at Npgsql.Internal.NpgsqlConnector.Open(NpgsqlTimeout timeout, Boolean async, CancellationToken cancellationToken)&#xD;
[xUnit.net 00:00:26.75]            at Npgsql.PoolingDataSource.OpenNewConnector(NpgsqlConnection conn, NpgsqlTimeout timeout, Boolean async, CancellationToken cancellationToken)&#xD;
[xUnit.net 00:00:26.75]            at Npgsql.NpgsqlMultiHostDataSource.TryGetIdleOrNew(NpgsqlConnection conn, TimeSpan timeoutPerHost, Boolean async, TargetSessionAttributes preferredType, Func`3 stateValidator, Int32 poolIndex, IList`1 exceptions, CancellationToken cancellationToken)&#xD;
[xUnit.net 00:00:26.76]         ----- Inner Stack Trace -----&#xD;
[xUnit.net 00:00:26.76]            at System.Net.Sockets.Socket.AwaitableSocketAsyncEventArgs.ThrowException(SocketError error, CancellationToken cancellationToken)&#xD;
[xUnit.net 00:00:26.76]            at System.Net.Sockets.Socket.AwaitableSocketAsyncEventArgs.System.Threading.Tasks.Sources.IValueTaskSource.GetResult(Int16 token)&#xD;
[xUnit.net 00:00:26.76]            at System.Net.Sockets.Socket.&lt;ConnectAsync&gt;g__WaitForConnectWithCancellation|285_0(AwaitableSocketAsyncEventArgs saea, ValueTask connectTask, CancellationToken cancellationToken)&#xD;
[xUnit.net 00:00:26.76]            at Npgsql.TaskTimeoutAndCancellation.ExecuteAsync(Func`2 getTaskFunc, NpgsqlTimeout timeout, CancellationToken cancellationToken)&#xD;
[xUnit.net 00:00:26.76]            at Npgsql.Internal.NpgsqlConnector.ConnectAsync(NpgsqlTimeout timeout, CancellationToken cancellationToken)&#xD;
[xUnit.net 00:00:26.76]       Npgsql.NpgsqlException : Unable to connect to a suitable host. Check inner exception for more details.&#xD;
[xUnit.net 00:00:26.76]       ---- System.AggregateException : One or more errors occurred. (Failed to connect to 127.0.0.1:5432)&#xD;
[xUnit.net 00:00:26.76]       -------- Npgsql.NpgsqlException : Failed to connect to 127.0.0.1:5432&#xD;
[xUnit.net 00:00:26.76]       ------------ System.Net.Sockets.SocketException : No connection could be made because the target machine actively refused it.&#xD;
[xUnit.net 00:00:26.76]       Stack Trace:&#xD;
[xUnit.net 00:00:26.76]            at Npgsql.NpgsqlMultiHostDataSource.Get(NpgsqlConnection conn, NpgsqlTimeout timeout, Boolean async, CancellationToken cancellationToken)&#xD;
[xUnit.net 00:00:26.76]            at Npgsql.NpgsqlConnection.&lt;Open&gt;g__OpenAsync|42_0(Boolean async, CancellationToken cancellationToken)&#xD;
[xUnit.net 00:00:26.76]            at Npgsql.NpgsqlDataSource.OpenConnectionAsync(CancellationToken cancellationToken)&#xD;
[xUnit.net 00:00:26.76]            at Npgsql.NpgsqlDataSource.OpenConnectionAsync(CancellationToken cancellationToken)&#xD;
[xUnit.net 00:00:26.76]         C:\Users\NRaes\Dev\pg-age-digitaltwins\src\AgeDigitalTwins\Jobs\JobService.cs(438,0): at AgeDigitalTwins.Jobs.JobService.InitializeSchemaAsync()&#xD;
[xUnit.net 00:00:26.76]         C:\Users\NRaes\Dev\pg-age-digitaltwins\src\AgeDigitalTwins\Jobs\JobService.cs(37,0): at AgeDigitalTwins.Jobs.JobService..ctor(NpgsqlMultiHostDataSource dataSource, String graphName, ILogger logger)&#xD;
[xUnit.net 00:00:26.76]         C:\Users\NRaes\Dev\pg-age-digitaltwins\src\AgeDigitalTwins\AgeDigitalTwinsClient.cs(61,0): at AgeDigitalTwins.AgeDigitalTwinsClient..ctor(NpgsqlMultiHostDataSource dataSource, AgeDigitalTwinsClientOptions options)&#xD;
[xUnit.net 00:00:26.76]         C:\Users\NRaes\Dev\pg-age-digitaltwins\src\AgeDigitalTwins.Test\TestBase.cs(29,0): at AgeDigitalTwins.Test.TestBase..ctor()&#xD;
[xUnit.net 00:00:26.76]            at AgeDigitalTwins.Test.DistributedLockingTests..ctor()&#xD;
[xUnit.net 00:00:26.76]            at System.RuntimeType.CreateInstanceDefaultCtor(Boolean publicOnly, Boolean wrapExceptions)&#xD;
[xUnit.net 00:00:26.76]         ----- Inner Stack Trace -----&#xD;
[xUnit.net 00:00:26.76]         &#xD;
[xUnit.net 00:00:26.76]         ----- Inner Stack Trace -----&#xD;
[xUnit.net 00:00:26.76]            at Npgsql.Internal.NpgsqlConnector.ConnectAsync(NpgsqlTimeout timeout, CancellationToken cancellationToken)&#xD;
[xUnit.net 00:00:26.76]            at Npgsql.Internal.NpgsqlConnector.RawOpen(SslMode sslMode, NpgsqlTimeout timeout, Boolean async, CancellationToken cancellationToken)&#xD;
[xUnit.net 00:00:26.76]            at Npgsql.Internal.NpgsqlConnector.&lt;Open&gt;g__OpenCore|214_1(NpgsqlConnector conn, SslMode sslMode, NpgsqlTimeout timeout, Boolean async, CancellationToken cancellationToken)&#xD;
[xUnit.net 00:00:26.76]            at Npgsql.Internal.NpgsqlConnector.Open(NpgsqlTimeout timeout, Boolean async, CancellationToken cancellationToken)&#xD;
[xUnit.net 00:00:26.76]            at Npgsql.PoolingDataSource.OpenNewConnector(NpgsqlConnection conn, NpgsqlTimeout timeout, Boolean async, CancellationToken cancellationToken)&#xD;
[xUnit.net 00:00:26.76]            at Npgsql.NpgsqlMultiHostDataSource.TryGetIdleOrNew(NpgsqlConnection conn, TimeSpan timeoutPerHost, Boolean async, TargetSessionAttributes preferredType, Func`3 stateValidator, Int32 poolIndex, IList`1 exceptions, CancellationToken cancellationToken)&#xD;
[xUnit.net 00:00:26.76]         ----- Inner Stack Trace -----&#xD;
[xUnit.net 00:00:26.76]            at System.Net.Sockets.Socket.AwaitableSocketAsyncEventArgs.ThrowException(SocketError error, CancellationToken cancellationToken)&#xD;
[xUnit.net 00:00:26.76]            at System.Net.Sockets.Socket.AwaitableSocketAsyncEventArgs.System.Threading.Tasks.Sources.IValueTaskSource.GetResult(Int16 token)&#xD;
[xUnit.net 00:00:26.76]            at System.Net.Sockets.Socket.&lt;ConnectAsync&gt;g__WaitForConnectWithCancellation|285_0(AwaitableSocketAsyncEventArgs saea, ValueTask connectTask, CancellationToken cancellationToken)&#xD;
[xUnit.net 00:00:26.76]            at Npgsql.TaskTimeoutAndCancellation.ExecuteAsync(Func`2 getTaskFunc, NpgsqlTimeout timeout, CancellationToken cancellationToken)&#xD;
[xUnit.net 00:00:26.76]            at Npgsql.Internal.NpgsqlConnector.ConnectAsync(NpgsqlTimeout timeout, CancellationToken cancellationToken)&#xD;
[xUnit.net 00:00:26.76]       Npgsql.NpgsqlException : Unable to connect to a suitable host. Check inner exception for more details.&#xD;
[xUnit.net 00:00:26.76]       ---- System.AggregateException : One or more errors occurred. (Failed to connect to 127.0.0.1:5432)&#xD;
[xUnit.net 00:00:26.76]       -------- Npgsql.NpgsqlException : Failed to connect to 127.0.0.1:5432&#xD;
[xUnit.net 00:00:26.76]       ------------ System.Net.Sockets.SocketException : No connection could be made because the target machine actively refused it.&#xD;
[xUnit.net 00:00:26.76]       Stack Trace:&#xD;
[xUnit.net 00:00:26.76]            at Npgsql.NpgsqlMultiHostDataSource.Get(NpgsqlConnection conn, NpgsqlTimeout timeout, Boolean async, CancellationToken cancellationToken)&#xD;
[xUnit.net 00:00:26.76]            at Npgsql.NpgsqlConnection.&lt;Open&gt;g__OpenAsync|42_0(Boolean async, CancellationToken cancellationToken)&#xD;
[xUnit.net 00:00:26.76]            at Npgsql.NpgsqlDataSource.OpenConnectionAsync(CancellationToken cancellationToken)&#xD;
[xUnit.net 00:00:26.76]            at Npgsql.NpgsqlDataSource.OpenConnectionAsync(CancellationToken cancellationToken)&#xD;
[xUnit.net 00:00:26.76]         C:\Users\NRaes\Dev\pg-age-digitaltwins\src\AgeDigitalTwins\Jobs\JobService.cs(438,0): at AgeDigitalTwins.Jobs.JobService.InitializeSchemaAsync()&#xD;
[xUnit.net 00:00:26.76]         C:\Users\NRaes\Dev\pg-age-digitaltwins\src\AgeDigitalTwins\Jobs\JobService.cs(37,0): at AgeDigitalTwins.Jobs.JobService..ctor(NpgsqlMultiHostDataSource dataSource, String graphName, ILogger logger)&#xD;
[xUnit.net 00:00:26.76]         C:\Users\NRaes\Dev\pg-age-digitaltwins\src\AgeDigitalTwins\AgeDigitalTwinsClient.cs(61,0): at AgeDigitalTwins.AgeDigitalTwinsClient..ctor(NpgsqlMultiHostDataSource dataSource, AgeDigitalTwinsClientOptions options)&#xD;
[xUnit.net 00:00:26.76]         C:\Users\NRaes\Dev\pg-age-digitaltwins\src\AgeDigitalTwins.Test\TestBase.cs(29,0): at AgeDigitalTwins.Test.TestBase..ctor()&#xD;
[xUnit.net 00:00:26.76]         C:\Users\NRaes\Dev\pg-age-digitaltwins\src\AgeDigitalTwins.Test\DigitalTwinsTests.cs(16,0): at AgeDigitalTwins.Test.DigitalTwinsTests..ctor(ITestOutputHelper output)&#xD;
[xUnit.net 00:00:26.76]            at InvokeStub_DigitalTwinsTests..ctor(Object, Span`1)&#xD;
[xUnit.net 00:00:26.76]            at System.Reflection.MethodBaseInvoker.InvokeWithOneArg(Object obj, BindingFlags invokeAttr, Binder binder, Object[] parameters, CultureInfo culture)&#xD;
[xUnit.net 00:00:26.76]         ----- Inner Stack Trace -----&#xD;
[xUnit.net 00:00:26.76]         &#xD;
[xUnit.net 00:00:26.76]         ----- Inner Stack Trace -----&#xD;
[xUnit.net 00:00:26.76]            at Npgsql.Internal.NpgsqlConnector.ConnectAsync(NpgsqlTimeout timeout, CancellationToken cancellationToken)&#xD;
[xUnit.net 00:00:26.76]            at Npgsql.Internal.NpgsqlConnector.RawOpen(SslMode sslMode, NpgsqlTimeout timeout, Boolean async, CancellationToken cancellationToken)&#xD;
[xUnit.net 00:00:26.76]            at Npgsql.Internal.NpgsqlConnector.&lt;Open&gt;g__OpenCore|214_1(NpgsqlConnector conn, SslMode sslMode, NpgsqlTimeout timeout, Boolean async, CancellationToken cancellationToken)&#xD;
[xUnit.net 00:00:26.76]            at Npgsql.Internal.NpgsqlConnector.Open(NpgsqlTimeout timeout, Boolean async, CancellationToken cancellationToken)&#xD;
[xUnit.net 00:00:26.76]            at Npgsql.PoolingDataSource.OpenNewConnector(NpgsqlConnection conn, NpgsqlTimeout timeout, Boolean async, CancellationToken cancellationToken)&#xD;
[xUnit.net 00:00:26.76]            at Npgsql.NpgsqlMultiHostDataSource.TryGetIdleOrNew(NpgsqlConnection conn, TimeSpan timeoutPerHost, Boolean async, TargetSessionAttributes preferredType, Func`3 stateValidator, Int32 poolIndex, IList`1 exceptions, CancellationToken cancellationToken)&#xD;
[xUnit.net 00:00:26.76]         ----- Inner Stack Trace -----&#xD;
[xUnit.net 00:00:26.76]            at System.Net.Sockets.Socket.AwaitableSocketAsyncEventArgs.ThrowException(SocketError error, CancellationToken cancellationToken)&#xD;
[xUnit.net 00:00:26.76]            at System.Net.Sockets.Socket.AwaitableSocketAsyncEventArgs.System.Threading.Tasks.Sources.IValueTaskSource.GetResult(Int16 token)&#xD;
[xUnit.net 00:00:26.76]            at System.Net.Sockets.Socket.&lt;ConnectAsync&gt;g__WaitForConnectWithCancellation|285_0(AwaitableSocketAsyncEventArgs saea, ValueTask connectTask, CancellationToken cancellationToken)&#xD;
[xUnit.net 00:00:26.76]            at Npgsql.TaskTimeoutAndCancellation.ExecuteAsync(Func`2 getTaskFunc, NpgsqlTimeout timeout, CancellationToken cancellationToken)&#xD;
[xUnit.net 00:00:26.76]            at Npgsql.Internal.NpgsqlConnector.ConnectAsync(NpgsqlTimeout timeout, CancellationToken cancellationToken)&#xD;
[xUnit.net 00:00:31.18]       Npgsql.PostgresException : 28P01: password authentication failed for user "app"&#xD;
[xUnit.net 00:00:31.18]       Stack Trace:&#xD;
[xUnit.net 00:00:31.18]            at Npgsql.NpgsqlMultiHostDataSource.Get(NpgsqlConnection conn, NpgsqlTimeout timeout, Boolean async, CancellationToken cancellationToken)&#xD;
[xUnit.net 00:00:31.18]            at Npgsql.NpgsqlConnection.&lt;Open&gt;g__OpenAsync|42_0(Boolean async, CancellationToken cancellationToken)&#xD;
[xUnit.net 00:00:31.18]            at Npgsql.NpgsqlDataSource.OpenConnectionAsync(CancellationToken cancellationToken)&#xD;
[xUnit.net 00:00:31.18]            at Npgsql.NpgsqlDataSource.OpenConnectionAsync(CancellationToken cancellationToken)&#xD;
[xUnit.net 00:00:31.18]         C:\Users\NRaes\Dev\pg-age-digitaltwins\src\AgeDigitalTwins\Jobs\JobService.cs(438,0): at AgeDigitalTwins.Jobs.JobService.InitializeSchemaAsync()&#xD;
[xUnit.net 00:00:31.18]         C:\Users\NRaes\Dev\pg-age-digitaltwins\src\AgeDigitalTwins\Jobs\JobService.cs(37,0): at AgeDigitalTwins.Jobs.JobService..ctor(NpgsqlMultiHostDataSource dataSource, String graphName, ILogger logger)&#xD;
[xUnit.net 00:00:31.18]         C:\Users\NRaes\Dev\pg-age-digitaltwins\src\AgeDigitalTwins\AgeDigitalTwinsClient.cs(61,0): at AgeDigitalTwins.AgeDigitalTwinsClient..ctor(NpgsqlMultiHostDataSource dataSource, AgeDigitalTwinsClientOptions options)&#xD;
[xUnit.net 00:00:31.18]         C:\Users\NRaes\Dev\pg-age-digitaltwins\src\AgeDigitalTwins.Test\TestBase.cs(29,0): at AgeDigitalTwins.Test.TestBase..ctor()&#xD;
[xUnit.net 00:00:31.18]            at AgeDigitalTwins.Test.DistributedLockingTests..ctor()&#xD;
[xUnit.net 00:00:31.18]            at System.RuntimeType.CreateInstanceDefaultCtor(Boolean publicOnly, Boolean wrapExceptions)&#xD;
[xUnit.net 00:00:31.18]       Npgsql.PostgresException : 28P01: password authentication failed for user "app"&#xD;
[xUnit.net 00:00:31.18]       Stack Trace:&#xD;
[xUnit.net 00:00:31.18]            at Npgsql.NpgsqlMultiHostDataSource.Get(NpgsqlConnection conn, NpgsqlTimeout timeout, Boolean async, CancellationToken cancellationToken)&#xD;
[xUnit.net 00:00:31.18]            at Npgsql.NpgsqlConnection.&lt;Open&gt;g__OpenAsync|42_0(Boolean async, CancellationToken cancellationToken)&#xD;
[xUnit.net 00:00:31.18]            at Npgsql.NpgsqlDataSource.OpenConnectionAsync(CancellationToken cancellationToken)&#xD;
[xUnit.net 00:00:31.18]            at Npgsql.NpgsqlDataSource.OpenConnectionAsync(CancellationToken cancellationToken)&#xD;
[xUnit.net 00:00:31.18]         C:\Users\NRaes\Dev\pg-age-digitaltwins\src\AgeDigitalTwins\Jobs\JobService.cs(438,0): at AgeDigitalTwins.Jobs.JobService.InitializeSchemaAsync()&#xD;
[xUnit.net 00:00:31.18]         C:\Users\NRaes\Dev\pg-age-digitaltwins\src\AgeDigitalTwins\Jobs\JobService.cs(37,0): at AgeDigitalTwins.Jobs.JobService..ctor(NpgsqlMultiHostDataSource dataSource, String graphName, ILogger logger)&#xD;
[xUnit.net 00:00:31.18]         C:\Users\NRaes\Dev\pg-age-digitaltwins\src\AgeDigitalTwins\AgeDigitalTwinsClient.cs(61,0): at AgeDigitalTwins.AgeDigitalTwinsClient..ctor(NpgsqlMultiHostDataSource dataSource, AgeDigitalTwinsClientOptions options)&#xD;
[xUnit.net 00:00:31.18]         C:\Users\NRaes\Dev\pg-age-digitaltwins\src\AgeDigitalTwins.Test\TestBase.cs(29,0): at AgeDigitalTwins.Test.TestBase..ctor()&#xD;
[xUnit.net 00:00:31.18]         C:\Users\NRaes\Dev\pg-age-digitaltwins\src\AgeDigitalTwins.Test\DigitalTwinsTests.cs(16,0): at AgeDigitalTwins.Test.DigitalTwinsTests..ctor(ITestOutputHelper output)&#xD;
[xUnit.net 00:00:31.18]            at InvokeStub_DigitalTwinsTests..ctor(Object, Span`1)&#xD;
[xUnit.net 00:00:31.18]            at System.Reflection.MethodBaseInvoker.InvokeWithOneArg(Object obj, BindingFlags invokeAttr, Binder binder, Object[] parameters, CultureInfo culture)&#xD;
[xUnit.net 00:00:31.18]       Npgsql.PostgresException : 28P01: password authentication failed for user "app"&#xD;
[xUnit.net 00:00:31.18]       Stack Trace:&#xD;
[xUnit.net 00:00:31.18]            at Npgsql.NpgsqlMultiHostDataSource.Get(NpgsqlConnection conn, NpgsqlTimeout timeout, Boolean async, CancellationToken cancellationToken)&#xD;
[xUnit.net 00:00:31.18]            at Npgsql.NpgsqlConnection.&lt;Open&gt;g__OpenAsync|42_0(Boolean async, CancellationToken cancellationToken)&#xD;
[xUnit.net 00:00:31.18]            at Npgsql.NpgsqlDataSource.OpenConnectionAsync(CancellationToken cancellationToken)&#xD;
[xUnit.net 00:00:31.18]            at Npgsql.NpgsqlDataSource.OpenConnectionAsync(CancellationToken cancellationToken)&#xD;
[xUnit.net 00:00:31.18]         C:\Users\NRaes\Dev\pg-age-digitaltwins\src\AgeDigitalTwins\Jobs\JobService.cs(438,0): at AgeDigitalTwins.Jobs.JobService.InitializeSchemaAsync()&#xD;
[xUnit.net 00:00:31.18]         C:\Users\NRaes\Dev\pg-age-digitaltwins\src\AgeDigitalTwins\Jobs\JobService.cs(37,0): at AgeDigitalTwins.Jobs.JobService..ctor(NpgsqlMultiHostDataSource dataSource, String graphName, ILogger logger)&#xD;
[xUnit.net 00:00:31.18]         C:\Users\NRaes\Dev\pg-age-digitaltwins\src\AgeDigitalTwins\AgeDigitalTwinsClient.cs(61,0): at AgeDigitalTwins.AgeDigitalTwinsClient..ctor(NpgsqlMultiHostDataSource dataSource, AgeDigitalTwinsClientOptions options)&#xD;
[xUnit.net 00:00:31.18]         C:\Users\NRaes\Dev\pg-age-digitaltwins\src\AgeDigitalTwins.Test\TestBase.cs(29,0): at AgeDigitalTwins.Test.TestBase..ctor()&#xD;
[xUnit.net 00:00:31.18]         C:\Users\NRaes\Dev\pg-age-digitaltwins\src\AgeDigitalTwins.Test\JobServiceTests.cs(34,0): at AgeDigitalTwins.Test.ImportJobSystemTests..ctor(ITestOutputHelper output)&#xD;
[xUnit.net 00:00:31.18]            at InvokeStub_ImportJobSystemTests..ctor(Object, Span`1)&#xD;
[xUnit.net 00:00:31.18]            at System.Reflection.MethodBaseInvoker.InvokeWithOneArg(Object obj, BindingFlags invokeAttr, Binder binder, Object[] parameters, CultureInfo culture)&#xD;
[xUnit.net 00:00:31.18]       Npgsql.PostgresException : 28P01: password authentication failed for user "app"&#xD;
[xUnit.net 00:00:31.18]       Stack Trace:&#xD;
[xUnit.net 00:00:31.18]            at Npgsql.NpgsqlMultiHostDataSource.Get(NpgsqlConnection conn, NpgsqlTimeout timeout, Boolean async, CancellationToken cancellationToken)&#xD;
[xUnit.net 00:00:31.18]            at Npgsql.NpgsqlConnection.&lt;Open&gt;g__OpenAsync|42_0(Boolean async, CancellationToken cancellationToken)&#xD;
[xUnit.net 00:00:31.18]            at Npgsql.NpgsqlDataSource.OpenConnectionAsync(CancellationToken cancellationToken)&#xD;
[xUnit.net 00:00:31.18]            at Npgsql.NpgsqlDataSource.OpenConnectionAsync(CancellationToken cancellationToken)&#xD;
[xUnit.net 00:00:31.18]         C:\Users\NRaes\Dev\pg-age-digitaltwins\src\AgeDigitalTwins\Jobs\JobService.cs(438,0): at AgeDigitalTwins.Jobs.JobService.InitializeSchemaAsync()&#xD;
[xUnit.net 00:00:31.18]         C:\Users\NRaes\Dev\pg-age-digitaltwins\src\AgeDigitalTwins\Jobs\JobService.cs(37,0): at AgeDigitalTwins.Jobs.JobService..ctor(NpgsqlMultiHostDataSource dataSource, String graphName, ILogger logger)&#xD;
[xUnit.net 00:00:31.18]         C:\Users\NRaes\Dev\pg-age-digitaltwins\src\AgeDigitalTwins\AgeDigitalTwinsClient.cs(61,0): at AgeDigitalTwins.AgeDigitalTwinsClient..ctor(NpgsqlMultiHostDataSource dataSource, AgeDigitalTwinsClientOptions options)&#xD;
[xUnit.net 00:00:31.18]         C:\Users\NRaes\Dev\pg-age-digitaltwins\src\AgeDigitalTwins.Test\TestBase.cs(29,0): at AgeDigitalTwins.Test.TestBase..ctor()&#xD;
[xUnit.net 00:00:31.18]            at AgeDigitalTwins.Test.ModelsTests..ctor()&#xD;
[xUnit.net 00:00:31.18]            at System.RuntimeType.CreateInstanceDefaultCtor(Boolean publicOnly, Boolean wrapExceptions)&#xD;
[xUnit.net 00:00:31.18]       Npgsql.PostgresException : 28P01: password authentication failed for user "app"&#xD;
[xUnit.net 00:00:31.18]       Stack Trace:&#xD;
[xUnit.net 00:00:31.18]            at Npgsql.NpgsqlMultiHostDataSource.Get(NpgsqlConnection conn, NpgsqlTimeout timeout, Boolean async, CancellationToken cancellationToken)&#xD;
[xUnit.net 00:00:31.18]            at Npgsql.NpgsqlConnection.&lt;Open&gt;g__OpenAsync|42_0(Boolean async, CancellationToken cancellationToken)&#xD;
[xUnit.net 00:00:31.18]            at Npgsql.NpgsqlDataSource.OpenConnectionAsync(CancellationToken cancellationToken)&#xD;
[xUnit.net 00:00:31.18]            at Npgsql.NpgsqlDataSource.OpenConnectionAsync(CancellationToken cancellationToken)&#xD;
[xUnit.net 00:00:31.18]         C:\Users\NRaes\Dev\pg-age-digitaltwins\src\AgeDigitalTwins\Jobs\JobService.cs(438,0): at AgeDigitalTwins.Jobs.JobService.InitializeSchemaAsync()&#xD;
[xUnit.net 00:00:31.18]         C:\Users\NRaes\Dev\pg-age-digitaltwins\src\AgeDigitalTwins\Jobs\JobService.cs(37,0): at AgeDigitalTwins.Jobs.JobService..ctor(NpgsqlMultiHostDataSource dataSource, String graphName, ILogger logger)&#xD;
[xUnit.net 00:00:31.18]         C:\Users\NRaes\Dev\pg-age-digitaltwins\src\AgeDigitalTwins\AgeDigitalTwinsClient.cs(61,0): at AgeDigitalTwins.AgeDigitalTwinsClient..ctor(NpgsqlMultiHostDataSource dataSource, AgeDigitalTwinsClientOptions options)&#xD;
[xUnit.net 00:00:31.18]         C:\Users\NRaes\Dev\pg-age-digitaltwins\src\AgeDigitalTwins.Test\TestBase.cs(29,0): at AgeDigitalTwins.Test.TestBase..ctor()&#xD;
[xUnit.net 00:00:31.18]            at AgeDigitalTwins.Test.QueryTests..ctor()&#xD;
[xUnit.net 00:00:31.18]            at System.RuntimeType.CreateInstanceDefaultCtor(Boolean publicOnly, Boolean wrapExceptions)&#xD;
[xUnit.net 00:00:31.18]       Npgsql.PostgresException : 28P01: password authentication failed for user "app"&#xD;
[xUnit.net 00:00:31.18]       Stack Trace:&#xD;
[xUnit.net 00:00:31.18]            at Npgsql.NpgsqlMultiHostDataSource.Get(NpgsqlConnection conn, NpgsqlTimeout timeout, Boolean async, CancellationToken cancellationToken)&#xD;
[xUnit.net 00:00:31.18]            at Npgsql.NpgsqlConnection.&lt;Open&gt;g__OpenAsync|42_0(Boolean async, CancellationToken cancellationToken)&#xD;
[xUnit.net 00:00:31.18]            at Npgsql.NpgsqlDataSource.OpenConnectionAsync(CancellationToken cancellationToken)&#xD;
[xUnit.net 00:00:31.18]            at Npgsql.NpgsqlDataSource.OpenConnectionAsync(CancellationToken cancellationToken)&#xD;
[xUnit.net 00:00:31.18]         C:\Users\NRaes\Dev\pg-age-digitaltwins\src\AgeDigitalTwins\Jobs\JobService.cs(438,0): at AgeDigitalTwins.Jobs.JobService.InitializeSchemaAsync()&#xD;
[xUnit.net 00:00:31.18]         C:\Users\NRaes\Dev\pg-age-digitaltwins\src\AgeDigitalTwins\Jobs\JobService.cs(37,0): at AgeDigitalTwins.Jobs.JobService..ctor(NpgsqlMultiHostDataSource dataSource, String graphName, ILogger logger)&#xD;
[xUnit.net 00:00:31.18]         C:\Users\NRaes\Dev\pg-age-digitaltwins\src\AgeDigitalTwins\AgeDigitalTwinsClient.cs(61,0): at AgeDigitalTwins.AgeDigitalTwinsClient..ctor(NpgsqlMultiHostDataSource dataSource, AgeDigitalTwinsClientOptions options)&#xD;
[xUnit.net 00:00:31.18]         C:\Users\NRaes\Dev\pg-age-digitaltwins\src\AgeDigitalTwins.Test\TestBase.cs(29,0): at AgeDigitalTwins.Test.TestBase..ctor()&#xD;
[xUnit.net 00:00:31.18]         C:\Users\NRaes\Dev\pg-age-digitaltwins\src\AgeDigitalTwins.Test\ImportJobTests.cs(16,0): at AgeDigitalTwins.Test.ImportJobTests..ctor(ITestOutputHelper output)&#xD;
[xUnit.net 00:00:31.18]            at InvokeStub_ImportJobTests..ctor(Object, Span`1)&#xD;
[xUnit.net 00:00:31.19]            at System.Reflection.MethodBaseInvoker.InvokeWithOneArg(Object obj, BindingFlags invokeAttr, Binder binder, Object[] parameters, CultureInfo culture)&#xD;
[xUnit.net 00:00:31.88]       Npgsql.PostgresException : 28P01: password authentication failed for user "app"&#xD;
[xUnit.net 00:00:31.88]       Stack Trace:&#xD;
[xUnit.net 00:00:31.88]            at Npgsql.NpgsqlMultiHostDataSource.Get(NpgsqlConnection conn, NpgsqlTimeout timeout, Boolean async, CancellationToken cancellationToken)&#xD;
[xUnit.net 00:00:31.88]            at Npgsql.NpgsqlConnection.&lt;Open&gt;g__OpenAsync|42_0(Boolean async, CancellationToken cancellationToken)&#xD;
[xUnit.net 00:00:31.88]            at Npgsql.NpgsqlDataSource.OpenConnectionAsync(CancellationToken cancellationToken)&#xD;
[xUnit.net 00:00:31.88]            at Npgsql.NpgsqlDataSource.OpenConnectionAsync(CancellationToken cancellationToken)&#xD;
[xUnit.net 00:00:31.88]         C:\Users\NRaes\Dev\pg-age-digitaltwins\src\AgeDigitalTwins\Jobs\JobService.cs(438,0): at AgeDigitalTwins.Jobs.JobService.InitializeSchemaAsync()&#xD;
[xUnit.net 00:00:31.88]         C:\Users\NRaes\Dev\pg-age-digitaltwins\src\AgeDigitalTwins\Jobs\JobService.cs(37,0): at AgeDigitalTwins.Jobs.JobService..ctor(NpgsqlMultiHostDataSource dataSource, String graphName, ILogger logger)&#xD;
[xUnit.net 00:00:31.88]         C:\Users\NRaes\Dev\pg-age-digitaltwins\src\AgeDigitalTwins\AgeDigitalTwinsClient.cs(61,0): at AgeDigitalTwins.AgeDigitalTwinsClient..ctor(NpgsqlMultiHostDataSource dataSource, AgeDigitalTwinsClientOptions options)&#xD;
[xUnit.net 00:00:31.88]         C:\Users\NRaes\Dev\pg-age-digitaltwins\src\AgeDigitalTwins.Test\TestBase.cs(29,0): at AgeDigitalTwins.Test.TestBase..ctor()&#xD;
[xUnit.net 00:00:31.88]            at AgeDigitalTwins.Test.ModelsTests..ctor()&#xD;
[xUnit.net 00:00:31.88]            at System.RuntimeType.CreateInstanceDefaultCtor(Boolean publicOnly, Boolean wrapExceptions)&#xD;
[xUnit.net 00:00:31.88]       Npgsql.PostgresException : 28P01: password authentication failed for user "app"&#xD;
[xUnit.net 00:00:31.88]       Stack Trace:&#xD;
[xUnit.net 00:00:31.88]            at Npgsql.NpgsqlMultiHostDataSource.Get(NpgsqlConnection conn, NpgsqlTimeout timeout, Boolean async, CancellationToken cancellationToken)&#xD;
[xUnit.net 00:00:31.88]            at Npgsql.NpgsqlConnection.&lt;Open&gt;g__OpenAsync|42_0(Boolean async, CancellationToken cancellationToken)&#xD;
[xUnit.net 00:00:31.88]            at Npgsql.NpgsqlDataSource.OpenConnectionAsync(CancellationToken cancellationToken)&#xD;
[xUnit.net 00:00:31.88]            at Npgsql.NpgsqlDataSource.OpenConnectionAsync(CancellationToken cancellationToken)&#xD;
[xUnit.net 00:00:31.88]         C:\Users\NRaes\Dev\pg-age-digitaltwins\src\AgeDigitalTwins\Jobs\JobService.cs(438,0): at AgeDigitalTwins.Jobs.JobService.InitializeSchemaAsync()&#xD;
[xUnit.net 00:00:31.88]         C:\Users\NRaes\Dev\pg-age-digitaltwins\src\AgeDigitalTwins\Jobs\JobService.cs(37,0): at AgeDigitalTwins.Jobs.JobService..ctor(NpgsqlMultiHostDataSource dataSource, String graphName, ILogger logger)&#xD;
[xUnit.net 00:00:31.88]         C:\Users\NRaes\Dev\pg-age-digitaltwins\src\AgeDigitalTwins\AgeDigitalTwinsClient.cs(61,0): at AgeDigitalTwins.AgeDigitalTwinsClient..ctor(NpgsqlMultiHostDataSource dataSource, AgeDigitalTwinsClientOptions options)&#xD;
[xUnit.net 00:00:31.88]         C:\Users\NRaes\Dev\pg-age-digitaltwins\src\AgeDigitalTwins.Test\TestBase.cs(29,0): at AgeDigitalTwins.Test.TestBase..ctor()&#xD;
[xUnit.net 00:00:31.88]            at AgeDigitalTwins.Test.DistributedLockingTests..ctor()&#xD;
[xUnit.net 00:00:31.88]            at System.RuntimeType.CreateInstanceDefaultCtor(Boolean publicOnly, Boolean wrapExceptions)&#xD;
[xUnit.net 00:00:31.88]       Npgsql.PostgresException : 28P01: password authentication failed for user "app"&#xD;
[xUnit.net 00:00:31.88]       Stack Trace:&#xD;
[xUnit.net 00:00:31.88]            at Npgsql.NpgsqlMultiHostDataSource.Get(NpgsqlConnection conn, NpgsqlTimeout timeout, Boolean async, CancellationToken cancellationToken)&#xD;
[xUnit.net 00:00:31.88]            at Npgsql.NpgsqlConnection.&lt;Open&gt;g__OpenAsync|42_0(Boolean async, CancellationToken cancellationToken)&#xD;
[xUnit.net 00:00:31.88]            at Npgsql.NpgsqlDataSource.OpenConnectionAsync(CancellationToken cancellationToken)&#xD;
[xUnit.net 00:00:31.88]            at Npgsql.NpgsqlDataSource.OpenConnectionAsync(CancellationToken cancellationToken)&#xD;
[xUnit.net 00:00:31.88]         C:\Users\NRaes\Dev\pg-age-digitaltwins\src\AgeDigitalTwins\Jobs\JobService.cs(438,0): at AgeDigitalTwins.Jobs.JobService.InitializeSchemaAsync()&#xD;
[xUnit.net 00:00:31.88]         C:\Users\NRaes\Dev\pg-age-digitaltwins\src\AgeDigitalTwins\Jobs\JobService.cs(37,0): at AgeDigitalTwins.Jobs.JobService..ctor(NpgsqlMultiHostDataSource dataSource, String graphName, ILogger logger)&#xD;
[xUnit.net 00:00:31.88]         C:\Users\NRaes\Dev\pg-age-digitaltwins\src\AgeDigitalTwins\AgeDigitalTwinsClient.cs(61,0): at AgeDigitalTwins.AgeDigitalTwinsClient..ctor(NpgsqlMultiHostDataSource dataSource, AgeDigitalTwinsClientOptions options)&#xD;
[xUnit.net 00:00:31.88]         C:\Users\NRaes\Dev\pg-age-digitaltwins\src\AgeDigitalTwins.Test\TestBase.cs(29,0): at AgeDigitalTwins.Test.TestBase..ctor()&#xD;
[xUnit.net 00:00:31.88]         C:\Users\NRaes\Dev\pg-age-digitaltwins\src\AgeDigitalTwins.Test\DigitalTwinsTests.cs(16,0): at AgeDigitalTwins.Test.DigitalTwinsTests..ctor(ITestOutputHelper output)&#xD;
[xUnit.net 00:00:31.88]            at InvokeStub_DigitalTwinsTests..ctor(Object, Span`1)&#xD;
[xUnit.net 00:00:31.88]            at System.Reflection.MethodBaseInvoker.InvokeWithOneArg(Object obj, BindingFlags invokeAttr, Binder binder, Object[] parameters, CultureInfo culture)&#xD;
[xUnit.net 00:00:31.88]       Npgsql.PostgresException : 28P01: password authentication failed for user "app"&#xD;
[xUnit.net 00:00:31.88]       Stack Trace:&#xD;
[xUnit.net 00:00:31.88]            at Npgsql.NpgsqlMultiHostDataSource.Get(NpgsqlConnection conn, NpgsqlTimeout timeout, Boolean async, CancellationToken cancellationToken)&#xD;
[xUnit.net 00:00:31.88]            at Npgsql.NpgsqlConnection.&lt;Open&gt;g__OpenAsync|42_0(Boolean async, CancellationToken cancellationToken)&#xD;
[xUnit.net 00:00:31.88]            at Npgsql.NpgsqlDataSource.OpenConnectionAsync(CancellationToken cancellationToken)&#xD;
[xUnit.net 00:00:31.88]            at Npgsql.NpgsqlDataSource.OpenConnectionAsync(CancellationToken cancellationToken)&#xD;
[xUnit.net 00:00:31.88]         C:\Users\NRaes\Dev\pg-age-digitaltwins\src\AgeDigitalTwins\Jobs\JobService.cs(438,0): at AgeDigitalTwins.Jobs.JobService.InitializeSchemaAsync()&#xD;
[xUnit.net 00:00:31.88]         C:\Users\NRaes\Dev\pg-age-digitaltwins\src\AgeDigitalTwins\Jobs\JobService.cs(37,0): at AgeDigitalTwins.Jobs.JobService..ctor(NpgsqlMultiHostDataSource dataSource, String graphName, ILogger logger)&#xD;
[xUnit.net 00:00:31.88]         C:\Users\NRaes\Dev\pg-age-digitaltwins\src\AgeDigitalTwins\AgeDigitalTwinsClient.cs(61,0): at AgeDigitalTwins.AgeDigitalTwinsClient..ctor(NpgsqlMultiHostDataSource dataSource, AgeDigitalTwinsClientOptions options)&#xD;
[xUnit.net 00:00:31.88]         C:\Users\NRaes\Dev\pg-age-digitaltwins\src\AgeDigitalTwins.Test\TestBase.cs(29,0): at AgeDigitalTwins.Test.TestBase..ctor()&#xD;
[xUnit.net 00:00:31.88]            at AgeDigitalTwins.Test.QueryTests..ctor()&#xD;
[xUnit.net 00:00:31.88]            at System.RuntimeType.CreateInstanceDefaultCtor(Boolean publicOnly, Boolean wrapExceptions)&#xD;
[xUnit.net 00:00:31.88]       Npgsql.PostgresException : 28P01: password authentication failed for user "app"&#xD;
[xUnit.net 00:00:31.88]       Stack Trace:&#xD;
[xUnit.net 00:00:31.88]            at Npgsql.NpgsqlMultiHostDataSource.Get(NpgsqlConnection conn, NpgsqlTimeout timeout, Boolean async, CancellationToken cancellationToken)&#xD;
[xUnit.net 00:00:31.88]            at Npgsql.NpgsqlConnection.&lt;Open&gt;g__OpenAsync|42_0(Boolean async, CancellationToken cancellationToken)&#xD;
[xUnit.net 00:00:31.88]            at Npgsql.NpgsqlDataSource.OpenConnectionAsync(CancellationToken cancellationToken)&#xD;
[xUnit.net 00:00:31.88]            at Npgsql.NpgsqlDataSource.OpenConnectionAsync(CancellationToken cancellationToken)&#xD;
[xUnit.net 00:00:31.88]         C:\Users\NRaes\Dev\pg-age-digitaltwins\src\AgeDigitalTwins\Jobs\JobService.cs(438,0): at AgeDigitalTwins.Jobs.JobService.InitializeSchemaAsync()&#xD;
[xUnit.net 00:00:31.88]         C:\Users\NRaes\Dev\pg-age-digitaltwins\src\AgeDigitalTwins\Jobs\JobService.cs(37,0): at AgeDigitalTwins.Jobs.JobService..ctor(NpgsqlMultiHostDataSource dataSource, String graphName, ILogger logger)&#xD;
[xUnit.net 00:00:31.88]         C:\Users\NRaes\Dev\pg-age-digitaltwins\src\AgeDigitalTwins\AgeDigitalTwinsClient.cs(61,0): at AgeDigitalTwins.AgeDigitalTwinsClient..ctor(NpgsqlMultiHostDataSource dataSource, AgeDigitalTwinsClientOptions options)&#xD;
[xUnit.net 00:00:31.88]         C:\Users\NRaes\Dev\pg-age-digitaltwins\src\AgeDigitalTwins.Test\TestBase.cs(29,0): at AgeDigitalTwins.Test.TestBase..ctor()&#xD;
[xUnit.net 00:00:31.88]         C:\Users\NRaes\Dev\pg-age-digitaltwins\src\AgeDigitalTwins.Test\ImportJobTests.cs(16,0): at AgeDigitalTwins.Test.ImportJobTests..ctor(ITestOutputHelper output)&#xD;
[xUnit.net 00:00:31.88]            at InvokeStub_ImportJobTests..ctor(Object, Span`1)&#xD;
[xUnit.net 00:00:31.88]            at System.Reflection.MethodBaseInvoker.InvokeWithOneArg(Object obj, BindingFlags invokeAttr, Binder binder, Object[] parameters, CultureInfo culture)&#xD;
[xUnit.net 00:00:32.54]       Npgsql.PostgresException : 28P01: password authentication failed for user "app"&#xD;
[xUnit.net 00:00:32.54]       Stack Trace:&#xD;
[xUnit.net 00:00:32.54]            at Npgsql.NpgsqlMultiHostDataSource.Get(NpgsqlConnection conn, NpgsqlTimeout timeout, Boolean async, CancellationToken cancellationToken)&#xD;
[xUnit.net 00:00:32.54]            at Npgsql.NpgsqlConnection.&lt;Open&gt;g__OpenAsync|42_0(Boolean async, CancellationToken cancellationToken)&#xD;
[xUnit.net 00:00:32.54]            at Npgsql.NpgsqlDataSource.OpenConnectionAsync(CancellationToken cancellationToken)&#xD;
[xUnit.net 00:00:32.54]            at Npgsql.NpgsqlDataSource.OpenConnectionAsync(CancellationToken cancellationToken)&#xD;
[xUnit.net 00:00:32.54]         C:\Users\NRaes\Dev\pg-age-digitaltwins\src\AgeDigitalTwins\Jobs\JobService.cs(438,0): at AgeDigitalTwins.Jobs.JobService.InitializeSchemaAsync()&#xD;
[xUnit.net 00:00:32.54]         C:\Users\NRaes\Dev\pg-age-digitaltwins\src\AgeDigitalTwins\Jobs\JobService.cs(37,0): at AgeDigitalTwins.Jobs.JobService..ctor(NpgsqlMultiHostDataSource dataSource, String graphName, ILogger logger)&#xD;
[xUnit.net 00:00:32.54]         C:\Users\NRaes\Dev\pg-age-digitaltwins\src\AgeDigitalTwins\AgeDigitalTwinsClient.cs(61,0): at AgeDigitalTwins.AgeDigitalTwinsClient..ctor(NpgsqlMultiHostDataSource dataSource, AgeDigitalTwinsClientOptions options)&#xD;
[xUnit.net 00:00:32.54]         C:\Users\NRaes\Dev\pg-age-digitaltwins\src\AgeDigitalTwins.Test\TestBase.cs(29,0): at AgeDigitalTwins.Test.TestBase..ctor()&#xD;
[xUnit.net 00:00:32.54]            at AgeDigitalTwins.Test.QueryTests..ctor()&#xD;
[xUnit.net 00:00:32.54]            at System.RuntimeType.CreateInstanceDefaultCtor(Boolean publicOnly, Boolean wrapExceptions)&#xD;
[xUnit.net 00:00:32.54]       Npgsql.PostgresException : 28P01: password authentication failed for user "app"&#xD;
[xUnit.net 00:00:32.54]       Stack Trace:&#xD;
[xUnit.net 00:00:32.54]            at Npgsql.NpgsqlMultiHostDataSource.Get(NpgsqlConnection conn, NpgsqlTimeout timeout, Boolean async, CancellationToken cancellationToken)&#xD;
[xUnit.net 00:00:32.54]            at Npgsql.NpgsqlConnection.&lt;Open&gt;g__OpenAsync|42_0(Boolean async, CancellationToken cancellationToken)&#xD;
[xUnit.net 00:00:32.55]            at Npgsql.NpgsqlDataSource.OpenConnectionAsync(CancellationToken cancellationToken)&#xD;
[xUnit.net 00:00:32.55]            at Npgsql.NpgsqlDataSource.OpenConnectionAsync(CancellationToken cancellationToken)&#xD;
[xUnit.net 00:00:32.55]         C:\Users\NRaes\Dev\pg-age-digitaltwins\src\AgeDigitalTwins\Jobs\JobService.cs(438,0): at AgeDigitalTwins.Jobs.JobService.InitializeSchemaAsync()&#xD;
[xUnit.net 00:00:32.55]         C:\Users\NRaes\Dev\pg-age-digitaltwins\src\AgeDigitalTwins\Jobs\JobService.cs(37,0): at AgeDigitalTwins.Jobs.JobService..ctor(NpgsqlMultiHostDataSource dataSource, String graphName, ILogger logger)&#xD;
[xUnit.net 00:00:32.55]         C:\Users\NRaes\Dev\pg-age-digitaltwins\src\AgeDigitalTwins\AgeDigitalTwinsClient.cs(61,0): at AgeDigitalTwins.AgeDigitalTwinsClient..ctor(NpgsqlMultiHostDataSource dataSource, AgeDigitalTwinsClientOptions options)&#xD;
[xUnit.net 00:00:32.55]         C:\Users\NRaes\Dev\pg-age-digitaltwins\src\AgeDigitalTwins.Test\TestBase.cs(29,0): at AgeDigitalTwins.Test.TestBase..ctor()&#xD;
[xUnit.net 00:00:32.55]         C:\Users\NRaes\Dev\pg-age-digitaltwins\src\AgeDigitalTwins.Test\ImportJobTests.cs(16,0): at AgeDigitalTwins.Test.ImportJobTests..ctor(ITestOutputHelper output)&#xD;
[xUnit.net 00:00:32.55]            at InvokeStub_ImportJobTests..ctor(Object, Span`1)&#xD;
[xUnit.net 00:00:32.55]            at System.Reflection.MethodBaseInvoker.InvokeWithOneArg(Object obj, BindingFlags invokeAttr, Binder binder, Object[] parameters, CultureInfo culture)&#xD;
[xUnit.net 00:00:32.55]       Npgsql.PostgresException : 28P01: password authentication failed for user "app"&#xD;
[xUnit.net 00:00:32.55]       Stack Trace:&#xD;
[xUnit.net 00:00:32.55]            at Npgsql.NpgsqlMultiHostDataSource.Get(NpgsqlConnection conn, NpgsqlTimeout timeout, Boolean async, CancellationToken cancellationToken)&#xD;
[xUnit.net 00:00:32.55]            at Npgsql.NpgsqlConnection.&lt;Open&gt;g__OpenAsync|42_0(Boolean async, CancellationToken cancellationToken)&#xD;
[xUnit.net 00:00:32.55]            at Npgsql.NpgsqlDataSource.OpenConnectionAsync(CancellationToken cancellationToken)&#xD;
[xUnit.net 00:00:32.55]            at Npgsql.NpgsqlDataSource.OpenConnectionAsync(CancellationToken cancellationToken)&#xD;
[xUnit.net 00:00:32.55]         C:\Users\NRaes\Dev\pg-age-digitaltwins\src\AgeDigitalTwins\Jobs\JobService.cs(438,0): at AgeDigitalTwins.Jobs.JobService.InitializeSchemaAsync()&#xD;
[xUnit.net 00:00:32.55]         C:\Users\NRaes\Dev\pg-age-digitaltwins\src\AgeDigitalTwins\Jobs\JobService.cs(37,0): at AgeDigitalTwins.Jobs.JobService..ctor(NpgsqlMultiHostDataSource dataSource, String graphName, ILogger logger)&#xD;
[xUnit.net 00:00:32.55]         C:\Users\NRaes\Dev\pg-age-digitaltwins\src\AgeDigitalTwins\AgeDigitalTwinsClient.cs(61,0): at AgeDigitalTwins.AgeDigitalTwinsClient..ctor(NpgsqlMultiHostDataSource dataSource, AgeDigitalTwinsClientOptions options)&#xD;
[xUnit.net 00:00:32.55]         C:\Users\NRaes\Dev\pg-age-digitaltwins\src\AgeDigitalTwins.Test\TestBase.cs(29,0): at AgeDigitalTwins.Test.TestBase..ctor()&#xD;
[xUnit.net 00:00:32.55]            at AgeDigitalTwins.Test.DistributedLockingTests..ctor()&#xD;
[xUnit.net 00:00:32.55]            at System.RuntimeType.CreateInstanceDefaultCtor(Boolean publicOnly, Boolean wrapExceptions)&#xD;
[xUnit.net 00:00:32.55]       Npgsql.PostgresException : 28P01: password authentication failed for user "app"&#xD;
[xUnit.net 00:00:32.55]       Stack Trace:&#xD;
[xUnit.net 00:00:32.55]            at Npgsql.NpgsqlMultiHostDataSource.Get(NpgsqlConnection conn, NpgsqlTimeout timeout, Boolean async, CancellationToken cancellationToken)&#xD;
[xUnit.net 00:00:32.55]            at Npgsql.NpgsqlConnection.&lt;Open&gt;g__OpenAsync|42_0(Boolean async, CancellationToken cancellationToken)&#xD;
[xUnit.net 00:00:32.55]            at Npgsql.NpgsqlDataSource.OpenConnectionAsync(CancellationToken cancellationToken)&#xD;
[xUnit.net 00:00:32.55]            at Npgsql.NpgsqlDataSource.OpenConnectionAsync(CancellationToken cancellationToken)&#xD;
[xUnit.net 00:00:32.55]         C:\Users\NRaes\Dev\pg-age-digitaltwins\src\AgeDigitalTwins\Jobs\JobService.cs(438,0): at AgeDigitalTwins.Jobs.JobService.InitializeSchemaAsync()&#xD;
[xUnit.net 00:00:32.55]         C:\Users\NRaes\Dev\pg-age-digitaltwins\src\AgeDigitalTwins\Jobs\JobService.cs(37,0): at AgeDigitalTwins.Jobs.JobService..ctor(NpgsqlMultiHostDataSource dataSource, String graphName, ILogger logger)&#xD;
[xUnit.net 00:00:32.55]         C:\Users\NRaes\Dev\pg-age-digitaltwins\src\AgeDigitalTwins\AgeDigitalTwinsClient.cs(61,0): at AgeDigitalTwins.AgeDigitalTwinsClient..ctor(NpgsqlMultiHostDataSource dataSource, AgeDigitalTwinsClientOptions options)&#xD;
[xUnit.net 00:00:32.55]         C:\Users\NRaes\Dev\pg-age-digitaltwins\src\AgeDigitalTwins.Test\TestBase.cs(29,0): at AgeDigitalTwins.Test.TestBase..ctor()&#xD;
[xUnit.net 00:00:32.55]         C:\Users\NRaes\Dev\pg-age-digitaltwins\src\AgeDigitalTwins.Test\DigitalTwinsTests.cs(16,0): at AgeDigitalTwins.Test.DigitalTwinsTests..ctor(ITestOutputHelper output)&#xD;
[xUnit.net 00:00:32.55]            at InvokeStub_DigitalTwinsTests..ctor(Object, Span`1)&#xD;
[xUnit.net 00:00:32.55]            at System.Reflection.MethodBaseInvoker.InvokeWithOneArg(Object obj, BindingFlags invokeAttr, Binder binder, Object[] parameters, CultureInfo culture)&#xD;
[xUnit.net 00:00:33.20]       Npgsql.PostgresException : 28P01: password authentication failed for user "app"&#xD;
[xUnit.net 00:00:33.20]       Stack Trace:&#xD;
[xUnit.net 00:00:33.20]            at Npgsql.NpgsqlMultiHostDataSource.Get(NpgsqlConnection conn, NpgsqlTimeout timeout, Boolean async, CancellationToken cancellationToken)&#xD;
[xUnit.net 00:00:33.20]            at Npgsql.NpgsqlConnection.&lt;Open&gt;g__OpenAsync|42_0(Boolean async, CancellationToken cancellationToken)&#xD;
[xUnit.net 00:00:33.20]            at Npgsql.NpgsqlDataSource.OpenConnectionAsync(CancellationToken cancellationToken)&#xD;
[xUnit.net 00:00:33.20]            at Npgsql.NpgsqlDataSource.OpenConnectionAsync(CancellationToken cancellationToken)&#xD;
[xUnit.net 00:00:33.20]         C:\Users\NRaes\Dev\pg-age-digitaltwins\src\AgeDigitalTwins\Jobs\JobService.cs(438,0): at AgeDigitalTwins.Jobs.JobService.InitializeSchemaAsync()&#xD;
[xUnit.net 00:00:33.20]         C:\Users\NRaes\Dev\pg-age-digitaltwins\src\AgeDigitalTwins\Jobs\JobService.cs(37,0): at AgeDigitalTwins.Jobs.JobService..ctor(NpgsqlMultiHostDataSource dataSource, String graphName, ILogger logger)&#xD;
[xUnit.net 00:00:33.20]         C:\Users\NRaes\Dev\pg-age-digitaltwins\src\AgeDigitalTwins\AgeDigitalTwinsClient.cs(61,0): at AgeDigitalTwins.AgeDigitalTwinsClient..ctor(NpgsqlMultiHostDataSource dataSource, AgeDigitalTwinsClientOptions options)&#xD;
[xUnit.net 00:00:33.20]         C:\Users\NRaes\Dev\pg-age-digitaltwins\src\AgeDigitalTwins.Test\TestBase.cs(29,0): at AgeDigitalTwins.Test.TestBase..ctor()&#xD;
[xUnit.net 00:00:33.20]            at AgeDigitalTwins.Test.DistributedLockingTests..ctor()&#xD;
[xUnit.net 00:00:33.20]            at System.RuntimeType.CreateInstanceDefaultCtor(Boolean publicOnly, Boolean wrapExceptions)&#xD;
[xUnit.net 00:00:33.21]       Npgsql.PostgresException : 28P01: password authentication failed for user "app"&#xD;
[xUnit.net 00:00:33.21]       Stack Trace:&#xD;
[xUnit.net 00:00:33.21]            at Npgsql.NpgsqlMultiHostDataSource.Get(NpgsqlConnection conn, NpgsqlTimeout timeout, Boolean async, CancellationToken cancellationToken)&#xD;
[xUnit.net 00:00:33.21]            at Npgsql.NpgsqlConnection.&lt;Open&gt;g__OpenAsync|42_0(Boolean async, CancellationToken cancellationToken)&#xD;
[xUnit.net 00:00:33.21]            at Npgsql.NpgsqlDataSource.OpenConnectionAsync(CancellationToken cancellationToken)&#xD;
[xUnit.net 00:00:33.21]            at Npgsql.NpgsqlDataSource.OpenConnectionAsync(CancellationToken cancellationToken)&#xD;
[xUnit.net 00:00:33.21]         C:\Users\NRaes\Dev\pg-age-digitaltwins\src\AgeDigitalTwins\Jobs\JobService.cs(438,0): at AgeDigitalTwins.Jobs.JobService.InitializeSchemaAsync()&#xD;
[xUnit.net 00:00:33.21]         C:\Users\NRaes\Dev\pg-age-digitaltwins\src\AgeDigitalTwins\Jobs\JobService.cs(37,0): at AgeDigitalTwins.Jobs.JobService..ctor(NpgsqlMultiHostDataSource dataSource, String graphName, ILogger logger)&#xD;
[xUnit.net 00:00:33.21]         C:\Users\NRaes\Dev\pg-age-digitaltwins\src\AgeDigitalTwins\AgeDigitalTwinsClient.cs(61,0): at AgeDigitalTwins.AgeDigitalTwinsClient..ctor(NpgsqlMultiHostDataSource dataSource, AgeDigitalTwinsClientOptions options)&#xD;
[xUnit.net 00:00:33.21]         C:\Users\NRaes\Dev\pg-age-digitaltwins\src\AgeDigitalTwins.Test\TestBase.cs(29,0): at AgeDigitalTwins.Test.TestBase..ctor()&#xD;
[xUnit.net 00:00:33.21]         C:\Users\NRaes\Dev\pg-age-digitaltwins\src\AgeDigitalTwins.Test\ImportJobTests.cs(16,0): at AgeDigitalTwins.Test.ImportJobTests..ctor(ITestOutputHelper output)&#xD;
[xUnit.net 00:00:33.21]            at InvokeStub_ImportJobTests..ctor(Object, Span`1)&#xD;
[xUnit.net 00:00:33.21]            at System.Reflection.MethodBaseInvoker.InvokeWithOneArg(Object obj, BindingFlags invokeAttr, Binder binder, Object[] parameters, CultureInfo culture)&#xD;
[xUnit.net 00:00:33.21]       Npgsql.PostgresException : 28P01: password authentication failed for user "app"&#xD;
[xUnit.net 00:00:33.21]       Stack Trace:&#xD;
[xUnit.net 00:00:33.21]            at Npgsql.NpgsqlMultiHostDataSource.Get(NpgsqlConnection conn, NpgsqlTimeout timeout, Boolean async, CancellationToken cancellationToken)&#xD;
[xUnit.net 00:00:33.21]            at Npgsql.NpgsqlConnection.&lt;Open&gt;g__OpenAsync|42_0(Boolean async, CancellationToken cancellationToken)&#xD;
[xUnit.net 00:00:33.21]            at Npgsql.NpgsqlDataSource.OpenConnectionAsync(CancellationToken cancellationToken)&#xD;
[xUnit.net 00:00:33.21]            at Npgsql.NpgsqlDataSource.OpenConnectionAsync(CancellationToken cancellationToken)&#xD;
[xUnit.net 00:00:33.21]         C:\Users\NRaes\Dev\pg-age-digitaltwins\src\AgeDigitalTwins\Jobs\JobService.cs(438,0): at AgeDigitalTwins.Jobs.JobService.InitializeSchemaAsync()&#xD;
[xUnit.net 00:00:33.21]         C:\Users\NRaes\Dev\pg-age-digitaltwins\src\AgeDigitalTwins\Jobs\JobService.cs(37,0): at AgeDigitalTwins.Jobs.JobService..ctor(NpgsqlMultiHostDataSource dataSource, String graphName, ILogger logger)&#xD;
[xUnit.net 00:00:33.21]         C:\Users\NRaes\Dev\pg-age-digitaltwins\src\AgeDigitalTwins\AgeDigitalTwinsClient.cs(61,0): at AgeDigitalTwins.AgeDigitalTwinsClient..ctor(NpgsqlMultiHostDataSource dataSource, AgeDigitalTwinsClientOptions options)&#xD;
[xUnit.net 00:00:33.21]         C:\Users\NRaes\Dev\pg-age-digitaltwins\src\AgeDigitalTwins.Test\TestBase.cs(29,0): at AgeDigitalTwins.Test.TestBase..ctor()&#xD;
[xUnit.net 00:00:33.21]         C:\Users\NRaes\Dev\pg-age-digitaltwins\src\AgeDigitalTwins.Test\DigitalTwinsTests.cs(16,0): at AgeDigitalTwins.Test.DigitalTwinsTests..ctor(ITestOutputHelper output)&#xD;
[xUnit.net 00:00:33.21]            at InvokeStub_DigitalTwinsTests..ctor(Object, Span`1)&#xD;
[xUnit.net 00:00:33.21]            at System.Reflection.MethodBaseInvoker.InvokeWithOneArg(Object obj, BindingFlags invokeAttr, Binder binder, Object[] parameters, CultureInfo culture)&#xD;
[xUnit.net 00:00:33.21]       Npgsql.PostgresException : 28P01: password authentication failed for user "app"&#xD;
[xUnit.net 00:00:33.21]       Stack Trace:&#xD;
[xUnit.net 00:00:33.21]            at Npgsql.NpgsqlMultiHostDataSource.Get(NpgsqlConnection conn, NpgsqlTimeout timeout, Boolean async, CancellationToken cancellationToken)&#xD;
[xUnit.net 00:00:33.21]            at Npgsql.NpgsqlConnection.&lt;Open&gt;g__OpenAsync|42_0(Boolean async, CancellationToken cancellationToken)&#xD;
[xUnit.net 00:00:33.21]            at Npgsql.NpgsqlDataSource.OpenConnectionAsync(CancellationToken cancellationToken)&#xD;
[xUnit.net 00:00:33.21]            at Npgsql.NpgsqlDataSource.OpenConnectionAsync(CancellationToken cancellationToken)&#xD;
[xUnit.net 00:00:33.21]         C:\Users\NRaes\Dev\pg-age-digitaltwins\src\AgeDigitalTwins\Jobs\JobService.cs(438,0): at AgeDigitalTwins.Jobs.JobService.InitializeSchemaAsync()&#xD;
[xUnit.net 00:00:33.21]         C:\Users\NRaes\Dev\pg-age-digitaltwins\src\AgeDigitalTwins\Jobs\JobService.cs(37,0): at AgeDigitalTwins.Jobs.JobService..ctor(NpgsqlMultiHostDataSource dataSource, String graphName, ILogger logger)&#xD;
[xUnit.net 00:00:33.21]         C:\Users\NRaes\Dev\pg-age-digitaltwins\src\AgeDigitalTwins\AgeDigitalTwinsClient.cs(61,0): at AgeDigitalTwins.AgeDigitalTwinsClient..ctor(NpgsqlMultiHostDataSource dataSource, AgeDigitalTwinsClientOptions options)&#xD;
[xUnit.net 00:00:33.21]         C:\Users\NRaes\Dev\pg-age-digitaltwins\src\AgeDigitalTwins.Test\TestBase.cs(29,0): at AgeDigitalTwins.Test.TestBase..ctor()&#xD;
[xUnit.net 00:00:33.21]            at AgeDigitalTwins.Test.QueryTests..ctor()&#xD;
[xUnit.net 00:00:33.21]            at System.RuntimeType.CreateInstanceDefaultCtor(Boolean publicOnly, Boolean wrapExceptions)&#xD;
[xUnit.net 00:00:33.85]       Npgsql.PostgresException : 28P01: password authentication failed for user "app"&#xD;
[xUnit.net 00:00:33.85]       Stack Trace:&#xD;
[xUnit.net 00:00:33.85]            at Npgsql.NpgsqlMultiHostDataSource.Get(NpgsqlConnection conn, NpgsqlTimeout timeout, Boolean async, CancellationToken cancellationToken)&#xD;
[xUnit.net 00:00:33.85]            at Npgsql.NpgsqlConnection.&lt;Open&gt;g__OpenAsync|42_0(Boolean async, CancellationToken cancellationToken)&#xD;
[xUnit.net 00:00:33.85]            at Npgsql.NpgsqlDataSource.OpenConnectionAsync(CancellationToken cancellationToken)&#xD;
[xUnit.net 00:00:33.85]            at Npgsql.NpgsqlDataSource.OpenConnectionAsync(CancellationToken cancellationToken)&#xD;
[xUnit.net 00:00:33.85]         C:\Users\NRaes\Dev\pg-age-digitaltwins\src\AgeDigitalTwins\Jobs\JobService.cs(438,0): at AgeDigitalTwins.Jobs.JobService.InitializeSchemaAsync()&#xD;
[xUnit.net 00:00:33.85]         C:\Users\NRaes\Dev\pg-age-digitaltwins\src\AgeDigitalTwins\Jobs\JobService.cs(37,0): at AgeDigitalTwins.Jobs.JobService..ctor(NpgsqlMultiHostDataSource dataSource, String graphName, ILogger logger)&#xD;
[xUnit.net 00:00:33.85]         C:\Users\NRaes\Dev\pg-age-digitaltwins\src\AgeDigitalTwins\AgeDigitalTwinsClient.cs(61,0): at AgeDigitalTwins.AgeDigitalTwinsClient..ctor(NpgsqlMultiHostDataSource dataSource, AgeDigitalTwinsClientOptions options)&#xD;
[xUnit.net 00:00:33.85]         C:\Users\NRaes\Dev\pg-age-digitaltwins\src\AgeDigitalTwins.Test\TestBase.cs(29,0): at AgeDigitalTwins.Test.TestBase..ctor()&#xD;
[xUnit.net 00:00:33.85]            at AgeDigitalTwins.Test.QueryTests..ctor()&#xD;
[xUnit.net 00:00:33.85]            at System.RuntimeType.CreateInstanceDefaultCtor(Boolean publicOnly, Boolean wrapExceptions)&#xD;
[xUnit.net 00:00:33.86]       Npgsql.PostgresException : 28P01: password authentication failed for user "app"&#xD;
[xUnit.net 00:00:33.86]       Stack Trace:&#xD;
[xUnit.net 00:00:33.86]            at Npgsql.NpgsqlMultiHostDataSource.Get(NpgsqlConnection conn, NpgsqlTimeout timeout, Boolean async, CancellationToken cancellationToken)&#xD;
[xUnit.net 00:00:33.86]            at Npgsql.NpgsqlConnection.&lt;Open&gt;g__OpenAsync|42_0(Boolean async, CancellationToken cancellationToken)&#xD;
[xUnit.net 00:00:33.86]            at Npgsql.NpgsqlDataSource.OpenConnectionAsync(CancellationToken cancellationToken)&#xD;
[xUnit.net 00:00:33.86]            at Npgsql.NpgsqlDataSource.OpenConnectionAsync(CancellationToken cancellationToken)&#xD;
[xUnit.net 00:00:33.86]         C:\Users\NRaes\Dev\pg-age-digitaltwins\src\AgeDigitalTwins\Jobs\JobService.cs(438,0): at AgeDigitalTwins.Jobs.JobService.InitializeSchemaAsync()&#xD;
[xUnit.net 00:00:33.86]         C:\Users\NRaes\Dev\pg-age-digitaltwins\src\AgeDigitalTwins\Jobs\JobService.cs(37,0): at AgeDigitalTwins.Jobs.JobService..ctor(NpgsqlMultiHostDataSource dataSource, String graphName, ILogger logger)&#xD;
[xUnit.net 00:00:33.86]         C:\Users\NRaes\Dev\pg-age-digitaltwins\src\AgeDigitalTwins\AgeDigitalTwinsClient.cs(61,0): at AgeDigitalTwins.AgeDigitalTwinsClient..ctor(NpgsqlMultiHostDataSource dataSource, AgeDigitalTwinsClientOptions options)&#xD;
[xUnit.net 00:00:33.86]         C:\Users\NRaes\Dev\pg-age-digitaltwins\src\AgeDigitalTwins.Test\TestBase.cs(29,0): at AgeDigitalTwins.Test.TestBase..ctor()&#xD;
[xUnit.net 00:00:33.86]            at AgeDigitalTwins.Test.DistributedLockingTests..ctor()&#xD;
[xUnit.net 00:00:33.86]            at System.RuntimeType.CreateInstanceDefaultCtor(Boolean publicOnly, Boolean wrapExceptions)&#xD;
[xUnit.net 00:00:33.86]       Npgsql.PostgresException : 28P01: password authentication failed for user "app"&#xD;
[xUnit.net 00:00:33.86]       Stack Trace:&#xD;
[xUnit.net 00:00:33.86]            at Npgsql.NpgsqlMultiHostDataSource.Get(NpgsqlConnection conn, NpgsqlTimeout timeout, Boolean async, CancellationToken cancellationToken)&#xD;
[xUnit.net 00:00:33.86]            at Npgsql.NpgsqlConnection.&lt;Open&gt;g__OpenAsync|42_0(Boolean async, CancellationToken cancellationToken)&#xD;
[xUnit.net 00:00:33.86]            at Npgsql.NpgsqlDataSource.OpenConnectionAsync(CancellationToken cancellationToken)&#xD;
[xUnit.net 00:00:33.86]            at Npgsql.NpgsqlDataSource.OpenConnectionAsync(CancellationToken cancellationToken)&#xD;
[xUnit.net 00:00:33.86]         C:\Users\NRaes\Dev\pg-age-digitaltwins\src\AgeDigitalTwins\Jobs\JobService.cs(438,0): at AgeDigitalTwins.Jobs.JobService.InitializeSchemaAsync()&#xD;
[xUnit.net 00:00:33.86]         C:\Users\NRaes\Dev\pg-age-digitaltwins\src\AgeDigitalTwins\Jobs\JobService.cs(37,0): at AgeDigitalTwins.Jobs.JobService..ctor(NpgsqlMultiHostDataSource dataSource, String graphName, ILogger logger)&#xD;
[xUnit.net 00:00:33.86]         C:\Users\NRaes\Dev\pg-age-digitaltwins\src\AgeDigitalTwins\AgeDigitalTwinsClient.cs(61,0): at AgeDigitalTwins.AgeDigitalTwinsClient..ctor(NpgsqlMultiHostDataSource dataSource, AgeDigitalTwinsClientOptions options)&#xD;
[xUnit.net 00:00:33.86]         C:\Users\NRaes\Dev\pg-age-digitaltwins\src\AgeDigitalTwins.Test\TestBase.cs(29,0): at AgeDigitalTwins.Test.TestBase..ctor()&#xD;
[xUnit.net 00:00:33.86]         C:\Users\NRaes\Dev\pg-age-digitaltwins\src\AgeDigitalTwins.Test\DigitalTwinsTests.cs(16,0): at AgeDigitalTwins.Test.DigitalTwinsTests..ctor(ITestOutputHelper output)&#xD;
[xUnit.net 00:00:33.86]            at InvokeStub_DigitalTwinsTests..ctor(Object, Span`1)&#xD;
[xUnit.net 00:00:33.86]            at System.Reflection.MethodBaseInvoker.InvokeWithOneArg(Object obj, BindingFlags invokeAttr, Binder binder, Object[] parameters, CultureInfo culture)&#xD;
[xUnit.net 00:00:33.86]       Npgsql.PostgresException : 28P01: password authentication failed for user "app"&#xD;
[xUnit.net 00:00:33.86]       Stack Trace:&#xD;
[xUnit.net 00:00:33.86]            at Npgsql.NpgsqlMultiHostDataSource.Get(NpgsqlConnection conn, NpgsqlTimeout timeout, Boolean async, CancellationToken cancellationToken)&#xD;
[xUnit.net 00:00:33.86]            at Npgsql.NpgsqlConnection.&lt;Open&gt;g__OpenAsync|42_0(Boolean async, CancellationToken cancellationToken)&#xD;
[xUnit.net 00:00:33.86]            at Npgsql.NpgsqlDataSource.OpenConnectionAsync(CancellationToken cancellationToken)&#xD;
[xUnit.net 00:00:33.86]            at Npgsql.NpgsqlDataSource.OpenConnectionAsync(CancellationToken cancellationToken)&#xD;
[xUnit.net 00:00:33.86]         C:\Users\NRaes\Dev\pg-age-digitaltwins\src\AgeDigitalTwins\Jobs\JobService.cs(438,0): at AgeDigitalTwins.Jobs.JobService.InitializeSchemaAsync()&#xD;
[xUnit.net 00:00:33.86]         C:\Users\NRaes\Dev\pg-age-digitaltwins\src\AgeDigitalTwins\Jobs\JobService.cs(37,0): at AgeDigitalTwins.Jobs.JobService..ctor(NpgsqlMultiHostDataSource dataSource, String graphName, ILogger logger)&#xD;
[xUnit.net 00:00:33.86]         C:\Users\NRaes\Dev\pg-age-digitaltwins\src\AgeDigitalTwins\AgeDigitalTwinsClient.cs(61,0): at AgeDigitalTwins.AgeDigitalTwinsClient..ctor(NpgsqlMultiHostDataSource dataSource, AgeDigitalTwinsClientOptions options)&#xD;
[xUnit.net 00:00:33.86]         C:\Users\NRaes\Dev\pg-age-digitaltwins\src\AgeDigitalTwins.Test\TestBase.cs(29,0): at AgeDigitalTwins.Test.TestBase..ctor()&#xD;
[xUnit.net 00:00:33.86]         C:\Users\NRaes\Dev\pg-age-digitaltwins\src\AgeDigitalTwins.Test\ImportJobTests.cs(16,0): at AgeDigitalTwins.Test.ImportJobTests..ctor(ITestOutputHelper output)&#xD;
[xUnit.net 00:00:33.86]            at InvokeStub_ImportJobTests..ctor(Object, Span`1)&#xD;
[xUnit.net 00:00:33.86]            at System.Reflection.MethodBaseInvoker.InvokeWithOneArg(Object obj, BindingFlags invokeAttr, Binder binder, Object[] parameters, CultureInfo culture)&#xD;
[xUnit.net 00:00:34.45]       Npgsql.PostgresException : 28P01: password authentication failed for user "app"&#xD;
[xUnit.net 00:00:34.45]       Stack Trace:&#xD;
[xUnit.net 00:00:34.45]            at Npgsql.NpgsqlMultiHostDataSource.Get(NpgsqlConnection conn, NpgsqlTimeout timeout, Boolean async, CancellationToken cancellationToken)&#xD;
[xUnit.net 00:00:34.45]            at Npgsql.NpgsqlConnection.&lt;Open&gt;g__OpenAsync|42_0(Boolean async, CancellationToken cancellationToken)&#xD;
[xUnit.net 00:00:34.45]            at Npgsql.NpgsqlDataSource.OpenConnectionAsync(CancellationToken cancellationToken)&#xD;
[xUnit.net 00:00:34.45]            at Npgsql.NpgsqlDataSource.OpenConnectionAsync(CancellationToken cancellationToken)&#xD;
[xUnit.net 00:00:34.45]         C:\Users\NRaes\Dev\pg-age-digitaltwins\src\AgeDigitalTwins\Jobs\JobService.cs(438,0): at AgeDigitalTwins.Jobs.JobService.InitializeSchemaAsync()&#xD;
[xUnit.net 00:00:34.45]         C:\Users\NRaes\Dev\pg-age-digitaltwins\src\AgeDigitalTwins\Jobs\JobService.cs(37,0): at AgeDigitalTwins.Jobs.JobService..ctor(NpgsqlMultiHostDataSource dataSource, String graphName, ILogger logger)&#xD;
[xUnit.net 00:00:34.45]         C:\Users\NRaes\Dev\pg-age-digitaltwins\src\AgeDigitalTwins\AgeDigitalTwinsClient.cs(61,0): at AgeDigitalTwins.AgeDigitalTwinsClient..ctor(NpgsqlMultiHostDataSource dataSource, AgeDigitalTwinsClientOptions options)&#xD;
[xUnit.net 00:00:34.45]         C:\Users\NRaes\Dev\pg-age-digitaltwins\src\AgeDigitalTwins.Test\TestBase.cs(29,0): at AgeDigitalTwins.Test.TestBase..ctor()&#xD;
[xUnit.net 00:00:34.45]            at AgeDigitalTwins.Test.QueryTests..ctor()&#xD;
[xUnit.net 00:00:34.45]            at System.RuntimeType.CreateInstanceDefaultCtor(Boolean publicOnly, Boolean wrapExceptions)&#xD;
[xUnit.net 00:00:34.49]       Npgsql.PostgresException : 28P01: password authentication failed for user "app"&#xD;
[xUnit.net 00:00:34.49]       Stack Trace:&#xD;
[xUnit.net 00:00:34.49]            at Npgsql.NpgsqlMultiHostDataSource.Get(NpgsqlConnection conn, NpgsqlTimeout timeout, Boolean async, CancellationToken cancellationToken)&#xD;
[xUnit.net 00:00:34.49]            at Npgsql.NpgsqlConnection.&lt;Open&gt;g__OpenAsync|42_0(Boolean async, CancellationToken cancellationToken)&#xD;
[xUnit.net 00:00:34.49]            at Npgsql.NpgsqlDataSource.OpenConnectionAsync(CancellationToken cancellationToken)&#xD;
[xUnit.net 00:00:34.49]            at Npgsql.NpgsqlDataSource.OpenConnectionAsync(CancellationToken cancellationToken)&#xD;
[xUnit.net 00:00:34.49]         C:\Users\NRaes\Dev\pg-age-digitaltwins\src\AgeDigitalTwins\Jobs\JobService.cs(438,0): at AgeDigitalTwins.Jobs.JobService.InitializeSchemaAsync()&#xD;
[xUnit.net 00:00:34.49]         C:\Users\NRaes\Dev\pg-age-digitaltwins\src\AgeDigitalTwins\Jobs\JobService.cs(37,0): at AgeDigitalTwins.Jobs.JobService..ctor(NpgsqlMultiHostDataSource dataSource, String graphName, ILogger logger)&#xD;
[xUnit.net 00:00:34.49]         C:\Users\NRaes\Dev\pg-age-digitaltwins\src\AgeDigitalTwins\AgeDigitalTwinsClient.cs(61,0): at AgeDigitalTwins.AgeDigitalTwinsClient..ctor(NpgsqlMultiHostDataSource dataSource, AgeDigitalTwinsClientOptions options)&#xD;
[xUnit.net 00:00:34.49]         C:\Users\NRaes\Dev\pg-age-digitaltwins\src\AgeDigitalTwins.Test\TestBase.cs(29,0): at AgeDigitalTwins.Test.TestBase..ctor()&#xD;
[xUnit.net 00:00:34.49]         C:\Users\NRaes\Dev\pg-age-digitaltwins\src\AgeDigitalTwins.Test\DigitalTwinsTests.cs(16,0): at AgeDigitalTwins.Test.DigitalTwinsTests..ctor(ITestOutputHelper output)&#xD;
[xUnit.net 00:00:34.49]            at InvokeStub_DigitalTwinsTests..ctor(Object, Span`1)&#xD;
[xUnit.net 00:00:34.49]            at System.Reflection.MethodBaseInvoker.InvokeWithOneArg(Object obj, BindingFlags invokeAttr, Binder binder, Object[] parameters, CultureInfo culture)&#xD;
[xUnit.net 00:00:34.50]       Npgsql.PostgresException : 28P01: password authentication failed for user "app"&#xD;
[xUnit.net 00:00:34.50]       Stack Trace:&#xD;
[xUnit.net 00:00:34.50]            at Npgsql.NpgsqlMultiHostDataSource.Get(NpgsqlConnection conn, NpgsqlTimeout timeout, Boolean async, CancellationToken cancellationToken)&#xD;
[xUnit.net 00:00:34.50]            at Npgsql.NpgsqlConnection.&lt;Open&gt;g__OpenAsync|42_0(Boolean async, CancellationToken cancellationToken)&#xD;
[xUnit.net 00:00:34.50]            at Npgsql.NpgsqlDataSource.OpenConnectionAsync(CancellationToken cancellationToken)&#xD;
[xUnit.net 00:00:34.50]            at Npgsql.NpgsqlDataSource.OpenConnectionAsync(CancellationToken cancellationToken)&#xD;
[xUnit.net 00:00:34.50]         C:\Users\NRaes\Dev\pg-age-digitaltwins\src\AgeDigitalTwins\Jobs\JobService.cs(438,0): at AgeDigitalTwins.Jobs.JobService.InitializeSchemaAsync()&#xD;
[xUnit.net 00:00:34.50]         C:\Users\NRaes\Dev\pg-age-digitaltwins\src\AgeDigitalTwins\Jobs\JobService.cs(37,0): at AgeDigitalTwins.Jobs.JobService..ctor(NpgsqlMultiHostDataSource dataSource, String graphName, ILogger logger)&#xD;
[xUnit.net 00:00:34.50]         C:\Users\NRaes\Dev\pg-age-digitaltwins\src\AgeDigitalTwins\AgeDigitalTwinsClient.cs(61,0): at AgeDigitalTwins.AgeDigitalTwinsClient..ctor(NpgsqlMultiHostDataSource dataSource, AgeDigitalTwinsClientOptions options)&#xD;
[xUnit.net 00:00:34.50]         C:\Users\NRaes\Dev\pg-age-digitaltwins\src\AgeDigitalTwins.Test\TestBase.cs(29,0): at AgeDigitalTwins.Test.TestBase..ctor()&#xD;
[xUnit.net 00:00:34.50]            at AgeDigitalTwins.Test.DistributedLockingTests..ctor()&#xD;
[xUnit.net 00:00:34.50]            at System.RuntimeType.CreateInstanceDefaultCtor(Boolean publicOnly, Boolean wrapExceptions)&#xD;
[xUnit.net 00:00:34.50]       Npgsql.PostgresException : 28P01: password authentication failed for user "app"&#xD;
[xUnit.net 00:00:34.50]       Stack Trace:&#xD;
[xUnit.net 00:00:34.50]            at Npgsql.NpgsqlMultiHostDataSource.Get(NpgsqlConnection conn, NpgsqlTimeout timeout, Boolean async, CancellationToken cancellationToken)&#xD;
[xUnit.net 00:00:34.50]            at Npgsql.NpgsqlConnection.&lt;Open&gt;g__OpenAsync|42_0(Boolean async, CancellationToken cancellationToken)&#xD;
[xUnit.net 00:00:34.50]            at Npgsql.NpgsqlDataSource.OpenConnectionAsync(CancellationToken cancellationToken)&#xD;
[xUnit.net 00:00:34.50]            at Npgsql.NpgsqlDataSource.OpenConnectionAsync(CancellationToken cancellationToken)&#xD;
[xUnit.net 00:00:34.50]         C:\Users\NRaes\Dev\pg-age-digitaltwins\src\AgeDigitalTwins\Jobs\JobService.cs(438,0): at AgeDigitalTwins.Jobs.JobService.InitializeSchemaAsync()&#xD;
[xUnit.net 00:00:34.50]         C:\Users\NRaes\Dev\pg-age-digitaltwins\src\AgeDigitalTwins\Jobs\JobService.cs(37,0): at AgeDigitalTwins.Jobs.JobService..ctor(NpgsqlMultiHostDataSource dataSource, String graphName, ILogger logger)&#xD;
[xUnit.net 00:00:34.50]         C:\Users\NRaes\Dev\pg-age-digitaltwins\src\AgeDigitalTwins\AgeDigitalTwinsClient.cs(61,0): at AgeDigitalTwins.AgeDigitalTwinsClient..ctor(NpgsqlMultiHostDataSource dataSource, AgeDigitalTwinsClientOptions options)&#xD;
[xUnit.net 00:00:34.50]         C:\Users\NRaes\Dev\pg-age-digitaltwins\src\AgeDigitalTwins.Test\TestBase.cs(29,0): at AgeDigitalTwins.Test.TestBase..ctor()&#xD;
[xUnit.net 00:00:34.50]         C:\Users\NRaes\Dev\pg-age-digitaltwins\src\AgeDigitalTwins.Test\ImportJobTests.cs(16,0): at AgeDigitalTwins.Test.ImportJobTests..ctor(ITestOutputHelper output)&#xD;
[xUnit.net 00:00:34.50]            at InvokeStub_ImportJobTests..ctor(Object, Span`1)&#xD;
[xUnit.net 00:00:34.50]            at System.Reflection.MethodBaseInvoker.InvokeWithOneArg(Object obj, BindingFlags invokeAttr, Binder binder, Object[] parameters, CultureInfo culture)&#xD;
[xUnit.net 00:00:35.06]       Npgsql.PostgresException : 28P01: password authentication failed for user "app"&#xD;
[xUnit.net 00:00:35.06]       Stack Trace:&#xD;
[xUnit.net 00:00:35.06]            at Npgsql.NpgsqlMultiHostDataSource.Get(NpgsqlConnection conn, NpgsqlTimeout timeout, Boolean async, CancellationToken cancellationToken)&#xD;
[xUnit.net 00:00:35.06]            at Npgsql.NpgsqlConnection.&lt;Open&gt;g__OpenAsync|42_0(Boolean async, CancellationToken cancellationToken)&#xD;
[xUnit.net 00:00:35.06]            at Npgsql.NpgsqlDataSource.OpenConnectionAsync(CancellationToken cancellationToken)&#xD;
[xUnit.net 00:00:35.06]            at Npgsql.NpgsqlDataSource.OpenConnectionAsync(CancellationToken cancellationToken)&#xD;
[xUnit.net 00:00:35.06]         C:\Users\NRaes\Dev\pg-age-digitaltwins\src\AgeDigitalTwins\Jobs\JobService.cs(438,0): at AgeDigitalTwins.Jobs.JobService.InitializeSchemaAsync()&#xD;
[xUnit.net 00:00:35.06]         C:\Users\NRaes\Dev\pg-age-digitaltwins\src\AgeDigitalTwins\Jobs\JobService.cs(37,0): at AgeDigitalTwins.Jobs.JobService..ctor(NpgsqlMultiHostDataSource dataSource, String graphName, ILogger logger)&#xD;
[xUnit.net 00:00:35.06]         C:\Users\NRaes\Dev\pg-age-digitaltwins\src\AgeDigitalTwins\AgeDigitalTwinsClient.cs(61,0): at AgeDigitalTwins.AgeDigitalTwinsClient..ctor(NpgsqlMultiHostDataSource dataSource, AgeDigitalTwinsClientOptions options)&#xD;
[xUnit.net 00:00:35.06]         C:\Users\NRaes\Dev\pg-age-digitaltwins\src\AgeDigitalTwins.Test\TestBase.cs(29,0): at AgeDigitalTwins.Test.TestBase..ctor()&#xD;
[xUnit.net 00:00:35.06]            at AgeDigitalTwins.Test.QueryTests..ctor()&#xD;
[xUnit.net 00:00:35.06]            at System.RuntimeType.CreateInstanceDefaultCtor(Boolean publicOnly, Boolean wrapExceptions)&#xD;
[xUnit.net 00:00:35.11]       Npgsql.PostgresException : 28P01: password authentication failed for user "app"&#xD;
[xUnit.net 00:00:35.11]       Stack Trace:&#xD;
[xUnit.net 00:00:35.11]            at Npgsql.NpgsqlMultiHostDataSource.Get(NpgsqlConnection conn, NpgsqlTimeout timeout, Boolean async, CancellationToken cancellationToken)&#xD;
[xUnit.net 00:00:35.11]            at Npgsql.NpgsqlConnection.&lt;Open&gt;g__OpenAsync|42_0(Boolean async, CancellationToken cancellationToken)&#xD;
[xUnit.net 00:00:35.11]            at Npgsql.NpgsqlDataSource.OpenConnectionAsync(CancellationToken cancellationToken)&#xD;
[xUnit.net 00:00:35.11]            at Npgsql.NpgsqlDataSource.OpenConnectionAsync(CancellationToken cancellationToken)&#xD;
[xUnit.net 00:00:35.11]         C:\Users\NRaes\Dev\pg-age-digitaltwins\src\AgeDigitalTwins\Jobs\JobService.cs(438,0): at AgeDigitalTwins.Jobs.JobService.InitializeSchemaAsync()&#xD;
[xUnit.net 00:00:35.11]         C:\Users\NRaes\Dev\pg-age-digitaltwins\src\AgeDigitalTwins\Jobs\JobService.cs(37,0): at AgeDigitalTwins.Jobs.JobService..ctor(NpgsqlMultiHostDataSource dataSource, String graphName, ILogger logger)&#xD;
[xUnit.net 00:00:35.11]         C:\Users\NRaes\Dev\pg-age-digitaltwins\src\AgeDigitalTwins\AgeDigitalTwinsClient.cs(61,0): at AgeDigitalTwins.AgeDigitalTwinsClient..ctor(NpgsqlMultiHostDataSource dataSource, AgeDigitalTwinsClientOptions options)&#xD;
[xUnit.net 00:00:35.11]         C:\Users\NRaes\Dev\pg-age-digitaltwins\src\AgeDigitalTwins.Test\TestBase.cs(29,0): at AgeDigitalTwins.Test.TestBase..ctor()&#xD;
[xUnit.net 00:00:35.11]         C:\Users\NRaes\Dev\pg-age-digitaltwins\src\AgeDigitalTwins.Test\ImportJobTests.cs(16,0): at AgeDigitalTwins.Test.ImportJobTests..ctor(ITestOutputHelper output)&#xD;
[xUnit.net 00:00:35.11]            at InvokeStub_ImportJobTests..ctor(Object, Span`1)&#xD;
[xUnit.net 00:00:35.11]            at System.Reflection.MethodBaseInvoker.InvokeWithOneArg(Object obj, BindingFlags invokeAttr, Binder binder, Object[] parameters, CultureInfo culture)&#xD;
[xUnit.net 00:00:35.69]       Npgsql.PostgresException : 28P01: password authentication failed for user "app"&#xD;
[xUnit.net 00:00:35.69]       Stack Trace:&#xD;
[xUnit.net 00:00:35.69]            at Npgsql.NpgsqlMultiHostDataSource.Get(NpgsqlConnection conn, NpgsqlTimeout timeout, Boolean async, CancellationToken cancellationToken)&#xD;
[xUnit.net 00:00:35.69]            at Npgsql.NpgsqlConnection.&lt;Open&gt;g__OpenAsync|42_0(Boolean async, CancellationToken cancellationToken)&#xD;
[xUnit.net 00:00:35.69]            at Npgsql.NpgsqlDataSource.OpenConnectionAsync(CancellationToken cancellationToken)&#xD;
[xUnit.net 00:00:35.69]            at Npgsql.NpgsqlDataSource.OpenConnectionAsync(CancellationToken cancellationToken)&#xD;
[xUnit.net 00:00:35.69]         C:\Users\NRaes\Dev\pg-age-digitaltwins\src\AgeDigitalTwins\Jobs\JobService.cs(438,0): at AgeDigitalTwins.Jobs.JobService.InitializeSchemaAsync()&#xD;
[xUnit.net 00:00:35.70]         C:\Users\NRaes\Dev\pg-age-digitaltwins\src\AgeDigitalTwins\Jobs\JobService.cs(37,0): at AgeDigitalTwins.Jobs.JobService..ctor(NpgsqlMultiHostDataSource dataSource, String graphName, ILogger logger)&#xD;
[xUnit.net 00:00:35.70]         C:\Users\NRaes\Dev\pg-age-digitaltwins\src\AgeDigitalTwins\AgeDigitalTwinsClient.cs(61,0): at AgeDigitalTwins.AgeDigitalTwinsClient..ctor(NpgsqlMultiHostDataSource dataSource, AgeDigitalTwinsClientOptions options)&#xD;
[xUnit.net 00:00:35.70]         C:\Users\NRaes\Dev\pg-age-digitaltwins\src\AgeDigitalTwins.Test\TestBase.cs(29,0): at AgeDigitalTwins.Test.TestBase..ctor()&#xD;
[xUnit.net 00:00:35.70]            at AgeDigitalTwins.Test.QueryTests..ctor()&#xD;
[xUnit.net 00:00:35.70]            at System.RuntimeType.CreateInstanceDefaultCtor(Boolean publicOnly, Boolean wrapExceptions)&#xD;
[xUnit.net 00:00:36.32]       Npgsql.PostgresException : 28P01: password authentication failed for user "app"&#xD;
[xUnit.net 00:00:36.32]       Stack Trace:&#xD;
[xUnit.net 00:00:36.32]            at Npgsql.NpgsqlMultiHostDataSource.Get(NpgsqlConnection conn, NpgsqlTimeout timeout, Boolean async, CancellationToken cancellationToken)&#xD;
[xUnit.net 00:00:36.32]            at Npgsql.NpgsqlConnection.&lt;Open&gt;g__OpenAsync|42_0(Boolean async, CancellationToken cancellationToken)&#xD;
[xUnit.net 00:00:36.32]            at Npgsql.NpgsqlDataSource.OpenConnectionAsync(CancellationToken cancellationToken)&#xD;
[xUnit.net 00:00:36.32]            at Npgsql.NpgsqlDataSource.OpenConnectionAsync(CancellationToken cancellationToken)&#xD;
[xUnit.net 00:00:36.32]         C:\Users\NRaes\Dev\pg-age-digitaltwins\src\AgeDigitalTwins\Jobs\JobService.cs(438,0): at AgeDigitalTwins.Jobs.JobService.InitializeSchemaAsync()&#xD;
[xUnit.net 00:00:36.32]         C:\Users\NRaes\Dev\pg-age-digitaltwins\src\AgeDigitalTwins\Jobs\JobService.cs(37,0): at AgeDigitalTwins.Jobs.JobService..ctor(NpgsqlMultiHostDataSource dataSource, String graphName, ILogger logger)&#xD;
[xUnit.net 00:00:36.32]         C:\Users\NRaes\Dev\pg-age-digitaltwins\src\AgeDigitalTwins\AgeDigitalTwinsClient.cs(61,0): at AgeDigitalTwins.AgeDigitalTwinsClient..ctor(NpgsqlMultiHostDataSource dataSource, AgeDigitalTwinsClientOptions options)&#xD;
[xUnit.net 00:00:36.32]         C:\Users\NRaes\Dev\pg-age-digitaltwins\src\AgeDigitalTwins.Test\TestBase.cs(29,0): at AgeDigitalTwins.Test.TestBase..ctor()&#xD;
[xUnit.net 00:00:36.32]            at AgeDigitalTwins.Test.QueryTests..ctor()&#xD;
[xUnit.net 00:00:36.32]            at System.RuntimeType.CreateInstanceDefaultCtor(Boolean publicOnly, Boolean wrapExceptions)&#xD;
[xUnit.net 00:00:36.93]       Npgsql.PostgresException : 28P01: password authentication failed for user "app"&#xD;
[xUnit.net 00:00:36.93]       Stack Trace:&#xD;
[xUnit.net 00:00:36.93]            at Npgsql.NpgsqlMultiHostDataSource.Get(NpgsqlConnection conn, NpgsqlTimeout timeout, Boolean async, CancellationToken cancellationToken)&#xD;
[xUnit.net 00:00:36.93]            at Npgsql.NpgsqlConnection.&lt;Open&gt;g__OpenAsync|42_0(Boolean async, CancellationToken cancellationToken)&#xD;
[xUnit.net 00:00:36.93]            at Npgsql.NpgsqlDataSource.OpenConnectionAsync(CancellationToken cancellationToken)&#xD;
[xUnit.net 00:00:36.93]            at Npgsql.NpgsqlDataSource.OpenConnectionAsync(CancellationToken cancellationToken)&#xD;
[xUnit.net 00:00:36.93]         C:\Users\NRaes\Dev\pg-age-digitaltwins\src\AgeDigitalTwins\Jobs\JobService.cs(438,0): at AgeDigitalTwins.Jobs.JobService.InitializeSchemaAsync()&#xD;
[xUnit.net 00:00:36.93]         C:\Users\NRaes\Dev\pg-age-digitaltwins\src\AgeDigitalTwins\Jobs\JobService.cs(37,0): at AgeDigitalTwins.Jobs.JobService..ctor(NpgsqlMultiHostDataSource dataSource, String graphName, ILogger logger)&#xD;
[xUnit.net 00:00:36.93]         C:\Users\NRaes\Dev\pg-age-digitaltwins\src\AgeDigitalTwins\AgeDigitalTwinsClient.cs(61,0): at AgeDigitalTwins.AgeDigitalTwinsClient..ctor(NpgsqlMultiHostDataSource dataSource, AgeDigitalTwinsClientOptions options)&#xD;
[xUnit.net 00:00:36.93]         C:\Users\NRaes\Dev\pg-age-digitaltwins\src\AgeDigitalTwins.Test\TestBase.cs(29,0): at AgeDigitalTwins.Test.TestBase..ctor()&#xD;
[xUnit.net 00:00:36.93]            at AgeDigitalTwins.Test.QueryTests..ctor()&#xD;
[xUnit.net 00:00:36.93]            at System.RuntimeType.CreateInstanceDefaultCtor(Boolean publicOnly, Boolean wrapExceptions)&#xD;
[xUnit.net 00:00:37.56]       Npgsql.PostgresException : 28P01: password authentication failed for user "app"&#xD;
[xUnit.net 00:00:37.56]       Stack Trace:&#xD;
[xUnit.net 00:00:37.56]            at Npgsql.NpgsqlMultiHostDataSource.Get(NpgsqlConnection conn, NpgsqlTimeout timeout, Boolean async, CancellationToken cancellationToken)&#xD;
[xUnit.net 00:00:37.56]            at Npgsql.NpgsqlConnection.&lt;Open&gt;g__OpenAsync|42_0(Boolean async, CancellationToken cancellationToken)&#xD;
[xUnit.net 00:00:37.56]            at Npgsql.NpgsqlDataSource.OpenConnectionAsync(CancellationToken cancellationToken)&#xD;
[xUnit.net 00:00:37.56]            at Npgsql.NpgsqlDataSource.OpenConnectionAsync(CancellationToken cancellationToken)&#xD;
[xUnit.net 00:00:37.56]         C:\Users\NRaes\Dev\pg-age-digitaltwins\src\AgeDigitalTwins\Jobs\JobService.cs(438,0): at AgeDigitalTwins.Jobs.JobService.InitializeSchemaAsync()&#xD;
[xUnit.net 00:00:37.56]         C:\Users\NRaes\Dev\pg-age-digitaltwins\src\AgeDigitalTwins\Jobs\JobService.cs(37,0): at AgeDigitalTwins.Jobs.JobService..ctor(NpgsqlMultiHostDataSource dataSource, String graphName, ILogger logger)&#xD;
[xUnit.net 00:00:37.56]         C:\Users\NRaes\Dev\pg-age-digitaltwins\src\AgeDigitalTwins\AgeDigitalTwinsClient.cs(61,0): at AgeDigitalTwins.AgeDigitalTwinsClient..ctor(NpgsqlMultiHostDataSource dataSource, AgeDigitalTwinsClientOptions options)&#xD;
[xUnit.net 00:00:37.56]         C:\Users\NRaes\Dev\pg-age-digitaltwins\src\AgeDigitalTwins.Test\TestBase.cs(29,0): at AgeDigitalTwins.Test.TestBase..ctor()&#xD;
[xUnit.net 00:00:37.56]            at AgeDigitalTwins.Test.QueryTests..ctor()&#xD;
[xUnit.net 00:00:37.56]            at System.RuntimeType.CreateInstanceDefaultCtor(Boolean publicOnly, Boolean wrapExceptions)&#xD;
[xUnit.net 00:00:38.20]       Npgsql.PostgresException : 28P01: password authentication failed for user "app"&#xD;
[xUnit.net 00:00:38.20]       Stack Trace:&#xD;
[xUnit.net 00:00:38.20]            at Npgsql.NpgsqlMultiHostDataSource.Get(NpgsqlConnection conn, NpgsqlTimeout timeout, Boolean async, CancellationToken cancellationToken)&#xD;
[xUnit.net 00:00:38.20]            at Npgsql.NpgsqlConnection.&lt;Open&gt;g__OpenAsync|42_0(Boolean async, CancellationToken cancellationToken)&#xD;
[xUnit.net 00:00:38.20]            at Npgsql.NpgsqlDataSource.OpenConnectionAsync(CancellationToken cancellationToken)&#xD;
[xUnit.net 00:00:38.20]            at Npgsql.NpgsqlDataSource.OpenConnectionAsync(CancellationToken cancellationToken)&#xD;
[xUnit.net 00:00:38.20]         C:\Users\NRaes\Dev\pg-age-digitaltwins\src\AgeDigitalTwins\Jobs\JobService.cs(438,0): at AgeDigitalTwins.Jobs.JobService.InitializeSchemaAsync()&#xD;
[xUnit.net 00:00:38.20]         C:\Users\NRaes\Dev\pg-age-digitaltwins\src\AgeDigitalTwins\Jobs\JobService.cs(37,0): at AgeDigitalTwins.Jobs.JobService..ctor(NpgsqlMultiHostDataSource dataSource, String graphName, ILogger logger)&#xD;
[xUnit.net 00:00:38.20]         C:\Users\NRaes\Dev\pg-age-digitaltwins\src\AgeDigitalTwins\AgeDigitalTwinsClient.cs(61,0): at AgeDigitalTwins.AgeDigitalTwinsClient..ctor(NpgsqlMultiHostDataSource dataSource, AgeDigitalTwinsClientOptions options)&#xD;
[xUnit.net 00:00:38.20]         C:\Users\NRaes\Dev\pg-age-digitaltwins\src\AgeDigitalTwins.Test\TestBase.cs(29,0): at AgeDigitalTwins.Test.TestBase..ctor()&#xD;
[xUnit.net 00:00:38.20]            at AgeDigitalTwins.Test.QueryTests..ctor()&#xD;
[xUnit.net 00:00:38.20]            at System.RuntimeType.CreateInstanceDefaultCtor(Boolean publicOnly, Boolean wrapExceptions)&#xD;
[xUnit.net 00:00:38.21]   Finished:    AgeDigitalTwins.Test&#xD;
</StdOut>
    </Output>
    <RunInfos>
      <RunInfo computerName="C3YHK9C3" outcome="Error" timestamp="2025-07-16T11:11:38.3591905+02:00">
        <Text>[xUnit.net 00:00:06.37]     AgeDigitalTwins.Test.DistributedLockingTests.RenewJobLockHeartbeatAsync_ShouldSucceed_WhenLockIsOwnedByCurrentInstance [FAIL]</Text>
      </RunInfo>
      <RunInfo computerName="C3YHK9C3" outcome="Error" timestamp="2025-07-16T11:11:38.3772324+02:00">
        <Text>[xUnit.net 00:00:06.39]     AgeDigitalTwins.Test.ModelsTests.CreateModels_MultipleDependentModels_ValidatedAndCreated [FAIL]</Text>
      </RunInfo>
      <RunInfo computerName="C3YHK9C3" outcome="Error" timestamp="2025-07-16T11:11:38.3808945+02:00">
        <Text>[xUnit.net 00:00:06.40]     AgeDigitalTwins.Test.RelationshipTests.CreateOrReplaceRelationshipAsync_BasicRelationshipNoSourceOrId_CreatedAndReadable [FAIL]</Text>
      </RunInfo>
      <RunInfo computerName="C3YHK9C3" outcome="Error" timestamp="2025-07-16T11:11:38.3846450+02:00">
        <Text>[xUnit.net 00:00:06.40]     AgeDigitalTwins.Test.QueryTests.QueryAsync_Pagination_HandlesSmallerLimitInQuery [FAIL]</Text>
      </RunInfo>
      <RunInfo computerName="C3YHK9C3" outcome="Error" timestamp="2025-07-16T11:11:38.3881791+02:00">
        <Text>[xUnit.net 00:00:06.40]     AgeDigitalTwins.Test.DigitalTwinsTests.CreateOrReplaceDigitalTwinAsync_BasicDigitalTwin_CreatedAndReadable [FAIL]</Text>
      </RunInfo>
      <RunInfo computerName="C3YHK9C3" outcome="Error" timestamp="2025-07-16T11:11:38.3925077+02:00">
        <Text>[xUnit.net 00:00:06.41]     AgeDigitalTwins.Test.BatchDigitalTwinTests.CreateOrReplaceDigitalTwinsAsync_WithValidTwins_ShouldSucceed [FAIL]</Text>
      </RunInfo>
      <RunInfo computerName="C3YHK9C3" outcome="Error" timestamp="2025-07-16T11:11:38.3962001+02:00">
        <Text>[xUnit.net 00:00:06.41]     AgeDigitalTwins.Test.ImportJobSystemTests.GetImportJob_ShouldReturnNull_WhenJobDoesNotExist [FAIL]</Text>
      </RunInfo>
      <RunInfo computerName="C3YHK9C3" outcome="Error" timestamp="2025-07-16T11:11:38.4002100+02:00">
        <Text>[xUnit.net 00:00:06.42]     AgeDigitalTwins.Test.BatchRelationshipTests.CreateOrReplaceRelationshipsAsync_WithOversizedBatch_ShouldThrowException [FAIL]</Text>
      </RunInfo>
      <RunInfo computerName="C3YHK9C3" outcome="Error" timestamp="2025-07-16T11:11:38.4043632+02:00">
        <Text>[xUnit.net 00:00:06.42]     AgeDigitalTwins.Test.ImportJobTests.Client_ImportGraphAsync_WithNullInputStream_ShouldThrow [FAIL]</Text>
      </RunInfo>
      <RunInfo computerName="C3YHK9C3" outcome="Error" timestamp="2025-07-16T11:11:42.4144656+02:00">
        <Text>[xUnit.net 00:00:10.43]     AgeDigitalTwins.Test.DistributedLockingTests.RenewJobLockHeartbeatAsync_ShouldFail_WhenLockIsNotOwned [FAIL]</Text>
      </RunInfo>
      <RunInfo computerName="C3YHK9C3" outcome="Error" timestamp="2025-07-16T11:11:42.4216004+02:00">
        <Text>[xUnit.net 00:00:10.44]     AgeDigitalTwins.Test.DigitalTwinsTests.UpdateDigitalTwinAsync_SourceTime_Updated [FAIL]</Text>
      </RunInfo>
      <RunInfo computerName="C3YHK9C3" outcome="Error" timestamp="2025-07-16T11:11:42.4247018+02:00">
        <Text>[xUnit.net 00:00:10.44]     AgeDigitalTwins.Test.RelationshipTests.CreateOrReplaceRelationshipAsync_BasicRelationship_CreatedAndReadable [FAIL]</Text>
      </RunInfo>
      <RunInfo computerName="C3YHK9C3" outcome="Error" timestamp="2025-07-16T11:11:42.4295430+02:00">
        <Text>[xUnit.net 00:00:10.45]     AgeDigitalTwins.Test.BatchDigitalTwinTests.CreateOrReplaceDigitalTwinsAsync_WithEmptyBatch_ShouldReturnEmptyResult [FAIL]</Text>
      </RunInfo>
      <RunInfo computerName="C3YHK9C3" outcome="Error" timestamp="2025-07-16T11:11:42.4329648+02:00">
        <Text>[xUnit.net 00:00:10.45]     AgeDigitalTwins.Test.QueryTests.QueryAsync_SimpleAdtQuerySelectStar_ReturnsTwins [FAIL]</Text>
      </RunInfo>
      <RunInfo computerName="C3YHK9C3" outcome="Error" timestamp="2025-07-16T11:11:42.4365589+02:00">
        <Text>[xUnit.net 00:00:10.45]     AgeDigitalTwins.Test.ImportJobSystemTests.GetImportJob_ShouldReturnJob_WhenJobExists [FAIL]</Text>
      </RunInfo>
      <RunInfo computerName="C3YHK9C3" outcome="Error" timestamp="2025-07-16T11:11:42.4528363+02:00">
        <Text>[xUnit.net 00:00:10.46]     AgeDigitalTwins.Test.BatchRelationshipTests.CreateOrReplaceRelationshipsAsync_WithEmptyBatch_ShouldReturnEmptyResult [FAIL]</Text>
      </RunInfo>
      <RunInfo computerName="C3YHK9C3" outcome="Error" timestamp="2025-07-16T11:11:42.4551384+02:00">
        <Text>[xUnit.net 00:00:10.47]     AgeDigitalTwins.Test.ImportJobTests.ImportAsync_WithEmptyStream_ShouldFail [FAIL]</Text>
      </RunInfo>
      <RunInfo computerName="C3YHK9C3" outcome="Error" timestamp="2025-07-16T11:11:42.4571155+02:00">
        <Text>[xUnit.net 00:00:10.47]     AgeDigitalTwins.Test.ModelsTests.CreateModels_CanDeleteAndCreateAgain [FAIL]</Text>
      </RunInfo>
      <RunInfo computerName="C3YHK9C3" outcome="Error" timestamp="2025-07-16T11:11:46.5032730+02:00">
        <Text>[xUnit.net 00:00:14.52]     AgeDigitalTwins.Test.BatchDigitalTwinTests.CreateOrReplaceDigitalTwinsAsync_WithOversizedBatch_ShouldThrowException [FAIL]</Text>
      </RunInfo>
      <RunInfo computerName="C3YHK9C3" outcome="Error" timestamp="2025-07-16T11:11:46.5083322+02:00">
        <Text>[xUnit.net 00:00:14.52]     AgeDigitalTwins.Test.DigitalTwinsTests.CreateOrReplaceDigitalTwinAsync_InvalidProperty_ValidationFailedException [FAIL]</Text>
      </RunInfo>
      <RunInfo computerName="C3YHK9C3" outcome="Error" timestamp="2025-07-16T11:11:46.5107077+02:00">
        <Text>[xUnit.net 00:00:14.53]     AgeDigitalTwins.Test.BatchRelationshipTests.CreateOrReplaceRelationshipsAsync_WithValidRelationships_ShouldSucceed [FAIL]</Text>
      </RunInfo>
      <RunInfo computerName="C3YHK9C3" outcome="Error" timestamp="2025-07-16T11:11:46.5135802+02:00">
        <Text>[xUnit.net 00:00:14.53]     AgeDigitalTwins.Test.ModelsTests.DeleteModels_DeletesModelsWithNoDependencies [FAIL]</Text>
      </RunInfo>
      <RunInfo computerName="C3YHK9C3" outcome="Error" timestamp="2025-07-16T11:11:46.5268120+02:00">
        <Text>[xUnit.net 00:00:14.54]     AgeDigitalTwins.Test.QueryTests.QueryAsync_IsOfModel_ReturnsOnlyPlanets [FAIL]</Text>
      </RunInfo>
      <RunInfo computerName="C3YHK9C3" outcome="Error" timestamp="2025-07-16T11:11:46.5298730+02:00">
        <Text>[xUnit.net 00:00:14.55]     AgeDigitalTwins.Test.DistributedLockingTests.IsJobLockedByCurrentInstanceAsync_ShouldReturnTrue_WhenLockIsOwned [FAIL]</Text>
      </RunInfo>
      <RunInfo computerName="C3YHK9C3" outcome="Error" timestamp="2025-07-16T11:11:46.5379759+02:00">
        <Text>[xUnit.net 00:00:14.55]     AgeDigitalTwins.Test.ImportJobSystemTests.ImportGraphAsync_ShouldCreateJob_WithValidParameters [FAIL]</Text>
      </RunInfo>
      <RunInfo computerName="C3YHK9C3" outcome="Error" timestamp="2025-07-16T11:11:46.5410254+02:00">
        <Text>[xUnit.net 00:00:14.55]     AgeDigitalTwins.Test.ImportJobTests.ImportAsync_WithMissingHeader_ShouldFail [FAIL]</Text>
      </RunInfo>
      <RunInfo computerName="C3YHK9C3" outcome="Error" timestamp="2025-07-16T11:11:46.5436111+02:00">
        <Text>[xUnit.net 00:00:14.56]     AgeDigitalTwins.Test.RelationshipTests.CreateOrReplaceRelationshipAsync_WithIfNoneMatch_ThrowsOnExistingRelationship [FAIL]</Text>
      </RunInfo>
      <RunInfo computerName="C3YHK9C3" outcome="Error" timestamp="2025-07-16T11:11:50.5843020+02:00">
        <Text>[xUnit.net 00:00:18.60]     AgeDigitalTwins.Test.BatchRelationshipTests.CreateOrReplaceRelationshipsAsync_WithInvalidRelationships_ShouldReportFailures [FAIL]</Text>
      </RunInfo>
      <RunInfo computerName="C3YHK9C3" outcome="Error" timestamp="2025-07-16T11:11:50.5876616+02:00">
        <Text>[xUnit.net 00:00:18.60]     AgeDigitalTwins.Test.DigitalTwinsTests.Benchmark_UpdateDigitalTwinAsync [FAIL]</Text>
      </RunInfo>
      <RunInfo computerName="C3YHK9C3" outcome="Error" timestamp="2025-07-16T11:11:50.5931040+02:00">
        <Text>[xUnit.net 00:00:18.61]     AgeDigitalTwins.Test.BatchDigitalTwinTests.CreateOrReplaceDigitalTwinsAsync_WithInvalidTwins_ShouldReportFailures [FAIL]</Text>
      </RunInfo>
      <RunInfo computerName="C3YHK9C3" outcome="Error" timestamp="2025-07-16T11:11:50.5951332+02:00">
        <Text>[xUnit.net 00:00:18.61]     AgeDigitalTwins.Test.QueryTests.QueryAsync_SimpleAdtQueryWithUnderscore_ReturnsTwins [FAIL]</Text>
      </RunInfo>
      <RunInfo computerName="C3YHK9C3" outcome="Error" timestamp="2025-07-16T11:11:50.5975165+02:00">
        <Text>[xUnit.net 00:00:18.61]     AgeDigitalTwins.Test.ImportJobTests.ImportAsync_WithContinueOnFailureEnabled_ShouldContinueProcessing [FAIL]</Text>
      </RunInfo>
      <RunInfo computerName="C3YHK9C3" outcome="Error" timestamp="2025-07-16T11:11:50.6051882+02:00">
        <Text>[xUnit.net 00:00:18.62]     AgeDigitalTwins.Test.DistributedLockingTests.ReleaseJobLockAsync_ShouldSucceed_WhenLockIsOwnedByCurrentInstance [FAIL]</Text>
      </RunInfo>
      <RunInfo computerName="C3YHK9C3" outcome="Error" timestamp="2025-07-16T11:11:50.6090503+02:00">
        <Text>[xUnit.net 00:00:18.63]     AgeDigitalTwins.Test.ImportJobSystemTests.CancelImportJob_ShouldReturnTrue_WhenJobExists [FAIL]</Text>
      </RunInfo>
      <RunInfo computerName="C3YHK9C3" outcome="Error" timestamp="2025-07-16T11:11:50.6126163+02:00">
        <Text>[xUnit.net 00:00:18.63]     AgeDigitalTwins.Test.ModelsTests.DeleteModels_ThrowsWhenModelReferencesAreNotDeleted [FAIL]</Text>
      </RunInfo>
      <RunInfo computerName="C3YHK9C3" outcome="Error" timestamp="2025-07-16T11:11:54.6467748+02:00">
        <Text>[xUnit.net 00:00:22.66]     AgeDigitalTwins.Test.ImportJobTests.Client_ListImportJobs_ShouldReturnAllJobs [FAIL]</Text>
      </RunInfo>
      <RunInfo computerName="C3YHK9C3" outcome="Error" timestamp="2025-07-16T11:11:54.6511187+02:00">
        <Text>[xUnit.net 00:00:22.67]     AgeDigitalTwins.Test.DistributedLockingTests.TryAcquireJobLockAsync_ShouldSucceed_AfterLockExpires [FAIL]</Text>
      </RunInfo>
      <RunInfo computerName="C3YHK9C3" outcome="Error" timestamp="2025-07-16T11:11:54.6538309+02:00">
        <Text>[xUnit.net 00:00:22.67]     AgeDigitalTwins.Test.DigitalTwinsTests.UpdateDigitalTwinAsync_MultipleOperations_Updated [FAIL]</Text>
      </RunInfo>
      <RunInfo computerName="C3YHK9C3" outcome="Error" timestamp="2025-07-16T11:11:54.6573345+02:00">
        <Text>[xUnit.net 00:00:22.67]     AgeDigitalTwins.Test.ImportJobSystemTests.ListImportJobs_ShouldReturnJobs_WhenJobsExist [FAIL]</Text>
      </RunInfo>
      <RunInfo computerName="C3YHK9C3" outcome="Error" timestamp="2025-07-16T11:11:54.6606205+02:00">
        <Text>[xUnit.net 00:00:22.68]     AgeDigitalTwins.Test.QueryTests.QueryAsync_SimpleAdtQuerySelectProperty_ReturnsPropertyValues [FAIL]</Text>
      </RunInfo>
      <RunInfo computerName="C3YHK9C3" outcome="Error" timestamp="2025-07-16T11:11:54.6657971+02:00">
        <Text>[xUnit.net 00:00:22.68]     AgeDigitalTwins.Test.ModelsTests.CreateModels_MultipleDependentModelsResolveInDb_ValidatedAndCreated [FAIL]</Text>
      </RunInfo>
      <RunInfo computerName="C3YHK9C3" outcome="Error" timestamp="2025-07-16T11:11:58.7255420+02:00">
        <Text>[xUnit.net 00:00:26.74]     AgeDigitalTwins.Test.ModelsTests.CreateModels_ExistingModel_ThrowsModelAlreadyExists [FAIL]</Text>
      </RunInfo>
      <RunInfo computerName="C3YHK9C3" outcome="Error" timestamp="2025-07-16T11:11:58.7301492+02:00">
        <Text>[xUnit.net 00:00:26.75]     AgeDigitalTwins.Test.ImportJobTests.Client_GetImportJob_ShouldReturnCorrectJob [FAIL]</Text>
      </RunInfo>
      <RunInfo computerName="C3YHK9C3" outcome="Error" timestamp="2025-07-16T11:11:58.7330407+02:00">
        <Text>[xUnit.net 00:00:26.75]     AgeDigitalTwins.Test.ImportJobSystemTests.DeleteImportJob_ShouldReturnTrue_WhenJobExists [FAIL]</Text>
      </RunInfo>
      <RunInfo computerName="C3YHK9C3" outcome="Error" timestamp="2025-07-16T11:11:58.7365509+02:00">
        <Text>[xUnit.net 00:00:26.75]     AgeDigitalTwins.Test.QueryTests.QueryAsync_IsOfModel_ReturnsExactCelestialBody [FAIL]</Text>
      </RunInfo>
      <RunInfo computerName="C3YHK9C3" outcome="Error" timestamp="2025-07-16T11:11:58.7403454+02:00">
        <Text>[xUnit.net 00:00:26.76]     AgeDigitalTwins.Test.DistributedLockingTests.CleanupExpiredLocksAsync_ShouldCleanupExpiredLocks [FAIL]</Text>
      </RunInfo>
      <RunInfo computerName="C3YHK9C3" outcome="Error" timestamp="2025-07-16T11:11:58.7435939+02:00">
        <Text>[xUnit.net 00:00:26.76]     AgeDigitalTwins.Test.DigitalTwinsTests.CreateOrReplaceDigitalTwinAsync_NoModel_ThrowsArgumentException [FAIL]</Text>
      </RunInfo>
      <RunInfo computerName="C3YHK9C3" outcome="Error" timestamp="2025-07-16T11:12:03.1605173+02:00">
        <Text>[xUnit.net 00:00:31.18]     AgeDigitalTwins.Test.DistributedLockingTests.TryAcquireJobLockAsync_ShouldFail_WhenLockIsAlreadyTaken [FAIL]</Text>
      </RunInfo>
      <RunInfo computerName="C3YHK9C3" outcome="Error" timestamp="2025-07-16T11:12:03.1617647+02:00">
        <Text>[xUnit.net 00:00:31.18]     AgeDigitalTwins.Test.DigitalTwinsTests.UpdateDigitalTwinsAsync_WithObject_UpdatedAndReadable [FAIL]</Text>
      </RunInfo>
      <RunInfo computerName="C3YHK9C3" outcome="Error" timestamp="2025-07-16T11:12:03.1649269+02:00">
        <Text>[xUnit.net 00:00:31.18]     AgeDigitalTwins.Test.ImportJobSystemTests.ImportGraphAsync_ShouldThrowException_ForDuplicateJobId [FAIL]</Text>
      </RunInfo>
      <RunInfo computerName="C3YHK9C3" outcome="Error" timestamp="2025-07-16T11:12:03.1658824+02:00">
        <Text>[xUnit.net 00:00:31.18]     AgeDigitalTwins.Test.ModelsTests.CreateModels_SingleModel_ValidatedAndCreated [FAIL]</Text>
      </RunInfo>
      <RunInfo computerName="C3YHK9C3" outcome="Error" timestamp="2025-07-16T11:12:03.1666804+02:00">
        <Text>[xUnit.net 00:00:31.18]     AgeDigitalTwins.Test.QueryTests.QueryAsync_AdtQueryWithTypeCheckFunctions_ReturnsTwins [FAIL]</Text>
      </RunInfo>
      <RunInfo computerName="C3YHK9C3" outcome="Error" timestamp="2025-07-16T11:12:03.1677247+02:00">
        <Text>[xUnit.net 00:00:31.18]     AgeDigitalTwins.Test.ImportJobTests.ImportAsync_WithOnlyModelsSection_ShouldSucceed [FAIL]</Text>
      </RunInfo>
      <RunInfo computerName="C3YHK9C3" outcome="Error" timestamp="2025-07-16T11:12:03.8596703+02:00">
        <Text>[xUnit.net 00:00:31.88]     AgeDigitalTwins.Test.ModelsTests.CreateModels_MissingDependency_ThrowsFailedToResolve [FAIL]</Text>
      </RunInfo>
      <RunInfo computerName="C3YHK9C3" outcome="Error" timestamp="2025-07-16T11:12:03.8612344+02:00">
        <Text>[xUnit.net 00:00:31.88]     AgeDigitalTwins.Test.DistributedLockingTests.GetJobLockInfoAsync_ShouldReturnNull_WhenLockDoesNotExist [FAIL]</Text>
      </RunInfo>
      <RunInfo computerName="C3YHK9C3" outcome="Error" timestamp="2025-07-16T11:12:03.8626855+02:00">
        <Text>[xUnit.net 00:00:31.88]     AgeDigitalTwins.Test.DigitalTwinsTests.UpdateDigitalTwinAsync_AddOperationInvalidProperty_ThrowsValidationException [FAIL]</Text>
      </RunInfo>
      <RunInfo computerName="C3YHK9C3" outcome="Error" timestamp="2025-07-16T11:12:03.8643565+02:00">
        <Text>[xUnit.net 00:00:31.88]     AgeDigitalTwins.Test.QueryTests.QueryAsync_AdtQueryWithTop_ReturnsTwins [FAIL]</Text>
      </RunInfo>
      <RunInfo computerName="C3YHK9C3" outcome="Error" timestamp="2025-07-16T11:12:03.8702238+02:00">
        <Text>[xUnit.net 00:00:31.88]     AgeDigitalTwins.Test.ImportJobTests.Client_GetImportJob_WithInvalidId_ShouldReturnNull [FAIL]</Text>
      </RunInfo>
      <RunInfo computerName="C3YHK9C3" outcome="Error" timestamp="2025-07-16T11:12:04.5262696+02:00">
        <Text>[xUnit.net 00:00:32.54]     AgeDigitalTwins.Test.QueryTests.QueryAsync_RelationshipsQuery_ReturnsRelationship [FAIL]</Text>
      </RunInfo>
      <RunInfo computerName="C3YHK9C3" outcome="Error" timestamp="2025-07-16T11:12:04.5279352+02:00">
        <Text>[xUnit.net 00:00:32.54]     AgeDigitalTwins.Test.ImportJobTests.ImportAsync_WithInvalidFileVersion_ShouldFail [FAIL]</Text>
      </RunInfo>
      <RunInfo computerName="C3YHK9C3" outcome="Error" timestamp="2025-07-16T11:12:04.5321000+02:00">
        <Text>[xUnit.net 00:00:32.55]     AgeDigitalTwins.Test.DistributedLockingTests.IsJobLockedByCurrentInstanceAsync_ShouldReturnFalse_WhenLockIsNotOwned [FAIL]</Text>
      </RunInfo>
      <RunInfo computerName="C3YHK9C3" outcome="Error" timestamp="2025-07-16T11:12:04.5337813+02:00">
        <Text>[xUnit.net 00:00:32.55]     AgeDigitalTwins.Test.DigitalTwinsTests.UpdateDigitalTwinAsync_AddOperationPrimitive_Updated [FAIL]</Text>
      </RunInfo>
      <RunInfo computerName="C3YHK9C3" outcome="Error" timestamp="2025-07-16T11:12:05.1874815+02:00">
        <Text>[xUnit.net 00:00:33.20]     AgeDigitalTwins.Test.DistributedLockingTests.ReleaseJobLockAsync_ShouldFail_WhenLockIsNotOwned [FAIL]</Text>
      </RunInfo>
      <RunInfo computerName="C3YHK9C3" outcome="Error" timestamp="2025-07-16T11:12:05.1894567+02:00">
        <Text>[xUnit.net 00:00:33.21]     AgeDigitalTwins.Test.ImportJobTests.Client_ImportGraphAsync_WithNullOutputStream_ShouldThrow [FAIL]</Text>
      </RunInfo>
      <RunInfo computerName="C3YHK9C3" outcome="Error" timestamp="2025-07-16T11:12:05.1909894+02:00">
        <Text>[xUnit.net 00:00:33.21]     AgeDigitalTwins.Test.DigitalTwinsTests.CreateOrReplaceDigitalTwinAsync_BasicDigitalTwinWithWeirdcharacters_CreatedAndReadable [FAIL]</Text>
      </RunInfo>
      <RunInfo computerName="C3YHK9C3" outcome="Error" timestamp="2025-07-16T11:12:05.1925582+02:00">
        <Text>[xUnit.net 00:00:33.21]     AgeDigitalTwins.Test.QueryTests.QueryAsync_IsOfModel_ReturnsAllMatchingTwins [FAIL]</Text>
      </RunInfo>
      <RunInfo computerName="C3YHK9C3" outcome="Error" timestamp="2025-07-16T11:12:05.8336127+02:00">
        <Text>[xUnit.net 00:00:33.85]     AgeDigitalTwins.Test.QueryTests.QueryAsync_SimpleAdtQuery_ReturnsTwins [FAIL]</Text>
      </RunInfo>
      <RunInfo computerName="C3YHK9C3" outcome="Error" timestamp="2025-07-16T11:12:05.8434445+02:00">
        <Text>[xUnit.net 00:00:33.86]     AgeDigitalTwins.Test.DistributedLockingTests.TryAcquireJobLockAsync_ShouldSucceed_WhenLockIsAvailable [FAIL]</Text>
      </RunInfo>
      <RunInfo computerName="C3YHK9C3" outcome="Error" timestamp="2025-07-16T11:12:05.8448299+02:00">
        <Text>[xUnit.net 00:00:33.86]     AgeDigitalTwins.Test.DigitalTwinsTests.CreateOrReplaceDigitalTwinAsync_InvalidModel_ThrowsModelNotFoundException [FAIL]</Text>
      </RunInfo>
      <RunInfo computerName="C3YHK9C3" outcome="Error" timestamp="2025-07-16T11:12:05.8510476+02:00">
        <Text>[xUnit.net 00:00:33.86]     AgeDigitalTwins.Test.ImportJobTests.Client_ImportGraphAsync_WithDuplicateJobId_ShouldThrow [FAIL]</Text>
      </RunInfo>
      <RunInfo computerName="C3YHK9C3" outcome="Error" timestamp="2025-07-16T11:12:06.4362815+02:00">
        <Text>[xUnit.net 00:00:34.45]     AgeDigitalTwins.Test.QueryTests.QueryAsync_Pagination_HandlesSkipAndLimitInQuery [FAIL]</Text>
      </RunInfo>
      <RunInfo computerName="C3YHK9C3" outcome="Error" timestamp="2025-07-16T11:12:06.4706348+02:00">
        <Text>[xUnit.net 00:00:34.49]     AgeDigitalTwins.Test.DigitalTwinsTests.UpdateDigitalTwinAsync_RemoveOperationPrimitive_Updated [FAIL]</Text>
      </RunInfo>
      <RunInfo computerName="C3YHK9C3" outcome="Error" timestamp="2025-07-16T11:12:06.4796153+02:00">
        <Text>[xUnit.net 00:00:34.50]     AgeDigitalTwins.Test.DistributedLockingTests.GetJobLockInfoAsync_ShouldReturnLockInfo_WhenLockExists [FAIL]</Text>
      </RunInfo>
      <RunInfo computerName="C3YHK9C3" outcome="Error" timestamp="2025-07-16T11:12:06.4808908+02:00">
        <Text>[xUnit.net 00:00:34.50]     AgeDigitalTwins.Test.ImportJobTests.Client_ImportGraphAsync_WithStreams_ShouldSucceed [FAIL]</Text>
      </RunInfo>
      <RunInfo computerName="C3YHK9C3" outcome="Error" timestamp="2025-07-16T11:12:07.0449467+02:00">
        <Text>[xUnit.net 00:00:35.06]     AgeDigitalTwins.Test.QueryTests.QueryAsync_SimpleQuery_ReturnsTwinsAndRelationships [FAIL]</Text>
      </RunInfo>
      <RunInfo computerName="C3YHK9C3" outcome="Error" timestamp="2025-07-16T11:12:07.0901249+02:00">
        <Text>[xUnit.net 00:00:35.11]     AgeDigitalTwins.Test.ImportJobTests.ImportAsync_WithValidNdJsonData_ShouldImportSuccessfully [FAIL]</Text>
      </RunInfo>
      <RunInfo computerName="C3YHK9C3" outcome="Error" timestamp="2025-07-16T11:12:07.6784542+02:00">
        <Text>[xUnit.net 00:00:35.69]     AgeDigitalTwins.Test.QueryTests.QueryAsync_Pagination_ReturnsPaginatedResults [FAIL]</Text>
      </RunInfo>
      <RunInfo computerName="C3YHK9C3" outcome="Error" timestamp="2025-07-16T11:12:08.3062655+02:00">
        <Text>[xUnit.net 00:00:36.32]     AgeDigitalTwins.Test.QueryTests.QueryAsync_Pagination_HandlesBiggerLimitInQuery [FAIL]</Text>
      </RunInfo>
      <RunInfo computerName="C3YHK9C3" outcome="Error" timestamp="2025-07-16T11:12:08.9109154+02:00">
        <Text>[xUnit.net 00:00:36.93]     AgeDigitalTwins.Test.QueryTests.QueryAsync_AdtQueryWithCount_ReturnsCount [FAIL]</Text>
      </RunInfo>
      <RunInfo computerName="C3YHK9C3" outcome="Error" timestamp="2025-07-16T11:12:09.5426298+02:00">
        <Text>[xUnit.net 00:00:37.56]     AgeDigitalTwins.Test.QueryTests.QueryAsync_IsOfModel_ReturnsTwins [FAIL]</Text>
      </RunInfo>
      <RunInfo computerName="C3YHK9C3" outcome="Error" timestamp="2025-07-16T11:12:10.1874496+02:00">
        <Text>[xUnit.net 00:00:38.20]     AgeDigitalTwins.Test.QueryTests.QueryAsync_SimpleAdtQuerySelectAlias_ReturnsPropertyValues [FAIL]</Text>
      </RunInfo>
    </RunInfos>
  </ResultSummary>
</TestRun>